[6.767s] Invoking command in '/home/newtonjeri/ai_based_sorting_robot_arm/build/robotic_arm_custom_nodes': PYTHONPATH=/home/newtonjeri/ai_based_sorting_robot_arm/build/robotic_arm_custom_nodes/prefix_override:/home/newtonjeri/ai_based_sorting_robot_arm/install/robotic_arm_custom_nodes/lib/python3.10/site-packages:${PYTHONPATH} /usr/bin/python3 setup.py develop --editable --build-directory /home/newtonjeri/ai_based_sorting_robot_arm/build/robotic_arm_custom_nodes/build --no-deps install_data
[8.997s] running develop
[8.998s] /home/newtonjeri/.local/lib/python3.10/site-packages/setuptools/command/develop.py:40: EasyInstallDeprecationWarning: easy_install command is deprecated.
[8.998s] !!
[8.998s] 
[8.998s]         ********************************************************************************
[8.998s]         Please avoid running ``setup.py`` and ``easy_install``.
[8.999s]         Instead, use pypa/build, pypa/installer or other
[8.999s]         standards-based tools.
[8.999s] 
[8.999s]         See https://github.com/pypa/setuptools/issues/917 for details.
[8.999s]         ********************************************************************************
[9.000s] 
[9.000s] !!
[9.000s]   easy_install.initialize_options(self)
[9.224s] /home/newtonjeri/.local/lib/python3.10/site-packages/setuptools/_distutils/cmd.py:66: SetuptoolsDeprecationWarning: setup.py install is deprecated.
[9.224s] !!
[9.224s] 
[9.225s]         ********************************************************************************
[9.225s]         Please avoid running ``setup.py`` directly.
[9.225s]         Instead, use pypa/build, pypa/installer or other
[9.226s]         standards-based tools.
[9.226s] 
[9.226s]         See https://blog.ganssle.io/articles/2021/10/setup-py-deprecated.html for details.
[9.226s]         ********************************************************************************
[9.227s] 
[9.227s] !!
[9.227s]   self.initialize_options()
[10.548s] running egg_info
[10.657s] writing robotic_arm_custom_nodes.egg-info/PKG-INFO
[10.659s] writing dependency_links to robotic_arm_custom_nodes.egg-info/dependency_links.txt
[10.663s] writing entry points to robotic_arm_custom_nodes.egg-info/entry_points.txt
[10.664s] writing requirements to robotic_arm_custom_nodes.egg-info/requires.txt
[10.665s] writing top-level names to robotic_arm_custom_nodes.egg-info/top_level.txt
[10.864s] reading manifest file 'robotic_arm_custom_nodes.egg-info/SOURCES.txt'
[10.867s] writing manifest file 'robotic_arm_custom_nodes.egg-info/SOURCES.txt'
[10.969s] running build_ext
[10.976s] Creating /home/newtonjeri/ai_based_sorting_robot_arm/install/robotic_arm_custom_nodes/lib/python3.10/site-packages/robotic-arm-custom-nodes.egg-link (link to .)
[10.978s] Installing fk_test_node script to /home/newtonjeri/ai_based_sorting_robot_arm/install/robotic_arm_custom_nodes/lib/robotic_arm_custom_nodes
[10.978s] Installing ik_node script to /home/newtonjeri/ai_based_sorting_robot_arm/install/robotic_arm_custom_nodes/lib/robotic_arm_custom_nodes
[10.980s] 
[10.980s] Installed /home/newtonjeri/ai_based_sorting_robot_arm/build/robotic_arm_custom_nodes
[10.980s] running install_data
[11.122s] Invoked command in '/home/newtonjeri/ai_based_sorting_robot_arm/build/robotic_arm_custom_nodes' returned '0': PYTHONPATH=/home/newtonjeri/ai_based_sorting_robot_arm/build/robotic_arm_custom_nodes/prefix_override:/home/newtonjeri/ai_based_sorting_robot_arm/install/robotic_arm_custom_nodes/lib/python3.10/site-packages:${PYTHONPATH} /usr/bin/python3 setup.py develop --editable --build-directory /home/newtonjeri/ai_based_sorting_robot_arm/build/robotic_arm_custom_nodes/build --no-deps install_data
