[35m[1mConsolidate compiler generated dependencies of target robotic_arm_msgs__rosidl_generator_c[0m
[  9%] Built target robotic_arm_msgs__rosidl_generator_c
[  9%] Built target ament_cmake_python_symlink_robotic_arm_msgs
[35m[1mConsolidate compiler generated dependencies of target robotic_arm_msgs__rosidl_typesupport_fastrtps_c[0m
[ 19%] Built target robotic_arm_msgs__rosidl_typesupport_fastrtps_c
[35m[1mConsolidate compiler generated dependencies of target robotic_arm_msgs__rosidl_typesupport_introspection_c[0m
[ 29%] Built target robotic_arm_msgs__rosidl_typesupport_introspection_c
running egg_info
writing robotic_arm_msgs.egg-info/PKG-INFO
writing dependency_links to robotic_arm_msgs.egg-info/dependency_links.txt
writing top-level names to robotic_arm_msgs.egg-info/top_level.txt
reading manifest file 'robotic_arm_msgs.egg-info/SOURCES.txt'
writing manifest file 'robotic_arm_msgs.egg-info/SOURCES.txt'
[ 29%] Built target ament_cmake_python_build_robotic_arm_msgs_egg
[35m[1mConsolidate compiler generated dependencies of target robotic_arm_msgs__rosidl_typesupport_c[0m
[ 38%] Built target robotic_arm_msgs__rosidl_typesupport_c
[ 41%] Built target robotic_arm_msgs__cpp
[35m[1mConsolidate compiler generated dependencies of target robotic_arm_msgs__rosidl_typesupport_fastrtps_cpp[0m
[ 51%] Built target robotic_arm_msgs__rosidl_typesupport_fastrtps_cpp
[35m[1mConsolidate compiler generated dependencies of target robotic_arm_msgs__rosidl_typesupport_cpp[0m
[ 61%] Built target robotic_arm_msgs__rosidl_typesupport_cpp
[35m[1mConsolidate compiler generated dependencies of target robotic_arm_msgs__rosidl_typesupport_introspection_cpp[0m
[ 70%] Built target robotic_arm_msgs__rosidl_typesupport_introspection_cpp
[ 70%] Built target robotic_arm_msgs
[ 74%] Built target robotic_arm_msgs__py
[35m[1mConsolidate compiler generated dependencies of target robotic_arm_msgs__rosidl_generator_py[0m
[ 80%] Built target robotic_arm_msgs__rosidl_generator_py
[35m[1mConsolidate compiler generated dependencies of target robotic_arm_msgs__rosidl_typesupport_fastrtps_c__pyext[0m
[ 87%] Built target robotic_arm_msgs__rosidl_typesupport_fastrtps_c__pyext
[35m[1mConsolidate compiler generated dependencies of target robotic_arm_msgs__rosidl_typesupport_c__pyext[0m
[ 93%] Built target robotic_arm_msgs__rosidl_typesupport_c__pyext
[35m[1mConsolidate compiler generated dependencies of target robotic_arm_msgs__rosidl_typesupport_introspection_c__pyext[0m
[100%] Built target robotic_arm_msgs__rosidl_typesupport_introspection_c__pyext
-- Install configuration: ""
-- Execute custom install script
-- Up-to-date symlink: /home/newtonjeri/ai_based_sorting_robot_arm/install/robotic_arm_msgs/share/ament_index/resource_index/rosidl_interfaces/robotic_arm_msgs
-- Up-to-date symlink: /home/newtonjeri/ai_based_sorting_robot_arm/install/robotic_arm_msgs/include/robotic_arm_msgs/robotic_arm_msgs/msg/detail/joint_angles__functions.h
-- Up-to-date symlink: /home/newtonjeri/ai_based_sorting_robot_arm/install/robotic_arm_msgs/include/robotic_arm_msgs/robotic_arm_msgs/msg/detail/joint_angles__struct.h
-- Up-to-date symlink: /home/newtonjeri/ai_based_sorting_robot_arm/install/robotic_arm_msgs/include/robotic_arm_msgs/robotic_arm_msgs/msg/detail/joint_angles__type_support.h
-- Up-to-date symlink: /home/newtonjeri/ai_based_sorting_robot_arm/install/robotic_arm_msgs/include/robotic_arm_msgs/robotic_arm_msgs/msg/joint_angles.h
-- Up-to-date symlink: /home/newtonjeri/ai_based_sorting_robot_arm/install/robotic_arm_msgs/include/robotic_arm_msgs/robotic_arm_msgs/msg/rosidl_generator_c__visibility_control.h
-- Up-to-date symlink: /home/newtonjeri/ai_based_sorting_robot_arm/install/robotic_arm_msgs/share/robotic_arm_msgs/environment/library_path.sh
-- Up-to-date symlink: /home/newtonjeri/ai_based_sorting_robot_arm/install/robotic_arm_msgs/share/robotic_arm_msgs/environment/library_path.dsv
-- Up-to-date symlink: /home/newtonjeri/ai_based_sorting_robot_arm/install/robotic_arm_msgs/include/robotic_arm_msgs/robotic_arm_msgs/msg/detail/joint_angles__rosidl_typesupport_fastrtps_c.h
-- Up-to-date symlink: /home/newtonjeri/ai_based_sorting_robot_arm/install/robotic_arm_msgs/include/robotic_arm_msgs/robotic_arm_msgs/msg/rosidl_typesupport_fastrtps_c__visibility_control.h
-- Up-to-date symlink: /home/newtonjeri/ai_based_sorting_robot_arm/install/robotic_arm_msgs/include/robotic_arm_msgs/robotic_arm_msgs/msg/detail/joint_angles__rosidl_typesupport_introspection_c.h
-- Up-to-date symlink: /home/newtonjeri/ai_based_sorting_robot_arm/install/robotic_arm_msgs/include/robotic_arm_msgs/robotic_arm_msgs/msg/rosidl_typesupport_introspection_c__visibility_control.h
-- Up-to-date symlink: /home/newtonjeri/ai_based_sorting_robot_arm/install/robotic_arm_msgs/include/robotic_arm_msgs/robotic_arm_msgs/msg/detail/joint_angles__builder.hpp
-- Up-to-date symlink: /home/newtonjeri/ai_based_sorting_robot_arm/install/robotic_arm_msgs/include/robotic_arm_msgs/robotic_arm_msgs/msg/detail/joint_angles__struct.hpp
-- Up-to-date symlink: /home/newtonjeri/ai_based_sorting_robot_arm/install/robotic_arm_msgs/include/robotic_arm_msgs/robotic_arm_msgs/msg/detail/joint_angles__traits.hpp
-- Up-to-date symlink: /home/newtonjeri/ai_based_sorting_robot_arm/install/robotic_arm_msgs/include/robotic_arm_msgs/robotic_arm_msgs/msg/joint_angles.hpp
-- Up-to-date symlink: /home/newtonjeri/ai_based_sorting_robot_arm/install/robotic_arm_msgs/include/robotic_arm_msgs/robotic_arm_msgs/msg/detail/joint_angles__rosidl_typesupport_fastrtps_cpp.hpp
-- Up-to-date symlink: /home/newtonjeri/ai_based_sorting_robot_arm/install/robotic_arm_msgs/include/robotic_arm_msgs/robotic_arm_msgs/msg/rosidl_typesupport_fastrtps_cpp__visibility_control.h
-- Up-to-date symlink: /home/newtonjeri/ai_based_sorting_robot_arm/install/robotic_arm_msgs/include/robotic_arm_msgs/robotic_arm_msgs/msg/detail/joint_angles__rosidl_typesupport_introspection_cpp.hpp
-- Up-to-date symlink: /home/newtonjeri/ai_based_sorting_robot_arm/install/robotic_arm_msgs/share/robotic_arm_msgs/environment/pythonpath.sh
-- Up-to-date symlink: /home/newtonjeri/ai_based_sorting_robot_arm/install/robotic_arm_msgs/share/robotic_arm_msgs/environment/pythonpath.dsv
-- Up-to-date symlink: /home/newtonjeri/ai_based_sorting_robot_arm/install/robotic_arm_msgs/local/lib/python3.10/dist-packages/robotic_arm_msgs-0.0.0-py3.10.egg-info/PKG-INFO
-- Up-to-date symlink: /home/newtonjeri/ai_based_sorting_robot_arm/install/robotic_arm_msgs/local/lib/python3.10/dist-packages/robotic_arm_msgs-0.0.0-py3.10.egg-info/SOURCES.txt
-- Up-to-date symlink: /home/newtonjeri/ai_based_sorting_robot_arm/install/robotic_arm_msgs/local/lib/python3.10/dist-packages/robotic_arm_msgs-0.0.0-py3.10.egg-info/dependency_links.txt
-- Up-to-date symlink: /home/newtonjeri/ai_based_sorting_robot_arm/install/robotic_arm_msgs/local/lib/python3.10/dist-packages/robotic_arm_msgs-0.0.0-py3.10.egg-info/top_level.txt
-- Up-to-date symlink: /home/newtonjeri/ai_based_sorting_robot_arm/install/robotic_arm_msgs/local/lib/python3.10/dist-packages/robotic_arm_msgs/__init__.py
-- Up-to-date symlink: /home/newtonjeri/ai_based_sorting_robot_arm/install/robotic_arm_msgs/local/lib/python3.10/dist-packages/robotic_arm_msgs/_robotic_arm_msgs_s.ep.rosidl_typesupport_c.c
-- Up-to-date symlink: /home/newtonjeri/ai_based_sorting_robot_arm/install/robotic_arm_msgs/local/lib/python3.10/dist-packages/robotic_arm_msgs/_robotic_arm_msgs_s.ep.rosidl_typesupport_fastrtps_c.c
-- Up-to-date symlink: /home/newtonjeri/ai_based_sorting_robot_arm/install/robotic_arm_msgs/local/lib/python3.10/dist-packages/robotic_arm_msgs/_robotic_arm_msgs_s.ep.rosidl_typesupport_introspection_c.c
-- Up-to-date symlink: /home/newtonjeri/ai_based_sorting_robot_arm/install/robotic_arm_msgs/local/lib/python3.10/dist-packages/robotic_arm_msgs/librobotic_arm_msgs__rosidl_generator_py.so
-- Up-to-date symlink: /home/newtonjeri/ai_based_sorting_robot_arm/install/robotic_arm_msgs/local/lib/python3.10/dist-packages/robotic_arm_msgs/msg/__init__.py
-- Up-to-date symlink: /home/newtonjeri/ai_based_sorting_robot_arm/install/robotic_arm_msgs/local/lib/python3.10/dist-packages/robotic_arm_msgs/msg/_joint_angles.py
-- Up-to-date symlink: /home/newtonjeri/ai_based_sorting_robot_arm/install/robotic_arm_msgs/local/lib/python3.10/dist-packages/robotic_arm_msgs/msg/_joint_angles_s.c
-- Up-to-date symlink: /home/newtonjeri/ai_based_sorting_robot_arm/install/robotic_arm_msgs/local/lib/python3.10/dist-packages/robotic_arm_msgs/robotic_arm_msgs_s__rosidl_typesupport_c.cpython-310-x86_64-linux-gnu.so
-- Up-to-date symlink: /home/newtonjeri/ai_based_sorting_robot_arm/install/robotic_arm_msgs/local/lib/python3.10/dist-packages/robotic_arm_msgs/robotic_arm_msgs_s__rosidl_typesupport_fastrtps_c.cpython-310-x86_64-linux-gnu.so
-- Up-to-date symlink: /home/newtonjeri/ai_based_sorting_robot_arm/install/robotic_arm_msgs/local/lib/python3.10/dist-packages/robotic_arm_msgs/robotic_arm_msgs_s__rosidl_typesupport_introspection_c.cpython-310-x86_64-linux-gnu.so
-- Up-to-date symlink: /home/newtonjeri/ai_based_sorting_robot_arm/install/robotic_arm_msgs/local/lib/python3.10/dist-packages/robotic_arm_msgs/robotic_arm_msgs_s__rosidl_typesupport_fastrtps_c.cpython-310-x86_64-linux-gnu.so
-- Up-to-date symlink: /home/newtonjeri/ai_based_sorting_robot_arm/install/robotic_arm_msgs/local/lib/python3.10/dist-packages/robotic_arm_msgs/robotic_arm_msgs_s__rosidl_typesupport_introspection_c.cpython-310-x86_64-linux-gnu.so
-- Up-to-date symlink: /home/newtonjeri/ai_based_sorting_robot_arm/install/robotic_arm_msgs/local/lib/python3.10/dist-packages/robotic_arm_msgs/robotic_arm_msgs_s__rosidl_typesupport_c.cpython-310-x86_64-linux-gnu.so
-- Up-to-date symlink: /home/newtonjeri/ai_based_sorting_robot_arm/install/robotic_arm_msgs/share/robotic_arm_msgs/msg/JointAngles.idl
-- Up-to-date symlink: /home/newtonjeri/ai_based_sorting_robot_arm/install/robotic_arm_msgs/share/robotic_arm_msgs/msg/JointAngles.msg
-- Up-to-date symlink: /home/newtonjeri/ai_based_sorting_robot_arm/install/robotic_arm_msgs/share/ament_index/resource_index/package_run_dependencies/robotic_arm_msgs
-- Up-to-date symlink: /home/newtonjeri/ai_based_sorting_robot_arm/install/robotic_arm_msgs/share/ament_index/resource_index/parent_prefix_path/robotic_arm_msgs
-- Up-to-date symlink: /home/newtonjeri/ai_based_sorting_robot_arm/install/robotic_arm_msgs/share/robotic_arm_msgs/environment/ament_prefix_path.sh
-- Up-to-date symlink: /home/newtonjeri/ai_based_sorting_robot_arm/install/robotic_arm_msgs/share/robotic_arm_msgs/environment/ament_prefix_path.dsv
-- Up-to-date symlink: /home/newtonjeri/ai_based_sorting_robot_arm/install/robotic_arm_msgs/share/robotic_arm_msgs/environment/path.sh
-- Up-to-date symlink: /home/newtonjeri/ai_based_sorting_robot_arm/install/robotic_arm_msgs/share/robotic_arm_msgs/environment/path.dsv
-- Up-to-date symlink: /home/newtonjeri/ai_based_sorting_robot_arm/install/robotic_arm_msgs/share/robotic_arm_msgs/local_setup.bash
-- Up-to-date symlink: /home/newtonjeri/ai_based_sorting_robot_arm/install/robotic_arm_msgs/share/robotic_arm_msgs/local_setup.sh
-- Up-to-date symlink: /home/newtonjeri/ai_based_sorting_robot_arm/install/robotic_arm_msgs/share/robotic_arm_msgs/local_setup.zsh
-- Up-to-date symlink: /home/newtonjeri/ai_based_sorting_robot_arm/install/robotic_arm_msgs/share/robotic_arm_msgs/local_setup.dsv
-- Symlinking: /home/newtonjeri/ai_based_sorting_robot_arm/install/robotic_arm_msgs/share/robotic_arm_msgs/package.dsv
-- Up-to-date symlink: /home/newtonjeri/ai_based_sorting_robot_arm/install/robotic_arm_msgs/share/ament_index/resource_index/packages/robotic_arm_msgs
-- Up-to-date symlink: /home/newtonjeri/ai_based_sorting_robot_arm/install/robotic_arm_msgs/share/robotic_arm_msgs/cmake/rosidl_cmake-extras.cmake
-- Up-to-date symlink: /home/newtonjeri/ai_based_sorting_robot_arm/install/robotic_arm_msgs/share/robotic_arm_msgs/cmake/ament_cmake_export_include_directories-extras.cmake
-- Up-to-date symlink: /home/newtonjeri/ai_based_sorting_robot_arm/install/robotic_arm_msgs/share/robotic_arm_msgs/cmake/ament_cmake_export_libraries-extras.cmake
-- Up-to-date symlink: /home/newtonjeri/ai_based_sorting_robot_arm/install/robotic_arm_msgs/share/robotic_arm_msgs/cmake/ament_cmake_export_targets-extras.cmake
-- Up-to-date symlink: /home/newtonjeri/ai_based_sorting_robot_arm/install/robotic_arm_msgs/share/robotic_arm_msgs/cmake/rosidl_cmake_export_typesupport_targets-extras.cmake
-- Up-to-date symlink: /home/newtonjeri/ai_based_sorting_robot_arm/install/robotic_arm_msgs/share/robotic_arm_msgs/cmake/ament_cmake_export_dependencies-extras.cmake
-- Up-to-date symlink: /home/newtonjeri/ai_based_sorting_robot_arm/install/robotic_arm_msgs/share/robotic_arm_msgs/cmake/rosidl_cmake_export_typesupport_libraries-extras.cmake
-- Up-to-date symlink: /home/newtonjeri/ai_based_sorting_robot_arm/install/robotic_arm_msgs/share/robotic_arm_msgs/cmake/robotic_arm_msgsConfig.cmake
-- Up-to-date symlink: /home/newtonjeri/ai_based_sorting_robot_arm/install/robotic_arm_msgs/share/robotic_arm_msgs/cmake/robotic_arm_msgsConfig-version.cmake
-- Up-to-date symlink: /home/newtonjeri/ai_based_sorting_robot_arm/install/robotic_arm_msgs/share/robotic_arm_msgs/package.xml
-- Up-to-date: /home/newtonjeri/ai_based_sorting_robot_arm/install/robotic_arm_msgs/lib/librobotic_arm_msgs__rosidl_generator_c.so
-- Up-to-date: /home/newtonjeri/ai_based_sorting_robot_arm/install/robotic_arm_msgs/lib/librobotic_arm_msgs__rosidl_typesupport_fastrtps_c.so
-- Up-to-date: /home/newtonjeri/ai_based_sorting_robot_arm/install/robotic_arm_msgs/lib/librobotic_arm_msgs__rosidl_typesupport_introspection_c.so
-- Up-to-date: /home/newtonjeri/ai_based_sorting_robot_arm/install/robotic_arm_msgs/lib/librobotic_arm_msgs__rosidl_typesupport_c.so
-- Up-to-date: /home/newtonjeri/ai_based_sorting_robot_arm/install/robotic_arm_msgs/lib/librobotic_arm_msgs__rosidl_typesupport_fastrtps_cpp.so
-- Up-to-date: /home/newtonjeri/ai_based_sorting_robot_arm/install/robotic_arm_msgs/lib/librobotic_arm_msgs__rosidl_typesupport_introspection_cpp.so
-- Up-to-date: /home/newtonjeri/ai_based_sorting_robot_arm/install/robotic_arm_msgs/lib/librobotic_arm_msgs__rosidl_typesupport_cpp.so
Listing '/home/newtonjeri/ai_based_sorting_robot_arm/install/robotic_arm_msgs/local/lib/python3.10/dist-packages/robotic_arm_msgs'...
Listing '/home/newtonjeri/ai_based_sorting_robot_arm/install/robotic_arm_msgs/local/lib/python3.10/dist-packages/robotic_arm_msgs/msg'...
-- Up-to-date: /home/newtonjeri/ai_based_sorting_robot_arm/install/robotic_arm_msgs/lib/librobotic_arm_msgs__rosidl_generator_py.so
-- Up-to-date: /home/newtonjeri/ai_based_sorting_robot_arm/install/robotic_arm_msgs/share/robotic_arm_msgs/cmake/export_robotic_arm_msgs__rosidl_generator_cExport.cmake
-- Up-to-date: /home/newtonjeri/ai_based_sorting_robot_arm/install/robotic_arm_msgs/share/robotic_arm_msgs/cmake/export_robotic_arm_msgs__rosidl_generator_cExport-noconfig.cmake
-- Up-to-date: /home/newtonjeri/ai_based_sorting_robot_arm/install/robotic_arm_msgs/share/robotic_arm_msgs/cmake/export_robotic_arm_msgs__rosidl_typesupport_fastrtps_cExport.cmake
-- Up-to-date: /home/newtonjeri/ai_based_sorting_robot_arm/install/robotic_arm_msgs/share/robotic_arm_msgs/cmake/export_robotic_arm_msgs__rosidl_typesupport_fastrtps_cExport-noconfig.cmake
-- Up-to-date: /home/newtonjeri/ai_based_sorting_robot_arm/install/robotic_arm_msgs/share/robotic_arm_msgs/cmake/robotic_arm_msgs__rosidl_typesupport_introspection_cExport.cmake
-- Up-to-date: /home/newtonjeri/ai_based_sorting_robot_arm/install/robotic_arm_msgs/share/robotic_arm_msgs/cmake/robotic_arm_msgs__rosidl_typesupport_introspection_cExport-noconfig.cmake
-- Up-to-date: /home/newtonjeri/ai_based_sorting_robot_arm/install/robotic_arm_msgs/share/robotic_arm_msgs/cmake/robotic_arm_msgs__rosidl_typesupport_cExport.cmake
-- Up-to-date: /home/newtonjeri/ai_based_sorting_robot_arm/install/robotic_arm_msgs/share/robotic_arm_msgs/cmake/robotic_arm_msgs__rosidl_typesupport_cExport-noconfig.cmake
-- Up-to-date: /home/newtonjeri/ai_based_sorting_robot_arm/install/robotic_arm_msgs/share/robotic_arm_msgs/cmake/export_robotic_arm_msgs__rosidl_generator_cppExport.cmake
-- Up-to-date: /home/newtonjeri/ai_based_sorting_robot_arm/install/robotic_arm_msgs/share/robotic_arm_msgs/cmake/export_robotic_arm_msgs__rosidl_typesupport_fastrtps_cppExport.cmake
-- Up-to-date: /home/newtonjeri/ai_based_sorting_robot_arm/install/robotic_arm_msgs/share/robotic_arm_msgs/cmake/export_robotic_arm_msgs__rosidl_typesupport_fastrtps_cppExport-noconfig.cmake
-- Up-to-date: /home/newtonjeri/ai_based_sorting_robot_arm/install/robotic_arm_msgs/share/robotic_arm_msgs/cmake/robotic_arm_msgs__rosidl_typesupport_introspection_cppExport.cmake
-- Up-to-date: /home/newtonjeri/ai_based_sorting_robot_arm/install/robotic_arm_msgs/share/robotic_arm_msgs/cmake/robotic_arm_msgs__rosidl_typesupport_introspection_cppExport-noconfig.cmake
-- Up-to-date: /home/newtonjeri/ai_based_sorting_robot_arm/install/robotic_arm_msgs/share/robotic_arm_msgs/cmake/robotic_arm_msgs__rosidl_typesupport_cppExport.cmake
-- Up-to-date: /home/newtonjeri/ai_based_sorting_robot_arm/install/robotic_arm_msgs/share/robotic_arm_msgs/cmake/robotic_arm_msgs__rosidl_typesupport_cppExport-noconfig.cmake
-- Up-to-date: /home/newtonjeri/ai_based_sorting_robot_arm/install/robotic_arm_msgs/share/robotic_arm_msgs/cmake/export_robotic_arm_msgs__rosidl_generator_pyExport.cmake
-- Up-to-date: /home/newtonjeri/ai_based_sorting_robot_arm/install/robotic_arm_msgs/share/robotic_arm_msgs/cmake/export_robotic_arm_msgs__rosidl_generator_pyExport-noconfig.cmake
