[01m[K/home/newtonjeri/ai_based_sorting_robot_arm/src/robotic_arm_kinematics/src/kinematics_node.cpp:[m[K In member function ‘[01m[Kint KinematicsNode::forward_kinematics(double, double, double, double, double, double*, double*, double*)[m[K’:
[01m[K/home/newtonjeri/ai_based_sorting_robot_arm/src/robotic_arm_kinematics/src/kinematics_node.cpp:91:111:[m[K [01;35m[Kwarning: [m[Kunused parameter ‘[01m[Ktheta_5[m[K’ [[01;35m[K]8;;https://gcc.gnu.org/onlinedocs/gcc/Warning-Options.html#index-Wunused-parameter-Wunused-parameter]8;;[m[K]
   91 | int KinematicsNode::forward_kinematics(double theta_1, double theta_2, double theta_3, double theta_4, [01;35m[Kdouble theta_5[m[K, double* x, double* y, double* z)
      |                                                                                                        [01;35m[K~~~~~~~^~~~~~~[m[K
In file included from [01m[K/usr/include/x86_64-linux-gnu/c++/11/bits/c++allocator.h:33[m[K,
                 from [01m[K/usr/include/c++/11/bits/allocator.h:46[m[K,
                 from [01m[K/usr/include/c++/11/vector:64[m[K,
                 from [01m[K/home/newtonjeri/ai_based_sorting_robot_arm/src/robotic_arm_kinematics/src/kinematics_node.cpp:4[m[K:
/usr/include/c++/11/ext/new_allocator.h: In instantiation of ‘[01m[Kvoid __gnu_cxx::new_allocator<_Tp>::construct(_Up*, _Args&& ...) [with _Up = KinematicsNode; _Args = {double&, double&, double&, double&, double&, std::__cxx11::basic_string<char, std::char_traits<char>, std::allocator<char> >&, std::__cxx11::basic_string<char, std::char_traits<char>, std::allocator<char> >&, std::__cxx11::basic_string<char, std::char_traits<char>, std::allocator<char> >&}; _Tp = KinematicsNode][m[K’:
[01m[K/usr/include/c++/11/bits/alloc_traits.h:516:17:[m[K   required from ‘[01m[Kstatic void std::allocator_traits<std::allocator<_Tp1> >::construct(std::allocator_traits<std::allocator<_Tp1> >::allocator_type&, _Up*, _Args&& ...) [with _Up = KinematicsNode; _Args = {double&, double&, double&, double&, double&, std::__cxx11::basic_string<char, std::char_traits<char>, std::allocator<char> >&, std::__cxx11::basic_string<char, std::char_traits<char>, std::allocator<char> >&, std::__cxx11::basic_string<char, std::char_traits<char>, std::allocator<char> >&}; _Tp = KinematicsNode; std::allocator_traits<std::allocator<_Tp1> >::allocator_type = std::allocator<KinematicsNode>][m[K’
[01m[K/usr/include/c++/11/bits/shared_ptr_base.h:519:39:[m[K   required from ‘[01m[Kstd::_Sp_counted_ptr_inplace<_Tp, _Alloc, _Lp>::_Sp_counted_ptr_inplace(_Alloc, _Args&& ...) [with _Args = {double&, double&, double&, double&, double&, std::__cxx11::basic_string<char, std::char_traits<char>, std::allocator<char> >&, std::__cxx11::basic_string<char, std::char_traits<char>, std::allocator<char> >&, std::__cxx11::basic_string<char, std::char_traits<char>, std::allocator<char> >&}; _Tp = KinematicsNode; _Alloc = std::allocator<KinematicsNode>; __gnu_cxx::_Lock_policy _Lp = __gnu_cxx::_S_atomic][m[K’
[01m[K/usr/include/c++/11/bits/shared_ptr_base.h:650:16:[m[K   required from ‘[01m[Kstd::__shared_count<_Lp>::__shared_count(_Tp*&, std::_Sp_alloc_shared_tag<_Alloc>, _Args&& ...) [with _Tp = KinematicsNode; _Alloc = std::allocator<KinematicsNode>; _Args = {double&, double&, double&, double&, double&, std::__cxx11::basic_string<char, std::char_traits<char>, std::allocator<char> >&, std::__cxx11::basic_string<char, std::char_traits<char>, std::allocator<char> >&, std::__cxx11::basic_string<char, std::char_traits<char>, std::allocator<char> >&}; __gnu_cxx::_Lock_policy _Lp = __gnu_cxx::_S_atomic][m[K’
[01m[K/usr/include/c++/11/bits/shared_ptr_base.h:1342:14:[m[K   required from ‘[01m[Kstd::__shared_ptr<_Tp, _Lp>::__shared_ptr(std::_Sp_alloc_shared_tag<_Tp>, _Args&& ...) [with _Alloc = std::allocator<KinematicsNode>; _Args = {double&, double&, double&, double&, double&, std::__cxx11::basic_string<char, std::char_traits<char>, std::allocator<char> >&, std::__cxx11::basic_string<char, std::char_traits<char>, std::allocator<char> >&, std::__cxx11::basic_string<char, std::char_traits<char>, std::allocator<char> >&}; _Tp = KinematicsNode; __gnu_cxx::_Lock_policy _Lp = __gnu_cxx::_S_atomic][m[K’
[01m[K/usr/include/c++/11/bits/shared_ptr.h:409:59:[m[K   required from ‘[01m[Kstd::shared_ptr<_Tp>::shared_ptr(std::_Sp_alloc_shared_tag<_Tp>, _Args&& ...) [with _Alloc = std::allocator<KinematicsNode>; _Args = {double&, double&, double&, double&, double&, std::__cxx11::basic_string<char, std::char_traits<char>, std::allocator<char> >&, std::__cxx11::basic_string<char, std::char_traits<char>, std::allocator<char> >&, std::__cxx11::basic_string<char, std::char_traits<char>, std::allocator<char> >&}; _Tp = KinematicsNode][m[K’
[01m[K/usr/include/c++/11/bits/shared_ptr.h:862:14:[m[K   required from ‘[01m[Kstd::shared_ptr<_Tp> std::allocate_shared(const _Alloc&, _Args&& ...) [with _Tp = KinematicsNode; _Alloc = std::allocator<KinematicsNode>; _Args = {double&, double&, double&, double&, double&, std::__cxx11::basic_string<char, std::char_traits<char>, std::allocator<char> >&, std::__cxx11::basic_string<char, std::char_traits<char>, std::allocator<char> >&, std::__cxx11::basic_string<char, std::char_traits<char>, std::allocator<char> >&}][m[K’
[01m[K/usr/include/c++/11/bits/shared_ptr.h:878:39:[m[K   required from ‘[01m[Kstd::shared_ptr<_Tp> std::make_shared(_Args&& ...) [with _Tp = KinematicsNode; _Args = {double&, double&, double&, double&, double&, std::__cxx11::basic_string<char, std::char_traits<char>, std::allocator<char> >&, std::__cxx11::basic_string<char, std::char_traits<char>, std::allocator<char> >&, std::__cxx11::basic_string<char, std::char_traits<char>, std::allocator<char> >&}][m[K’
[01m[K/home/newtonjeri/ai_based_sorting_robot_arm/src/robotic_arm_kinematics/src/kinematics_node.cpp:183:49:[m[K   required from here
[01m[K/usr/include/c++/11/ext/new_allocator.h:162:11:[m[K [01;31m[Kerror: [m[Kno matching function for call to ‘[01m[KKinematicsNode::KinematicsNode(double&, double&, double&, double&, double&, std::__cxx11::basic_string<char>&, std::__cxx11::basic_string<char>&, std::__cxx11::basic_string<char>&)[m[K’
  162 |         { [01;31m[K::new((void *)__p) _Up(std::forward<_Args>(__args)...)[m[K; }
      |           [01;31m[K^~~~~~~~~~~~~~~~~~~~~~~~~~~~~~~~~~~~~~~~~~~~~~~~~~~~~~[m[K
[01m[K/home/newtonjeri/ai_based_sorting_robot_arm/src/robotic_arm_kinematics/src/kinematics_node.cpp:20:17:[m[K [01;36m[Knote: [m[Kcandidate: ‘[01m[KKinematicsNode::KinematicsNode(double, double, double, double, double, double, double, double)[m[K’
   20 |                 [01;36m[KKinematicsNode[m[K(double _link_1, double _link_2, double _link_3, double _link_4, double _link_5, double x, double y, double z) : Node("kinematics_node")
      |                 [01;36m[K^~~~~~~~~~~~~~[m[K
[01m[K/home/newtonjeri/ai_based_sorting_robot_arm/src/robotic_arm_kinematics/src/kinematics_node.cpp:20:119:[m[K [01;36m[Knote: [m[K  no known conversion for argument 6 from ‘[01m[Kstd::__cxx11::basic_string<char>[m[K’ to ‘[01m[Kdouble[m[K’
   20 |                 KinematicsNode(double _link_1, double _link_2, double _link_3, double _link_4, double _link_5, [01;36m[Kdouble x[m[K, double y, double z) : Node("kinematics_node")
      |                                                                                                                [01;36m[K~~~~~~~^[m[K
gmake[2]: *** [CMakeFiles/kinematics_node.dir/build.make:76: CMakeFiles/kinematics_node.dir/src/kinematics_node.cpp.o] Error 1
gmake[1]: *** [CMakeFiles/Makefile2:137: CMakeFiles/kinematics_node.dir/all] Error 2
gmake: *** [Makefile:146: all] Error 2
