running develop
running egg_info
creating robotic_arm_custom_nodes.egg-info
writing robotic_arm_custom_nodes.egg-info/PKG-INFO
writing dependency_links to robotic_arm_custom_nodes.egg-info/dependency_links.txt
writing entry points to robotic_arm_custom_nodes.egg-info/entry_points.txt
writing requirements to robotic_arm_custom_nodes.egg-info/requires.txt
writing top-level names to robotic_arm_custom_nodes.egg-info/top_level.txt
writing manifest file 'robotic_arm_custom_nodes.egg-info/SOURCES.txt'
reading manifest file 'robotic_arm_custom_nodes.egg-info/SOURCES.txt'
writing manifest file 'robotic_arm_custom_nodes.egg-info/SOURCES.txt'
running build_ext
Creating /home/newtonjeri/ai_based_sorting_robot_arm/install/robotic_arm_custom_nodes/lib/python3.10/site-packages/robotic-arm-custom-nodes.egg-link (link to .)
Installing fk_test_node script to /home/newtonjeri/ai_based_sorting_robot_arm/install/robotic_arm_custom_nodes/lib/robotic_arm_custom_nodes
Installing ik_node script to /home/newtonjeri/ai_based_sorting_robot_arm/install/robotic_arm_custom_nodes/lib/robotic_arm_custom_nodes

Installed /home/newtonjeri/ai_based_sorting_robot_arm/build/robotic_arm_custom_nodes
running install_data
creating /home/newtonjeri/ai_based_sorting_robot_arm/install/robotic_arm_custom_nodes/share/ament_index
creating /home/newtonjeri/ai_based_sorting_robot_arm/install/robotic_arm_custom_nodes/share/ament_index/resource_index
creating /home/newtonjeri/ai_based_sorting_robot_arm/install/robotic_arm_custom_nodes/share/ament_index/resource_index/packages
copying resource/robotic_arm_custom_nodes -> /home/newtonjeri/ai_based_sorting_robot_arm/install/robotic_arm_custom_nodes/share/ament_index/resource_index/packages
copying package.xml -> /home/newtonjeri/ai_based_sorting_robot_arm/install/robotic_arm_custom_nodes/share/robotic_arm_custom_nodes
