[3.101s] Invoking command in '/home/newtonjeri/ai_based_sorting_robot_arm/build/robotic_arm_custom_nodes': PYTHONPATH=/home/newtonjeri/ai_based_sorting_robot_arm/build/robotic_arm_custom_nodes/prefix_override:/home/newtonjeri/ai_based_sorting_robot_arm/install/robotic_arm_custom_nodes/lib/python3.10/site-packages:${PYTHONPATH} /usr/bin/python3 setup.py develop --editable --build-directory /home/newtonjeri/ai_based_sorting_robot_arm/build/robotic_arm_custom_nodes/build --no-deps install_data
[4.052s] running develop
[4.726s] running egg_info
[4.727s] creating robotic_arm_custom_nodes.egg-info
[4.727s] writing robotic_arm_custom_nodes.egg-info/PKG-INFO
[4.727s] writing dependency_links to robotic_arm_custom_nodes.egg-info/dependency_links.txt
[4.727s] writing entry points to robotic_arm_custom_nodes.egg-info/entry_points.txt
[4.727s] writing requirements to robotic_arm_custom_nodes.egg-info/requires.txt
[4.731s] writing top-level names to robotic_arm_custom_nodes.egg-info/top_level.txt
[4.731s] writing manifest file 'robotic_arm_custom_nodes.egg-info/SOURCES.txt'
[4.735s] reading manifest file 'robotic_arm_custom_nodes.egg-info/SOURCES.txt'
[4.737s] writing manifest file 'robotic_arm_custom_nodes.egg-info/SOURCES.txt'
[4.740s] running build_ext
[4.741s] Creating /home/newtonjeri/ai_based_sorting_robot_arm/install/robotic_arm_custom_nodes/lib/python3.10/site-packages/robotic-arm-custom-nodes.egg-link (link to .)
[4.744s] Installing fk_test_node script to /home/newtonjeri/ai_based_sorting_robot_arm/install/robotic_arm_custom_nodes/lib/robotic_arm_custom_nodes
[4.744s] Installing ik_node script to /home/newtonjeri/ai_based_sorting_robot_arm/install/robotic_arm_custom_nodes/lib/robotic_arm_custom_nodes
[4.745s] 
[4.745s] Installed /home/newtonjeri/ai_based_sorting_robot_arm/build/robotic_arm_custom_nodes
[4.746s] running install_data
[4.746s] creating /home/newtonjeri/ai_based_sorting_robot_arm/install/robotic_arm_custom_nodes/share/ament_index
[4.747s] creating /home/newtonjeri/ai_based_sorting_robot_arm/install/robotic_arm_custom_nodes/share/ament_index/resource_index
[4.747s] creating /home/newtonjeri/ai_based_sorting_robot_arm/install/robotic_arm_custom_nodes/share/ament_index/resource_index/packages
[4.748s] copying resource/robotic_arm_custom_nodes -> /home/newtonjeri/ai_based_sorting_robot_arm/install/robotic_arm_custom_nodes/share/ament_index/resource_index/packages
[4.748s] copying package.xml -> /home/newtonjeri/ai_based_sorting_robot_arm/install/robotic_arm_custom_nodes/share/robotic_arm_custom_nodes
[4.840s] Invoked command in '/home/newtonjeri/ai_based_sorting_robot_arm/build/robotic_arm_custom_nodes' returned '0': PYTHONPATH=/home/newtonjeri/ai_based_sorting_robot_arm/build/robotic_arm_custom_nodes/prefix_override:/home/newtonjeri/ai_based_sorting_robot_arm/install/robotic_arm_custom_nodes/lib/python3.10/site-packages:${PYTHONPATH} /usr/bin/python3 setup.py develop --editable --build-directory /home/newtonjeri/ai_based_sorting_robot_arm/build/robotic_arm_custom_nodes/build --no-deps install_data
