[0.962s] Invoking command in '/home/newtonjeri/ai_based_sorting_robot_arm/build/robotic_arm_description': CMAKE_PREFIX_PATH=${CMAKE_PREFIX_PATH}:/opt/ros/humble /usr/bin/cmake /home/newtonjeri/ai_based_sorting_robot_arm/src/robotic_arm_description -DAMENT_CMAKE_SYMLINK_INSTALL=1 -DCMAKE_INSTALL_PREFIX=/home/newtonjeri/ai_based_sorting_robot_arm/install/robotic_arm_description
[1.850s] -- The C compiler identification is GNU 11.4.0
[5.184s] -- The CXX compiler identification is GNU 11.4.0
[7.444s] -- Detecting C compiler ABI info
[8.087s] -- Detecting C compiler ABI info - done
[8.102s] -- Check for working C compiler: /usr/bin/cc - skipped
[8.103s] -- Detecting C compile features
[8.104s] -- Detecting C compile features - done
[8.111s] -- Detecting CXX compiler ABI info
[8.780s] -- Detecting CXX compiler ABI info - done
[8.799s] -- Check for working CXX compiler: /usr/bin/c++ - skipped
[8.799s] -- Detecting CXX compile features
[8.801s] -- Detecting CXX compile features - done
[8.805s] -- Found ament_cmake: 1.3.5 (/opt/ros/humble/share/ament_cmake/cmake)
[9.160s] -- Found Python3: /usr/bin/python3.10 (found version "3.10.12") found components: Interpreter 
[9.304s] -- Override CMake install command with custom implementation using symlinks instead of copying resources
[9.353s] -- Found urdf: 2.6.0 (/opt/ros/humble/share/urdf/cmake)
[19.240s] -- Configuring done
[19.252s] -- Generating done
[19.255s] -- Build files have been written to: /home/newtonjeri/ai_based_sorting_robot_arm/build/robotic_arm_description
[19.268s] Invoked command in '/home/newtonjeri/ai_based_sorting_robot_arm/build/robotic_arm_description' returned '0': CMAKE_PREFIX_PATH=${CMAKE_PREFIX_PATH}:/opt/ros/humble /usr/bin/cmake /home/newtonjeri/ai_based_sorting_robot_arm/src/robotic_arm_description -DAMENT_CMAKE_SYMLINK_INSTALL=1 -DCMAKE_INSTALL_PREFIX=/home/newtonjeri/ai_based_sorting_robot_arm/install/robotic_arm_description
[19.271s] Invoking command in '/home/newtonjeri/ai_based_sorting_robot_arm/build/robotic_arm_description': CMAKE_PREFIX_PATH=${CMAKE_PREFIX_PATH}:/opt/ros/humble /usr/bin/cmake --build /home/newtonjeri/ai_based_sorting_robot_arm/build/robotic_arm_description -- -j4 -l4
[19.338s] Invoked command in '/home/newtonjeri/ai_based_sorting_robot_arm/build/robotic_arm_description' returned '0': CMAKE_PREFIX_PATH=${CMAKE_PREFIX_PATH}:/opt/ros/humble /usr/bin/cmake --build /home/newtonjeri/ai_based_sorting_robot_arm/build/robotic_arm_description -- -j4 -l4
[19.381s] Invoking command in '/home/newtonjeri/ai_based_sorting_robot_arm/build/robotic_arm_description': CMAKE_PREFIX_PATH=${CMAKE_PREFIX_PATH}:/opt/ros/humble /usr/bin/cmake --install /home/newtonjeri/ai_based_sorting_robot_arm/build/robotic_arm_description
[19.394s] -- Install configuration: ""
[19.395s] -- Execute custom install script
[19.397s] -- Symlinking: /home/newtonjeri/ai_based_sorting_robot_arm/install/robotic_arm_description/share/robotic_arm_description/meshes/base_link.stl
[19.411s] -- Symlinking: /home/newtonjeri/ai_based_sorting_robot_arm/install/robotic_arm_description/share/robotic_arm_description/meshes/base_v2_1.stl
[19.428s] -- Symlinking: /home/newtonjeri/ai_based_sorting_robot_arm/install/robotic_arm_description/share/robotic_arm_description/meshes/gripper_base_v8_1.stl
[19.440s] -- Symlinking: /home/newtonjeri/ai_based_sorting_robot_arm/install/robotic_arm_description/share/robotic_arm_description/meshes/gripper_gear_1_v2_1.stl
[19.454s] -- Symlinking: /home/newtonjeri/ai_based_sorting_robot_arm/install/robotic_arm_description/share/robotic_arm_description/meshes/gripper_gear_2_v2_1.stl
[19.469s] -- Symlinking: /home/newtonjeri/ai_based_sorting_robot_arm/install/robotic_arm_description/share/robotic_arm_description/meshes/gripper_v3_1.stl
[19.483s] -- Symlinking: /home/newtonjeri/ai_based_sorting_robot_arm/install/robotic_arm_description/share/robotic_arm_description/meshes/gripper_v3_2.stl
[19.497s] -- Symlinking: /home/newtonjeri/ai_based_sorting_robot_arm/install/robotic_arm_description/share/robotic_arm_description/meshes/gripper_v3_3.stl
[19.513s] -- Symlinking: /home/newtonjeri/ai_based_sorting_robot_arm/install/robotic_arm_description/share/robotic_arm_description/meshes/gripper_v3_4.stl
[19.527s] -- Symlinking: /home/newtonjeri/ai_based_sorting_robot_arm/install/robotic_arm_description/share/robotic_arm_description/meshes/link_1_v5_1.stl
[19.541s] -- Symlinking: /home/newtonjeri/ai_based_sorting_robot_arm/install/robotic_arm_description/share/robotic_arm_description/meshes/link_2a_v4_1.stl
[19.554s] -- Symlinking: /home/newtonjeri/ai_based_sorting_robot_arm/install/robotic_arm_description/share/robotic_arm_description/meshes/link_2b_v4_1.stl
[19.569s] -- Symlinking: /home/newtonjeri/ai_based_sorting_robot_arm/install/robotic_arm_description/share/robotic_arm_description/meshes/servomotormg996r_v2_2.stl
[19.583s] -- Symlinking: /home/newtonjeri/ai_based_sorting_robot_arm/install/robotic_arm_description/share/robotic_arm_description/meshes/servomotormg996r_v2_3.stl
[19.598s] -- Symlinking: /home/newtonjeri/ai_based_sorting_robot_arm/install/robotic_arm_description/share/robotic_arm_description/meshes/servomotormicro9g_v2_1.stl
[19.611s] -- Symlinking: /home/newtonjeri/ai_based_sorting_robot_arm/install/robotic_arm_description/share/robotic_arm_description/meshes/waist_v6_1.stl
[19.624s] -- Symlinking: /home/newtonjeri/ai_based_sorting_robot_arm/install/robotic_arm_description/share/robotic_arm_description/urdf/materials.xacro
[19.639s] -- Symlinking: /home/newtonjeri/ai_based_sorting_robot_arm/install/robotic_arm_description/share/robotic_arm_description/urdf/robotic_arm.trans
[19.653s] -- Symlinking: /home/newtonjeri/ai_based_sorting_robot_arm/install/robotic_arm_description/share/robotic_arm_description/urdf/robotic_arm.xacro
[19.666s] -- Symlinking: /home/newtonjeri/ai_based_sorting_robot_arm/install/robotic_arm_description/share/robotic_arm_description/urdf/robotic_arm_controllers.xacro
[19.682s] -- Symlinking: /home/newtonjeri/ai_based_sorting_robot_arm/install/robotic_arm_description/share/robotic_arm_description/urdf/robotic_arm_gazebo.xacro
[19.696s] -- Symlinking: /home/newtonjeri/ai_based_sorting_robot_arm/install/robotic_arm_description/share/robotic_arm_description/launch/display.launch.py
[19.707s] -- Symlinking: /home/newtonjeri/ai_based_sorting_robot_arm/install/robotic_arm_description/share/robotic_arm_description/launch/gazebo.launch.py
[19.723s] -- Symlinking: /home/newtonjeri/ai_based_sorting_robot_arm/install/robotic_arm_description/share/ament_index/resource_index/package_run_dependencies/robotic_arm_description
[19.739s] -- Symlinking: /home/newtonjeri/ai_based_sorting_robot_arm/install/robotic_arm_description/share/ament_index/resource_index/parent_prefix_path/robotic_arm_description
[19.755s] -- Symlinking: /home/newtonjeri/ai_based_sorting_robot_arm/install/robotic_arm_description/share/robotic_arm_description/environment/ament_prefix_path.sh
[19.771s] -- Symlinking: /home/newtonjeri/ai_based_sorting_robot_arm/install/robotic_arm_description/share/robotic_arm_description/environment/ament_prefix_path.dsv
[19.785s] -- Symlinking: /home/newtonjeri/ai_based_sorting_robot_arm/install/robotic_arm_description/share/robotic_arm_description/environment/path.sh
[19.799s] -- Symlinking: /home/newtonjeri/ai_based_sorting_robot_arm/install/robotic_arm_description/share/robotic_arm_description/environment/path.dsv
[19.813s] -- Symlinking: /home/newtonjeri/ai_based_sorting_robot_arm/install/robotic_arm_description/share/robotic_arm_description/local_setup.bash
[19.825s] -- Symlinking: /home/newtonjeri/ai_based_sorting_robot_arm/install/robotic_arm_description/share/robotic_arm_description/local_setup.sh
[19.837s] -- Symlinking: /home/newtonjeri/ai_based_sorting_robot_arm/install/robotic_arm_description/share/robotic_arm_description/local_setup.zsh
[19.852s] -- Symlinking: /home/newtonjeri/ai_based_sorting_robot_arm/install/robotic_arm_description/share/robotic_arm_description/local_setup.dsv
[19.867s] -- Symlinking: /home/newtonjeri/ai_based_sorting_robot_arm/install/robotic_arm_description/share/robotic_arm_description/package.dsv
[19.884s] -- Symlinking: /home/newtonjeri/ai_based_sorting_robot_arm/install/robotic_arm_description/share/ament_index/resource_index/packages/robotic_arm_description
[19.898s] -- Symlinking: /home/newtonjeri/ai_based_sorting_robot_arm/install/robotic_arm_description/share/robotic_arm_description/cmake/robotic_arm_descriptionConfig.cmake
[19.914s] -- Symlinking: /home/newtonjeri/ai_based_sorting_robot_arm/install/robotic_arm_description/share/robotic_arm_description/cmake/robotic_arm_descriptionConfig-version.cmake
[19.928s] -- Symlinking: /home/newtonjeri/ai_based_sorting_robot_arm/install/robotic_arm_description/share/robotic_arm_description/package.xml
[19.945s] Invoked command in '/home/newtonjeri/ai_based_sorting_robot_arm/build/robotic_arm_description' returned '0': CMAKE_PREFIX_PATH=${CMAKE_PREFIX_PATH}:/opt/ros/humble /usr/bin/cmake --install /home/newtonjeri/ai_based_sorting_robot_arm/build/robotic_arm_description
