[1.266s] Invoking command in '/home/newtonjeri/ai_based_sorting_robot_arm/build/robotic_arm_bringup': CMAKE_PREFIX_PATH=/opt/ros/humble /usr/bin/cmake /home/newtonjeri/ai_based_sorting_robot_arm/src/robotic_arm_bringup -DCMAKE_INSTALL_PREFIX=/home/newtonjeri/ai_based_sorting_robot_arm/install/robotic_arm_bringup
[3.154s] -- The C compiler identification is GNU 11.4.0
[8.081s] -- The CXX compiler identification is GNU 11.4.0
[12.655s] -- Detecting C compiler ABI info
[13.716s] -- Detecting C compiler ABI info - done
[13.741s] -- Check for working C compiler: /usr/bin/cc - skipped
[13.745s] -- Detecting C compile features
[13.748s] -- Detecting C compile features - done
[13.768s] -- Detecting CXX compiler ABI info
[15.138s] -- Detecting CXX compiler ABI info - done
[15.180s] -- Check for working CXX compiler: /usr/bin/c++ - skipped
[15.181s] -- Detecting CXX compile features
[15.182s] -- Detecting CXX compile features - done
[15.191s] -- Found ament_cmake: 1.3.5 (/opt/ros/humble/share/ament_cmake/cmake)
[16.080s] -- Found Python3: /usr/bin/python3.10 (found version "3.10.12") found components: Interpreter 
[16.535s] -- Found urdf: 2.6.0 (/opt/ros/humble/share/urdf/cmake)
[31.103s] -- Found xacro: 2.0.8 (/opt/ros/humble/share/xacro/cmake)
[31.111s] -- Found robot_state_publisher: 3.0.2 (/opt/ros/humble/share/robot_state_publisher/cmake)
[31.266s] -- Found rosidl_generator_c: 3.1.5 (/opt/ros/humble/share/rosidl_generator_c/cmake)
[31.280s] -- Found rosidl_adapter: 3.1.5 (/opt/ros/humble/share/rosidl_adapter/cmake)
[31.313s] -- Found rosidl_generator_cpp: 3.1.5 (/opt/ros/humble/share/rosidl_generator_cpp/cmake)
[31.364s] -- Using all available rosidl_typesupport_c: rosidl_typesupport_fastrtps_c;rosidl_typesupport_introspection_c
[31.418s] -- Using all available rosidl_typesupport_cpp: rosidl_typesupport_fastrtps_cpp;rosidl_typesupport_introspection_cpp
[32.101s] -- Found eigen3_cmake_module: 0.1.1 (/opt/ros/humble/share/eigen3_cmake_module/cmake)
[32.104s] -- Found Eigen3: TRUE (found version "3.4.0") 
[32.105s] -- Ensuring Eigen3 include directory is part of orocos-kdl CMake target
[32.273s] -- Found rmw_implementation_cmake: 6.1.1 (/opt/ros/humble/share/rmw_implementation_cmake/cmake)
[32.284s] -- Found rmw_fastrtps_cpp: 6.2.4 (/opt/ros/humble/share/rmw_fastrtps_cpp/cmake)
[44.420s] -- Found OpenSSL: /usr/lib/x86_64-linux-gnu/libcrypto.so (found version "3.0.2")  
[63.565s] -- Found FastRTPS: /opt/ros/humble/include  
[84.919s] -- Using RMW implementation 'rmw_fastrtps_cpp' as default
[84.948s] -- Looking for pthread.h
[85.643s] -- Looking for pthread.h - found
[85.644s] -- Performing Test CMAKE_HAVE_LIBC_PTHREAD
[86.293s] -- Performing Test CMAKE_HAVE_LIBC_PTHREAD - Success
[86.296s] -- Found Threads: TRUE  
[87.529s] -- Found ament_lint_auto: 0.12.8 (/opt/ros/humble/share/ament_lint_auto/cmake)
[96.498s] -- Configuring done
[96.509s] -- Generating done
[96.512s] -- Build files have been written to: /home/newtonjeri/ai_based_sorting_robot_arm/build/robotic_arm_bringup
[96.534s] Invoked command in '/home/newtonjeri/ai_based_sorting_robot_arm/build/robotic_arm_bringup' returned '0': CMAKE_PREFIX_PATH=/opt/ros/humble /usr/bin/cmake /home/newtonjeri/ai_based_sorting_robot_arm/src/robotic_arm_bringup -DCMAKE_INSTALL_PREFIX=/home/newtonjeri/ai_based_sorting_robot_arm/install/robotic_arm_bringup
[96.537s] Invoking command in '/home/newtonjeri/ai_based_sorting_robot_arm/build/robotic_arm_bringup': CMAKE_PREFIX_PATH=/opt/ros/humble /usr/bin/cmake --build /home/newtonjeri/ai_based_sorting_robot_arm/build/robotic_arm_bringup -- -j4 -l4
[96.613s] Invoked command in '/home/newtonjeri/ai_based_sorting_robot_arm/build/robotic_arm_bringup' returned '0': CMAKE_PREFIX_PATH=/opt/ros/humble /usr/bin/cmake --build /home/newtonjeri/ai_based_sorting_robot_arm/build/robotic_arm_bringup -- -j4 -l4
[96.652s] Invoking command in '/home/newtonjeri/ai_based_sorting_robot_arm/build/robotic_arm_bringup': CMAKE_PREFIX_PATH=/opt/ros/humble /usr/bin/cmake --install /home/newtonjeri/ai_based_sorting_robot_arm/build/robotic_arm_bringup
[96.663s] -- Install configuration: ""
[96.663s] -- Installing: /home/newtonjeri/ai_based_sorting_robot_arm/install/robotic_arm_bringup/share/robotic_arm_bringup/launch
[96.664s] -- Installing: /home/newtonjeri/ai_based_sorting_robot_arm/install/robotic_arm_bringup/share/robotic_arm_bringup/launch/controllers.launch.py
[96.664s] -- Installing: /home/newtonjeri/ai_based_sorting_robot_arm/install/robotic_arm_bringup/share/robotic_arm_bringup/launch/robotic_arm.launch.py
[96.665s] -- Installing: /home/newtonjeri/ai_based_sorting_robot_arm/install/robotic_arm_bringup/share/robotic_arm_bringup/config
[96.665s] -- Installing: /home/newtonjeri/ai_based_sorting_robot_arm/install/robotic_arm_bringup/share/robotic_arm_bringup/config/controller_configuration.yaml
[96.666s] -- Installing: /home/newtonjeri/ai_based_sorting_robot_arm/install/robotic_arm_bringup/share/ament_index/resource_index/package_run_dependencies/robotic_arm_bringup
[96.667s] -- Installing: /home/newtonjeri/ai_based_sorting_robot_arm/install/robotic_arm_bringup/share/ament_index/resource_index/parent_prefix_path/robotic_arm_bringup
[96.668s] -- Installing: /home/newtonjeri/ai_based_sorting_robot_arm/install/robotic_arm_bringup/share/robotic_arm_bringup/environment/ament_prefix_path.sh
[96.668s] -- Installing: /home/newtonjeri/ai_based_sorting_robot_arm/install/robotic_arm_bringup/share/robotic_arm_bringup/environment/ament_prefix_path.dsv
[96.668s] -- Installing: /home/newtonjeri/ai_based_sorting_robot_arm/install/robotic_arm_bringup/share/robotic_arm_bringup/environment/path.sh
[96.669s] -- Installing: /home/newtonjeri/ai_based_sorting_robot_arm/install/robotic_arm_bringup/share/robotic_arm_bringup/environment/path.dsv
[96.670s] -- Installing: /home/newtonjeri/ai_based_sorting_robot_arm/install/robotic_arm_bringup/share/robotic_arm_bringup/local_setup.bash
[96.670s] -- Installing: /home/newtonjeri/ai_based_sorting_robot_arm/install/robotic_arm_bringup/share/robotic_arm_bringup/local_setup.sh
[96.670s] -- Installing: /home/newtonjeri/ai_based_sorting_robot_arm/install/robotic_arm_bringup/share/robotic_arm_bringup/local_setup.zsh
[96.671s] -- Installing: /home/newtonjeri/ai_based_sorting_robot_arm/install/robotic_arm_bringup/share/robotic_arm_bringup/local_setup.dsv
[96.672s] -- Installing: /home/newtonjeri/ai_based_sorting_robot_arm/install/robotic_arm_bringup/share/robotic_arm_bringup/package.dsv
[96.672s] -- Installing: /home/newtonjeri/ai_based_sorting_robot_arm/install/robotic_arm_bringup/share/ament_index/resource_index/packages/robotic_arm_bringup
[96.673s] -- Installing: /home/newtonjeri/ai_based_sorting_robot_arm/install/robotic_arm_bringup/share/robotic_arm_bringup/cmake/robotic_arm_bringupConfig.cmake
[96.673s] -- Installing: /home/newtonjeri/ai_based_sorting_robot_arm/install/robotic_arm_bringup/share/robotic_arm_bringup/cmake/robotic_arm_bringupConfig-version.cmake
[96.674s] -- Installing: /home/newtonjeri/ai_based_sorting_robot_arm/install/robotic_arm_bringup/share/robotic_arm_bringup/package.xml
[96.678s] Invoked command in '/home/newtonjeri/ai_based_sorting_robot_arm/build/robotic_arm_bringup' returned '0': CMAKE_PREFIX_PATH=/opt/ros/humble /usr/bin/cmake --install /home/newtonjeri/ai_based_sorting_robot_arm/build/robotic_arm_bringup
