[1.410s] DEBUG:colcon:Command line arguments: ['/usr/bin/colcon', 'build', '--symlink-install']
[1.411s] DEBUG:colcon:Parsed command line arguments: Namespace(log_base=None, log_level=None, verb_name='build', build_base='build', install_base='install', merge_install=False, symlink_install=True, test_result_base=None, continue_on_error=False, executor='parallel', parallel_workers=4, event_handlers=None, ignore_user_meta=False, metas=['./colcon.meta'], base_paths=['.'], packages_ignore=None, packages_ignore_regex=None, paths=None, packages_up_to=None, packages_up_to_regex=None, packages_above=None, packages_above_and_dependencies=None, packages_above_depth=None, packages_select_by_dep=None, packages_skip_by_dep=None, packages_skip_up_to=None, packages_select_build_failed=False, packages_skip_build_finished=False, packages_select_test_failures=False, packages_skip_test_passed=False, packages_select=None, packages_skip=None, packages_select_regex=None, packages_skip_regex=None, packages_start=None, packages_end=None, allow_overriding=[], cmake_args=None, cmake_target=None, cmake_target_skip_unavailable=False, cmake_clean_cache=False, cmake_clean_first=False, cmake_force_configure=False, ament_cmake_args=None, catkin_cmake_args=None, catkin_skip_building_tests=False, verb_parser=<colcon_defaults.argument_parser.defaults.DefaultArgumentsDecorator object at 0x7f7da46ba5f0>, verb_extension=<colcon_core.verb.build.BuildVerb object at 0x7f7da46ba080>, main=<bound method BuildVerb.main of <colcon_core.verb.build.BuildVerb object at 0x7f7da46ba080>>)
[1.480s] Level 1:colcon.colcon_core.package_discovery:discover_packages(colcon_meta) check parameters
[1.480s] Level 1:colcon.colcon_core.package_discovery:discover_packages(recursive) check parameters
[1.480s] Level 1:colcon.colcon_core.package_discovery:discover_packages(ignore) check parameters
[1.480s] Level 1:colcon.colcon_core.package_discovery:discover_packages(path) check parameters
[1.480s] Level 1:colcon.colcon_core.package_discovery:discover_packages(colcon_meta) discover
[1.480s] Level 1:colcon.colcon_core.package_discovery:discover_packages(recursive) discover
[1.480s] INFO:colcon.colcon_core.package_discovery:Crawling recursively for packages in '/home/newtonjeri/ai_based_sorting_robot_arm'
[1.480s] Level 1:colcon.colcon_core.package_identification:_identify(.) by extensions ['ignore', 'ignore_ament_install']
[1.481s] Level 1:colcon.colcon_core.package_identification:_identify(.) by extension 'ignore'
[1.481s] Level 1:colcon.colcon_core.package_identification:_identify(.) by extension 'ignore_ament_install'
[1.481s] Level 1:colcon.colcon_core.package_identification:_identify(.) by extensions ['colcon_pkg']
[1.481s] Level 1:colcon.colcon_core.package_identification:_identify(.) by extension 'colcon_pkg'
[1.481s] Level 1:colcon.colcon_core.package_identification:_identify(.) by extensions ['colcon_meta']
[1.481s] Level 1:colcon.colcon_core.package_identification:_identify(.) by extension 'colcon_meta'
[1.481s] Level 1:colcon.colcon_core.package_identification:_identify(.) by extensions ['ros']
[1.481s] Level 1:colcon.colcon_core.package_identification:_identify(.) by extension 'ros'
[1.505s] Level 1:colcon.colcon_core.package_identification:_identify(.) by extensions ['cmake', 'python']
[1.505s] Level 1:colcon.colcon_core.package_identification:_identify(.) by extension 'cmake'
[1.505s] Level 1:colcon.colcon_core.package_identification:_identify(.) by extension 'python'
[1.505s] Level 1:colcon.colcon_core.package_identification:_identify(.) by extensions ['python_setup_py']
[1.505s] Level 1:colcon.colcon_core.package_identification:_identify(.) by extension 'python_setup_py'
[1.506s] Level 1:colcon.colcon_core.package_identification:_identify(build) by extensions ['ignore', 'ignore_ament_install']
[1.506s] Level 1:colcon.colcon_core.package_identification:_identify(build) by extension 'ignore'
[1.506s] Level 1:colcon.colcon_core.package_identification:_identify(build) ignored
[1.506s] Level 1:colcon.colcon_core.package_identification:_identify(install) by extensions ['ignore', 'ignore_ament_install']
[1.506s] Level 1:colcon.colcon_core.package_identification:_identify(install) by extension 'ignore'
[1.506s] Level 1:colcon.colcon_core.package_identification:_identify(install) ignored
[1.506s] Level 1:colcon.colcon_core.package_identification:_identify(log) by extensions ['ignore', 'ignore_ament_install']
[1.507s] Level 1:colcon.colcon_core.package_identification:_identify(log) by extension 'ignore'
[1.507s] Level 1:colcon.colcon_core.package_identification:_identify(log) ignored
[1.507s] Level 1:colcon.colcon_core.package_identification:_identify(src) by extensions ['ignore', 'ignore_ament_install']
[1.507s] Level 1:colcon.colcon_core.package_identification:_identify(src) by extension 'ignore'
[1.507s] Level 1:colcon.colcon_core.package_identification:_identify(src) by extension 'ignore_ament_install'
[1.507s] Level 1:colcon.colcon_core.package_identification:_identify(src) by extensions ['colcon_pkg']
[1.507s] Level 1:colcon.colcon_core.package_identification:_identify(src) by extension 'colcon_pkg'
[1.508s] Level 1:colcon.colcon_core.package_identification:_identify(src) by extensions ['colcon_meta']
[1.508s] Level 1:colcon.colcon_core.package_identification:_identify(src) by extension 'colcon_meta'
[1.508s] Level 1:colcon.colcon_core.package_identification:_identify(src) by extensions ['ros']
[1.508s] Level 1:colcon.colcon_core.package_identification:_identify(src) by extension 'ros'
[1.508s] Level 1:colcon.colcon_core.package_identification:_identify(src) by extensions ['cmake', 'python']
[1.508s] Level 1:colcon.colcon_core.package_identification:_identify(src) by extension 'cmake'
[1.509s] Level 1:colcon.colcon_core.package_identification:_identify(src) by extension 'python'
[1.509s] Level 1:colcon.colcon_core.package_identification:_identify(src) by extensions ['python_setup_py']
[1.509s] Level 1:colcon.colcon_core.package_identification:_identify(src) by extension 'python_setup_py'
[1.509s] Level 1:colcon.colcon_core.package_identification:_identify(src/robotic_arm_bringup) by extensions ['ignore', 'ignore_ament_install']
[1.509s] Level 1:colcon.colcon_core.package_identification:_identify(src/robotic_arm_bringup) by extension 'ignore'
[1.509s] Level 1:colcon.colcon_core.package_identification:_identify(src/robotic_arm_bringup) by extension 'ignore_ament_install'
[1.510s] Level 1:colcon.colcon_core.package_identification:_identify(src/robotic_arm_bringup) by extensions ['colcon_pkg']
[1.510s] Level 1:colcon.colcon_core.package_identification:_identify(src/robotic_arm_bringup) by extension 'colcon_pkg'
[1.510s] Level 1:colcon.colcon_core.package_identification:_identify(src/robotic_arm_bringup) by extensions ['colcon_meta']
[1.510s] Level 1:colcon.colcon_core.package_identification:_identify(src/robotic_arm_bringup) by extension 'colcon_meta'
[1.510s] Level 1:colcon.colcon_core.package_identification:_identify(src/robotic_arm_bringup) by extensions ['ros']
[1.510s] Level 1:colcon.colcon_core.package_identification:_identify(src/robotic_arm_bringup) by extension 'ros'
[1.514s] DEBUG:colcon.colcon_core.package_identification:Package 'src/robotic_arm_bringup' with type 'ros.ament_cmake' and name 'robotic_arm_bringup'
[1.514s] Level 1:colcon.colcon_core.package_identification:_identify(src/robotic_arm_description) by extensions ['ignore', 'ignore_ament_install']
[1.515s] Level 1:colcon.colcon_core.package_identification:_identify(src/robotic_arm_description) by extension 'ignore'
[1.515s] Level 1:colcon.colcon_core.package_identification:_identify(src/robotic_arm_description) by extension 'ignore_ament_install'
[1.515s] Level 1:colcon.colcon_core.package_identification:_identify(src/robotic_arm_description) by extensions ['colcon_pkg']
[1.515s] Level 1:colcon.colcon_core.package_identification:_identify(src/robotic_arm_description) by extension 'colcon_pkg'
[1.515s] Level 1:colcon.colcon_core.package_identification:_identify(src/robotic_arm_description) by extensions ['colcon_meta']
[1.515s] Level 1:colcon.colcon_core.package_identification:_identify(src/robotic_arm_description) by extension 'colcon_meta'
[1.515s] Level 1:colcon.colcon_core.package_identification:_identify(src/robotic_arm_description) by extensions ['ros']
[1.515s] Level 1:colcon.colcon_core.package_identification:_identify(src/robotic_arm_description) by extension 'ros'
[1.518s] DEBUG:colcon.colcon_core.package_identification:Package 'src/robotic_arm_description' with type 'ros.ament_cmake' and name 'robotic_arm_description'
[1.519s] Level 1:colcon.colcon_core.package_identification:_identify(src/robotic_arm_gazebo) by extensions ['ignore', 'ignore_ament_install']
[1.519s] Level 1:colcon.colcon_core.package_identification:_identify(src/robotic_arm_gazebo) by extension 'ignore'
[1.519s] Level 1:colcon.colcon_core.package_identification:_identify(src/robotic_arm_gazebo) by extension 'ignore_ament_install'
[1.519s] Level 1:colcon.colcon_core.package_identification:_identify(src/robotic_arm_gazebo) by extensions ['colcon_pkg']
[1.519s] Level 1:colcon.colcon_core.package_identification:_identify(src/robotic_arm_gazebo) by extension 'colcon_pkg'
[1.519s] Level 1:colcon.colcon_core.package_identification:_identify(src/robotic_arm_gazebo) by extensions ['colcon_meta']
[1.519s] Level 1:colcon.colcon_core.package_identification:_identify(src/robotic_arm_gazebo) by extension 'colcon_meta'
[1.519s] Level 1:colcon.colcon_core.package_identification:_identify(src/robotic_arm_gazebo) by extensions ['ros']
[1.519s] Level 1:colcon.colcon_core.package_identification:_identify(src/robotic_arm_gazebo) by extension 'ros'
[1.522s] DEBUG:colcon.colcon_core.package_identification:Package 'src/robotic_arm_gazebo' with type 'ros.ament_cmake' and name 'robotic_arm_gazebo'
[1.522s] Level 1:colcon.colcon_core.package_discovery:discover_packages(recursive) using defaults
[1.522s] Level 1:colcon.colcon_core.package_discovery:discover_packages(ignore) discover
[1.522s] Level 1:colcon.colcon_core.package_discovery:discover_packages(ignore) using defaults
[1.522s] Level 1:colcon.colcon_core.package_discovery:discover_packages(path) discover
[1.522s] Level 1:colcon.colcon_core.package_discovery:discover_packages(path) using defaults
[1.608s] Level 1:colcon.colcon_core.package_discovery:discover_packages(prefix_path) check parameters
[1.609s] Level 1:colcon.colcon_core.package_discovery:discover_packages(prefix_path) discover
[1.631s] DEBUG:colcon.colcon_installed_package_information.package_discovery:Found 3 installed packages in /home/newtonjeri/ai_based_sorting_robot_arm/install
[1.640s] DEBUG:colcon.colcon_installed_package_information.package_discovery:Found 321 installed packages in /opt/ros/humble
[1.651s] Level 1:colcon.colcon_core.package_discovery:discover_packages(prefix_path) using defaults
[1.860s] Level 5:colcon.colcon_core.verb:set package 'robotic_arm_bringup' build argument 'cmake_args' from command line to 'None'
[1.860s] Level 5:colcon.colcon_core.verb:set package 'robotic_arm_bringup' build argument 'cmake_target' from command line to 'None'
[1.861s] Level 5:colcon.colcon_core.verb:set package 'robotic_arm_bringup' build argument 'cmake_target_skip_unavailable' from command line to 'False'
[1.861s] Level 5:colcon.colcon_core.verb:set package 'robotic_arm_bringup' build argument 'cmake_clean_cache' from command line to 'False'
[1.861s] Level 5:colcon.colcon_core.verb:set package 'robotic_arm_bringup' build argument 'cmake_clean_first' from command line to 'False'
[1.861s] Level 5:colcon.colcon_core.verb:set package 'robotic_arm_bringup' build argument 'cmake_force_configure' from command line to 'False'
[1.861s] Level 5:colcon.colcon_core.verb:set package 'robotic_arm_bringup' build argument 'ament_cmake_args' from command line to 'None'
[1.861s] Level 5:colcon.colcon_core.verb:set package 'robotic_arm_bringup' build argument 'catkin_cmake_args' from command line to 'None'
[1.861s] Level 5:colcon.colcon_core.verb:set package 'robotic_arm_bringup' build argument 'catkin_skip_building_tests' from command line to 'False'
[1.861s] DEBUG:colcon.colcon_core.verb:Building package 'robotic_arm_bringup' with the following arguments: {'ament_cmake_args': None, 'build_base': '/home/newtonjeri/ai_based_sorting_robot_arm/build/robotic_arm_bringup', 'catkin_cmake_args': None, 'catkin_skip_building_tests': False, 'cmake_args': None, 'cmake_clean_cache': False, 'cmake_clean_first': False, 'cmake_force_configure': False, 'cmake_target': None, 'cmake_target_skip_unavailable': False, 'install_base': '/home/newtonjeri/ai_based_sorting_robot_arm/install/robotic_arm_bringup', 'merge_install': False, 'path': '/home/newtonjeri/ai_based_sorting_robot_arm/src/robotic_arm_bringup', 'symlink_install': True, 'test_result_base': None}
[1.865s] Level 5:colcon.colcon_core.verb:set package 'robotic_arm_description' build argument 'cmake_args' from command line to 'None'
[1.865s] Level 5:colcon.colcon_core.verb:set package 'robotic_arm_description' build argument 'cmake_target' from command line to 'None'
[1.865s] Level 5:colcon.colcon_core.verb:set package 'robotic_arm_description' build argument 'cmake_target_skip_unavailable' from command line to 'False'
[1.865s] Level 5:colcon.colcon_core.verb:set package 'robotic_arm_description' build argument 'cmake_clean_cache' from command line to 'False'
[1.865s] Level 5:colcon.colcon_core.verb:set package 'robotic_arm_description' build argument 'cmake_clean_first' from command line to 'False'
[1.865s] Level 5:colcon.colcon_core.verb:set package 'robotic_arm_description' build argument 'cmake_force_configure' from command line to 'False'
[1.865s] Level 5:colcon.colcon_core.verb:set package 'robotic_arm_description' build argument 'ament_cmake_args' from command line to 'None'
[1.865s] Level 5:colcon.colcon_core.verb:set package 'robotic_arm_description' build argument 'catkin_cmake_args' from command line to 'None'
[1.865s] Level 5:colcon.colcon_core.verb:set package 'robotic_arm_description' build argument 'catkin_skip_building_tests' from command line to 'False'
[1.865s] DEBUG:colcon.colcon_core.verb:Building package 'robotic_arm_description' with the following arguments: {'ament_cmake_args': None, 'build_base': '/home/newtonjeri/ai_based_sorting_robot_arm/build/robotic_arm_description', 'catkin_cmake_args': None, 'catkin_skip_building_tests': False, 'cmake_args': None, 'cmake_clean_cache': False, 'cmake_clean_first': False, 'cmake_force_configure': False, 'cmake_target': None, 'cmake_target_skip_unavailable': False, 'install_base': '/home/newtonjeri/ai_based_sorting_robot_arm/install/robotic_arm_description', 'merge_install': False, 'path': '/home/newtonjeri/ai_based_sorting_robot_arm/src/robotic_arm_description', 'symlink_install': True, 'test_result_base': None}
[1.871s] Level 5:colcon.colcon_core.verb:set package 'robotic_arm_gazebo' build argument 'cmake_args' from command line to 'None'
[1.871s] Level 5:colcon.colcon_core.verb:set package 'robotic_arm_gazebo' build argument 'cmake_target' from command line to 'None'
[1.871s] Level 5:colcon.colcon_core.verb:set package 'robotic_arm_gazebo' build argument 'cmake_target_skip_unavailable' from command line to 'False'
[1.871s] Level 5:colcon.colcon_core.verb:set package 'robotic_arm_gazebo' build argument 'cmake_clean_cache' from command line to 'False'
[1.871s] Level 5:colcon.colcon_core.verb:set package 'robotic_arm_gazebo' build argument 'cmake_clean_first' from command line to 'False'
[1.871s] Level 5:colcon.colcon_core.verb:set package 'robotic_arm_gazebo' build argument 'cmake_force_configure' from command line to 'False'
[1.872s] Level 5:colcon.colcon_core.verb:set package 'robotic_arm_gazebo' build argument 'ament_cmake_args' from command line to 'None'
[1.872s] Level 5:colcon.colcon_core.verb:set package 'robotic_arm_gazebo' build argument 'catkin_cmake_args' from command line to 'None'
[1.872s] Level 5:colcon.colcon_core.verb:set package 'robotic_arm_gazebo' build argument 'catkin_skip_building_tests' from command line to 'False'
[1.872s] DEBUG:colcon.colcon_core.verb:Building package 'robotic_arm_gazebo' with the following arguments: {'ament_cmake_args': None, 'build_base': '/home/newtonjeri/ai_based_sorting_robot_arm/build/robotic_arm_gazebo', 'catkin_cmake_args': None, 'catkin_skip_building_tests': False, 'cmake_args': None, 'cmake_clean_cache': False, 'cmake_clean_first': False, 'cmake_force_configure': False, 'cmake_target': None, 'cmake_target_skip_unavailable': False, 'install_base': '/home/newtonjeri/ai_based_sorting_robot_arm/install/robotic_arm_gazebo', 'merge_install': False, 'path': '/home/newtonjeri/ai_based_sorting_robot_arm/src/robotic_arm_gazebo', 'symlink_install': True, 'test_result_base': None}
[1.874s] INFO:colcon.colcon_core.executor:Executing jobs using 'parallel' executor
[1.889s] DEBUG:colcon.colcon_parallel_executor.executor.parallel:run_until_complete
[1.890s] INFO:colcon.colcon_ros.task.ament_cmake.build:Building ROS package in '/home/newtonjeri/ai_based_sorting_robot_arm/src/robotic_arm_bringup' with build type 'ament_cmake'
[1.890s] INFO:colcon.colcon_cmake.task.cmake.build:Building CMake package in '/home/newtonjeri/ai_based_sorting_robot_arm/src/robotic_arm_bringup'
[1.906s] INFO:colcon.colcon_core.plugin_system:Skipping extension 'colcon_core.shell.bat': Not used on non-Windows systems
[1.907s] INFO:colcon.colcon_core.shell:Skip shell extension 'powershell' for command environment: Not usable outside of PowerShell
[1.907s] DEBUG:colcon.colcon_core.shell:Skip shell extension 'dsv' for command environment
[1.925s] INFO:colcon.colcon_ros.task.ament_cmake.build:Building ROS package in '/home/newtonjeri/ai_based_sorting_robot_arm/src/robotic_arm_description' with build type 'ament_cmake'
[1.926s] INFO:colcon.colcon_cmake.task.cmake.build:Building CMake package in '/home/newtonjeri/ai_based_sorting_robot_arm/src/robotic_arm_description'
[1.945s] INFO:colcon.colcon_core.shell:Skip shell extension 'powershell' for command environment: Not usable outside of PowerShell
[1.945s] DEBUG:colcon.colcon_core.shell:Skip shell extension 'dsv' for command environment
[1.992s] INFO:colcon.colcon_ros.task.ament_cmake.build:Building ROS package in '/home/newtonjeri/ai_based_sorting_robot_arm/src/robotic_arm_gazebo' with build type 'ament_cmake'
[1.993s] INFO:colcon.colcon_cmake.task.cmake.build:Building CMake package in '/home/newtonjeri/ai_based_sorting_robot_arm/src/robotic_arm_gazebo'
[2.015s] INFO:colcon.colcon_core.shell:Skip shell extension 'powershell' for command environment: Not usable outside of PowerShell
[2.015s] DEBUG:colcon.colcon_core.shell:Skip shell extension 'dsv' for command environment
[2.082s] DEBUG:colcon.colcon_core.event_handler.log_command:Invoking command in '/home/newtonjeri/ai_based_sorting_robot_arm/build/robotic_arm_bringup': CMAKE_PREFIX_PATH=${CMAKE_PREFIX_PATH}:/opt/ros/humble /usr/bin/cmake --build /home/newtonjeri/ai_based_sorting_robot_arm/build/robotic_arm_bringup -- -j4 -l4
[2.096s] DEBUG:colcon.colcon_core.event_handler.log_command:Invoking command in '/home/newtonjeri/ai_based_sorting_robot_arm/build/robotic_arm_description': CMAKE_PREFIX_PATH=${CMAKE_PREFIX_PATH}:/opt/ros/humble /usr/bin/cmake --build /home/newtonjeri/ai_based_sorting_robot_arm/build/robotic_arm_description -- -j4 -l4
[2.118s] DEBUG:colcon.colcon_core.event_handler.log_command:Invoking command in '/home/newtonjeri/ai_based_sorting_robot_arm/build/robotic_arm_gazebo': CMAKE_PREFIX_PATH=${CMAKE_PREFIX_PATH}:/opt/ros/humble /usr/bin/cmake --build /home/newtonjeri/ai_based_sorting_robot_arm/build/robotic_arm_gazebo -- -j4 -l4
[2.199s] DEBUG:colcon.colcon_core.event_handler.log_command:Invoked command in '/home/newtonjeri/ai_based_sorting_robot_arm/build/robotic_arm_description' returned '0': CMAKE_PREFIX_PATH=${CMAKE_PREFIX_PATH}:/opt/ros/humble /usr/bin/cmake --build /home/newtonjeri/ai_based_sorting_robot_arm/build/robotic_arm_description -- -j4 -l4
[2.207s] DEBUG:colcon.colcon_core.event_handler.log_command:Invoked command in '/home/newtonjeri/ai_based_sorting_robot_arm/build/robotic_arm_bringup' returned '0': CMAKE_PREFIX_PATH=${CMAKE_PREFIX_PATH}:/opt/ros/humble /usr/bin/cmake --build /home/newtonjeri/ai_based_sorting_robot_arm/build/robotic_arm_bringup -- -j4 -l4
[2.225s] DEBUG:colcon.colcon_core.event_handler.log_command:Invoked command in '/home/newtonjeri/ai_based_sorting_robot_arm/build/robotic_arm_gazebo' returned '0': CMAKE_PREFIX_PATH=${CMAKE_PREFIX_PATH}:/opt/ros/humble /usr/bin/cmake --build /home/newtonjeri/ai_based_sorting_robot_arm/build/robotic_arm_gazebo -- -j4 -l4
[2.323s] DEBUG:colcon.colcon_core.event_handler.log_command:Invoking command in '/home/newtonjeri/ai_based_sorting_robot_arm/build/robotic_arm_description': CMAKE_PREFIX_PATH=${CMAKE_PREFIX_PATH}:/opt/ros/humble /usr/bin/cmake --install /home/newtonjeri/ai_based_sorting_robot_arm/build/robotic_arm_description
[2.328s] DEBUG:colcon.colcon_core.event_handler.log_command:Invoking command in '/home/newtonjeri/ai_based_sorting_robot_arm/build/robotic_arm_bringup': CMAKE_PREFIX_PATH=${CMAKE_PREFIX_PATH}:/opt/ros/humble /usr/bin/cmake --install /home/newtonjeri/ai_based_sorting_robot_arm/build/robotic_arm_bringup
[2.346s] DEBUG:colcon.colcon_core.event_handler.log_command:Invoking command in '/home/newtonjeri/ai_based_sorting_robot_arm/build/robotic_arm_gazebo': CMAKE_PREFIX_PATH=${CMAKE_PREFIX_PATH}:/opt/ros/humble /usr/bin/cmake --install /home/newtonjeri/ai_based_sorting_robot_arm/build/robotic_arm_gazebo
[2.415s] Level 1:colcon.colcon_core.environment:create_environment_scripts_only(robotic_arm_bringup)
[2.438s] DEBUG:colcon.colcon_core.event_handler.log_command:Invoked command in '/home/newtonjeri/ai_based_sorting_robot_arm/build/robotic_arm_bringup' returned '0': CMAKE_PREFIX_PATH=${CMAKE_PREFIX_PATH}:/opt/ros/humble /usr/bin/cmake --install /home/newtonjeri/ai_based_sorting_robot_arm/build/robotic_arm_bringup
[2.468s] Level 1:colcon.colcon_core.environment:checking '/home/newtonjeri/ai_based_sorting_robot_arm/install/robotic_arm_bringup' for CMake module files
[2.469s] Level 1:colcon.colcon_core.environment:checking '/home/newtonjeri/ai_based_sorting_robot_arm/install/robotic_arm_bringup' for CMake config files
[2.469s] Level 1:colcon.colcon_core.shell:create_environment_hook('robotic_arm_bringup', 'cmake_prefix_path')
[2.479s] INFO:colcon.colcon_core.shell:Creating environment hook '/home/newtonjeri/ai_based_sorting_robot_arm/install/robotic_arm_bringup/share/robotic_arm_bringup/hook/cmake_prefix_path.ps1'
[2.480s] INFO:colcon.colcon_core.shell:Creating environment descriptor '/home/newtonjeri/ai_based_sorting_robot_arm/install/robotic_arm_bringup/share/robotic_arm_bringup/hook/cmake_prefix_path.dsv'
[2.481s] INFO:colcon.colcon_core.shell:Creating environment hook '/home/newtonjeri/ai_based_sorting_robot_arm/install/robotic_arm_bringup/share/robotic_arm_bringup/hook/cmake_prefix_path.sh'
[2.483s] Level 1:colcon.colcon_core.environment:checking '/home/newtonjeri/ai_based_sorting_robot_arm/install/robotic_arm_bringup/bin'
[2.483s] Level 1:colcon.colcon_core.environment:checking '/home/newtonjeri/ai_based_sorting_robot_arm/install/robotic_arm_bringup/lib/pkgconfig/robotic_arm_bringup.pc'
[2.484s] Level 1:colcon.colcon_core.environment:checking '/home/newtonjeri/ai_based_sorting_robot_arm/install/robotic_arm_bringup/lib/python3.10/site-packages'
[2.484s] Level 1:colcon.colcon_core.environment:checking '/home/newtonjeri/ai_based_sorting_robot_arm/install/robotic_arm_bringup/bin'
[2.491s] INFO:colcon.colcon_core.shell:Creating package script '/home/newtonjeri/ai_based_sorting_robot_arm/install/robotic_arm_bringup/share/robotic_arm_bringup/package.ps1'
[2.493s] INFO:colcon.colcon_core.shell:Creating package descriptor '/home/newtonjeri/ai_based_sorting_robot_arm/install/robotic_arm_bringup/share/robotic_arm_bringup/package.dsv'
[2.495s] INFO:colcon.colcon_core.shell:Creating package script '/home/newtonjeri/ai_based_sorting_robot_arm/install/robotic_arm_bringup/share/robotic_arm_bringup/package.sh'
[2.499s] INFO:colcon.colcon_core.shell:Creating package script '/home/newtonjeri/ai_based_sorting_robot_arm/install/robotic_arm_bringup/share/robotic_arm_bringup/package.bash'
[2.501s] INFO:colcon.colcon_core.shell:Creating package script '/home/newtonjeri/ai_based_sorting_robot_arm/install/robotic_arm_bringup/share/robotic_arm_bringup/package.zsh'
[2.503s] Level 1:colcon.colcon_core.environment:create_file_with_runtime_dependencies(/home/newtonjeri/ai_based_sorting_robot_arm/install/robotic_arm_bringup/share/colcon-core/packages/robotic_arm_bringup)
[2.507s] Level 1:colcon.colcon_core.environment:create_environment_scripts_only(robotic_arm_gazebo)
[2.518s] Level 1:colcon.colcon_core.environment:checking '/home/newtonjeri/ai_based_sorting_robot_arm/install/robotic_arm_gazebo' for CMake module files
[2.520s] DEBUG:colcon.colcon_core.event_handler.log_command:Invoked command in '/home/newtonjeri/ai_based_sorting_robot_arm/build/robotic_arm_gazebo' returned '0': CMAKE_PREFIX_PATH=${CMAKE_PREFIX_PATH}:/opt/ros/humble /usr/bin/cmake --install /home/newtonjeri/ai_based_sorting_robot_arm/build/robotic_arm_gazebo
[2.522s] Level 1:colcon.colcon_core.environment:checking '/home/newtonjeri/ai_based_sorting_robot_arm/install/robotic_arm_gazebo' for CMake config files
[2.523s] Level 1:colcon.colcon_core.shell:create_environment_hook('robotic_arm_gazebo', 'cmake_prefix_path')
[2.531s] INFO:colcon.colcon_core.shell:Creating environment hook '/home/newtonjeri/ai_based_sorting_robot_arm/install/robotic_arm_gazebo/share/robotic_arm_gazebo/hook/cmake_prefix_path.ps1'
[2.532s] INFO:colcon.colcon_core.shell:Creating environment descriptor '/home/newtonjeri/ai_based_sorting_robot_arm/install/robotic_arm_gazebo/share/robotic_arm_gazebo/hook/cmake_prefix_path.dsv'
[2.533s] INFO:colcon.colcon_core.shell:Creating environment hook '/home/newtonjeri/ai_based_sorting_robot_arm/install/robotic_arm_gazebo/share/robotic_arm_gazebo/hook/cmake_prefix_path.sh'
[2.535s] Level 1:colcon.colcon_core.environment:checking '/home/newtonjeri/ai_based_sorting_robot_arm/install/robotic_arm_gazebo/bin'
[2.535s] Level 1:colcon.colcon_core.environment:checking '/home/newtonjeri/ai_based_sorting_robot_arm/install/robotic_arm_gazebo/lib/pkgconfig/robotic_arm_gazebo.pc'
[2.535s] Level 1:colcon.colcon_core.environment:checking '/home/newtonjeri/ai_based_sorting_robot_arm/install/robotic_arm_gazebo/lib/python3.10/site-packages'
[2.536s] Level 1:colcon.colcon_core.environment:checking '/home/newtonjeri/ai_based_sorting_robot_arm/install/robotic_arm_gazebo/bin'
[2.546s] INFO:colcon.colcon_core.shell:Creating package script '/home/newtonjeri/ai_based_sorting_robot_arm/install/robotic_arm_gazebo/share/robotic_arm_gazebo/package.ps1'
[2.549s] INFO:colcon.colcon_core.shell:Creating package descriptor '/home/newtonjeri/ai_based_sorting_robot_arm/install/robotic_arm_gazebo/share/robotic_arm_gazebo/package.dsv'
[2.551s] INFO:colcon.colcon_core.shell:Creating package script '/home/newtonjeri/ai_based_sorting_robot_arm/install/robotic_arm_gazebo/share/robotic_arm_gazebo/package.sh'
[2.552s] INFO:colcon.colcon_core.shell:Creating package script '/home/newtonjeri/ai_based_sorting_robot_arm/install/robotic_arm_gazebo/share/robotic_arm_gazebo/package.bash'
[2.553s] INFO:colcon.colcon_core.shell:Creating package script '/home/newtonjeri/ai_based_sorting_robot_arm/install/robotic_arm_gazebo/share/robotic_arm_gazebo/package.zsh'
[2.553s] Level 1:colcon.colcon_core.environment:create_file_with_runtime_dependencies(/home/newtonjeri/ai_based_sorting_robot_arm/install/robotic_arm_gazebo/share/colcon-core/packages/robotic_arm_gazebo)
[2.557s] Level 1:colcon.colcon_core.environment:create_environment_scripts_only(robotic_arm_description)
[2.558s] DEBUG:colcon.colcon_core.event_handler.log_command:Invoked command in '/home/newtonjeri/ai_based_sorting_robot_arm/build/robotic_arm_description' returned '0': CMAKE_PREFIX_PATH=${CMAKE_PREFIX_PATH}:/opt/ros/humble /usr/bin/cmake --install /home/newtonjeri/ai_based_sorting_robot_arm/build/robotic_arm_description
[2.574s] Level 1:colcon.colcon_core.environment:checking '/home/newtonjeri/ai_based_sorting_robot_arm/install/robotic_arm_description' for CMake module files
[2.575s] Level 1:colcon.colcon_core.environment:checking '/home/newtonjeri/ai_based_sorting_robot_arm/install/robotic_arm_description' for CMake config files
[2.576s] Level 1:colcon.colcon_core.shell:create_environment_hook('robotic_arm_description', 'cmake_prefix_path')
[2.584s] INFO:colcon.colcon_core.shell:Creating environment hook '/home/newtonjeri/ai_based_sorting_robot_arm/install/robotic_arm_description/share/robotic_arm_description/hook/cmake_prefix_path.ps1'
[2.584s] INFO:colcon.colcon_core.shell:Creating environment descriptor '/home/newtonjeri/ai_based_sorting_robot_arm/install/robotic_arm_description/share/robotic_arm_description/hook/cmake_prefix_path.dsv'
[2.585s] INFO:colcon.colcon_core.shell:Creating environment hook '/home/newtonjeri/ai_based_sorting_robot_arm/install/robotic_arm_description/share/robotic_arm_description/hook/cmake_prefix_path.sh'
[2.590s] Level 1:colcon.colcon_core.environment:checking '/home/newtonjeri/ai_based_sorting_robot_arm/install/robotic_arm_description/lib'
[2.591s] Level 1:colcon.colcon_core.environment:checking '/home/newtonjeri/ai_based_sorting_robot_arm/install/robotic_arm_description/bin'
[2.592s] Level 1:colcon.colcon_core.environment:checking '/home/newtonjeri/ai_based_sorting_robot_arm/install/robotic_arm_description/lib/pkgconfig/robotic_arm_description.pc'
[2.593s] Level 1:colcon.colcon_core.environment:checking '/home/newtonjeri/ai_based_sorting_robot_arm/install/robotic_arm_description/lib/python3.10/site-packages'
[2.593s] Level 1:colcon.colcon_core.environment:checking '/home/newtonjeri/ai_based_sorting_robot_arm/install/robotic_arm_description/bin'
[2.601s] INFO:colcon.colcon_core.shell:Creating package script '/home/newtonjeri/ai_based_sorting_robot_arm/install/robotic_arm_description/share/robotic_arm_description/package.ps1'
[2.602s] INFO:colcon.colcon_core.shell:Creating package descriptor '/home/newtonjeri/ai_based_sorting_robot_arm/install/robotic_arm_description/share/robotic_arm_description/package.dsv'
[2.603s] INFO:colcon.colcon_core.shell:Creating package script '/home/newtonjeri/ai_based_sorting_robot_arm/install/robotic_arm_description/share/robotic_arm_description/package.sh'
[2.604s] INFO:colcon.colcon_core.shell:Creating package script '/home/newtonjeri/ai_based_sorting_robot_arm/install/robotic_arm_description/share/robotic_arm_description/package.bash'
[2.605s] INFO:colcon.colcon_core.shell:Creating package script '/home/newtonjeri/ai_based_sorting_robot_arm/install/robotic_arm_description/share/robotic_arm_description/package.zsh'
[2.606s] Level 1:colcon.colcon_core.environment:create_file_with_runtime_dependencies(/home/newtonjeri/ai_based_sorting_robot_arm/install/robotic_arm_description/share/colcon-core/packages/robotic_arm_description)
[2.624s] Level 1:colcon.colcon_core.environment:create_environment_scripts_only(robotic_arm_bringup)
[2.643s] Level 1:colcon.colcon_core.environment:checking '/home/newtonjeri/ai_based_sorting_robot_arm/install/robotic_arm_bringup' for CMake module files
[2.644s] Level 1:colcon.colcon_core.environment:checking '/home/newtonjeri/ai_based_sorting_robot_arm/install/robotic_arm_bringup' for CMake config files
[2.644s] Level 1:colcon.colcon_core.shell:create_environment_hook('robotic_arm_bringup', 'cmake_prefix_path')
[2.652s] INFO:colcon.colcon_core.shell:Creating environment hook '/home/newtonjeri/ai_based_sorting_robot_arm/install/robotic_arm_bringup/share/robotic_arm_bringup/hook/cmake_prefix_path.ps1'
[2.653s] INFO:colcon.colcon_core.shell:Creating environment descriptor '/home/newtonjeri/ai_based_sorting_robot_arm/install/robotic_arm_bringup/share/robotic_arm_bringup/hook/cmake_prefix_path.dsv'
[2.654s] INFO:colcon.colcon_core.shell:Creating environment hook '/home/newtonjeri/ai_based_sorting_robot_arm/install/robotic_arm_bringup/share/robotic_arm_bringup/hook/cmake_prefix_path.sh'
[2.655s] Level 1:colcon.colcon_core.environment:checking '/home/newtonjeri/ai_based_sorting_robot_arm/install/robotic_arm_bringup/bin'
[2.655s] Level 1:colcon.colcon_core.environment:checking '/home/newtonjeri/ai_based_sorting_robot_arm/install/robotic_arm_bringup/lib/pkgconfig/robotic_arm_bringup.pc'
[2.656s] Level 1:colcon.colcon_core.environment:checking '/home/newtonjeri/ai_based_sorting_robot_arm/install/robotic_arm_bringup/lib/python3.10/site-packages'
[2.658s] Level 1:colcon.colcon_core.environment:checking '/home/newtonjeri/ai_based_sorting_robot_arm/install/robotic_arm_bringup/bin'
[2.667s] INFO:colcon.colcon_core.shell:Creating package script '/home/newtonjeri/ai_based_sorting_robot_arm/install/robotic_arm_bringup/share/robotic_arm_bringup/package.ps1'
[2.670s] INFO:colcon.colcon_core.shell:Creating package descriptor '/home/newtonjeri/ai_based_sorting_robot_arm/install/robotic_arm_bringup/share/robotic_arm_bringup/package.dsv'
[2.674s] INFO:colcon.colcon_core.shell:Creating package script '/home/newtonjeri/ai_based_sorting_robot_arm/install/robotic_arm_bringup/share/robotic_arm_bringup/package.sh'
[2.678s] INFO:colcon.colcon_core.shell:Creating package script '/home/newtonjeri/ai_based_sorting_robot_arm/install/robotic_arm_bringup/share/robotic_arm_bringup/package.bash'
[2.680s] INFO:colcon.colcon_core.shell:Creating package script '/home/newtonjeri/ai_based_sorting_robot_arm/install/robotic_arm_bringup/share/robotic_arm_bringup/package.zsh'
[2.681s] Level 1:colcon.colcon_core.environment:create_file_with_runtime_dependencies(/home/newtonjeri/ai_based_sorting_robot_arm/install/robotic_arm_bringup/share/colcon-core/packages/robotic_arm_bringup)
[2.702s] Level 1:colcon.colcon_core.environment:create_environment_scripts_only(robotic_arm_gazebo)
[2.726s] Level 1:colcon.colcon_core.environment:checking '/home/newtonjeri/ai_based_sorting_robot_arm/install/robotic_arm_gazebo' for CMake module files
[2.731s] Level 1:colcon.colcon_core.environment:checking '/home/newtonjeri/ai_based_sorting_robot_arm/install/robotic_arm_gazebo' for CMake config files
[2.735s] Level 1:colcon.colcon_core.shell:create_environment_hook('robotic_arm_gazebo', 'cmake_prefix_path')
[2.754s] INFO:colcon.colcon_core.shell:Creating environment hook '/home/newtonjeri/ai_based_sorting_robot_arm/install/robotic_arm_gazebo/share/robotic_arm_gazebo/hook/cmake_prefix_path.ps1'
[2.755s] INFO:colcon.colcon_core.shell:Creating environment descriptor '/home/newtonjeri/ai_based_sorting_robot_arm/install/robotic_arm_gazebo/share/robotic_arm_gazebo/hook/cmake_prefix_path.dsv'
[2.756s] INFO:colcon.colcon_core.shell:Creating environment hook '/home/newtonjeri/ai_based_sorting_robot_arm/install/robotic_arm_gazebo/share/robotic_arm_gazebo/hook/cmake_prefix_path.sh'
[2.758s] Level 1:colcon.colcon_core.environment:checking '/home/newtonjeri/ai_based_sorting_robot_arm/install/robotic_arm_gazebo/bin'
[2.758s] Level 1:colcon.colcon_core.environment:checking '/home/newtonjeri/ai_based_sorting_robot_arm/install/robotic_arm_gazebo/lib/pkgconfig/robotic_arm_gazebo.pc'
[2.759s] Level 1:colcon.colcon_core.environment:checking '/home/newtonjeri/ai_based_sorting_robot_arm/install/robotic_arm_gazebo/lib/python3.10/site-packages'
[2.759s] Level 1:colcon.colcon_core.environment:checking '/home/newtonjeri/ai_based_sorting_robot_arm/install/robotic_arm_gazebo/bin'
[2.775s] INFO:colcon.colcon_core.shell:Creating package script '/home/newtonjeri/ai_based_sorting_robot_arm/install/robotic_arm_gazebo/share/robotic_arm_gazebo/package.ps1'
[2.777s] INFO:colcon.colcon_core.shell:Creating package descriptor '/home/newtonjeri/ai_based_sorting_robot_arm/install/robotic_arm_gazebo/share/robotic_arm_gazebo/package.dsv'
[2.779s] INFO:colcon.colcon_core.shell:Creating package script '/home/newtonjeri/ai_based_sorting_robot_arm/install/robotic_arm_gazebo/share/robotic_arm_gazebo/package.sh'
[2.780s] INFO:colcon.colcon_core.shell:Creating package script '/home/newtonjeri/ai_based_sorting_robot_arm/install/robotic_arm_gazebo/share/robotic_arm_gazebo/package.bash'
[2.781s] INFO:colcon.colcon_core.shell:Creating package script '/home/newtonjeri/ai_based_sorting_robot_arm/install/robotic_arm_gazebo/share/robotic_arm_gazebo/package.zsh'
[2.782s] Level 1:colcon.colcon_core.environment:create_file_with_runtime_dependencies(/home/newtonjeri/ai_based_sorting_robot_arm/install/robotic_arm_gazebo/share/colcon-core/packages/robotic_arm_gazebo)
[2.808s] Level 1:colcon.colcon_core.environment:create_environment_scripts_only(robotic_arm_description)
[2.834s] Level 1:colcon.colcon_core.environment:checking '/home/newtonjeri/ai_based_sorting_robot_arm/install/robotic_arm_description' for CMake module files
[2.838s] Level 1:colcon.colcon_core.environment:checking '/home/newtonjeri/ai_based_sorting_robot_arm/install/robotic_arm_description' for CMake config files
[2.839s] Level 1:colcon.colcon_core.shell:create_environment_hook('robotic_arm_description', 'cmake_prefix_path')
[2.846s] INFO:colcon.colcon_core.shell:Creating environment hook '/home/newtonjeri/ai_based_sorting_robot_arm/install/robotic_arm_description/share/robotic_arm_description/hook/cmake_prefix_path.ps1'
[2.847s] INFO:colcon.colcon_core.shell:Creating environment descriptor '/home/newtonjeri/ai_based_sorting_robot_arm/install/robotic_arm_description/share/robotic_arm_description/hook/cmake_prefix_path.dsv'
[2.848s] INFO:colcon.colcon_core.shell:Creating environment hook '/home/newtonjeri/ai_based_sorting_robot_arm/install/robotic_arm_description/share/robotic_arm_description/hook/cmake_prefix_path.sh'
[2.849s] Level 1:colcon.colcon_core.environment:checking '/home/newtonjeri/ai_based_sorting_robot_arm/install/robotic_arm_description/lib'
[2.849s] Level 1:colcon.colcon_core.environment:checking '/home/newtonjeri/ai_based_sorting_robot_arm/install/robotic_arm_description/bin'
[2.850s] Level 1:colcon.colcon_core.environment:checking '/home/newtonjeri/ai_based_sorting_robot_arm/install/robotic_arm_description/lib/pkgconfig/robotic_arm_description.pc'
[2.850s] Level 1:colcon.colcon_core.environment:checking '/home/newtonjeri/ai_based_sorting_robot_arm/install/robotic_arm_description/lib/python3.10/site-packages'
[2.851s] Level 1:colcon.colcon_core.environment:checking '/home/newtonjeri/ai_based_sorting_robot_arm/install/robotic_arm_description/bin'
[2.859s] INFO:colcon.colcon_core.shell:Creating package script '/home/newtonjeri/ai_based_sorting_robot_arm/install/robotic_arm_description/share/robotic_arm_description/package.ps1'
[2.860s] INFO:colcon.colcon_core.shell:Creating package descriptor '/home/newtonjeri/ai_based_sorting_robot_arm/install/robotic_arm_description/share/robotic_arm_description/package.dsv'
[2.861s] INFO:colcon.colcon_core.shell:Creating package script '/home/newtonjeri/ai_based_sorting_robot_arm/install/robotic_arm_description/share/robotic_arm_description/package.sh'
[2.862s] INFO:colcon.colcon_core.shell:Creating package script '/home/newtonjeri/ai_based_sorting_robot_arm/install/robotic_arm_description/share/robotic_arm_description/package.bash'
[2.864s] INFO:colcon.colcon_core.shell:Creating package script '/home/newtonjeri/ai_based_sorting_robot_arm/install/robotic_arm_description/share/robotic_arm_description/package.zsh'
[2.864s] Level 1:colcon.colcon_core.environment:create_file_with_runtime_dependencies(/home/newtonjeri/ai_based_sorting_robot_arm/install/robotic_arm_description/share/colcon-core/packages/robotic_arm_description)
[2.865s] DEBUG:colcon.colcon_parallel_executor.executor.parallel:closing loop
[2.867s] DEBUG:colcon.colcon_parallel_executor.executor.parallel:loop closed
[2.867s] DEBUG:colcon.colcon_parallel_executor.executor.parallel:run_until_complete finished with '0'
[2.868s] DEBUG:colcon.colcon_core.event_reactor:joining thread
[3.147s] INFO:colcon.colcon_core.plugin_system:Skipping extension 'colcon_notification.desktop_notification.notify_send': Could not find 'notify-send'
[3.147s] INFO:colcon.colcon_core.plugin_system:Skipping extension 'colcon_notification.desktop_notification.terminal_notifier': Not used on non-Darwin systems
[3.147s] INFO:colcon.colcon_core.plugin_system:Skipping extension 'colcon_notification.desktop_notification.win32': Not used on non-Windows systems
[3.148s] INFO:colcon.colcon_notification.desktop_notification:Sending desktop notification using 'notify2'
[3.159s] DEBUG:colcon.colcon_notification.desktop_notification.notify2:Failed to initialize notify2: org.freedesktop.DBus.Error.ServiceUnknown: The name org.freedesktop.Notifications was not provided by any .service files
[3.160s] DEBUG:colcon.colcon_core.event_reactor:joined thread
[3.169s] INFO:colcon.colcon_core.shell:Creating prefix script '/home/newtonjeri/ai_based_sorting_robot_arm/install/local_setup.ps1'
[3.176s] INFO:colcon.colcon_core.shell:Creating prefix util module '/home/newtonjeri/ai_based_sorting_robot_arm/install/_local_setup_util_ps1.py'
[3.182s] INFO:colcon.colcon_core.shell:Creating prefix chain script '/home/newtonjeri/ai_based_sorting_robot_arm/install/setup.ps1'
[3.190s] INFO:colcon.colcon_core.shell:Creating prefix script '/home/newtonjeri/ai_based_sorting_robot_arm/install/local_setup.sh'
[3.197s] INFO:colcon.colcon_core.shell:Creating prefix util module '/home/newtonjeri/ai_based_sorting_robot_arm/install/_local_setup_util_sh.py'
[3.199s] INFO:colcon.colcon_core.shell:Creating prefix chain script '/home/newtonjeri/ai_based_sorting_robot_arm/install/setup.sh'
[3.206s] INFO:colcon.colcon_core.shell:Creating prefix script '/home/newtonjeri/ai_based_sorting_robot_arm/install/local_setup.bash'
[3.210s] INFO:colcon.colcon_core.shell:Creating prefix chain script '/home/newtonjeri/ai_based_sorting_robot_arm/install/setup.bash'
[3.216s] INFO:colcon.colcon_core.shell:Creating prefix script '/home/newtonjeri/ai_based_sorting_robot_arm/install/local_setup.zsh'
[3.218s] INFO:colcon.colcon_core.shell:Creating prefix chain script '/home/newtonjeri/ai_based_sorting_robot_arm/install/setup.zsh'
