[35m[1mConsolidate compiler generated dependencies of target kinematics_node[0m
[ 50%] [32mBuilding CXX object CMakeFiles/kinematics_node.dir/src/kinematics_node.cpp.o[0m
[01m[K/home/newtonjeri/ai_based_sorting_robot_arm/src/robotic_arm_kinematics/src/kinematics_node.cpp:[m[K In member function ‘[01m[Kint KinematicsNode::forward_kinematics(double, double, double, double, double, double*, double*, double*)[m[K’:
[01m[K/home/newtonjeri/ai_based_sorting_robot_arm/src/robotic_arm_kinematics/src/kinematics_node.cpp:94:111:[m[K [01;35m[Kwarning: [m[Kunused parameter ‘[01m[Ktheta_5[m[K’ [[01;35m[K]8;;https://gcc.gnu.org/onlinedocs/gcc/Warning-Options.html#index-Wunused-parameter-Wunused-parameter]8;;[m[K]
   94 | {
      |                                                                                                               [01;35m[K^[m[K      
[100%] [32m[1mLinking CXX executable kinematics_node[0m
[100%] Built target kinematics_node
-- Install configuration: ""
-- Execute custom install script
-- Up-to-date symlink: /home/newtonjeri/ai_based_sorting_robot_arm/install/robotic_arm_kinematics/lib/robotic_arm_kinematics/kinematics_node
-- Up-to-date symlink: /home/newtonjeri/ai_based_sorting_robot_arm/install/robotic_arm_kinematics/share/ament_index/resource_index/package_run_dependencies/robotic_arm_kinematics
-- Up-to-date symlink: /home/newtonjeri/ai_based_sorting_robot_arm/install/robotic_arm_kinematics/share/ament_index/resource_index/parent_prefix_path/robotic_arm_kinematics
-- Up-to-date symlink: /home/newtonjeri/ai_based_sorting_robot_arm/install/robotic_arm_kinematics/share/robotic_arm_kinematics/environment/ament_prefix_path.sh
-- Up-to-date symlink: /home/newtonjeri/ai_based_sorting_robot_arm/install/robotic_arm_kinematics/share/robotic_arm_kinematics/environment/ament_prefix_path.dsv
-- Up-to-date symlink: /home/newtonjeri/ai_based_sorting_robot_arm/install/robotic_arm_kinematics/share/robotic_arm_kinematics/environment/path.sh
-- Up-to-date symlink: /home/newtonjeri/ai_based_sorting_robot_arm/install/robotic_arm_kinematics/share/robotic_arm_kinematics/environment/path.dsv
-- Up-to-date symlink: /home/newtonjeri/ai_based_sorting_robot_arm/install/robotic_arm_kinematics/share/robotic_arm_kinematics/local_setup.bash
-- Up-to-date symlink: /home/newtonjeri/ai_based_sorting_robot_arm/install/robotic_arm_kinematics/share/robotic_arm_kinematics/local_setup.sh
-- Up-to-date symlink: /home/newtonjeri/ai_based_sorting_robot_arm/install/robotic_arm_kinematics/share/robotic_arm_kinematics/local_setup.zsh
-- Up-to-date symlink: /home/newtonjeri/ai_based_sorting_robot_arm/install/robotic_arm_kinematics/share/robotic_arm_kinematics/local_setup.dsv
-- Symlinking: /home/newtonjeri/ai_based_sorting_robot_arm/install/robotic_arm_kinematics/share/robotic_arm_kinematics/package.dsv
-- Up-to-date symlink: /home/newtonjeri/ai_based_sorting_robot_arm/install/robotic_arm_kinematics/share/ament_index/resource_index/packages/robotic_arm_kinematics
-- Up-to-date symlink: /home/newtonjeri/ai_based_sorting_robot_arm/install/robotic_arm_kinematics/share/robotic_arm_kinematics/cmake/robotic_arm_kinematicsConfig.cmake
-- Up-to-date symlink: /home/newtonjeri/ai_based_sorting_robot_arm/install/robotic_arm_kinematics/share/robotic_arm_kinematics/cmake/robotic_arm_kinematicsConfig-version.cmake
-- Up-to-date symlink: /home/newtonjeri/ai_based_sorting_robot_arm/install/robotic_arm_kinematics/share/robotic_arm_kinematics/package.xml
