[1.262s] Invoking command in '/home/newtonjeri/ai_based_sorting_robot_arm/build/robotic_arm_firmware': CMAKE_PREFIX_PATH=/opt/ros/humble /usr/bin/cmake /home/newtonjeri/ai_based_sorting_robot_arm/src/robotic_arm_firmware -DAMENT_CMAKE_SYMLINK_INSTALL=1 -DCMAKE_INSTALL_PREFIX=/home/newtonjeri/ai_based_sorting_robot_arm/install/robotic_arm_firmware
[1.929s] -- The C compiler identification is GNU 11.4.0
[4.156s] -- The CXX compiler identification is GNU 11.4.0
[7.507s] -- Detecting C compiler ABI info
[8.297s] -- Detecting C compiler ABI info - done
[8.337s] -- Check for working C compiler: /usr/bin/cc - skipped
[8.338s] -- Detecting C compile features
[8.339s] -- Detecting C compile features - done
[8.357s] -- Detecting CXX compiler ABI info
[9.013s] -- Detecting CXX compiler ABI info - done
[9.027s] -- Check for working CXX compiler: /usr/bin/c++ - skipped
[9.028s] -- Detecting CXX compile features
[9.030s] -- Detecting CXX compile features - done
[9.037s] -- Found ament_cmake: 1.3.5 (/opt/ros/humble/share/ament_cmake/cmake)
[9.658s] -- Found Python3: /usr/bin/python3.10 (found version "3.10.12") found components: Interpreter 
[9.886s] -- Override CMake install command with custom implementation using symlinks instead of copying resources
[9.949s] -- Found rclcpp: 16.0.6 (/opt/ros/humble/share/rclcpp/cmake)
[10.967s] -- Found rosidl_generator_c: 3.1.5 (/opt/ros/humble/share/rosidl_generator_c/cmake)
[10.992s] -- Found rosidl_adapter: 3.1.5 (/opt/ros/humble/share/rosidl_adapter/cmake)
[11.024s] -- Found rosidl_generator_cpp: 3.1.5 (/opt/ros/humble/share/rosidl_generator_cpp/cmake)
[11.079s] -- Using all available rosidl_typesupport_c: rosidl_typesupport_fastrtps_c;rosidl_typesupport_introspection_c
[11.150s] -- Using all available rosidl_typesupport_cpp: rosidl_typesupport_fastrtps_cpp;rosidl_typesupport_introspection_cpp
[11.491s] -- Found rmw_implementation_cmake: 6.1.1 (/opt/ros/humble/share/rmw_implementation_cmake/cmake)
[11.505s] -- Found rmw_fastrtps_cpp: 6.2.4 (/opt/ros/humble/share/rmw_fastrtps_cpp/cmake)
[17.864s] -- Found OpenSSL: /usr/lib/x86_64-linux-gnu/libcrypto.so (found version "3.0.2")  
[29.498s] -- Found FastRTPS: /opt/ros/humble/include  
[48.491s] -- Using RMW implementation 'rmw_fastrtps_cpp' as default
[48.516s] -- Looking for pthread.h
[49.265s] -- Looking for pthread.h - found
[49.266s] -- Performing Test CMAKE_HAVE_LIBC_PTHREAD
[49.926s] -- Performing Test CMAKE_HAVE_LIBC_PTHREAD - Success
[49.930s] -- Found Threads: TRUE  
[50.270s] -- Found rclpy: 3.3.10 (/opt/ros/humble/share/rclpy/cmake)
[50.438s] -- Found ament_lint_auto: 0.12.8 (/opt/ros/humble/share/ament_lint_auto/cmake)
[60.072s] -- Configuring done
[60.088s] -- Generating done
[60.091s] -- Build files have been written to: /home/newtonjeri/ai_based_sorting_robot_arm/build/robotic_arm_firmware
