[3.013s] DEBUG:colcon:Command line arguments: ['/usr/bin/colcon', 'list', '-p', '--base-paths', '/home/newtonjeri/ai_based_sorting_robot_arm']
[3.015s] DEBUG:colcon:Parsed command line arguments: Namespace(log_base=None, log_level=None, verb_name='list', build_base='build', ignore_user_meta=False, metas=['./colcon.meta'], base_paths=['/home/newtonjeri/ai_based_sorting_robot_arm'], packages_ignore=None, packages_ignore_regex=None, paths=None, packages_up_to=None, packages_up_to_regex=None, packages_above=None, packages_above_and_dependencies=None, packages_above_depth=None, packages_select_by_dep=None, packages_skip_by_dep=None, packages_skip_up_to=None, packages_select_build_failed=False, packages_skip_build_finished=False, packages_select_test_failures=False, packages_skip_test_passed=False, packages_select=None, packages_skip=None, packages_select_regex=None, packages_skip_regex=None, packages_start=None, packages_end=None, allow_overriding=[], topological_order=False, names_only=False, paths_only=True, topological_graph=False, topological_graph_dot=False, topological_graph_density=False, topological_graph_legend=False, topological_graph_dot_cluster=False, topological_graph_dot_include_skipped=False, verb_parser=<colcon_defaults.argument_parser.defaults.DefaultArgumentsDecorator object at 0x7f55c6b65480>, verb_extension=<colcon_package_information.verb.list.ListVerb object at 0x7f55c6f4f4f0>, main=<bound method ListVerb.main of <colcon_package_information.verb.list.ListVerb object at 0x7f55c6f4f4f0>>)
[3.259s] Level 1:colcon.colcon_core.package_discovery:discover_packages(colcon_meta) check parameters
[3.260s] Level 1:colcon.colcon_core.package_discovery:discover_packages(recursive) check parameters
[3.260s] Level 1:colcon.colcon_core.package_discovery:discover_packages(ignore) check parameters
[3.260s] Level 1:colcon.colcon_core.package_discovery:discover_packages(path) check parameters
[3.260s] Level 1:colcon.colcon_core.package_discovery:discover_packages(recursive) discover
[3.261s] INFO:colcon.colcon_core.package_discovery:Crawling recursively for packages in '/home/newtonjeri/ai_based_sorting_robot_arm'
[3.261s] Level 1:colcon.colcon_core.package_identification:_identify(/home/newtonjeri/ai_based_sorting_robot_arm) by extensions ['ignore', 'ignore_ament_install']
[3.263s] Level 1:colcon.colcon_core.package_identification:_identify(/home/newtonjeri/ai_based_sorting_robot_arm) by extension 'ignore'
[3.264s] Level 1:colcon.colcon_core.package_identification:_identify(/home/newtonjeri/ai_based_sorting_robot_arm) by extension 'ignore_ament_install'
[3.265s] Level 1:colcon.colcon_core.package_identification:_identify(/home/newtonjeri/ai_based_sorting_robot_arm) by extensions ['colcon_pkg']
[3.265s] Level 1:colcon.colcon_core.package_identification:_identify(/home/newtonjeri/ai_based_sorting_robot_arm) by extension 'colcon_pkg'
[3.265s] Level 1:colcon.colcon_core.package_identification:_identify(/home/newtonjeri/ai_based_sorting_robot_arm) by extensions ['colcon_meta']
[3.265s] Level 1:colcon.colcon_core.package_identification:_identify(/home/newtonjeri/ai_based_sorting_robot_arm) by extension 'colcon_meta'
[3.266s] Level 1:colcon.colcon_core.package_identification:_identify(/home/newtonjeri/ai_based_sorting_robot_arm) by extensions ['ros']
[3.266s] Level 1:colcon.colcon_core.package_identification:_identify(/home/newtonjeri/ai_based_sorting_robot_arm) by extension 'ros'
[3.334s] Level 1:colcon.colcon_core.package_identification:_identify(/home/newtonjeri/ai_based_sorting_robot_arm) by extensions ['cmake', 'python']
[3.334s] Level 1:colcon.colcon_core.package_identification:_identify(/home/newtonjeri/ai_based_sorting_robot_arm) by extension 'cmake'
[3.334s] Level 1:colcon.colcon_core.package_identification:_identify(/home/newtonjeri/ai_based_sorting_robot_arm) by extension 'python'
[3.348s] Level 1:colcon.colcon_core.package_identification:_identify(/home/newtonjeri/ai_based_sorting_robot_arm) by extensions ['python_setup_py']
[3.348s] Level 1:colcon.colcon_core.package_identification:_identify(/home/newtonjeri/ai_based_sorting_robot_arm) by extension 'python_setup_py'
[3.349s] Level 1:colcon.colcon_core.package_identification:_identify(/home/newtonjeri/ai_based_sorting_robot_arm/build) by extensions ['ignore', 'ignore_ament_install']
[3.349s] Level 1:colcon.colcon_core.package_identification:_identify(/home/newtonjeri/ai_based_sorting_robot_arm/build) by extension 'ignore'
[3.350s] Level 1:colcon.colcon_core.package_identification:_identify(/home/newtonjeri/ai_based_sorting_robot_arm/build) ignored
[3.351s] Level 1:colcon.colcon_core.package_identification:_identify(/home/newtonjeri/ai_based_sorting_robot_arm/install) by extensions ['ignore', 'ignore_ament_install']
[3.353s] Level 1:colcon.colcon_core.package_identification:_identify(/home/newtonjeri/ai_based_sorting_robot_arm/install) by extension 'ignore'
[3.355s] Level 1:colcon.colcon_core.package_identification:_identify(/home/newtonjeri/ai_based_sorting_robot_arm/install) ignored
[3.358s] Level 1:colcon.colcon_core.package_identification:_identify(/home/newtonjeri/ai_based_sorting_robot_arm/log) by extensions ['ignore', 'ignore_ament_install']
[3.360s] Level 1:colcon.colcon_core.package_identification:_identify(/home/newtonjeri/ai_based_sorting_robot_arm/log) by extension 'ignore'
[3.361s] Level 1:colcon.colcon_core.package_identification:_identify(/home/newtonjeri/ai_based_sorting_robot_arm/log) ignored
[3.361s] Level 1:colcon.colcon_core.package_identification:_identify(/home/newtonjeri/ai_based_sorting_robot_arm/src) by extensions ['ignore', 'ignore_ament_install']
[3.361s] Level 1:colcon.colcon_core.package_identification:_identify(/home/newtonjeri/ai_based_sorting_robot_arm/src) by extension 'ignore'
[3.362s] Level 1:colcon.colcon_core.package_identification:_identify(/home/newtonjeri/ai_based_sorting_robot_arm/src) by extension 'ignore_ament_install'
[3.362s] Level 1:colcon.colcon_core.package_identification:_identify(/home/newtonjeri/ai_based_sorting_robot_arm/src) by extensions ['colcon_pkg']
[3.362s] Level 1:colcon.colcon_core.package_identification:_identify(/home/newtonjeri/ai_based_sorting_robot_arm/src) by extension 'colcon_pkg'
[3.362s] Level 1:colcon.colcon_core.package_identification:_identify(/home/newtonjeri/ai_based_sorting_robot_arm/src) by extensions ['colcon_meta']
[3.363s] Level 1:colcon.colcon_core.package_identification:_identify(/home/newtonjeri/ai_based_sorting_robot_arm/src) by extension 'colcon_meta'
[3.364s] Level 1:colcon.colcon_core.package_identification:_identify(/home/newtonjeri/ai_based_sorting_robot_arm/src) by extensions ['ros']
[3.364s] Level 1:colcon.colcon_core.package_identification:_identify(/home/newtonjeri/ai_based_sorting_robot_arm/src) by extension 'ros'
[3.364s] Level 1:colcon.colcon_core.package_identification:_identify(/home/newtonjeri/ai_based_sorting_robot_arm/src) by extensions ['cmake', 'python']
[3.364s] Level 1:colcon.colcon_core.package_identification:_identify(/home/newtonjeri/ai_based_sorting_robot_arm/src) by extension 'cmake'
[3.365s] Level 1:colcon.colcon_core.package_identification:_identify(/home/newtonjeri/ai_based_sorting_robot_arm/src) by extension 'python'
[3.365s] Level 1:colcon.colcon_core.package_identification:_identify(/home/newtonjeri/ai_based_sorting_robot_arm/src) by extensions ['python_setup_py']
[3.365s] Level 1:colcon.colcon_core.package_identification:_identify(/home/newtonjeri/ai_based_sorting_robot_arm/src) by extension 'python_setup_py'
[3.365s] Level 1:colcon.colcon_core.package_identification:_identify(/home/newtonjeri/ai_based_sorting_robot_arm/src/robotic_arm_bringup) by extensions ['ignore', 'ignore_ament_install']
[3.365s] Level 1:colcon.colcon_core.package_identification:_identify(/home/newtonjeri/ai_based_sorting_robot_arm/src/robotic_arm_bringup) by extension 'ignore'
[3.366s] Level 1:colcon.colcon_core.package_identification:_identify(/home/newtonjeri/ai_based_sorting_robot_arm/src/robotic_arm_bringup) by extension 'ignore_ament_install'
[3.373s] Level 1:colcon.colcon_core.package_identification:_identify(/home/newtonjeri/ai_based_sorting_robot_arm/src/robotic_arm_bringup) by extensions ['colcon_pkg']
[3.373s] Level 1:colcon.colcon_core.package_identification:_identify(/home/newtonjeri/ai_based_sorting_robot_arm/src/robotic_arm_bringup) by extension 'colcon_pkg'
[3.374s] Level 1:colcon.colcon_core.package_identification:_identify(/home/newtonjeri/ai_based_sorting_robot_arm/src/robotic_arm_bringup) by extensions ['colcon_meta']
[3.374s] Level 1:colcon.colcon_core.package_identification:_identify(/home/newtonjeri/ai_based_sorting_robot_arm/src/robotic_arm_bringup) by extension 'colcon_meta'
[3.375s] Level 1:colcon.colcon_core.package_identification:_identify(/home/newtonjeri/ai_based_sorting_robot_arm/src/robotic_arm_bringup) by extensions ['ros']
[3.376s] Level 1:colcon.colcon_core.package_identification:_identify(/home/newtonjeri/ai_based_sorting_robot_arm/src/robotic_arm_bringup) by extension 'ros'
[3.427s] DEBUG:colcon.colcon_core.package_identification:Package '/home/newtonjeri/ai_based_sorting_robot_arm/src/robotic_arm_bringup' with type 'ros.ament_cmake' and name 'robotic_arm_bringup'
[3.428s] Level 1:colcon.colcon_core.package_identification:_identify(/home/newtonjeri/ai_based_sorting_robot_arm/src/robotic_arm_custom_nodes) by extensions ['ignore', 'ignore_ament_install']
[3.428s] Level 1:colcon.colcon_core.package_identification:_identify(/home/newtonjeri/ai_based_sorting_robot_arm/src/robotic_arm_custom_nodes) by extension 'ignore'
[3.429s] Level 1:colcon.colcon_core.package_identification:_identify(/home/newtonjeri/ai_based_sorting_robot_arm/src/robotic_arm_custom_nodes) by extension 'ignore_ament_install'
[3.429s] Level 1:colcon.colcon_core.package_identification:_identify(/home/newtonjeri/ai_based_sorting_robot_arm/src/robotic_arm_custom_nodes) by extensions ['colcon_pkg']
[3.430s] Level 1:colcon.colcon_core.package_identification:_identify(/home/newtonjeri/ai_based_sorting_robot_arm/src/robotic_arm_custom_nodes) by extension 'colcon_pkg'
[3.430s] Level 1:colcon.colcon_core.package_identification:_identify(/home/newtonjeri/ai_based_sorting_robot_arm/src/robotic_arm_custom_nodes) by extensions ['colcon_meta']
[3.430s] Level 1:colcon.colcon_core.package_identification:_identify(/home/newtonjeri/ai_based_sorting_robot_arm/src/robotic_arm_custom_nodes) by extension 'colcon_meta'
[3.431s] Level 1:colcon.colcon_core.package_identification:_identify(/home/newtonjeri/ai_based_sorting_robot_arm/src/robotic_arm_custom_nodes) by extensions ['ros']
[3.431s] Level 1:colcon.colcon_core.package_identification:_identify(/home/newtonjeri/ai_based_sorting_robot_arm/src/robotic_arm_custom_nodes) by extension 'ros'
[3.434s] DEBUG:colcon.colcon_core.package_identification:Package '/home/newtonjeri/ai_based_sorting_robot_arm/src/robotic_arm_custom_nodes' with type 'ros.ament_python' and name 'robotic_arm_custom_nodes'
[3.435s] Level 1:colcon.colcon_core.package_identification:_identify(/home/newtonjeri/ai_based_sorting_robot_arm/src/robotic_arm_description) by extensions ['ignore', 'ignore_ament_install']
[3.436s] Level 1:colcon.colcon_core.package_identification:_identify(/home/newtonjeri/ai_based_sorting_robot_arm/src/robotic_arm_description) by extension 'ignore'
[3.443s] Level 1:colcon.colcon_core.package_identification:_identify(/home/newtonjeri/ai_based_sorting_robot_arm/src/robotic_arm_description) by extension 'ignore_ament_install'
[3.444s] Level 1:colcon.colcon_core.package_identification:_identify(/home/newtonjeri/ai_based_sorting_robot_arm/src/robotic_arm_description) by extensions ['colcon_pkg']
[3.445s] Level 1:colcon.colcon_core.package_identification:_identify(/home/newtonjeri/ai_based_sorting_robot_arm/src/robotic_arm_description) by extension 'colcon_pkg'
[3.445s] Level 1:colcon.colcon_core.package_identification:_identify(/home/newtonjeri/ai_based_sorting_robot_arm/src/robotic_arm_description) by extensions ['colcon_meta']
[3.445s] Level 1:colcon.colcon_core.package_identification:_identify(/home/newtonjeri/ai_based_sorting_robot_arm/src/robotic_arm_description) by extension 'colcon_meta'
[3.445s] Level 1:colcon.colcon_core.package_identification:_identify(/home/newtonjeri/ai_based_sorting_robot_arm/src/robotic_arm_description) by extensions ['ros']
[3.446s] Level 1:colcon.colcon_core.package_identification:_identify(/home/newtonjeri/ai_based_sorting_robot_arm/src/robotic_arm_description) by extension 'ros'
[3.448s] DEBUG:colcon.colcon_core.package_identification:Package '/home/newtonjeri/ai_based_sorting_robot_arm/src/robotic_arm_description' with type 'ros.ament_cmake' and name 'robotic_arm_description'
[3.449s] Level 1:colcon.colcon_core.package_identification:_identify(/home/newtonjeri/ai_based_sorting_robot_arm/src/robotic_arm_gazebo) by extensions ['ignore', 'ignore_ament_install']
[3.449s] Level 1:colcon.colcon_core.package_identification:_identify(/home/newtonjeri/ai_based_sorting_robot_arm/src/robotic_arm_gazebo) by extension 'ignore'
[3.449s] Level 1:colcon.colcon_core.package_identification:_identify(/home/newtonjeri/ai_based_sorting_robot_arm/src/robotic_arm_gazebo) by extension 'ignore_ament_install'
[3.449s] Level 1:colcon.colcon_core.package_identification:_identify(/home/newtonjeri/ai_based_sorting_robot_arm/src/robotic_arm_gazebo) by extensions ['colcon_pkg']
[3.450s] Level 1:colcon.colcon_core.package_identification:_identify(/home/newtonjeri/ai_based_sorting_robot_arm/src/robotic_arm_gazebo) by extension 'colcon_pkg'
[3.451s] Level 1:colcon.colcon_core.package_identification:_identify(/home/newtonjeri/ai_based_sorting_robot_arm/src/robotic_arm_gazebo) by extensions ['colcon_meta']
[3.451s] Level 1:colcon.colcon_core.package_identification:_identify(/home/newtonjeri/ai_based_sorting_robot_arm/src/robotic_arm_gazebo) by extension 'colcon_meta'
[3.451s] Level 1:colcon.colcon_core.package_identification:_identify(/home/newtonjeri/ai_based_sorting_robot_arm/src/robotic_arm_gazebo) by extensions ['ros']
[3.451s] Level 1:colcon.colcon_core.package_identification:_identify(/home/newtonjeri/ai_based_sorting_robot_arm/src/robotic_arm_gazebo) by extension 'ros'
[3.467s] DEBUG:colcon.colcon_core.package_identification:Package '/home/newtonjeri/ai_based_sorting_robot_arm/src/robotic_arm_gazebo' with type 'ros.ament_cmake' and name 'robotic_arm_gazebo'
[3.468s] Level 1:colcon.colcon_core.package_discovery:discover_packages(recursive) using defaults
