[0.550s] Invoking command in '/home/newtonjeri/ai_based_sorting_robot_arm/build/robotic_arm_controllers': CMAKE_PREFIX_PATH=/opt/ros/humble /usr/bin/cmake /home/newtonjeri/ai_based_sorting_robot_arm/src/robotic_arm_controllers -DAMENT_CMAKE_SYMLINK_INSTALL=1 -DCMAKE_INSTALL_PREFIX=/home/newtonjeri/ai_based_sorting_robot_arm/install/robotic_arm_controllers
[1.664s] -- The C compiler identification is GNU 11.4.0
[4.254s] -- The CXX compiler identification is GNU 11.4.0
[7.514s] -- Detecting C compiler ABI info
[8.376s] -- Detecting C compiler ABI info - done
[8.416s] -- Check for working C compiler: /usr/bin/cc - skipped
[8.422s] -- Detecting C compile features
[8.422s] -- Detecting C compile features - done
[8.430s] -- Detecting CXX compiler ABI info
[9.407s] -- Detecting CXX compiler ABI info - done
[9.436s] -- Check for working CXX compiler: /usr/bin/c++ - skipped
[9.436s] -- Detecting CXX compile features
[9.438s] -- Detecting CXX compile features - done
[9.444s] -- Found ament_cmake: 1.3.5 (/opt/ros/humble/share/ament_cmake/cmake)
[10.013s] -- Found Python3: /usr/bin/python3.10 (found version "3.10.12") found components: Interpreter 
[10.247s] -- Override CMake install command with custom implementation using symlinks instead of copying resources
[10.322s] -- Found ament_lint_auto: 0.12.8 (/opt/ros/humble/share/ament_lint_auto/cmake)
[18.108s] -- Configuring done
[18.125s] -- Generating done
[18.137s] -- Build files have been written to: /home/newtonjeri/ai_based_sorting_robot_arm/build/robotic_arm_controllers
