[0.645s] Invoking command in '/home/newtonjeri/ai_based_sorting_robot_arm/build/robotic_arm_description': CMAKE_PREFIX_PATH=${CMAKE_PREFIX_PATH}:/home/newtonjeri/ai_based_sorting_robot_arm/install/robotic_arm_custom_nodes:/opt/ros/humble /usr/bin/cmake --build /home/newtonjeri/ai_based_sorting_robot_arm/build/robotic_arm_description -- -j4 -l4
[0.840s] Invoked command in '/home/newtonjeri/ai_based_sorting_robot_arm/build/robotic_arm_description' returned '0': CMAKE_PREFIX_PATH=${CMAKE_PREFIX_PATH}:/home/newtonjeri/ai_based_sorting_robot_arm/install/robotic_arm_custom_nodes:/opt/ros/humble /usr/bin/cmake --build /home/newtonjeri/ai_based_sorting_robot_arm/build/robotic_arm_description -- -j4 -l4
[0.979s] Invoking command in '/home/newtonjeri/ai_based_sorting_robot_arm/build/robotic_arm_description': CMAKE_PREFIX_PATH=${CMAKE_PREFIX_PATH}:/home/newtonjeri/ai_based_sorting_robot_arm/install/robotic_arm_custom_nodes:/opt/ros/humble /usr/bin/cmake --install /home/newtonjeri/ai_based_sorting_robot_arm/build/robotic_arm_description
[0.995s] -- Install configuration: ""
[0.998s] -- Execute custom install script
[0.999s] -- Up-to-date symlink: /home/newtonjeri/ai_based_sorting_robot_arm/install/robotic_arm_description/share/robotic_arm_description/meshes/base_link.stl
[1.000s] -- Up-to-date symlink: /home/newtonjeri/ai_based_sorting_robot_arm/install/robotic_arm_description/share/robotic_arm_description/meshes/camera_link.stl
[1.000s] -- Up-to-date symlink: /home/newtonjeri/ai_based_sorting_robot_arm/install/robotic_arm_description/share/robotic_arm_description/meshes/gripper_base.stl
[1.000s] -- Up-to-date symlink: /home/newtonjeri/ai_based_sorting_robot_arm/install/robotic_arm_description/share/robotic_arm_description/meshes/link_1.stl
[1.001s] -- Up-to-date symlink: /home/newtonjeri/ai_based_sorting_robot_arm/install/robotic_arm_description/share/robotic_arm_description/meshes/link_2a.stl
[1.001s] -- Up-to-date symlink: /home/newtonjeri/ai_based_sorting_robot_arm/install/robotic_arm_description/share/robotic_arm_description/meshes/link_2b.stl
[1.001s] -- Up-to-date symlink: /home/newtonjeri/ai_based_sorting_robot_arm/install/robotic_arm_description/share/robotic_arm_description/meshes/servomotormg996r_v2_1.stl
[1.002s] -- Up-to-date symlink: /home/newtonjeri/ai_based_sorting_robot_arm/install/robotic_arm_description/share/robotic_arm_description/meshes/servomotormg996r_v2_2.stl
[1.002s] -- Up-to-date symlink: /home/newtonjeri/ai_based_sorting_robot_arm/install/robotic_arm_description/share/robotic_arm_description/meshes/servomotormicro9g_v2_1.stl
[1.004s] -- Up-to-date symlink: /home/newtonjeri/ai_based_sorting_robot_arm/install/robotic_arm_description/share/robotic_arm_description/meshes/servomotormicro9g_v2_2.stl
[1.004s] -- Up-to-date symlink: /home/newtonjeri/ai_based_sorting_robot_arm/install/robotic_arm_description/share/robotic_arm_description/meshes/slidder_gripper_1.stl
[1.004s] -- Up-to-date symlink: /home/newtonjeri/ai_based_sorting_robot_arm/install/robotic_arm_description/share/robotic_arm_description/meshes/slidder_gripper_2.stl
[1.004s] -- Up-to-date symlink: /home/newtonjeri/ai_based_sorting_robot_arm/install/robotic_arm_description/share/robotic_arm_description/meshes/slider_slot.stl
[1.005s] -- Up-to-date symlink: /home/newtonjeri/ai_based_sorting_robot_arm/install/robotic_arm_description/share/robotic_arm_description/meshes/waist.stl
[1.005s] -- Up-to-date symlink: /home/newtonjeri/ai_based_sorting_robot_arm/install/robotic_arm_description/share/robotic_arm_description/urdf/materials.xacro
[1.005s] -- Up-to-date symlink: /home/newtonjeri/ai_based_sorting_robot_arm/install/robotic_arm_description/share/robotic_arm_description/urdf/robotic_arm.gazebo
[1.006s] -- Up-to-date symlink: /home/newtonjeri/ai_based_sorting_robot_arm/install/robotic_arm_description/share/robotic_arm_description/urdf/robotic_arm.trans
[1.006s] -- Up-to-date symlink: /home/newtonjeri/ai_based_sorting_robot_arm/install/robotic_arm_description/share/robotic_arm_description/urdf/robotic_arm.xacro
[1.007s] -- Up-to-date symlink: /home/newtonjeri/ai_based_sorting_robot_arm/install/robotic_arm_description/share/robotic_arm_description/launch/spawn_robot_launch.launch.py
[1.009s] -- Up-to-date symlink: /home/newtonjeri/ai_based_sorting_robot_arm/install/robotic_arm_description/share/robotic_arm_description/launch/spawn_robotic_arm.py
[1.010s] -- Up-to-date symlink: /home/newtonjeri/ai_based_sorting_robot_arm/install/robotic_arm_description/lib/robotic_arm_description/spawn_robotic_arm.py
[1.011s] -- Up-to-date symlink: /home/newtonjeri/ai_based_sorting_robot_arm/install/robotic_arm_description/share/ament_index/resource_index/package_run_dependencies/robotic_arm_description
[1.017s] -- Up-to-date symlink: /home/newtonjeri/ai_based_sorting_robot_arm/install/robotic_arm_description/share/ament_index/resource_index/parent_prefix_path/robotic_arm_description
[1.022s] -- Up-to-date symlink: /home/newtonjeri/ai_based_sorting_robot_arm/install/robotic_arm_description/share/robotic_arm_description/environment/ament_prefix_path.sh
[1.023s] -- Up-to-date symlink: /home/newtonjeri/ai_based_sorting_robot_arm/install/robotic_arm_description/share/robotic_arm_description/environment/ament_prefix_path.dsv
[1.026s] -- Up-to-date symlink: /home/newtonjeri/ai_based_sorting_robot_arm/install/robotic_arm_description/share/robotic_arm_description/environment/path.sh
[1.028s] -- Up-to-date symlink: /home/newtonjeri/ai_based_sorting_robot_arm/install/robotic_arm_description/share/robotic_arm_description/environment/path.dsv
[1.039s] -- Up-to-date symlink: /home/newtonjeri/ai_based_sorting_robot_arm/install/robotic_arm_description/share/robotic_arm_description/local_setup.bash
[1.046s] -- Up-to-date symlink: /home/newtonjeri/ai_based_sorting_robot_arm/install/robotic_arm_description/share/robotic_arm_description/local_setup.sh
[1.047s] -- Up-to-date symlink: /home/newtonjeri/ai_based_sorting_robot_arm/install/robotic_arm_description/share/robotic_arm_description/local_setup.zsh
[1.048s] -- Up-to-date symlink: /home/newtonjeri/ai_based_sorting_robot_arm/install/robotic_arm_description/share/robotic_arm_description/local_setup.dsv
[1.048s] -- Symlinking: /home/newtonjeri/ai_based_sorting_robot_arm/install/robotic_arm_description/share/robotic_arm_description/package.dsv
[1.128s] -- Up-to-date symlink: /home/newtonjeri/ai_based_sorting_robot_arm/install/robotic_arm_description/share/ament_index/resource_index/packages/robotic_arm_description
[1.128s] -- Up-to-date symlink: /home/newtonjeri/ai_based_sorting_robot_arm/install/robotic_arm_description/share/robotic_arm_description/cmake/robotic_arm_descriptionConfig.cmake
[1.128s] -- Up-to-date symlink: /home/newtonjeri/ai_based_sorting_robot_arm/install/robotic_arm_description/share/robotic_arm_description/cmake/robotic_arm_descriptionConfig-version.cmake
[1.129s] -- Up-to-date symlink: /home/newtonjeri/ai_based_sorting_robot_arm/install/robotic_arm_description/share/robotic_arm_description/package.xml
[1.269s] Invoked command in '/home/newtonjeri/ai_based_sorting_robot_arm/build/robotic_arm_description' returned '0': CMAKE_PREFIX_PATH=${CMAKE_PREFIX_PATH}:/home/newtonjeri/ai_based_sorting_robot_arm/install/robotic_arm_custom_nodes:/opt/ros/humble /usr/bin/cmake --install /home/newtonjeri/ai_based_sorting_robot_arm/build/robotic_arm_description
