[1.159s] DEBUG:colcon:Command line arguments: ['/usr/bin/colcon', 'build']
[1.159s] DEBUG:colcon:Parsed command line arguments: Namespace(log_base=None, log_level=None, verb_name='build', build_base='build', install_base='install', merge_install=False, symlink_install=False, test_result_base=None, continue_on_error=False, executor='parallel', parallel_workers=4, event_handlers=None, ignore_user_meta=False, metas=['./colcon.meta'], base_paths=['.'], packages_ignore=None, packages_ignore_regex=None, paths=None, packages_up_to=None, packages_up_to_regex=None, packages_above=None, packages_above_and_dependencies=None, packages_above_depth=None, packages_select_by_dep=None, packages_skip_by_dep=None, packages_skip_up_to=None, packages_select_build_failed=False, packages_skip_build_finished=False, packages_select_test_failures=False, packages_skip_test_passed=False, packages_select=None, packages_skip=None, packages_select_regex=None, packages_skip_regex=None, packages_start=None, packages_end=None, allow_overriding=[], cmake_args=None, cmake_target=None, cmake_target_skip_unavailable=False, cmake_clean_cache=False, cmake_clean_first=False, cmake_force_configure=False, ament_cmake_args=None, catkin_cmake_args=None, catkin_skip_building_tests=False, verb_parser=<colcon_defaults.argument_parser.defaults.DefaultArgumentsDecorator object at 0x7f5686526dd0>, verb_extension=<colcon_core.verb.build.BuildVerb object at 0x7f5686526860>, main=<bound method BuildVerb.main of <colcon_core.verb.build.BuildVerb object at 0x7f5686526860>>)
[1.206s] Level 1:colcon.colcon_core.package_discovery:discover_packages(colcon_meta) check parameters
[1.206s] Level 1:colcon.colcon_core.package_discovery:discover_packages(recursive) check parameters
[1.207s] Level 1:colcon.colcon_core.package_discovery:discover_packages(ignore) check parameters
[1.207s] Level 1:colcon.colcon_core.package_discovery:discover_packages(path) check parameters
[1.207s] Level 1:colcon.colcon_core.package_discovery:discover_packages(colcon_meta) discover
[1.207s] Level 1:colcon.colcon_core.package_discovery:discover_packages(recursive) discover
[1.207s] INFO:colcon.colcon_core.package_discovery:Crawling recursively for packages in '/home/newtonjeri/ai_based_sorting_robot_arm'
[1.207s] Level 1:colcon.colcon_core.package_identification:_identify(.) by extensions ['ignore', 'ignore_ament_install']
[1.207s] Level 1:colcon.colcon_core.package_identification:_identify(.) by extension 'ignore'
[1.207s] Level 1:colcon.colcon_core.package_identification:_identify(.) by extension 'ignore_ament_install'
[1.207s] Level 1:colcon.colcon_core.package_identification:_identify(.) by extensions ['colcon_pkg']
[1.207s] Level 1:colcon.colcon_core.package_identification:_identify(.) by extension 'colcon_pkg'
[1.207s] Level 1:colcon.colcon_core.package_identification:_identify(.) by extensions ['colcon_meta']
[1.208s] Level 1:colcon.colcon_core.package_identification:_identify(.) by extension 'colcon_meta'
[1.208s] Level 1:colcon.colcon_core.package_identification:_identify(.) by extensions ['ros']
[1.208s] Level 1:colcon.colcon_core.package_identification:_identify(.) by extension 'ros'
[1.225s] Level 1:colcon.colcon_core.package_identification:_identify(.) by extensions ['cmake', 'python']
[1.225s] Level 1:colcon.colcon_core.package_identification:_identify(.) by extension 'cmake'
[1.225s] Level 1:colcon.colcon_core.package_identification:_identify(.) by extension 'python'
[1.225s] Level 1:colcon.colcon_core.package_identification:_identify(.) by extensions ['python_setup_py']
[1.225s] Level 1:colcon.colcon_core.package_identification:_identify(.) by extension 'python_setup_py'
[1.225s] Level 1:colcon.colcon_core.package_identification:_identify(build) by extensions ['ignore', 'ignore_ament_install']
[1.225s] Level 1:colcon.colcon_core.package_identification:_identify(build) by extension 'ignore'
[1.225s] Level 1:colcon.colcon_core.package_identification:_identify(build) ignored
[1.226s] Level 1:colcon.colcon_core.package_identification:_identify(install) by extensions ['ignore', 'ignore_ament_install']
[1.226s] Level 1:colcon.colcon_core.package_identification:_identify(install) by extension 'ignore'
[1.226s] Level 1:colcon.colcon_core.package_identification:_identify(install) ignored
[1.226s] Level 1:colcon.colcon_core.package_identification:_identify(log) by extensions ['ignore', 'ignore_ament_install']
[1.226s] Level 1:colcon.colcon_core.package_identification:_identify(log) by extension 'ignore'
[1.226s] Level 1:colcon.colcon_core.package_identification:_identify(log) ignored
[1.226s] Level 1:colcon.colcon_core.package_identification:_identify(src) by extensions ['ignore', 'ignore_ament_install']
[1.226s] Level 1:colcon.colcon_core.package_identification:_identify(src) by extension 'ignore'
[1.226s] Level 1:colcon.colcon_core.package_identification:_identify(src) by extension 'ignore_ament_install'
[1.226s] Level 1:colcon.colcon_core.package_identification:_identify(src) by extensions ['colcon_pkg']
[1.226s] Level 1:colcon.colcon_core.package_identification:_identify(src) by extension 'colcon_pkg'
[1.226s] Level 1:colcon.colcon_core.package_identification:_identify(src) by extensions ['colcon_meta']
[1.227s] Level 1:colcon.colcon_core.package_identification:_identify(src) by extension 'colcon_meta'
[1.227s] Level 1:colcon.colcon_core.package_identification:_identify(src) by extensions ['ros']
[1.227s] Level 1:colcon.colcon_core.package_identification:_identify(src) by extension 'ros'
[1.227s] Level 1:colcon.colcon_core.package_identification:_identify(src) by extensions ['cmake', 'python']
[1.227s] Level 1:colcon.colcon_core.package_identification:_identify(src) by extension 'cmake'
[1.227s] Level 1:colcon.colcon_core.package_identification:_identify(src) by extension 'python'
[1.227s] Level 1:colcon.colcon_core.package_identification:_identify(src) by extensions ['python_setup_py']
[1.227s] Level 1:colcon.colcon_core.package_identification:_identify(src) by extension 'python_setup_py'
[1.227s] Level 1:colcon.colcon_core.package_identification:_identify(src/robotic_arm_bringup) by extensions ['ignore', 'ignore_ament_install']
[1.227s] Level 1:colcon.colcon_core.package_identification:_identify(src/robotic_arm_bringup) by extension 'ignore'
[1.227s] Level 1:colcon.colcon_core.package_identification:_identify(src/robotic_arm_bringup) by extension 'ignore_ament_install'
[1.227s] Level 1:colcon.colcon_core.package_identification:_identify(src/robotic_arm_bringup) by extensions ['colcon_pkg']
[1.227s] Level 1:colcon.colcon_core.package_identification:_identify(src/robotic_arm_bringup) by extension 'colcon_pkg'
[1.227s] Level 1:colcon.colcon_core.package_identification:_identify(src/robotic_arm_bringup) by extensions ['colcon_meta']
[1.227s] Level 1:colcon.colcon_core.package_identification:_identify(src/robotic_arm_bringup) by extension 'colcon_meta'
[1.227s] Level 1:colcon.colcon_core.package_identification:_identify(src/robotic_arm_bringup) by extensions ['ros']
[1.227s] Level 1:colcon.colcon_core.package_identification:_identify(src/robotic_arm_bringup) by extension 'ros'
[1.232s] DEBUG:colcon.colcon_core.package_identification:Package 'src/robotic_arm_bringup' with type 'ros.ament_cmake' and name 'robotic_arm_bringup'
[1.232s] Level 1:colcon.colcon_core.package_identification:_identify(src/robotic_arm_description) by extensions ['ignore', 'ignore_ament_install']
[1.232s] Level 1:colcon.colcon_core.package_identification:_identify(src/robotic_arm_description) by extension 'ignore'
[1.232s] Level 1:colcon.colcon_core.package_identification:_identify(src/robotic_arm_description) by extension 'ignore_ament_install'
[1.232s] Level 1:colcon.colcon_core.package_identification:_identify(src/robotic_arm_description) by extensions ['colcon_pkg']
[1.232s] Level 1:colcon.colcon_core.package_identification:_identify(src/robotic_arm_description) by extension 'colcon_pkg'
[1.232s] Level 1:colcon.colcon_core.package_identification:_identify(src/robotic_arm_description) by extensions ['colcon_meta']
[1.232s] Level 1:colcon.colcon_core.package_identification:_identify(src/robotic_arm_description) by extension 'colcon_meta'
[1.232s] Level 1:colcon.colcon_core.package_identification:_identify(src/robotic_arm_description) by extensions ['ros']
[1.233s] Level 1:colcon.colcon_core.package_identification:_identify(src/robotic_arm_description) by extension 'ros'
[1.233s] DEBUG:colcon.colcon_core.package_identification:Package 'src/robotic_arm_description' with type 'ros.ament_cmake' and name 'robotic_arm_description'
[1.234s] Level 1:colcon.colcon_core.package_identification:_identify(src/robotic_arm_gazebo) by extensions ['ignore', 'ignore_ament_install']
[1.234s] Level 1:colcon.colcon_core.package_identification:_identify(src/robotic_arm_gazebo) by extension 'ignore'
[1.234s] Level 1:colcon.colcon_core.package_identification:_identify(src/robotic_arm_gazebo) by extension 'ignore_ament_install'
[1.234s] Level 1:colcon.colcon_core.package_identification:_identify(src/robotic_arm_gazebo) by extensions ['colcon_pkg']
[1.234s] Level 1:colcon.colcon_core.package_identification:_identify(src/robotic_arm_gazebo) by extension 'colcon_pkg'
[1.234s] Level 1:colcon.colcon_core.package_identification:_identify(src/robotic_arm_gazebo) by extensions ['colcon_meta']
[1.234s] Level 1:colcon.colcon_core.package_identification:_identify(src/robotic_arm_gazebo) by extension 'colcon_meta'
[1.234s] Level 1:colcon.colcon_core.package_identification:_identify(src/robotic_arm_gazebo) by extensions ['ros']
[1.234s] Level 1:colcon.colcon_core.package_identification:_identify(src/robotic_arm_gazebo) by extension 'ros'
[1.235s] DEBUG:colcon.colcon_core.package_identification:Package 'src/robotic_arm_gazebo' with type 'ros.ament_cmake' and name 'robotic_arm_gazebo'
[1.235s] Level 1:colcon.colcon_core.package_discovery:discover_packages(recursive) using defaults
[1.235s] Level 1:colcon.colcon_core.package_discovery:discover_packages(ignore) discover
[1.235s] Level 1:colcon.colcon_core.package_discovery:discover_packages(ignore) using defaults
[1.235s] Level 1:colcon.colcon_core.package_discovery:discover_packages(path) discover
[1.235s] Level 1:colcon.colcon_core.package_discovery:discover_packages(path) using defaults
[1.279s] Level 1:colcon.colcon_core.package_discovery:discover_packages(prefix_path) check parameters
[1.279s] Level 1:colcon.colcon_core.package_discovery:discover_packages(prefix_path) discover
[1.285s] DEBUG:colcon.colcon_installed_package_information.package_discovery:Found 3 installed packages in /home/newtonjeri/ai_based_sorting_robot_arm/install
[1.287s] DEBUG:colcon.colcon_installed_package_information.package_discovery:Found 2 installed packages in /home/newtonjeri/ros2_ws/install
[1.291s] DEBUG:colcon.colcon_installed_package_information.package_discovery:Found 321 installed packages in /opt/ros/humble
[1.293s] Level 1:colcon.colcon_core.package_discovery:discover_packages(prefix_path) using defaults
[1.403s] Level 5:colcon.colcon_core.verb:set package 'robotic_arm_bringup' build argument 'cmake_args' from command line to 'None'
[1.403s] Level 5:colcon.colcon_core.verb:set package 'robotic_arm_bringup' build argument 'cmake_target' from command line to 'None'
[1.403s] Level 5:colcon.colcon_core.verb:set package 'robotic_arm_bringup' build argument 'cmake_target_skip_unavailable' from command line to 'False'
[1.403s] Level 5:colcon.colcon_core.verb:set package 'robotic_arm_bringup' build argument 'cmake_clean_cache' from command line to 'False'
[1.403s] Level 5:colcon.colcon_core.verb:set package 'robotic_arm_bringup' build argument 'cmake_clean_first' from command line to 'False'
[1.403s] Level 5:colcon.colcon_core.verb:set package 'robotic_arm_bringup' build argument 'cmake_force_configure' from command line to 'False'
[1.403s] Level 5:colcon.colcon_core.verb:set package 'robotic_arm_bringup' build argument 'ament_cmake_args' from command line to 'None'
[1.403s] Level 5:colcon.colcon_core.verb:set package 'robotic_arm_bringup' build argument 'catkin_cmake_args' from command line to 'None'
[1.403s] Level 5:colcon.colcon_core.verb:set package 'robotic_arm_bringup' build argument 'catkin_skip_building_tests' from command line to 'False'
[1.403s] DEBUG:colcon.colcon_core.verb:Building package 'robotic_arm_bringup' with the following arguments: {'ament_cmake_args': None, 'build_base': '/home/newtonjeri/ai_based_sorting_robot_arm/build/robotic_arm_bringup', 'catkin_cmake_args': None, 'catkin_skip_building_tests': False, 'cmake_args': None, 'cmake_clean_cache': False, 'cmake_clean_first': False, 'cmake_force_configure': False, 'cmake_target': None, 'cmake_target_skip_unavailable': False, 'install_base': '/home/newtonjeri/ai_based_sorting_robot_arm/install/robotic_arm_bringup', 'merge_install': False, 'path': '/home/newtonjeri/ai_based_sorting_robot_arm/src/robotic_arm_bringup', 'symlink_install': False, 'test_result_base': None}
[1.406s] Level 5:colcon.colcon_core.verb:set package 'robotic_arm_description' build argument 'cmake_args' from command line to 'None'
[1.406s] Level 5:colcon.colcon_core.verb:set package 'robotic_arm_description' build argument 'cmake_target' from command line to 'None'
[1.406s] Level 5:colcon.colcon_core.verb:set package 'robotic_arm_description' build argument 'cmake_target_skip_unavailable' from command line to 'False'
[1.406s] Level 5:colcon.colcon_core.verb:set package 'robotic_arm_description' build argument 'cmake_clean_cache' from command line to 'False'
[1.406s] Level 5:colcon.colcon_core.verb:set package 'robotic_arm_description' build argument 'cmake_clean_first' from command line to 'False'
[1.406s] Level 5:colcon.colcon_core.verb:set package 'robotic_arm_description' build argument 'cmake_force_configure' from command line to 'False'
[1.406s] Level 5:colcon.colcon_core.verb:set package 'robotic_arm_description' build argument 'ament_cmake_args' from command line to 'None'
[1.406s] Level 5:colcon.colcon_core.verb:set package 'robotic_arm_description' build argument 'catkin_cmake_args' from command line to 'None'
[1.406s] Level 5:colcon.colcon_core.verb:set package 'robotic_arm_description' build argument 'catkin_skip_building_tests' from command line to 'False'
[1.406s] DEBUG:colcon.colcon_core.verb:Building package 'robotic_arm_description' with the following arguments: {'ament_cmake_args': None, 'build_base': '/home/newtonjeri/ai_based_sorting_robot_arm/build/robotic_arm_description', 'catkin_cmake_args': None, 'catkin_skip_building_tests': False, 'cmake_args': None, 'cmake_clean_cache': False, 'cmake_clean_first': False, 'cmake_force_configure': False, 'cmake_target': None, 'cmake_target_skip_unavailable': False, 'install_base': '/home/newtonjeri/ai_based_sorting_robot_arm/install/robotic_arm_description', 'merge_install': False, 'path': '/home/newtonjeri/ai_based_sorting_robot_arm/src/robotic_arm_description', 'symlink_install': False, 'test_result_base': None}
[1.409s] Level 5:colcon.colcon_core.verb:set package 'robotic_arm_gazebo' build argument 'cmake_args' from command line to 'None'
[1.409s] Level 5:colcon.colcon_core.verb:set package 'robotic_arm_gazebo' build argument 'cmake_target' from command line to 'None'
[1.409s] Level 5:colcon.colcon_core.verb:set package 'robotic_arm_gazebo' build argument 'cmake_target_skip_unavailable' from command line to 'False'
[1.409s] Level 5:colcon.colcon_core.verb:set package 'robotic_arm_gazebo' build argument 'cmake_clean_cache' from command line to 'False'
[1.409s] Level 5:colcon.colcon_core.verb:set package 'robotic_arm_gazebo' build argument 'cmake_clean_first' from command line to 'False'
[1.409s] Level 5:colcon.colcon_core.verb:set package 'robotic_arm_gazebo' build argument 'cmake_force_configure' from command line to 'False'
[1.409s] Level 5:colcon.colcon_core.verb:set package 'robotic_arm_gazebo' build argument 'ament_cmake_args' from command line to 'None'
[1.409s] Level 5:colcon.colcon_core.verb:set package 'robotic_arm_gazebo' build argument 'catkin_cmake_args' from command line to 'None'
[1.409s] Level 5:colcon.colcon_core.verb:set package 'robotic_arm_gazebo' build argument 'catkin_skip_building_tests' from command line to 'False'
[1.409s] DEBUG:colcon.colcon_core.verb:Building package 'robotic_arm_gazebo' with the following arguments: {'ament_cmake_args': None, 'build_base': '/home/newtonjeri/ai_based_sorting_robot_arm/build/robotic_arm_gazebo', 'catkin_cmake_args': None, 'catkin_skip_building_tests': False, 'cmake_args': None, 'cmake_clean_cache': False, 'cmake_clean_first': False, 'cmake_force_configure': False, 'cmake_target': None, 'cmake_target_skip_unavailable': False, 'install_base': '/home/newtonjeri/ai_based_sorting_robot_arm/install/robotic_arm_gazebo', 'merge_install': False, 'path': '/home/newtonjeri/ai_based_sorting_robot_arm/src/robotic_arm_gazebo', 'symlink_install': False, 'test_result_base': None}
[1.412s] INFO:colcon.colcon_core.executor:Executing jobs using 'parallel' executor
[1.423s] DEBUG:colcon.colcon_parallel_executor.executor.parallel:run_until_complete
[1.423s] INFO:colcon.colcon_ros.task.ament_cmake.build:Building ROS package in '/home/newtonjeri/ai_based_sorting_robot_arm/src/robotic_arm_bringup' with build type 'ament_cmake'
[1.424s] INFO:colcon.colcon_cmake.task.cmake.build:Building CMake package in '/home/newtonjeri/ai_based_sorting_robot_arm/src/robotic_arm_bringup'
[1.435s] INFO:colcon.colcon_core.plugin_system:Skipping extension 'colcon_core.shell.bat': Not used on non-Windows systems
[1.436s] INFO:colcon.colcon_core.shell:Skip shell extension 'powershell' for command environment: Not usable outside of PowerShell
[1.436s] DEBUG:colcon.colcon_core.shell:Skip shell extension 'dsv' for command environment
[1.450s] INFO:colcon.colcon_ros.task.ament_cmake.build:Building ROS package in '/home/newtonjeri/ai_based_sorting_robot_arm/src/robotic_arm_description' with build type 'ament_cmake'
[1.450s] INFO:colcon.colcon_cmake.task.cmake.build:Building CMake package in '/home/newtonjeri/ai_based_sorting_robot_arm/src/robotic_arm_description'
[1.457s] INFO:colcon.colcon_core.shell:Skip shell extension 'powershell' for command environment: Not usable outside of PowerShell
[1.457s] DEBUG:colcon.colcon_core.shell:Skip shell extension 'dsv' for command environment
[1.475s] INFO:colcon.colcon_ros.task.ament_cmake.build:Building ROS package in '/home/newtonjeri/ai_based_sorting_robot_arm/src/robotic_arm_gazebo' with build type 'ament_cmake'
[1.475s] INFO:colcon.colcon_cmake.task.cmake.build:Building CMake package in '/home/newtonjeri/ai_based_sorting_robot_arm/src/robotic_arm_gazebo'
[1.480s] INFO:colcon.colcon_core.shell:Skip shell extension 'powershell' for command environment: Not usable outside of PowerShell
[1.480s] DEBUG:colcon.colcon_core.shell:Skip shell extension 'dsv' for command environment
[1.508s] DEBUG:colcon.colcon_core.event_handler.log_command:Invoking command in '/home/newtonjeri/ai_based_sorting_robot_arm/build/robotic_arm_bringup': CMAKE_PREFIX_PATH=${CMAKE_PREFIX_PATH}:/home/newtonjeri/ros2_ws/install/kr210_arm:/opt/ros/humble /usr/bin/cmake --build /home/newtonjeri/ai_based_sorting_robot_arm/build/robotic_arm_bringup -- -j4 -l4
[1.516s] DEBUG:colcon.colcon_core.event_handler.log_command:Invoking command in '/home/newtonjeri/ai_based_sorting_robot_arm/build/robotic_arm_description': CMAKE_PREFIX_PATH=${CMAKE_PREFIX_PATH}:/home/newtonjeri/ros2_ws/install/kr210_arm:/opt/ros/humble /usr/bin/cmake --build /home/newtonjeri/ai_based_sorting_robot_arm/build/robotic_arm_description -- -j4 -l4
[1.541s] DEBUG:colcon.colcon_core.event_handler.log_command:Invoking command in '/home/newtonjeri/ai_based_sorting_robot_arm/build/robotic_arm_gazebo': CMAKE_PREFIX_PATH=${CMAKE_PREFIX_PATH}:/home/newtonjeri/ros2_ws/install/kr210_arm:/opt/ros/humble /usr/bin/cmake --build /home/newtonjeri/ai_based_sorting_robot_arm/build/robotic_arm_gazebo -- -j4 -l4
[1.618s] DEBUG:colcon.colcon_core.event_handler.log_command:Invoked command in '/home/newtonjeri/ai_based_sorting_robot_arm/build/robotic_arm_description' returned '0': CMAKE_PREFIX_PATH=${CMAKE_PREFIX_PATH}:/home/newtonjeri/ros2_ws/install/kr210_arm:/opt/ros/humble /usr/bin/cmake --build /home/newtonjeri/ai_based_sorting_robot_arm/build/robotic_arm_description -- -j4 -l4
[1.626s] DEBUG:colcon.colcon_core.event_handler.log_command:Invoked command in '/home/newtonjeri/ai_based_sorting_robot_arm/build/robotic_arm_bringup' returned '0': CMAKE_PREFIX_PATH=${CMAKE_PREFIX_PATH}:/home/newtonjeri/ros2_ws/install/kr210_arm:/opt/ros/humble /usr/bin/cmake --build /home/newtonjeri/ai_based_sorting_robot_arm/build/robotic_arm_bringup -- -j4 -l4
[1.649s] DEBUG:colcon.colcon_core.event_handler.log_command:Invoked command in '/home/newtonjeri/ai_based_sorting_robot_arm/build/robotic_arm_gazebo' returned '0': CMAKE_PREFIX_PATH=${CMAKE_PREFIX_PATH}:/home/newtonjeri/ros2_ws/install/kr210_arm:/opt/ros/humble /usr/bin/cmake --build /home/newtonjeri/ai_based_sorting_robot_arm/build/robotic_arm_gazebo -- -j4 -l4
[1.694s] DEBUG:colcon.colcon_core.event_handler.log_command:Invoking command in '/home/newtonjeri/ai_based_sorting_robot_arm/build/robotic_arm_description': CMAKE_PREFIX_PATH=${CMAKE_PREFIX_PATH}:/home/newtonjeri/ros2_ws/install/kr210_arm:/opt/ros/humble /usr/bin/cmake --install /home/newtonjeri/ai_based_sorting_robot_arm/build/robotic_arm_description
[1.703s] DEBUG:colcon.colcon_core.event_handler.log_command:Invoking command in '/home/newtonjeri/ai_based_sorting_robot_arm/build/robotic_arm_bringup': CMAKE_PREFIX_PATH=${CMAKE_PREFIX_PATH}:/home/newtonjeri/ros2_ws/install/kr210_arm:/opt/ros/humble /usr/bin/cmake --install /home/newtonjeri/ai_based_sorting_robot_arm/build/robotic_arm_bringup
[1.710s] DEBUG:colcon.colcon_core.event_handler.log_command:Invoking command in '/home/newtonjeri/ai_based_sorting_robot_arm/build/robotic_arm_gazebo': CMAKE_PREFIX_PATH=${CMAKE_PREFIX_PATH}:/home/newtonjeri/ros2_ws/install/kr210_arm:/opt/ros/humble /usr/bin/cmake --install /home/newtonjeri/ai_based_sorting_robot_arm/build/robotic_arm_gazebo
[1.761s] Level 1:colcon.colcon_core.environment:create_environment_scripts_only(robotic_arm_description)
[1.767s] DEBUG:colcon.colcon_core.event_handler.log_command:Invoked command in '/home/newtonjeri/ai_based_sorting_robot_arm/build/robotic_arm_description' returned '0': CMAKE_PREFIX_PATH=${CMAKE_PREFIX_PATH}:/home/newtonjeri/ros2_ws/install/kr210_arm:/opt/ros/humble /usr/bin/cmake --install /home/newtonjeri/ai_based_sorting_robot_arm/build/robotic_arm_description
[1.784s] Level 1:colcon.colcon_core.environment:checking '/home/newtonjeri/ai_based_sorting_robot_arm/install/robotic_arm_description' for CMake module files
[1.785s] Level 1:colcon.colcon_core.environment:checking '/home/newtonjeri/ai_based_sorting_robot_arm/install/robotic_arm_description' for CMake config files
[1.786s] Level 1:colcon.colcon_core.shell:create_environment_hook('robotic_arm_description', 'cmake_prefix_path')
[1.792s] INFO:colcon.colcon_core.shell:Creating environment hook '/home/newtonjeri/ai_based_sorting_robot_arm/install/robotic_arm_description/share/robotic_arm_description/hook/cmake_prefix_path.ps1'
[1.792s] INFO:colcon.colcon_core.shell:Creating environment descriptor '/home/newtonjeri/ai_based_sorting_robot_arm/install/robotic_arm_description/share/robotic_arm_description/hook/cmake_prefix_path.dsv'
[1.793s] INFO:colcon.colcon_core.shell:Creating environment hook '/home/newtonjeri/ai_based_sorting_robot_arm/install/robotic_arm_description/share/robotic_arm_description/hook/cmake_prefix_path.sh'
[1.795s] Level 1:colcon.colcon_core.environment:checking '/home/newtonjeri/ai_based_sorting_robot_arm/install/robotic_arm_description/lib'
[1.796s] Level 1:colcon.colcon_core.environment:checking '/home/newtonjeri/ai_based_sorting_robot_arm/install/robotic_arm_description/bin'
[1.796s] Level 1:colcon.colcon_core.environment:checking '/home/newtonjeri/ai_based_sorting_robot_arm/install/robotic_arm_description/lib/pkgconfig/robotic_arm_description.pc'
[1.797s] Level 1:colcon.colcon_core.environment:checking '/home/newtonjeri/ai_based_sorting_robot_arm/install/robotic_arm_description/lib/python3.10/site-packages'
[1.798s] Level 1:colcon.colcon_core.environment:checking '/home/newtonjeri/ai_based_sorting_robot_arm/install/robotic_arm_description/bin'
[1.805s] INFO:colcon.colcon_core.shell:Creating package script '/home/newtonjeri/ai_based_sorting_robot_arm/install/robotic_arm_description/share/robotic_arm_description/package.ps1'
[1.808s] INFO:colcon.colcon_core.shell:Creating package descriptor '/home/newtonjeri/ai_based_sorting_robot_arm/install/robotic_arm_description/share/robotic_arm_description/package.dsv'
[1.809s] INFO:colcon.colcon_core.shell:Creating package script '/home/newtonjeri/ai_based_sorting_robot_arm/install/robotic_arm_description/share/robotic_arm_description/package.sh'
[1.810s] INFO:colcon.colcon_core.shell:Creating package script '/home/newtonjeri/ai_based_sorting_robot_arm/install/robotic_arm_description/share/robotic_arm_description/package.bash'
[1.812s] INFO:colcon.colcon_core.shell:Creating package script '/home/newtonjeri/ai_based_sorting_robot_arm/install/robotic_arm_description/share/robotic_arm_description/package.zsh'
[1.814s] Level 1:colcon.colcon_core.environment:create_file_with_runtime_dependencies(/home/newtonjeri/ai_based_sorting_robot_arm/install/robotic_arm_description/share/colcon-core/packages/robotic_arm_description)
[1.819s] Level 1:colcon.colcon_core.environment:create_environment_scripts_only(robotic_arm_bringup)
[1.828s] Level 1:colcon.colcon_core.environment:checking '/home/newtonjeri/ai_based_sorting_robot_arm/install/robotic_arm_bringup' for CMake module files
[1.829s] DEBUG:colcon.colcon_core.event_handler.log_command:Invoked command in '/home/newtonjeri/ai_based_sorting_robot_arm/build/robotic_arm_bringup' returned '0': CMAKE_PREFIX_PATH=${CMAKE_PREFIX_PATH}:/home/newtonjeri/ros2_ws/install/kr210_arm:/opt/ros/humble /usr/bin/cmake --install /home/newtonjeri/ai_based_sorting_robot_arm/build/robotic_arm_bringup
[1.831s] Level 1:colcon.colcon_core.environment:checking '/home/newtonjeri/ai_based_sorting_robot_arm/install/robotic_arm_bringup' for CMake config files
[1.831s] Level 1:colcon.colcon_core.shell:create_environment_hook('robotic_arm_bringup', 'cmake_prefix_path')
[1.840s] INFO:colcon.colcon_core.shell:Creating environment hook '/home/newtonjeri/ai_based_sorting_robot_arm/install/robotic_arm_bringup/share/robotic_arm_bringup/hook/cmake_prefix_path.ps1'
[1.842s] INFO:colcon.colcon_core.shell:Creating environment descriptor '/home/newtonjeri/ai_based_sorting_robot_arm/install/robotic_arm_bringup/share/robotic_arm_bringup/hook/cmake_prefix_path.dsv'
[1.843s] INFO:colcon.colcon_core.shell:Creating environment hook '/home/newtonjeri/ai_based_sorting_robot_arm/install/robotic_arm_bringup/share/robotic_arm_bringup/hook/cmake_prefix_path.sh'
[1.845s] Level 1:colcon.colcon_core.environment:checking '/home/newtonjeri/ai_based_sorting_robot_arm/install/robotic_arm_bringup/bin'
[1.845s] Level 1:colcon.colcon_core.environment:checking '/home/newtonjeri/ai_based_sorting_robot_arm/install/robotic_arm_bringup/lib/pkgconfig/robotic_arm_bringup.pc'
[1.845s] Level 1:colcon.colcon_core.environment:checking '/home/newtonjeri/ai_based_sorting_robot_arm/install/robotic_arm_bringup/lib/python3.10/site-packages'
[1.846s] Level 1:colcon.colcon_core.environment:checking '/home/newtonjeri/ai_based_sorting_robot_arm/install/robotic_arm_bringup/bin'
[1.852s] INFO:colcon.colcon_core.shell:Creating package script '/home/newtonjeri/ai_based_sorting_robot_arm/install/robotic_arm_bringup/share/robotic_arm_bringup/package.ps1'
[1.852s] INFO:colcon.colcon_core.shell:Creating package descriptor '/home/newtonjeri/ai_based_sorting_robot_arm/install/robotic_arm_bringup/share/robotic_arm_bringup/package.dsv'
[1.853s] INFO:colcon.colcon_core.shell:Creating package script '/home/newtonjeri/ai_based_sorting_robot_arm/install/robotic_arm_bringup/share/robotic_arm_bringup/package.sh'
[1.854s] INFO:colcon.colcon_core.shell:Creating package script '/home/newtonjeri/ai_based_sorting_robot_arm/install/robotic_arm_bringup/share/robotic_arm_bringup/package.bash'
[1.856s] INFO:colcon.colcon_core.shell:Creating package script '/home/newtonjeri/ai_based_sorting_robot_arm/install/robotic_arm_bringup/share/robotic_arm_bringup/package.zsh'
[1.858s] Level 1:colcon.colcon_core.environment:create_file_with_runtime_dependencies(/home/newtonjeri/ai_based_sorting_robot_arm/install/robotic_arm_bringup/share/colcon-core/packages/robotic_arm_bringup)
[1.861s] Level 1:colcon.colcon_core.environment:create_environment_scripts_only(robotic_arm_gazebo)
[1.862s] DEBUG:colcon.colcon_core.event_handler.log_command:Invoked command in '/home/newtonjeri/ai_based_sorting_robot_arm/build/robotic_arm_gazebo' returned '0': CMAKE_PREFIX_PATH=${CMAKE_PREFIX_PATH}:/home/newtonjeri/ros2_ws/install/kr210_arm:/opt/ros/humble /usr/bin/cmake --install /home/newtonjeri/ai_based_sorting_robot_arm/build/robotic_arm_gazebo
[1.876s] Level 1:colcon.colcon_core.environment:checking '/home/newtonjeri/ai_based_sorting_robot_arm/install/robotic_arm_gazebo' for CMake module files
[1.879s] Level 1:colcon.colcon_core.environment:checking '/home/newtonjeri/ai_based_sorting_robot_arm/install/robotic_arm_gazebo' for CMake config files
[1.880s] Level 1:colcon.colcon_core.shell:create_environment_hook('robotic_arm_gazebo', 'cmake_prefix_path')
[1.886s] INFO:colcon.colcon_core.shell:Creating environment hook '/home/newtonjeri/ai_based_sorting_robot_arm/install/robotic_arm_gazebo/share/robotic_arm_gazebo/hook/cmake_prefix_path.ps1'
[1.887s] INFO:colcon.colcon_core.shell:Creating environment descriptor '/home/newtonjeri/ai_based_sorting_robot_arm/install/robotic_arm_gazebo/share/robotic_arm_gazebo/hook/cmake_prefix_path.dsv'
[1.888s] INFO:colcon.colcon_core.shell:Creating environment hook '/home/newtonjeri/ai_based_sorting_robot_arm/install/robotic_arm_gazebo/share/robotic_arm_gazebo/hook/cmake_prefix_path.sh'
[1.889s] Level 1:colcon.colcon_core.environment:checking '/home/newtonjeri/ai_based_sorting_robot_arm/install/robotic_arm_gazebo/bin'
[1.889s] Level 1:colcon.colcon_core.environment:checking '/home/newtonjeri/ai_based_sorting_robot_arm/install/robotic_arm_gazebo/lib/pkgconfig/robotic_arm_gazebo.pc'
[1.889s] Level 1:colcon.colcon_core.environment:checking '/home/newtonjeri/ai_based_sorting_robot_arm/install/robotic_arm_gazebo/lib/python3.10/site-packages'
[1.890s] Level 1:colcon.colcon_core.environment:checking '/home/newtonjeri/ai_based_sorting_robot_arm/install/robotic_arm_gazebo/bin'
[1.896s] INFO:colcon.colcon_core.shell:Creating package script '/home/newtonjeri/ai_based_sorting_robot_arm/install/robotic_arm_gazebo/share/robotic_arm_gazebo/package.ps1'
[1.898s] INFO:colcon.colcon_core.shell:Creating package descriptor '/home/newtonjeri/ai_based_sorting_robot_arm/install/robotic_arm_gazebo/share/robotic_arm_gazebo/package.dsv'
[1.899s] INFO:colcon.colcon_core.shell:Creating package script '/home/newtonjeri/ai_based_sorting_robot_arm/install/robotic_arm_gazebo/share/robotic_arm_gazebo/package.sh'
[1.899s] INFO:colcon.colcon_core.shell:Creating package script '/home/newtonjeri/ai_based_sorting_robot_arm/install/robotic_arm_gazebo/share/robotic_arm_gazebo/package.bash'
[1.900s] INFO:colcon.colcon_core.shell:Creating package script '/home/newtonjeri/ai_based_sorting_robot_arm/install/robotic_arm_gazebo/share/robotic_arm_gazebo/package.zsh'
[1.901s] Level 1:colcon.colcon_core.environment:create_file_with_runtime_dependencies(/home/newtonjeri/ai_based_sorting_robot_arm/install/robotic_arm_gazebo/share/colcon-core/packages/robotic_arm_gazebo)
[1.911s] Level 1:colcon.colcon_core.environment:create_environment_scripts_only(robotic_arm_description)
[1.921s] Level 1:colcon.colcon_core.environment:checking '/home/newtonjeri/ai_based_sorting_robot_arm/install/robotic_arm_description' for CMake module files
[1.923s] Level 1:colcon.colcon_core.environment:checking '/home/newtonjeri/ai_based_sorting_robot_arm/install/robotic_arm_description' for CMake config files
[1.925s] Level 1:colcon.colcon_core.shell:create_environment_hook('robotic_arm_description', 'cmake_prefix_path')
[1.931s] INFO:colcon.colcon_core.shell:Creating environment hook '/home/newtonjeri/ai_based_sorting_robot_arm/install/robotic_arm_description/share/robotic_arm_description/hook/cmake_prefix_path.ps1'
[1.932s] INFO:colcon.colcon_core.shell:Creating environment descriptor '/home/newtonjeri/ai_based_sorting_robot_arm/install/robotic_arm_description/share/robotic_arm_description/hook/cmake_prefix_path.dsv'
[1.933s] INFO:colcon.colcon_core.shell:Creating environment hook '/home/newtonjeri/ai_based_sorting_robot_arm/install/robotic_arm_description/share/robotic_arm_description/hook/cmake_prefix_path.sh'
[1.934s] Level 1:colcon.colcon_core.environment:checking '/home/newtonjeri/ai_based_sorting_robot_arm/install/robotic_arm_description/lib'
[1.934s] Level 1:colcon.colcon_core.environment:checking '/home/newtonjeri/ai_based_sorting_robot_arm/install/robotic_arm_description/bin'
[1.934s] Level 1:colcon.colcon_core.environment:checking '/home/newtonjeri/ai_based_sorting_robot_arm/install/robotic_arm_description/lib/pkgconfig/robotic_arm_description.pc'
[1.935s] Level 1:colcon.colcon_core.environment:checking '/home/newtonjeri/ai_based_sorting_robot_arm/install/robotic_arm_description/lib/python3.10/site-packages'
[1.935s] Level 1:colcon.colcon_core.environment:checking '/home/newtonjeri/ai_based_sorting_robot_arm/install/robotic_arm_description/bin'
[1.942s] INFO:colcon.colcon_core.shell:Creating package script '/home/newtonjeri/ai_based_sorting_robot_arm/install/robotic_arm_description/share/robotic_arm_description/package.ps1'
[1.945s] INFO:colcon.colcon_core.shell:Creating package descriptor '/home/newtonjeri/ai_based_sorting_robot_arm/install/robotic_arm_description/share/robotic_arm_description/package.dsv'
[1.946s] INFO:colcon.colcon_core.shell:Creating package script '/home/newtonjeri/ai_based_sorting_robot_arm/install/robotic_arm_description/share/robotic_arm_description/package.sh'
[1.946s] INFO:colcon.colcon_core.shell:Creating package script '/home/newtonjeri/ai_based_sorting_robot_arm/install/robotic_arm_description/share/robotic_arm_description/package.bash'
[1.947s] INFO:colcon.colcon_core.shell:Creating package script '/home/newtonjeri/ai_based_sorting_robot_arm/install/robotic_arm_description/share/robotic_arm_description/package.zsh'
[1.947s] Level 1:colcon.colcon_core.environment:create_file_with_runtime_dependencies(/home/newtonjeri/ai_based_sorting_robot_arm/install/robotic_arm_description/share/colcon-core/packages/robotic_arm_description)
[1.957s] Level 1:colcon.colcon_core.environment:create_environment_scripts_only(robotic_arm_bringup)
[1.966s] Level 1:colcon.colcon_core.environment:checking '/home/newtonjeri/ai_based_sorting_robot_arm/install/robotic_arm_bringup' for CMake module files
[1.967s] Level 1:colcon.colcon_core.environment:checking '/home/newtonjeri/ai_based_sorting_robot_arm/install/robotic_arm_bringup' for CMake config files
[1.967s] Level 1:colcon.colcon_core.shell:create_environment_hook('robotic_arm_bringup', 'cmake_prefix_path')
[1.973s] INFO:colcon.colcon_core.shell:Creating environment hook '/home/newtonjeri/ai_based_sorting_robot_arm/install/robotic_arm_bringup/share/robotic_arm_bringup/hook/cmake_prefix_path.ps1'
[1.973s] INFO:colcon.colcon_core.shell:Creating environment descriptor '/home/newtonjeri/ai_based_sorting_robot_arm/install/robotic_arm_bringup/share/robotic_arm_bringup/hook/cmake_prefix_path.dsv'
[1.974s] INFO:colcon.colcon_core.shell:Creating environment hook '/home/newtonjeri/ai_based_sorting_robot_arm/install/robotic_arm_bringup/share/robotic_arm_bringup/hook/cmake_prefix_path.sh'
[1.975s] Level 1:colcon.colcon_core.environment:checking '/home/newtonjeri/ai_based_sorting_robot_arm/install/robotic_arm_bringup/bin'
[1.975s] Level 1:colcon.colcon_core.environment:checking '/home/newtonjeri/ai_based_sorting_robot_arm/install/robotic_arm_bringup/lib/pkgconfig/robotic_arm_bringup.pc'
[1.975s] Level 1:colcon.colcon_core.environment:checking '/home/newtonjeri/ai_based_sorting_robot_arm/install/robotic_arm_bringup/lib/python3.10/site-packages'
[1.976s] Level 1:colcon.colcon_core.environment:checking '/home/newtonjeri/ai_based_sorting_robot_arm/install/robotic_arm_bringup/bin'
[1.983s] INFO:colcon.colcon_core.shell:Creating package script '/home/newtonjeri/ai_based_sorting_robot_arm/install/robotic_arm_bringup/share/robotic_arm_bringup/package.ps1'
[1.984s] INFO:colcon.colcon_core.shell:Creating package descriptor '/home/newtonjeri/ai_based_sorting_robot_arm/install/robotic_arm_bringup/share/robotic_arm_bringup/package.dsv'
[1.984s] INFO:colcon.colcon_core.shell:Creating package script '/home/newtonjeri/ai_based_sorting_robot_arm/install/robotic_arm_bringup/share/robotic_arm_bringup/package.sh'
[1.985s] INFO:colcon.colcon_core.shell:Creating package script '/home/newtonjeri/ai_based_sorting_robot_arm/install/robotic_arm_bringup/share/robotic_arm_bringup/package.bash'
[1.986s] INFO:colcon.colcon_core.shell:Creating package script '/home/newtonjeri/ai_based_sorting_robot_arm/install/robotic_arm_bringup/share/robotic_arm_bringup/package.zsh'
[1.986s] Level 1:colcon.colcon_core.environment:create_file_with_runtime_dependencies(/home/newtonjeri/ai_based_sorting_robot_arm/install/robotic_arm_bringup/share/colcon-core/packages/robotic_arm_bringup)
[1.993s] Level 1:colcon.colcon_core.environment:create_environment_scripts_only(robotic_arm_gazebo)
[2.003s] Level 1:colcon.colcon_core.environment:checking '/home/newtonjeri/ai_based_sorting_robot_arm/install/robotic_arm_gazebo' for CMake module files
[2.006s] Level 1:colcon.colcon_core.environment:checking '/home/newtonjeri/ai_based_sorting_robot_arm/install/robotic_arm_gazebo' for CMake config files
[2.007s] Level 1:colcon.colcon_core.shell:create_environment_hook('robotic_arm_gazebo', 'cmake_prefix_path')
[2.013s] INFO:colcon.colcon_core.shell:Creating environment hook '/home/newtonjeri/ai_based_sorting_robot_arm/install/robotic_arm_gazebo/share/robotic_arm_gazebo/hook/cmake_prefix_path.ps1'
[2.014s] INFO:colcon.colcon_core.shell:Creating environment descriptor '/home/newtonjeri/ai_based_sorting_robot_arm/install/robotic_arm_gazebo/share/robotic_arm_gazebo/hook/cmake_prefix_path.dsv'
[2.015s] INFO:colcon.colcon_core.shell:Creating environment hook '/home/newtonjeri/ai_based_sorting_robot_arm/install/robotic_arm_gazebo/share/robotic_arm_gazebo/hook/cmake_prefix_path.sh'
[2.016s] Level 1:colcon.colcon_core.environment:checking '/home/newtonjeri/ai_based_sorting_robot_arm/install/robotic_arm_gazebo/bin'
[2.016s] Level 1:colcon.colcon_core.environment:checking '/home/newtonjeri/ai_based_sorting_robot_arm/install/robotic_arm_gazebo/lib/pkgconfig/robotic_arm_gazebo.pc'
[2.016s] Level 1:colcon.colcon_core.environment:checking '/home/newtonjeri/ai_based_sorting_robot_arm/install/robotic_arm_gazebo/lib/python3.10/site-packages'
[2.017s] Level 1:colcon.colcon_core.environment:checking '/home/newtonjeri/ai_based_sorting_robot_arm/install/robotic_arm_gazebo/bin'
[2.022s] INFO:colcon.colcon_core.shell:Creating package script '/home/newtonjeri/ai_based_sorting_robot_arm/install/robotic_arm_gazebo/share/robotic_arm_gazebo/package.ps1'
[2.022s] INFO:colcon.colcon_core.shell:Creating package descriptor '/home/newtonjeri/ai_based_sorting_robot_arm/install/robotic_arm_gazebo/share/robotic_arm_gazebo/package.dsv'
[2.023s] INFO:colcon.colcon_core.shell:Creating package script '/home/newtonjeri/ai_based_sorting_robot_arm/install/robotic_arm_gazebo/share/robotic_arm_gazebo/package.sh'
[2.024s] INFO:colcon.colcon_core.shell:Creating package script '/home/newtonjeri/ai_based_sorting_robot_arm/install/robotic_arm_gazebo/share/robotic_arm_gazebo/package.bash'
[2.024s] INFO:colcon.colcon_core.shell:Creating package script '/home/newtonjeri/ai_based_sorting_robot_arm/install/robotic_arm_gazebo/share/robotic_arm_gazebo/package.zsh'
[2.025s] Level 1:colcon.colcon_core.environment:create_file_with_runtime_dependencies(/home/newtonjeri/ai_based_sorting_robot_arm/install/robotic_arm_gazebo/share/colcon-core/packages/robotic_arm_gazebo)
[2.026s] DEBUG:colcon.colcon_parallel_executor.executor.parallel:closing loop
[2.027s] DEBUG:colcon.colcon_parallel_executor.executor.parallel:loop closed
[2.027s] DEBUG:colcon.colcon_parallel_executor.executor.parallel:run_until_complete finished with '0'
[2.027s] DEBUG:colcon.colcon_core.event_reactor:joining thread
[2.278s] INFO:colcon.colcon_core.plugin_system:Skipping extension 'colcon_notification.desktop_notification.notify_send': Could not find 'notify-send'
[2.279s] INFO:colcon.colcon_core.plugin_system:Skipping extension 'colcon_notification.desktop_notification.terminal_notifier': Not used on non-Darwin systems
[2.279s] INFO:colcon.colcon_core.plugin_system:Skipping extension 'colcon_notification.desktop_notification.win32': Not used on non-Windows systems
[2.279s] INFO:colcon.colcon_notification.desktop_notification:Sending desktop notification using 'notify2'
[2.291s] DEBUG:colcon.colcon_notification.desktop_notification.notify2:Failed to initialize notify2: org.freedesktop.DBus.Error.ServiceUnknown: The name org.freedesktop.Notifications was not provided by any .service files
[2.292s] DEBUG:colcon.colcon_core.event_reactor:joined thread
[2.298s] INFO:colcon.colcon_core.shell:Creating prefix script '/home/newtonjeri/ai_based_sorting_robot_arm/install/local_setup.ps1'
[2.301s] INFO:colcon.colcon_core.shell:Creating prefix util module '/home/newtonjeri/ai_based_sorting_robot_arm/install/_local_setup_util_ps1.py'
[2.304s] INFO:colcon.colcon_core.shell:Creating prefix chain script '/home/newtonjeri/ai_based_sorting_robot_arm/install/setup.ps1'
[2.308s] INFO:colcon.colcon_core.shell:Creating prefix script '/home/newtonjeri/ai_based_sorting_robot_arm/install/local_setup.sh'
[2.308s] INFO:colcon.colcon_core.shell:Creating prefix util module '/home/newtonjeri/ai_based_sorting_robot_arm/install/_local_setup_util_sh.py'
[2.309s] INFO:colcon.colcon_core.shell:Creating prefix chain script '/home/newtonjeri/ai_based_sorting_robot_arm/install/setup.sh'
[2.313s] INFO:colcon.colcon_core.shell:Creating prefix script '/home/newtonjeri/ai_based_sorting_robot_arm/install/local_setup.bash'
[2.314s] INFO:colcon.colcon_core.shell:Creating prefix chain script '/home/newtonjeri/ai_based_sorting_robot_arm/install/setup.bash'
[2.317s] INFO:colcon.colcon_core.shell:Creating prefix script '/home/newtonjeri/ai_based_sorting_robot_arm/install/local_setup.zsh'
[2.317s] INFO:colcon.colcon_core.shell:Creating prefix chain script '/home/newtonjeri/ai_based_sorting_robot_arm/install/setup.zsh'
