-- Install configuration: ""
-- Execute custom install script
-- Up-to-date symlink: /home/newtonjeri/ai_based_sorting_robot_arm/install/robotic_arm_description/share/robotic_arm_description/meshes/base_link.stl
-- Symlinking: /home/newtonjeri/ai_based_sorting_robot_arm/install/robotic_arm_description/share/robotic_arm_description/meshes/camera_link.stl
-- Symlinking: /home/newtonjeri/ai_based_sorting_robot_arm/install/robotic_arm_description/share/robotic_arm_description/meshes/gripper_base.stl
-- Symlinking: /home/newtonjeri/ai_based_sorting_robot_arm/install/robotic_arm_description/share/robotic_arm_description/meshes/link_1.stl
-- Symlinking: /home/newtonjeri/ai_based_sorting_robot_arm/install/robotic_arm_description/share/robotic_arm_description/meshes/link_2a.stl
-- Symlinking: /home/newtonjeri/ai_based_sorting_robot_arm/install/robotic_arm_description/share/robotic_arm_description/meshes/link_2b.stl
-- Symlinking: /home/newtonjeri/ai_based_sorting_robot_arm/install/robotic_arm_description/share/robotic_arm_description/meshes/slidder_gripper_1.stl
-- Symlinking: /home/newtonjeri/ai_based_sorting_robot_arm/install/robotic_arm_description/share/robotic_arm_description/meshes/slidder_gripper_2.stl
-- Symlinking: /home/newtonjeri/ai_based_sorting_robot_arm/install/robotic_arm_description/share/robotic_arm_description/meshes/slider_slot.stl
-- Symlinking: /home/newtonjeri/ai_based_sorting_robot_arm/install/robotic_arm_description/share/robotic_arm_description/meshes/waist.stl
-- Up-to-date symlink: /home/newtonjeri/ai_based_sorting_robot_arm/install/robotic_arm_description/share/robotic_arm_description/urdf/materials.xacro
-- Up-to-date symlink: /home/newtonjeri/ai_based_sorting_robot_arm/install/robotic_arm_description/share/robotic_arm_description/urdf/robotic_arm.gazebo.xml
-- Up-to-date symlink: /home/newtonjeri/ai_based_sorting_robot_arm/install/robotic_arm_description/share/robotic_arm_description/urdf/robotic_arm.trans
-- Up-to-date symlink: /home/newtonjeri/ai_based_sorting_robot_arm/install/robotic_arm_description/share/robotic_arm_description/urdf/robotic_arm.xacro
-- Up-to-date symlink: /home/newtonjeri/ai_based_sorting_robot_arm/install/robotic_arm_description/share/robotic_arm_description/launch/spawn_robot_launch.launch.py
-- Up-to-date symlink: /home/newtonjeri/ai_based_sorting_robot_arm/install/robotic_arm_description/share/robotic_arm_description/launch/spawn_robotic_arm.py
-- Up-to-date symlink: /home/newtonjeri/ai_based_sorting_robot_arm/install/robotic_arm_description/lib/robotic_arm_description/spawn_robotic_arm.py
-- Up-to-date symlink: /home/newtonjeri/ai_based_sorting_robot_arm/install/robotic_arm_description/share/ament_index/resource_index/package_run_dependencies/robotic_arm_description
-- Up-to-date symlink: /home/newtonjeri/ai_based_sorting_robot_arm/install/robotic_arm_description/share/ament_index/resource_index/parent_prefix_path/robotic_arm_description
-- Up-to-date symlink: /home/newtonjeri/ai_based_sorting_robot_arm/install/robotic_arm_description/share/robotic_arm_description/environment/ament_prefix_path.sh
-- Up-to-date symlink: /home/newtonjeri/ai_based_sorting_robot_arm/install/robotic_arm_description/share/robotic_arm_description/environment/ament_prefix_path.dsv
-- Up-to-date symlink: /home/newtonjeri/ai_based_sorting_robot_arm/install/robotic_arm_description/share/robotic_arm_description/environment/path.sh
-- Up-to-date symlink: /home/newtonjeri/ai_based_sorting_robot_arm/install/robotic_arm_description/share/robotic_arm_description/environment/path.dsv
-- Up-to-date symlink: /home/newtonjeri/ai_based_sorting_robot_arm/install/robotic_arm_description/share/robotic_arm_description/local_setup.bash
-- Up-to-date symlink: /home/newtonjeri/ai_based_sorting_robot_arm/install/robotic_arm_description/share/robotic_arm_description/local_setup.sh
-- Up-to-date symlink: /home/newtonjeri/ai_based_sorting_robot_arm/install/robotic_arm_description/share/robotic_arm_description/local_setup.zsh
-- Up-to-date symlink: /home/newtonjeri/ai_based_sorting_robot_arm/install/robotic_arm_description/share/robotic_arm_description/local_setup.dsv
-- Symlinking: /home/newtonjeri/ai_based_sorting_robot_arm/install/robotic_arm_description/share/robotic_arm_description/package.dsv
-- Up-to-date symlink: /home/newtonjeri/ai_based_sorting_robot_arm/install/robotic_arm_description/share/ament_index/resource_index/packages/robotic_arm_description
-- Up-to-date symlink: /home/newtonjeri/ai_based_sorting_robot_arm/install/robotic_arm_description/share/robotic_arm_description/cmake/robotic_arm_descriptionConfig.cmake
-- Up-to-date symlink: /home/newtonjeri/ai_based_sorting_robot_arm/install/robotic_arm_description/share/robotic_arm_description/cmake/robotic_arm_descriptionConfig-version.cmake
-- Up-to-date symlink: /home/newtonjeri/ai_based_sorting_robot_arm/install/robotic_arm_description/share/robotic_arm_description/package.xml
