[5.588s] Invoking command in '/home/newtonjeri/ai_based_sorting_robot_arm/build/robotic_arm_custom_nodes': PYTHONPATH=/home/newtonjeri/ai_based_sorting_robot_arm/build/robotic_arm_custom_nodes/prefix_override:/home/newtonjeri/ai_based_sorting_robot_arm/install/robotic_arm_custom_nodes/lib/python3.10/site-packages:${PYTHONPATH} /usr/bin/python3 setup.py develop --uninstall --editable --build-directory /home/newtonjeri/ai_based_sorting_robot_arm/build/robotic_arm_custom_nodes/build
[7.528s] running develop
[9.449s] Removing /home/newtonjeri/ai_based_sorting_robot_arm/install/robotic_arm_custom_nodes/lib/python3.10/site-packages/robotic-arm-custom-nodes.egg-link (link to .)
[9.659s] Invoked command in '/home/newtonjeri/ai_based_sorting_robot_arm/build/robotic_arm_custom_nodes' returned '0': PYTHONPATH=/home/newtonjeri/ai_based_sorting_robot_arm/build/robotic_arm_custom_nodes/prefix_override:/home/newtonjeri/ai_based_sorting_robot_arm/install/robotic_arm_custom_nodes/lib/python3.10/site-packages:${PYTHONPATH} /usr/bin/python3 setup.py develop --uninstall --editable --build-directory /home/newtonjeri/ai_based_sorting_robot_arm/build/robotic_arm_custom_nodes/build
[9.660s] Invoking command in '/home/newtonjeri/ai_based_sorting_robot_arm/src/robotic_arm_custom_nodes': PYTHONPATH=/home/newtonjeri/ai_based_sorting_robot_arm/build/robotic_arm_custom_nodes/prefix_override:/home/newtonjeri/ai_based_sorting_robot_arm/install/robotic_arm_custom_nodes/lib/python3.10/site-packages:${PYTHONPATH} /usr/bin/python3 setup.py egg_info --egg-base ../../build/robotic_arm_custom_nodes build --build-base /home/newtonjeri/ai_based_sorting_robot_arm/build/robotic_arm_custom_nodes/build install --record /home/newtonjeri/ai_based_sorting_robot_arm/build/robotic_arm_custom_nodes/install.log --single-version-externally-managed
[12.453s] running egg_info
[12.462s] writing ../../build/robotic_arm_custom_nodes/robotic_arm_custom_nodes.egg-info/PKG-INFO
[12.466s] writing dependency_links to ../../build/robotic_arm_custom_nodes/robotic_arm_custom_nodes.egg-info/dependency_links.txt
[12.469s] writing entry points to ../../build/robotic_arm_custom_nodes/robotic_arm_custom_nodes.egg-info/entry_points.txt
[12.470s] writing requirements to ../../build/robotic_arm_custom_nodes/robotic_arm_custom_nodes.egg-info/requires.txt
[12.471s] writing top-level names to ../../build/robotic_arm_custom_nodes/robotic_arm_custom_nodes.egg-info/top_level.txt
[12.490s] reading manifest file '../../build/robotic_arm_custom_nodes/robotic_arm_custom_nodes.egg-info/SOURCES.txt'
[12.494s] writing manifest file '../../build/robotic_arm_custom_nodes/robotic_arm_custom_nodes.egg-info/SOURCES.txt'
[12.504s] running build
[12.505s] running build_py
[12.510s] running install
[12.511s] running install_lib
[12.527s] creating /home/newtonjeri/ai_based_sorting_robot_arm/install/robotic_arm_custom_nodes/lib/python3.10/site-packages/robotic_arm_custom_nodes
[12.528s] copying /home/newtonjeri/ai_based_sorting_robot_arm/build/robotic_arm_custom_nodes/build/lib/robotic_arm_custom_nodes/fk_test_node.py -> /home/newtonjeri/ai_based_sorting_robot_arm/install/robotic_arm_custom_nodes/lib/python3.10/site-packages/robotic_arm_custom_nodes
[12.529s] copying /home/newtonjeri/ai_based_sorting_robot_arm/build/robotic_arm_custom_nodes/build/lib/robotic_arm_custom_nodes/inverse_kinematics_node.py -> /home/newtonjeri/ai_based_sorting_robot_arm/install/robotic_arm_custom_nodes/lib/python3.10/site-packages/robotic_arm_custom_nodes
[12.530s] copying /home/newtonjeri/ai_based_sorting_robot_arm/build/robotic_arm_custom_nodes/build/lib/robotic_arm_custom_nodes/__init__.py -> /home/newtonjeri/ai_based_sorting_robot_arm/install/robotic_arm_custom_nodes/lib/python3.10/site-packages/robotic_arm_custom_nodes
[12.546s] byte-compiling /home/newtonjeri/ai_based_sorting_robot_arm/install/robotic_arm_custom_nodes/lib/python3.10/site-packages/robotic_arm_custom_nodes/fk_test_node.py to fk_test_node.cpython-310.pyc
[12.546s] byte-compiling /home/newtonjeri/ai_based_sorting_robot_arm/install/robotic_arm_custom_nodes/lib/python3.10/site-packages/robotic_arm_custom_nodes/inverse_kinematics_node.py to inverse_kinematics_node.cpython-310.pyc
[12.547s] byte-compiling /home/newtonjeri/ai_based_sorting_robot_arm/install/robotic_arm_custom_nodes/lib/python3.10/site-packages/robotic_arm_custom_nodes/__init__.py to __init__.cpython-310.pyc
[12.547s] running install_data
[12.566s] running install_egg_info
[12.567s] Copying ../../build/robotic_arm_custom_nodes/robotic_arm_custom_nodes.egg-info to /home/newtonjeri/ai_based_sorting_robot_arm/install/robotic_arm_custom_nodes/lib/python3.10/site-packages/robotic_arm_custom_nodes-0.0.0-py3.10.egg-info
[12.569s] running install_scripts
[12.899s] Installing ik_test_node script to /home/newtonjeri/ai_based_sorting_robot_arm/install/robotic_arm_custom_nodes/lib/robotic_arm_custom_nodes
[12.899s] writing list of installed files to '/home/newtonjeri/ai_based_sorting_robot_arm/build/robotic_arm_custom_nodes/install.log'
[13.400s] Invoked command in '/home/newtonjeri/ai_based_sorting_robot_arm/src/robotic_arm_custom_nodes' returned '0': PYTHONPATH=/home/newtonjeri/ai_based_sorting_robot_arm/build/robotic_arm_custom_nodes/prefix_override:/home/newtonjeri/ai_based_sorting_robot_arm/install/robotic_arm_custom_nodes/lib/python3.10/site-packages:${PYTHONPATH} /usr/bin/python3 setup.py egg_info --egg-base ../../build/robotic_arm_custom_nodes build --build-base /home/newtonjeri/ai_based_sorting_robot_arm/build/robotic_arm_custom_nodes/build install --record /home/newtonjeri/ai_based_sorting_robot_arm/build/robotic_arm_custom_nodes/install.log --single-version-externally-managed
