[2.221s] Invoking command in '/home/newtonjeri/ai_based_sorting_robot_arm/build/robotic_arm_controllers': CMAKE_PREFIX_PATH=${CMAKE_PREFIX_PATH}:/home/newtonjeri/ai_based_sorting_robot_arm/install/robotic_arm_custom_nodes:/opt/ros/humble /usr/bin/cmake --build /home/newtonjeri/ai_based_sorting_robot_arm/build/robotic_arm_controllers -- -j4 -l4
[4.724s] Invoked command in '/home/newtonjeri/ai_based_sorting_robot_arm/build/robotic_arm_controllers' returned '0': CMAKE_PREFIX_PATH=${CMAKE_PREFIX_PATH}:/home/newtonjeri/ai_based_sorting_robot_arm/install/robotic_arm_custom_nodes:/opt/ros/humble /usr/bin/cmake --build /home/newtonjeri/ai_based_sorting_robot_arm/build/robotic_arm_controllers -- -j4 -l4
[5.331s] Invoking command in '/home/newtonjeri/ai_based_sorting_robot_arm/build/robotic_arm_controllers': CMAKE_PREFIX_PATH=${CMAKE_PREFIX_PATH}:/home/newtonjeri/ai_based_sorting_robot_arm/install/robotic_arm_custom_nodes:/opt/ros/humble /usr/bin/cmake --install /home/newtonjeri/ai_based_sorting_robot_arm/build/robotic_arm_controllers
[5.447s] -- Install configuration: ""
[5.457s] -- Execute custom install script
[5.457s] -- Symlinking: /home/newtonjeri/ai_based_sorting_robot_arm/install/robotic_arm_controllers/share/robotic_arm_controllers/launch/__pycache__/robot_arm_controllers.launch.cpython-310.pyc
[5.502s] -- Up-to-date symlink: /home/newtonjeri/ai_based_sorting_robot_arm/install/robotic_arm_controllers/share/robotic_arm_controllers/launch/robot_arm_controllers.launch.py
[5.502s] -- Up-to-date symlink: /home/newtonjeri/ai_based_sorting_robot_arm/install/robotic_arm_controllers/share/robotic_arm_controllers/config/robot_arm_controllers.yaml
[5.502s] -- Up-to-date symlink: /home/newtonjeri/ai_based_sorting_robot_arm/install/robotic_arm_controllers/share/ament_index/resource_index/package_run_dependencies/robotic_arm_controllers
[5.503s] -- Up-to-date symlink: /home/newtonjeri/ai_based_sorting_robot_arm/install/robotic_arm_controllers/share/ament_index/resource_index/parent_prefix_path/robotic_arm_controllers
[5.503s] -- Up-to-date symlink: /home/newtonjeri/ai_based_sorting_robot_arm/install/robotic_arm_controllers/share/robotic_arm_controllers/environment/ament_prefix_path.sh
[5.504s] -- Up-to-date symlink: /home/newtonjeri/ai_based_sorting_robot_arm/install/robotic_arm_controllers/share/robotic_arm_controllers/environment/ament_prefix_path.dsv
[5.504s] -- Up-to-date symlink: /home/newtonjeri/ai_based_sorting_robot_arm/install/robotic_arm_controllers/share/robotic_arm_controllers/environment/path.sh
[5.505s] -- Up-to-date symlink: /home/newtonjeri/ai_based_sorting_robot_arm/install/robotic_arm_controllers/share/robotic_arm_controllers/environment/path.dsv
[5.510s] -- Up-to-date symlink: /home/newtonjeri/ai_based_sorting_robot_arm/install/robotic_arm_controllers/share/robotic_arm_controllers/local_setup.bash
[5.510s] -- Up-to-date symlink: /home/newtonjeri/ai_based_sorting_robot_arm/install/robotic_arm_controllers/share/robotic_arm_controllers/local_setup.sh
[5.510s] -- Up-to-date symlink: /home/newtonjeri/ai_based_sorting_robot_arm/install/robotic_arm_controllers/share/robotic_arm_controllers/local_setup.zsh
[5.510s] -- Up-to-date symlink: /home/newtonjeri/ai_based_sorting_robot_arm/install/robotic_arm_controllers/share/robotic_arm_controllers/local_setup.dsv
[5.511s] -- Symlinking: /home/newtonjeri/ai_based_sorting_robot_arm/install/robotic_arm_controllers/share/robotic_arm_controllers/package.dsv
[5.583s] -- Up-to-date symlink: /home/newtonjeri/ai_based_sorting_robot_arm/install/robotic_arm_controllers/share/ament_index/resource_index/packages/robotic_arm_controllers
[5.583s] -- Up-to-date symlink: /home/newtonjeri/ai_based_sorting_robot_arm/install/robotic_arm_controllers/share/robotic_arm_controllers/cmake/robotic_arm_controllersConfig.cmake
[5.583s] -- Up-to-date symlink: /home/newtonjeri/ai_based_sorting_robot_arm/install/robotic_arm_controllers/share/robotic_arm_controllers/cmake/robotic_arm_controllersConfig-version.cmake
[5.584s] -- Up-to-date symlink: /home/newtonjeri/ai_based_sorting_robot_arm/install/robotic_arm_controllers/share/robotic_arm_controllers/package.xml
[5.612s] Invoked command in '/home/newtonjeri/ai_based_sorting_robot_arm/build/robotic_arm_controllers' returned '0': CMAKE_PREFIX_PATH=${CMAKE_PREFIX_PATH}:/home/newtonjeri/ai_based_sorting_robot_arm/install/robotic_arm_custom_nodes:/opt/ros/humble /usr/bin/cmake --install /home/newtonjeri/ai_based_sorting_robot_arm/build/robotic_arm_controllers
