[0.799s] Invoking command in '/home/newtonjeri/ai_based_sorting_robot_arm/build/robotic_arm_kinematics': CMAKE_PREFIX_PATH=/opt/ros/humble /usr/bin/cmake --build /home/newtonjeri/ai_based_sorting_robot_arm/build/robotic_arm_kinematics -- -j4 -l4
[0.932s] -- Found ament_cmake: 1.3.5 (/opt/ros/humble/share/ament_cmake/cmake)
[1.929s] -- Override CMake install command with custom implementation using symlinks instead of copying resources
[1.961s] -- Found rclcpp: 16.0.6 (/opt/ros/humble/share/rclcpp/cmake)
[3.278s] -- Found rosidl_generator_c: 3.1.5 (/opt/ros/humble/share/rosidl_generator_c/cmake)
[3.291s] -- Found rosidl_adapter: 3.1.5 (/opt/ros/humble/share/rosidl_adapter/cmake)
[3.393s] -- Found rosidl_generator_cpp: 3.1.5 (/opt/ros/humble/share/rosidl_generator_cpp/cmake)
[3.526s] -- Using all available rosidl_typesupport_c: rosidl_typesupport_fastrtps_c;rosidl_typesupport_introspection_c
[3.612s] -- Using all available rosidl_typesupport_cpp: rosidl_typesupport_fastrtps_cpp;rosidl_typesupport_introspection_cpp
[3.962s] -- Found rmw_implementation_cmake: 6.1.1 (/opt/ros/humble/share/rmw_implementation_cmake/cmake)
[3.972s] -- Found rmw_fastrtps_cpp: 6.2.4 (/opt/ros/humble/share/rmw_fastrtps_cpp/cmake)
[42.296s] -- Using RMW implementation 'rmw_fastrtps_cpp' as default
[51.109s] [31mCMake Error at CMakeLists.txt:11 (find_package):
[51.109s]   By not providing "Findtrajectrory_msgs.cmake" in CMAKE_MODULE_PATH this
[51.109s]   project has asked CMake to find a package configuration file provided by
[51.109s]   "trajectrory_msgs", but CMake did not find one.
[51.109s] 
[51.110s]   Could not find a package configuration file provided by "trajectrory_msgs"
[51.110s]   with any of the following names:
[51.110s] 
[51.110s]     trajectrory_msgsConfig.cmake
[51.110s]     trajectrory_msgs-config.cmake
[51.110s] 
[51.110s]   Add the installation prefix of "trajectrory_msgs" to CMAKE_PREFIX_PATH or
[51.110s]   set "trajectrory_msgs_DIR" to a directory containing one of the above
[51.110s]   files.  If "trajectrory_msgs" provides a separate development package or
[51.110s]   SDK, be sure it has been installed.
[51.110s] 
[51.111s] [0m
[51.111s] -- Configuring incomplete, errors occurred!
[51.111s] See also "/home/newtonjeri/ai_based_sorting_robot_arm/build/robotic_arm_kinematics/CMakeFiles/CMakeOutput.log".
[51.127s] gmake: *** [Makefile:226: cmake_check_build_system] Error 1
[51.134s] Invoked command in '/home/newtonjeri/ai_based_sorting_robot_arm/build/robotic_arm_kinematics' returned '2': CMAKE_PREFIX_PATH=/opt/ros/humble /usr/bin/cmake --build /home/newtonjeri/ai_based_sorting_robot_arm/build/robotic_arm_kinematics -- -j4 -l4
