[0.070s] Invoking command in '/home/newtonjeri/ai_based_sorting_robot_arm/build/robotic_arm_gazebo': CMAKE_PREFIX_PATH=${CMAKE_PREFIX_PATH}:/opt/ros/humble /usr/bin/cmake /home/newtonjeri/ai_based_sorting_robot_arm/src/robotic_arm_gazebo -DCMAKE_INSTALL_PREFIX=/home/newtonjeri/ai_based_sorting_robot_arm/install/robotic_arm_gazebo
[0.102s] -- Found ament_cmake: 1.3.5 (/opt/ros/humble/share/ament_cmake/cmake)
[0.496s] -- Override CMake install command with custom implementation using symlinks instead of copying resources
[0.541s] -- Found rclcpp: 16.0.5 (/opt/ros/humble/share/rclcpp/cmake)
[1.417s] -- Found rosidl_generator_c: 3.1.5 (/opt/ros/humble/share/rosidl_generator_c/cmake)
[1.432s] -- Found rosidl_adapter: 3.1.5 (/opt/ros/humble/share/rosidl_adapter/cmake)
[1.471s] -- Found rosidl_generator_cpp: 3.1.5 (/opt/ros/humble/share/rosidl_generator_cpp/cmake)
[1.543s] -- Using all available rosidl_typesupport_c: rosidl_typesupport_fastrtps_c;rosidl_typesupport_introspection_c
[1.628s] -- Using all available rosidl_typesupport_cpp: rosidl_typesupport_fastrtps_cpp;rosidl_typesupport_introspection_cpp
[1.940s] -- Found rmw_implementation_cmake: 6.1.1 (/opt/ros/humble/share/rmw_implementation_cmake/cmake)
[1.955s] -- Found rmw_fastrtps_cpp: 6.2.3 (/opt/ros/humble/share/rmw_fastrtps_cpp/cmake)
[56.409s] -- Using RMW implementation 'rmw_fastrtps_cpp' as default
[58.018s] -- Found rclpy: 3.3.9 (/opt/ros/humble/share/rclpy/cmake)
[58.022s] -- Found ament_lint_auto: 0.12.7 (/opt/ros/humble/share/ament_lint_auto/cmake)
[58.751s] -- Added test 'copyright' to check source files copyright and LICENSE
[58.761s] -- Added test 'flake8' to check Python code syntax and style conventions
[58.763s] -- Added test 'lint_cmake' to check CMake code style
[58.766s] -- Added test 'pep257' to check Python code against some of the docstring style conventions in PEP 257
[58.770s] -- Added test 'xmllint' to check XML markup files
[58.777s] -- Configuring done
[58.803s] -- Generating done
[58.811s] -- Build files have been written to: /home/newtonjeri/ai_based_sorting_robot_arm/build/robotic_arm_gazebo
[58.858s] Invoked command in '/home/newtonjeri/ai_based_sorting_robot_arm/build/robotic_arm_gazebo' returned '0': CMAKE_PREFIX_PATH=${CMAKE_PREFIX_PATH}:/opt/ros/humble /usr/bin/cmake /home/newtonjeri/ai_based_sorting_robot_arm/src/robotic_arm_gazebo -DCMAKE_INSTALL_PREFIX=/home/newtonjeri/ai_based_sorting_robot_arm/install/robotic_arm_gazebo
[58.868s] Invoking command in '/home/newtonjeri/ai_based_sorting_robot_arm/build/robotic_arm_gazebo': CMAKE_PREFIX_PATH=${CMAKE_PREFIX_PATH}:/opt/ros/humble /usr/bin/cmake --build /home/newtonjeri/ai_based_sorting_robot_arm/build/robotic_arm_gazebo -- -j4 -l4
[59.000s] Invoked command in '/home/newtonjeri/ai_based_sorting_robot_arm/build/robotic_arm_gazebo' returned '0': CMAKE_PREFIX_PATH=${CMAKE_PREFIX_PATH}:/opt/ros/humble /usr/bin/cmake --build /home/newtonjeri/ai_based_sorting_robot_arm/build/robotic_arm_gazebo -- -j4 -l4
[59.077s] Invoking command in '/home/newtonjeri/ai_based_sorting_robot_arm/build/robotic_arm_gazebo': CMAKE_PREFIX_PATH=${CMAKE_PREFIX_PATH}:/opt/ros/humble /usr/bin/cmake --install /home/newtonjeri/ai_based_sorting_robot_arm/build/robotic_arm_gazebo
[59.104s] -- Install configuration: ""
[59.108s] -- Execute custom install script
[59.108s] -- Up-to-date symlink: /home/newtonjeri/ai_based_sorting_robot_arm/install/robotic_arm_gazebo/share/robotic_arm_gazebo/launch/robotic_arm_launch.py
[59.109s] -- Up-to-date symlink: /home/newtonjeri/ai_based_sorting_robot_arm/install/robotic_arm_gazebo/share/robotic_arm_gazebo/launch/start_world_launch.py
[59.110s] -- Up-to-date symlink: /home/newtonjeri/ai_based_sorting_robot_arm/install/robotic_arm_gazebo/share/robotic_arm_gazebo/worlds/robotic_arm_empty.world
[59.110s] -- Up-to-date symlink: /home/newtonjeri/ai_based_sorting_robot_arm/install/robotic_arm_gazebo/share/ament_index/resource_index/package_run_dependencies/robotic_arm_gazebo
[59.111s] -- Up-to-date symlink: /home/newtonjeri/ai_based_sorting_robot_arm/install/robotic_arm_gazebo/share/ament_index/resource_index/parent_prefix_path/robotic_arm_gazebo
[59.111s] -- Up-to-date symlink: /home/newtonjeri/ai_based_sorting_robot_arm/install/robotic_arm_gazebo/share/robotic_arm_gazebo/environment/ament_prefix_path.sh
[59.111s] -- Up-to-date symlink: /home/newtonjeri/ai_based_sorting_robot_arm/install/robotic_arm_gazebo/share/robotic_arm_gazebo/environment/ament_prefix_path.dsv
[59.112s] -- Up-to-date symlink: /home/newtonjeri/ai_based_sorting_robot_arm/install/robotic_arm_gazebo/share/robotic_arm_gazebo/environment/path.sh
[59.113s] -- Up-to-date symlink: /home/newtonjeri/ai_based_sorting_robot_arm/install/robotic_arm_gazebo/share/robotic_arm_gazebo/environment/path.dsv
[59.114s] -- Up-to-date symlink: /home/newtonjeri/ai_based_sorting_robot_arm/install/robotic_arm_gazebo/share/robotic_arm_gazebo/local_setup.bash
[59.116s] -- Up-to-date symlink: /home/newtonjeri/ai_based_sorting_robot_arm/install/robotic_arm_gazebo/share/robotic_arm_gazebo/local_setup.sh
[59.118s] -- Up-to-date symlink: /home/newtonjeri/ai_based_sorting_robot_arm/install/robotic_arm_gazebo/share/robotic_arm_gazebo/local_setup.zsh
[59.119s] -- Up-to-date symlink: /home/newtonjeri/ai_based_sorting_robot_arm/install/robotic_arm_gazebo/share/robotic_arm_gazebo/local_setup.dsv
[59.120s] -- Symlinking: /home/newtonjeri/ai_based_sorting_robot_arm/install/robotic_arm_gazebo/share/robotic_arm_gazebo/package.dsv
[59.149s] -- Up-to-date symlink: /home/newtonjeri/ai_based_sorting_robot_arm/install/robotic_arm_gazebo/share/ament_index/resource_index/packages/robotic_arm_gazebo
[59.150s] -- Up-to-date symlink: /home/newtonjeri/ai_based_sorting_robot_arm/install/robotic_arm_gazebo/share/robotic_arm_gazebo/cmake/robotic_arm_gazeboConfig.cmake
[59.150s] -- Up-to-date symlink: /home/newtonjeri/ai_based_sorting_robot_arm/install/robotic_arm_gazebo/share/robotic_arm_gazebo/cmake/robotic_arm_gazeboConfig-version.cmake
[59.150s] -- Up-to-date symlink: /home/newtonjeri/ai_based_sorting_robot_arm/install/robotic_arm_gazebo/share/robotic_arm_gazebo/package.xml
[59.166s] Invoked command in '/home/newtonjeri/ai_based_sorting_robot_arm/build/robotic_arm_gazebo' returned '0': CMAKE_PREFIX_PATH=${CMAKE_PREFIX_PATH}:/opt/ros/humble /usr/bin/cmake --install /home/newtonjeri/ai_based_sorting_robot_arm/build/robotic_arm_gazebo
