[2.443s] DEBUG:colcon:Command line arguments: ['/usr/bin/colcon', 'build', '--symlink-install']
[2.444s] DEBUG:colcon:Parsed command line arguments: Namespace(log_base=None, log_level=None, verb_name='build', build_base='build', install_base='install', merge_install=False, symlink_install=True, test_result_base=None, continue_on_error=False, executor='parallel', parallel_workers=4, event_handlers=None, ignore_user_meta=False, metas=['./colcon.meta'], base_paths=['.'], packages_ignore=None, packages_ignore_regex=None, paths=None, packages_up_to=None, packages_up_to_regex=None, packages_above=None, packages_above_and_dependencies=None, packages_above_depth=None, packages_select_by_dep=None, packages_skip_by_dep=None, packages_skip_up_to=None, packages_select_build_failed=False, packages_skip_build_finished=False, packages_select_test_failures=False, packages_skip_test_passed=False, packages_select=None, packages_skip=None, packages_select_regex=None, packages_skip_regex=None, packages_start=None, packages_end=None, allow_overriding=[], cmake_args=None, cmake_target=None, cmake_target_skip_unavailable=False, cmake_clean_cache=False, cmake_clean_first=False, cmake_force_configure=False, ament_cmake_args=None, catkin_cmake_args=None, catkin_skip_building_tests=False, verb_parser=<colcon_defaults.argument_parser.defaults.DefaultArgumentsDecorator object at 0x7fcee3be5570>, verb_extension=<colcon_core.verb.build.BuildVerb object at 0x7fcee3be57b0>, main=<bound method BuildVerb.main of <colcon_core.verb.build.BuildVerb object at 0x7fcee3be57b0>>)
[2.522s] Level 1:colcon.colcon_core.package_discovery:discover_packages(colcon_meta) check parameters
[2.523s] Level 1:colcon.colcon_core.package_discovery:discover_packages(recursive) check parameters
[2.523s] Level 1:colcon.colcon_core.package_discovery:discover_packages(ignore) check parameters
[2.523s] Level 1:colcon.colcon_core.package_discovery:discover_packages(path) check parameters
[2.523s] Level 1:colcon.colcon_core.package_discovery:discover_packages(colcon_meta) discover
[2.524s] Level 1:colcon.colcon_core.package_discovery:discover_packages(recursive) discover
[2.524s] INFO:colcon.colcon_core.package_discovery:Crawling recursively for packages in '/home/newtonjeri/ai_based_sorting_robot_arm'
[2.524s] Level 1:colcon.colcon_core.package_identification:_identify(.) by extensions ['ignore', 'ignore_ament_install']
[2.524s] Level 1:colcon.colcon_core.package_identification:_identify(.) by extension 'ignore'
[2.525s] Level 1:colcon.colcon_core.package_identification:_identify(.) by extension 'ignore_ament_install'
[2.525s] Level 1:colcon.colcon_core.package_identification:_identify(.) by extensions ['colcon_pkg']
[2.525s] Level 1:colcon.colcon_core.package_identification:_identify(.) by extension 'colcon_pkg'
[2.525s] Level 1:colcon.colcon_core.package_identification:_identify(.) by extensions ['colcon_meta']
[2.525s] Level 1:colcon.colcon_core.package_identification:_identify(.) by extension 'colcon_meta'
[2.526s] Level 1:colcon.colcon_core.package_identification:_identify(.) by extensions ['ros']
[2.526s] Level 1:colcon.colcon_core.package_identification:_identify(.) by extension 'ros'
[2.546s] Level 1:colcon.colcon_core.package_identification:_identify(.) by extensions ['cmake', 'python']
[2.546s] Level 1:colcon.colcon_core.package_identification:_identify(.) by extension 'cmake'
[2.546s] Level 1:colcon.colcon_core.package_identification:_identify(.) by extension 'python'
[2.546s] Level 1:colcon.colcon_core.package_identification:_identify(.) by extensions ['python_setup_py']
[2.546s] Level 1:colcon.colcon_core.package_identification:_identify(.) by extension 'python_setup_py'
[2.546s] Level 1:colcon.colcon_core.package_identification:_identify(build) by extensions ['ignore', 'ignore_ament_install']
[2.547s] Level 1:colcon.colcon_core.package_identification:_identify(build) by extension 'ignore'
[2.547s] Level 1:colcon.colcon_core.package_identification:_identify(build) ignored
[2.547s] Level 1:colcon.colcon_core.package_identification:_identify(install) by extensions ['ignore', 'ignore_ament_install']
[2.547s] Level 1:colcon.colcon_core.package_identification:_identify(install) by extension 'ignore'
[2.548s] Level 1:colcon.colcon_core.package_identification:_identify(install) ignored
[2.548s] Level 1:colcon.colcon_core.package_identification:_identify(log) by extensions ['ignore', 'ignore_ament_install']
[2.548s] Level 1:colcon.colcon_core.package_identification:_identify(log) by extension 'ignore'
[2.548s] Level 1:colcon.colcon_core.package_identification:_identify(log) ignored
[2.548s] Level 1:colcon.colcon_core.package_identification:_identify(src) by extensions ['ignore', 'ignore_ament_install']
[2.549s] Level 1:colcon.colcon_core.package_identification:_identify(src) by extension 'ignore'
[2.549s] Level 1:colcon.colcon_core.package_identification:_identify(src) by extension 'ignore_ament_install'
[2.549s] Level 1:colcon.colcon_core.package_identification:_identify(src) by extensions ['colcon_pkg']
[2.549s] Level 1:colcon.colcon_core.package_identification:_identify(src) by extension 'colcon_pkg'
[2.549s] Level 1:colcon.colcon_core.package_identification:_identify(src) by extensions ['colcon_meta']
[2.549s] Level 1:colcon.colcon_core.package_identification:_identify(src) by extension 'colcon_meta'
[2.549s] Level 1:colcon.colcon_core.package_identification:_identify(src) by extensions ['ros']
[2.549s] Level 1:colcon.colcon_core.package_identification:_identify(src) by extension 'ros'
[2.549s] Level 1:colcon.colcon_core.package_identification:_identify(src) by extensions ['cmake', 'python']
[2.550s] Level 1:colcon.colcon_core.package_identification:_identify(src) by extension 'cmake'
[2.550s] Level 1:colcon.colcon_core.package_identification:_identify(src) by extension 'python'
[2.550s] Level 1:colcon.colcon_core.package_identification:_identify(src) by extensions ['python_setup_py']
[2.550s] Level 1:colcon.colcon_core.package_identification:_identify(src) by extension 'python_setup_py'
[2.550s] Level 1:colcon.colcon_core.package_identification:_identify(src/robotic_arm_controllers) by extensions ['ignore', 'ignore_ament_install']
[2.551s] Level 1:colcon.colcon_core.package_identification:_identify(src/robotic_arm_controllers) by extension 'ignore'
[2.551s] Level 1:colcon.colcon_core.package_identification:_identify(src/robotic_arm_controllers) by extension 'ignore_ament_install'
[2.551s] Level 1:colcon.colcon_core.package_identification:_identify(src/robotic_arm_controllers) by extensions ['colcon_pkg']
[2.551s] Level 1:colcon.colcon_core.package_identification:_identify(src/robotic_arm_controllers) by extension 'colcon_pkg'
[2.551s] Level 1:colcon.colcon_core.package_identification:_identify(src/robotic_arm_controllers) by extensions ['colcon_meta']
[2.551s] Level 1:colcon.colcon_core.package_identification:_identify(src/robotic_arm_controllers) by extension 'colcon_meta'
[2.551s] Level 1:colcon.colcon_core.package_identification:_identify(src/robotic_arm_controllers) by extensions ['ros']
[2.551s] Level 1:colcon.colcon_core.package_identification:_identify(src/robotic_arm_controllers) by extension 'ros'
[2.557s] DEBUG:colcon.colcon_core.package_identification:Package 'src/robotic_arm_controllers' with type 'ros.ament_cmake' and name 'robotic_arm_controllers'
[2.557s] Level 1:colcon.colcon_core.package_identification:_identify(src/robotic_arm_custom_nodes) by extensions ['ignore', 'ignore_ament_install']
[2.557s] Level 1:colcon.colcon_core.package_identification:_identify(src/robotic_arm_custom_nodes) by extension 'ignore'
[2.558s] Level 1:colcon.colcon_core.package_identification:_identify(src/robotic_arm_custom_nodes) by extension 'ignore_ament_install'
[2.558s] Level 1:colcon.colcon_core.package_identification:_identify(src/robotic_arm_custom_nodes) by extensions ['colcon_pkg']
[2.558s] Level 1:colcon.colcon_core.package_identification:_identify(src/robotic_arm_custom_nodes) by extension 'colcon_pkg'
[2.558s] Level 1:colcon.colcon_core.package_identification:_identify(src/robotic_arm_custom_nodes) by extensions ['colcon_meta']
[2.558s] Level 1:colcon.colcon_core.package_identification:_identify(src/robotic_arm_custom_nodes) by extension 'colcon_meta'
[2.558s] Level 1:colcon.colcon_core.package_identification:_identify(src/robotic_arm_custom_nodes) by extensions ['ros']
[2.558s] Level 1:colcon.colcon_core.package_identification:_identify(src/robotic_arm_custom_nodes) by extension 'ros'
[2.559s] DEBUG:colcon.colcon_core.package_identification:Package 'src/robotic_arm_custom_nodes' with type 'ros.ament_python' and name 'robotic_arm_custom_nodes'
[2.559s] Level 1:colcon.colcon_core.package_identification:_identify(src/robotic_arm_description) by extensions ['ignore', 'ignore_ament_install']
[2.559s] Level 1:colcon.colcon_core.package_identification:_identify(src/robotic_arm_description) by extension 'ignore'
[2.559s] Level 1:colcon.colcon_core.package_identification:_identify(src/robotic_arm_description) by extension 'ignore_ament_install'
[2.560s] Level 1:colcon.colcon_core.package_identification:_identify(src/robotic_arm_description) by extensions ['colcon_pkg']
[2.560s] Level 1:colcon.colcon_core.package_identification:_identify(src/robotic_arm_description) by extension 'colcon_pkg'
[2.560s] Level 1:colcon.colcon_core.package_identification:_identify(src/robotic_arm_description) by extensions ['colcon_meta']
[2.560s] Level 1:colcon.colcon_core.package_identification:_identify(src/robotic_arm_description) by extension 'colcon_meta'
[2.560s] Level 1:colcon.colcon_core.package_identification:_identify(src/robotic_arm_description) by extensions ['ros']
[2.560s] Level 1:colcon.colcon_core.package_identification:_identify(src/robotic_arm_description) by extension 'ros'
[2.561s] DEBUG:colcon.colcon_core.package_identification:Package 'src/robotic_arm_description' with type 'ros.ament_cmake' and name 'robotic_arm_description'
[2.561s] Level 1:colcon.colcon_core.package_identification:_identify(src/robotic_arm_firmware) by extensions ['ignore', 'ignore_ament_install']
[2.561s] Level 1:colcon.colcon_core.package_identification:_identify(src/robotic_arm_firmware) by extension 'ignore'
[2.562s] Level 1:colcon.colcon_core.package_identification:_identify(src/robotic_arm_firmware) by extension 'ignore_ament_install'
[2.562s] Level 1:colcon.colcon_core.package_identification:_identify(src/robotic_arm_firmware) by extensions ['colcon_pkg']
[2.562s] Level 1:colcon.colcon_core.package_identification:_identify(src/robotic_arm_firmware) by extension 'colcon_pkg'
[2.562s] Level 1:colcon.colcon_core.package_identification:_identify(src/robotic_arm_firmware) by extensions ['colcon_meta']
[2.562s] Level 1:colcon.colcon_core.package_identification:_identify(src/robotic_arm_firmware) by extension 'colcon_meta'
[2.562s] Level 1:colcon.colcon_core.package_identification:_identify(src/robotic_arm_firmware) by extensions ['ros']
[2.562s] Level 1:colcon.colcon_core.package_identification:_identify(src/robotic_arm_firmware) by extension 'ros'
[2.563s] DEBUG:colcon.colcon_core.package_identification:Package 'src/robotic_arm_firmware' with type 'ros.ament_cmake' and name 'robotic_arm_firmware'
[2.563s] Level 1:colcon.colcon_core.package_identification:_identify(src/robotic_arm_msgs) by extensions ['ignore', 'ignore_ament_install']
[2.563s] Level 1:colcon.colcon_core.package_identification:_identify(src/robotic_arm_msgs) by extension 'ignore'
[2.564s] Level 1:colcon.colcon_core.package_identification:_identify(src/robotic_arm_msgs) by extension 'ignore_ament_install'
[2.564s] Level 1:colcon.colcon_core.package_identification:_identify(src/robotic_arm_msgs) by extensions ['colcon_pkg']
[2.564s] Level 1:colcon.colcon_core.package_identification:_identify(src/robotic_arm_msgs) by extension 'colcon_pkg'
[2.564s] Level 1:colcon.colcon_core.package_identification:_identify(src/robotic_arm_msgs) by extensions ['colcon_meta']
[2.564s] Level 1:colcon.colcon_core.package_identification:_identify(src/robotic_arm_msgs) by extension 'colcon_meta'
[2.564s] Level 1:colcon.colcon_core.package_identification:_identify(src/robotic_arm_msgs) by extensions ['ros']
[2.564s] Level 1:colcon.colcon_core.package_identification:_identify(src/robotic_arm_msgs) by extension 'ros'
[2.565s] DEBUG:colcon.colcon_core.package_identification:Package 'src/robotic_arm_msgs' with type 'ros.ament_cmake' and name 'robotic_arm_msgs'
[2.565s] Level 1:colcon.colcon_core.package_discovery:discover_packages(recursive) using defaults
[2.565s] Level 1:colcon.colcon_core.package_discovery:discover_packages(ignore) discover
[2.565s] Level 1:colcon.colcon_core.package_discovery:discover_packages(ignore) using defaults
[2.565s] Level 1:colcon.colcon_core.package_discovery:discover_packages(path) discover
[2.565s] Level 1:colcon.colcon_core.package_discovery:discover_packages(path) using defaults
[2.725s] Level 1:colcon.colcon_core.package_discovery:discover_packages(prefix_path) check parameters
[2.725s] Level 1:colcon.colcon_core.package_discovery:discover_packages(prefix_path) discover
[2.816s] DEBUG:colcon.colcon_installed_package_information.package_discovery:Found 5 installed packages in /home/newtonjeri/ai_based_sorting_robot_arm/install
[2.879s] DEBUG:colcon.colcon_installed_package_information.package_discovery:Found 229 installed packages in /opt/ros/humble
[2.880s] Level 1:colcon.colcon_core.package_discovery:discover_packages(prefix_path) using defaults
[3.019s] Level 5:colcon.colcon_core.verb:set package 'robotic_arm_controllers' build argument 'cmake_args' from command line to 'None'
[3.019s] Level 5:colcon.colcon_core.verb:set package 'robotic_arm_controllers' build argument 'cmake_target' from command line to 'None'
[3.020s] Level 5:colcon.colcon_core.verb:set package 'robotic_arm_controllers' build argument 'cmake_target_skip_unavailable' from command line to 'False'
[3.020s] Level 5:colcon.colcon_core.verb:set package 'robotic_arm_controllers' build argument 'cmake_clean_cache' from command line to 'False'
[3.020s] Level 5:colcon.colcon_core.verb:set package 'robotic_arm_controllers' build argument 'cmake_clean_first' from command line to 'False'
[3.020s] Level 5:colcon.colcon_core.verb:set package 'robotic_arm_controllers' build argument 'cmake_force_configure' from command line to 'False'
[3.020s] Level 5:colcon.colcon_core.verb:set package 'robotic_arm_controllers' build argument 'ament_cmake_args' from command line to 'None'
[3.020s] Level 5:colcon.colcon_core.verb:set package 'robotic_arm_controllers' build argument 'catkin_cmake_args' from command line to 'None'
[3.020s] Level 5:colcon.colcon_core.verb:set package 'robotic_arm_controllers' build argument 'catkin_skip_building_tests' from command line to 'False'
[3.020s] DEBUG:colcon.colcon_core.verb:Building package 'robotic_arm_controllers' with the following arguments: {'ament_cmake_args': None, 'build_base': '/home/newtonjeri/ai_based_sorting_robot_arm/build/robotic_arm_controllers', 'catkin_cmake_args': None, 'catkin_skip_building_tests': False, 'cmake_args': None, 'cmake_clean_cache': False, 'cmake_clean_first': False, 'cmake_force_configure': False, 'cmake_target': None, 'cmake_target_skip_unavailable': False, 'install_base': '/home/newtonjeri/ai_based_sorting_robot_arm/install/robotic_arm_controllers', 'merge_install': False, 'path': '/home/newtonjeri/ai_based_sorting_robot_arm/src/robotic_arm_controllers', 'symlink_install': True, 'test_result_base': None}
[3.049s] Level 5:colcon.colcon_core.verb:set package 'robotic_arm_custom_nodes' build argument 'cmake_args' from command line to 'None'
[3.049s] Level 5:colcon.colcon_core.verb:set package 'robotic_arm_custom_nodes' build argument 'cmake_target' from command line to 'None'
[3.049s] Level 5:colcon.colcon_core.verb:set package 'robotic_arm_custom_nodes' build argument 'cmake_target_skip_unavailable' from command line to 'False'
[3.049s] Level 5:colcon.colcon_core.verb:set package 'robotic_arm_custom_nodes' build argument 'cmake_clean_cache' from command line to 'False'
[3.049s] Level 5:colcon.colcon_core.verb:set package 'robotic_arm_custom_nodes' build argument 'cmake_clean_first' from command line to 'False'
[3.050s] Level 5:colcon.colcon_core.verb:set package 'robotic_arm_custom_nodes' build argument 'cmake_force_configure' from command line to 'False'
[3.050s] Level 5:colcon.colcon_core.verb:set package 'robotic_arm_custom_nodes' build argument 'ament_cmake_args' from command line to 'None'
[3.050s] Level 5:colcon.colcon_core.verb:set package 'robotic_arm_custom_nodes' build argument 'catkin_cmake_args' from command line to 'None'
[3.050s] Level 5:colcon.colcon_core.verb:set package 'robotic_arm_custom_nodes' build argument 'catkin_skip_building_tests' from command line to 'False'
[3.050s] DEBUG:colcon.colcon_core.verb:Building package 'robotic_arm_custom_nodes' with the following arguments: {'ament_cmake_args': None, 'build_base': '/home/newtonjeri/ai_based_sorting_robot_arm/build/robotic_arm_custom_nodes', 'catkin_cmake_args': None, 'catkin_skip_building_tests': False, 'cmake_args': None, 'cmake_clean_cache': False, 'cmake_clean_first': False, 'cmake_force_configure': False, 'cmake_target': None, 'cmake_target_skip_unavailable': False, 'install_base': '/home/newtonjeri/ai_based_sorting_robot_arm/install/robotic_arm_custom_nodes', 'merge_install': False, 'path': '/home/newtonjeri/ai_based_sorting_robot_arm/src/robotic_arm_custom_nodes', 'symlink_install': True, 'test_result_base': None}
[3.086s] Level 5:colcon.colcon_core.verb:set package 'robotic_arm_description' build argument 'cmake_args' from command line to 'None'
[3.086s] Level 5:colcon.colcon_core.verb:set package 'robotic_arm_description' build argument 'cmake_target' from command line to 'None'
[3.086s] Level 5:colcon.colcon_core.verb:set package 'robotic_arm_description' build argument 'cmake_target_skip_unavailable' from command line to 'False'
[3.086s] Level 5:colcon.colcon_core.verb:set package 'robotic_arm_description' build argument 'cmake_clean_cache' from command line to 'False'
[3.086s] Level 5:colcon.colcon_core.verb:set package 'robotic_arm_description' build argument 'cmake_clean_first' from command line to 'False'
[3.086s] Level 5:colcon.colcon_core.verb:set package 'robotic_arm_description' build argument 'cmake_force_configure' from command line to 'False'
[3.086s] Level 5:colcon.colcon_core.verb:set package 'robotic_arm_description' build argument 'ament_cmake_args' from command line to 'None'
[3.086s] Level 5:colcon.colcon_core.verb:set package 'robotic_arm_description' build argument 'catkin_cmake_args' from command line to 'None'
[3.086s] Level 5:colcon.colcon_core.verb:set package 'robotic_arm_description' build argument 'catkin_skip_building_tests' from command line to 'False'
[3.086s] DEBUG:colcon.colcon_core.verb:Building package 'robotic_arm_description' with the following arguments: {'ament_cmake_args': None, 'build_base': '/home/newtonjeri/ai_based_sorting_robot_arm/build/robotic_arm_description', 'catkin_cmake_args': None, 'catkin_skip_building_tests': False, 'cmake_args': None, 'cmake_clean_cache': False, 'cmake_clean_first': False, 'cmake_force_configure': False, 'cmake_target': None, 'cmake_target_skip_unavailable': False, 'install_base': '/home/newtonjeri/ai_based_sorting_robot_arm/install/robotic_arm_description', 'merge_install': False, 'path': '/home/newtonjeri/ai_based_sorting_robot_arm/src/robotic_arm_description', 'symlink_install': True, 'test_result_base': None}
[3.129s] Level 5:colcon.colcon_core.verb:set package 'robotic_arm_firmware' build argument 'cmake_args' from command line to 'None'
[3.129s] Level 5:colcon.colcon_core.verb:set package 'robotic_arm_firmware' build argument 'cmake_target' from command line to 'None'
[3.129s] Level 5:colcon.colcon_core.verb:set package 'robotic_arm_firmware' build argument 'cmake_target_skip_unavailable' from command line to 'False'
[3.129s] Level 5:colcon.colcon_core.verb:set package 'robotic_arm_firmware' build argument 'cmake_clean_cache' from command line to 'False'
[3.129s] Level 5:colcon.colcon_core.verb:set package 'robotic_arm_firmware' build argument 'cmake_clean_first' from command line to 'False'
[3.129s] Level 5:colcon.colcon_core.verb:set package 'robotic_arm_firmware' build argument 'cmake_force_configure' from command line to 'False'
[3.129s] Level 5:colcon.colcon_core.verb:set package 'robotic_arm_firmware' build argument 'ament_cmake_args' from command line to 'None'
[3.129s] Level 5:colcon.colcon_core.verb:set package 'robotic_arm_firmware' build argument 'catkin_cmake_args' from command line to 'None'
[3.129s] Level 5:colcon.colcon_core.verb:set package 'robotic_arm_firmware' build argument 'catkin_skip_building_tests' from command line to 'False'
[3.130s] DEBUG:colcon.colcon_core.verb:Building package 'robotic_arm_firmware' with the following arguments: {'ament_cmake_args': None, 'build_base': '/home/newtonjeri/ai_based_sorting_robot_arm/build/robotic_arm_firmware', 'catkin_cmake_args': None, 'catkin_skip_building_tests': False, 'cmake_args': None, 'cmake_clean_cache': False, 'cmake_clean_first': False, 'cmake_force_configure': False, 'cmake_target': None, 'cmake_target_skip_unavailable': False, 'install_base': '/home/newtonjeri/ai_based_sorting_robot_arm/install/robotic_arm_firmware', 'merge_install': False, 'path': '/home/newtonjeri/ai_based_sorting_robot_arm/src/robotic_arm_firmware', 'symlink_install': True, 'test_result_base': None}
[3.170s] Level 5:colcon.colcon_core.verb:set package 'robotic_arm_msgs' build argument 'cmake_args' from command line to 'None'
[3.170s] Level 5:colcon.colcon_core.verb:set package 'robotic_arm_msgs' build argument 'cmake_target' from command line to 'None'
[3.170s] Level 5:colcon.colcon_core.verb:set package 'robotic_arm_msgs' build argument 'cmake_target_skip_unavailable' from command line to 'False'
[3.170s] Level 5:colcon.colcon_core.verb:set package 'robotic_arm_msgs' build argument 'cmake_clean_cache' from command line to 'False'
[3.171s] Level 5:colcon.colcon_core.verb:set package 'robotic_arm_msgs' build argument 'cmake_clean_first' from command line to 'False'
[3.171s] Level 5:colcon.colcon_core.verb:set package 'robotic_arm_msgs' build argument 'cmake_force_configure' from command line to 'False'
[3.171s] Level 5:colcon.colcon_core.verb:set package 'robotic_arm_msgs' build argument 'ament_cmake_args' from command line to 'None'
[3.171s] Level 5:colcon.colcon_core.verb:set package 'robotic_arm_msgs' build argument 'catkin_cmake_args' from command line to 'None'
[3.171s] Level 5:colcon.colcon_core.verb:set package 'robotic_arm_msgs' build argument 'catkin_skip_building_tests' from command line to 'False'
[3.171s] DEBUG:colcon.colcon_core.verb:Building package 'robotic_arm_msgs' with the following arguments: {'ament_cmake_args': None, 'build_base': '/home/newtonjeri/ai_based_sorting_robot_arm/build/robotic_arm_msgs', 'catkin_cmake_args': None, 'catkin_skip_building_tests': False, 'cmake_args': None, 'cmake_clean_cache': False, 'cmake_clean_first': False, 'cmake_force_configure': False, 'cmake_target': None, 'cmake_target_skip_unavailable': False, 'install_base': '/home/newtonjeri/ai_based_sorting_robot_arm/install/robotic_arm_msgs', 'merge_install': False, 'path': '/home/newtonjeri/ai_based_sorting_robot_arm/src/robotic_arm_msgs', 'symlink_install': True, 'test_result_base': None}
[3.226s] INFO:colcon.colcon_core.executor:Executing jobs using 'parallel' executor
[3.261s] DEBUG:colcon.colcon_parallel_executor.executor.parallel:run_until_complete
[3.262s] INFO:colcon.colcon_ros.task.ament_cmake.build:Building ROS package in '/home/newtonjeri/ai_based_sorting_robot_arm/src/robotic_arm_controllers' with build type 'ament_cmake'
[3.263s] INFO:colcon.colcon_cmake.task.cmake.build:Building CMake package in '/home/newtonjeri/ai_based_sorting_robot_arm/src/robotic_arm_controllers'
[3.303s] INFO:colcon.colcon_core.plugin_system:Skipping extension 'colcon_core.shell.bat': Not used on non-Windows systems
[3.303s] INFO:colcon.colcon_core.shell:Skip shell extension 'powershell' for command environment: Not usable outside of PowerShell
[3.303s] DEBUG:colcon.colcon_core.shell:Skip shell extension 'dsv' for command environment
[3.414s] INFO:colcon.colcon_ros.task.ament_python.build:Building ROS package in '/home/newtonjeri/ai_based_sorting_robot_arm/src/robotic_arm_custom_nodes' with build type 'ament_python'
[3.414s] Level 1:colcon.colcon_core.shell:create_environment_hook('robotic_arm_custom_nodes', 'ament_prefix_path')
[3.459s] INFO:colcon.colcon_core.shell:Creating environment hook '/home/newtonjeri/ai_based_sorting_robot_arm/install/robotic_arm_custom_nodes/share/robotic_arm_custom_nodes/hook/ament_prefix_path.ps1'
[3.460s] INFO:colcon.colcon_core.shell:Creating environment descriptor '/home/newtonjeri/ai_based_sorting_robot_arm/install/robotic_arm_custom_nodes/share/robotic_arm_custom_nodes/hook/ament_prefix_path.dsv'
[3.461s] INFO:colcon.colcon_core.shell:Creating environment hook '/home/newtonjeri/ai_based_sorting_robot_arm/install/robotic_arm_custom_nodes/share/robotic_arm_custom_nodes/hook/ament_prefix_path.sh'
[3.496s] INFO:colcon.colcon_core.shell:Skip shell extension 'powershell' for command environment: Not usable outside of PowerShell
[3.496s] DEBUG:colcon.colcon_core.shell:Skip shell extension 'dsv' for command environment
[3.594s] INFO:colcon.colcon_ros.task.ament_cmake.build:Building ROS package in '/home/newtonjeri/ai_based_sorting_robot_arm/src/robotic_arm_description' with build type 'ament_cmake'
[3.594s] INFO:colcon.colcon_cmake.task.cmake.build:Building CMake package in '/home/newtonjeri/ai_based_sorting_robot_arm/src/robotic_arm_description'
[3.652s] INFO:colcon.colcon_core.shell:Skip shell extension 'powershell' for command environment: Not usable outside of PowerShell
[3.652s] DEBUG:colcon.colcon_core.shell:Skip shell extension 'dsv' for command environment
[3.748s] INFO:colcon.colcon_ros.task.ament_cmake.build:Building ROS package in '/home/newtonjeri/ai_based_sorting_robot_arm/src/robotic_arm_firmware' with build type 'ament_cmake'
[3.748s] INFO:colcon.colcon_cmake.task.cmake.build:Building CMake package in '/home/newtonjeri/ai_based_sorting_robot_arm/src/robotic_arm_firmware'
[3.784s] INFO:colcon.colcon_core.shell:Skip shell extension 'powershell' for command environment: Not usable outside of PowerShell
[3.784s] DEBUG:colcon.colcon_core.shell:Skip shell extension 'dsv' for command environment
[3.901s] DEBUG:colcon.colcon_core.event_handler.log_command:Invoking command in '/home/newtonjeri/ai_based_sorting_robot_arm/build/robotic_arm_controllers': CMAKE_PREFIX_PATH=${CMAKE_PREFIX_PATH}:/home/newtonjeri/ai_based_sorting_robot_arm/install/robotic_arm_custom_nodes:/opt/ros/humble /usr/bin/cmake --build /home/newtonjeri/ai_based_sorting_robot_arm/build/robotic_arm_controllers -- -j4 -l4
[4.431s] INFO:colcon.colcon_core.task.python.build:Building Python package in '/home/newtonjeri/ai_based_sorting_robot_arm/src/robotic_arm_custom_nodes'
[4.455s] INFO:colcon.colcon_core.shell:Skip shell extension 'powershell' for command environment: Not usable outside of PowerShell
[4.456s] DEBUG:colcon.colcon_core.shell:Skip shell extension 'dsv' for command environment
[4.559s] DEBUG:colcon.colcon_core.event_handler.log_command:Invoking command in '/home/newtonjeri/ai_based_sorting_robot_arm/build/robotic_arm_description': CMAKE_PREFIX_PATH=${CMAKE_PREFIX_PATH}:/home/newtonjeri/ai_based_sorting_robot_arm/install/robotic_arm_custom_nodes:/opt/ros/humble /usr/bin/cmake --build /home/newtonjeri/ai_based_sorting_robot_arm/build/robotic_arm_description -- -j4 -l4
[4.577s] DEBUG:colcon.colcon_core.event_handler.log_command:Invoking command in '/home/newtonjeri/ai_based_sorting_robot_arm/build/robotic_arm_firmware': CMAKE_PREFIX_PATH=${CMAKE_PREFIX_PATH}:/home/newtonjeri/ai_based_sorting_robot_arm/install/robotic_arm_custom_nodes:/opt/ros/humble /usr/bin/cmake --build /home/newtonjeri/ai_based_sorting_robot_arm/build/robotic_arm_firmware -- -j4 -l4
[4.578s] DEBUG:colcon.colcon_core.event_handler.log_command:Invoked command in '/home/newtonjeri/ai_based_sorting_robot_arm/build/robotic_arm_controllers' returned '0': CMAKE_PREFIX_PATH=${CMAKE_PREFIX_PATH}:/home/newtonjeri/ai_based_sorting_robot_arm/install/robotic_arm_custom_nodes:/opt/ros/humble /usr/bin/cmake --build /home/newtonjeri/ai_based_sorting_robot_arm/build/robotic_arm_controllers -- -j4 -l4
[4.656s] DEBUG:colcon.colcon_core.event_handler.log_command:Invoking command in '/home/newtonjeri/ai_based_sorting_robot_arm/build/robotic_arm_controllers': CMAKE_PREFIX_PATH=${CMAKE_PREFIX_PATH}:/home/newtonjeri/ai_based_sorting_robot_arm/install/robotic_arm_custom_nodes:/opt/ros/humble /usr/bin/cmake --install /home/newtonjeri/ai_based_sorting_robot_arm/build/robotic_arm_controllers
[4.661s] DEBUG:colcon.colcon_core.event_handler.log_command:Invoked command in '/home/newtonjeri/ai_based_sorting_robot_arm/build/robotic_arm_description' returned '0': CMAKE_PREFIX_PATH=${CMAKE_PREFIX_PATH}:/home/newtonjeri/ai_based_sorting_robot_arm/install/robotic_arm_custom_nodes:/opt/ros/humble /usr/bin/cmake --build /home/newtonjeri/ai_based_sorting_robot_arm/build/robotic_arm_description -- -j4 -l4
[4.727s] Level 1:colcon.colcon_core.environment:create_environment_scripts_only(robotic_arm_controllers)
[4.735s] DEBUG:colcon.colcon_core.event_handler.log_command:Invoked command in '/home/newtonjeri/ai_based_sorting_robot_arm/build/robotic_arm_controllers' returned '0': CMAKE_PREFIX_PATH=${CMAKE_PREFIX_PATH}:/home/newtonjeri/ai_based_sorting_robot_arm/install/robotic_arm_custom_nodes:/opt/ros/humble /usr/bin/cmake --install /home/newtonjeri/ai_based_sorting_robot_arm/build/robotic_arm_controllers
[4.796s] Level 1:colcon.colcon_core.environment:checking '/home/newtonjeri/ai_based_sorting_robot_arm/install/robotic_arm_controllers' for CMake module files
[4.797s] Level 1:colcon.colcon_core.environment:checking '/home/newtonjeri/ai_based_sorting_robot_arm/install/robotic_arm_controllers' for CMake config files
[4.798s] Level 1:colcon.colcon_core.shell:create_environment_hook('robotic_arm_controllers', 'cmake_prefix_path')
[4.862s] INFO:colcon.colcon_core.shell:Creating environment hook '/home/newtonjeri/ai_based_sorting_robot_arm/install/robotic_arm_controllers/share/robotic_arm_controllers/hook/cmake_prefix_path.ps1'
[4.863s] INFO:colcon.colcon_core.shell:Creating environment descriptor '/home/newtonjeri/ai_based_sorting_robot_arm/install/robotic_arm_controllers/share/robotic_arm_controllers/hook/cmake_prefix_path.dsv'
[4.864s] INFO:colcon.colcon_core.shell:Creating environment hook '/home/newtonjeri/ai_based_sorting_robot_arm/install/robotic_arm_controllers/share/robotic_arm_controllers/hook/cmake_prefix_path.sh'
[4.866s] Level 1:colcon.colcon_core.environment:checking '/home/newtonjeri/ai_based_sorting_robot_arm/install/robotic_arm_controllers/bin'
[4.866s] Level 1:colcon.colcon_core.environment:checking '/home/newtonjeri/ai_based_sorting_robot_arm/install/robotic_arm_controllers/lib/pkgconfig/robotic_arm_controllers.pc'
[4.867s] Level 1:colcon.colcon_core.environment:checking '/home/newtonjeri/ai_based_sorting_robot_arm/install/robotic_arm_controllers/lib/python3.10/site-packages'
[4.867s] Level 1:colcon.colcon_core.environment:checking '/home/newtonjeri/ai_based_sorting_robot_arm/install/robotic_arm_controllers/bin'
[4.914s] INFO:colcon.colcon_core.shell:Creating package script '/home/newtonjeri/ai_based_sorting_robot_arm/install/robotic_arm_controllers/share/robotic_arm_controllers/package.ps1'
[4.916s] INFO:colcon.colcon_core.shell:Creating package descriptor '/home/newtonjeri/ai_based_sorting_robot_arm/install/robotic_arm_controllers/share/robotic_arm_controllers/package.dsv'
[4.918s] INFO:colcon.colcon_core.shell:Creating package script '/home/newtonjeri/ai_based_sorting_robot_arm/install/robotic_arm_controllers/share/robotic_arm_controllers/package.sh'
[4.923s] INFO:colcon.colcon_core.shell:Creating package script '/home/newtonjeri/ai_based_sorting_robot_arm/install/robotic_arm_controllers/share/robotic_arm_controllers/package.bash'
[4.926s] INFO:colcon.colcon_core.shell:Creating package script '/home/newtonjeri/ai_based_sorting_robot_arm/install/robotic_arm_controllers/share/robotic_arm_controllers/package.zsh'
[4.927s] Level 1:colcon.colcon_core.environment:create_file_with_runtime_dependencies(/home/newtonjeri/ai_based_sorting_robot_arm/install/robotic_arm_controllers/share/colcon-core/packages/robotic_arm_controllers)
[4.934s] DEBUG:colcon.colcon_core.event_handler.log_command:Invoking command in '/home/newtonjeri/ai_based_sorting_robot_arm/build/robotic_arm_description': CMAKE_PREFIX_PATH=${CMAKE_PREFIX_PATH}:/home/newtonjeri/ai_based_sorting_robot_arm/install/robotic_arm_custom_nodes:/opt/ros/humble /usr/bin/cmake --install /home/newtonjeri/ai_based_sorting_robot_arm/build/robotic_arm_description
[5.071s] Level 1:colcon.colcon_core.environment:create_environment_scripts_only(robotic_arm_controllers)
[5.115s] Level 1:colcon.colcon_core.environment:checking '/home/newtonjeri/ai_based_sorting_robot_arm/install/robotic_arm_controllers' for CMake module files
[5.116s] Level 1:colcon.colcon_core.environment:checking '/home/newtonjeri/ai_based_sorting_robot_arm/install/robotic_arm_controllers' for CMake config files
[5.117s] Level 1:colcon.colcon_core.shell:create_environment_hook('robotic_arm_controllers', 'cmake_prefix_path')
[5.158s] INFO:colcon.colcon_core.shell:Creating environment hook '/home/newtonjeri/ai_based_sorting_robot_arm/install/robotic_arm_controllers/share/robotic_arm_controllers/hook/cmake_prefix_path.ps1'
[5.159s] INFO:colcon.colcon_core.shell:Creating environment descriptor '/home/newtonjeri/ai_based_sorting_robot_arm/install/robotic_arm_controllers/share/robotic_arm_controllers/hook/cmake_prefix_path.dsv'
[5.159s] INFO:colcon.colcon_core.shell:Creating environment hook '/home/newtonjeri/ai_based_sorting_robot_arm/install/robotic_arm_controllers/share/robotic_arm_controllers/hook/cmake_prefix_path.sh'
[5.161s] Level 1:colcon.colcon_core.environment:checking '/home/newtonjeri/ai_based_sorting_robot_arm/install/robotic_arm_controllers/bin'
[5.161s] Level 1:colcon.colcon_core.environment:checking '/home/newtonjeri/ai_based_sorting_robot_arm/install/robotic_arm_controllers/lib/pkgconfig/robotic_arm_controllers.pc'
[5.161s] Level 1:colcon.colcon_core.environment:checking '/home/newtonjeri/ai_based_sorting_robot_arm/install/robotic_arm_controllers/lib/python3.10/site-packages'
[5.162s] Level 1:colcon.colcon_core.environment:checking '/home/newtonjeri/ai_based_sorting_robot_arm/install/robotic_arm_controllers/bin'
[5.207s] INFO:colcon.colcon_core.shell:Creating package script '/home/newtonjeri/ai_based_sorting_robot_arm/install/robotic_arm_controllers/share/robotic_arm_controllers/package.ps1'
[5.208s] INFO:colcon.colcon_core.shell:Creating package descriptor '/home/newtonjeri/ai_based_sorting_robot_arm/install/robotic_arm_controllers/share/robotic_arm_controllers/package.dsv'
[5.210s] INFO:colcon.colcon_core.shell:Creating package script '/home/newtonjeri/ai_based_sorting_robot_arm/install/robotic_arm_controllers/share/robotic_arm_controllers/package.sh'
[5.211s] INFO:colcon.colcon_core.shell:Creating package script '/home/newtonjeri/ai_based_sorting_robot_arm/install/robotic_arm_controllers/share/robotic_arm_controllers/package.bash'
[5.213s] INFO:colcon.colcon_core.shell:Creating package script '/home/newtonjeri/ai_based_sorting_robot_arm/install/robotic_arm_controllers/share/robotic_arm_controllers/package.zsh'
[5.214s] Level 1:colcon.colcon_core.environment:create_file_with_runtime_dependencies(/home/newtonjeri/ai_based_sorting_robot_arm/install/robotic_arm_controllers/share/colcon-core/packages/robotic_arm_controllers)
[5.215s] INFO:colcon.colcon_ros.task.ament_cmake.build:Building ROS package in '/home/newtonjeri/ai_based_sorting_robot_arm/src/robotic_arm_msgs' with build type 'ament_cmake'
[5.216s] INFO:colcon.colcon_cmake.task.cmake.build:Building CMake package in '/home/newtonjeri/ai_based_sorting_robot_arm/src/robotic_arm_msgs'
[5.269s] INFO:colcon.colcon_core.shell:Skip shell extension 'powershell' for command environment: Not usable outside of PowerShell
[5.269s] DEBUG:colcon.colcon_core.shell:Skip shell extension 'dsv' for command environment
[5.462s] Level 1:colcon.colcon_core.environment:create_environment_scripts_only(robotic_arm_description)
[5.467s] DEBUG:colcon.colcon_core.event_handler.log_command:Invoked command in '/home/newtonjeri/ai_based_sorting_robot_arm/build/robotic_arm_description' returned '0': CMAKE_PREFIX_PATH=${CMAKE_PREFIX_PATH}:/home/newtonjeri/ai_based_sorting_robot_arm/install/robotic_arm_custom_nodes:/opt/ros/humble /usr/bin/cmake --install /home/newtonjeri/ai_based_sorting_robot_arm/build/robotic_arm_description
[5.531s] Level 1:colcon.colcon_core.environment:checking '/home/newtonjeri/ai_based_sorting_robot_arm/install/robotic_arm_description' for CMake module files
[5.532s] Level 1:colcon.colcon_core.environment:checking '/home/newtonjeri/ai_based_sorting_robot_arm/install/robotic_arm_description' for CMake config files
[5.534s] Level 1:colcon.colcon_core.shell:create_environment_hook('robotic_arm_description', 'cmake_prefix_path')
[5.576s] INFO:colcon.colcon_core.shell:Creating environment hook '/home/newtonjeri/ai_based_sorting_robot_arm/install/robotic_arm_description/share/robotic_arm_description/hook/cmake_prefix_path.ps1'
[5.577s] INFO:colcon.colcon_core.shell:Creating environment descriptor '/home/newtonjeri/ai_based_sorting_robot_arm/install/robotic_arm_description/share/robotic_arm_description/hook/cmake_prefix_path.dsv'
[5.578s] INFO:colcon.colcon_core.shell:Creating environment hook '/home/newtonjeri/ai_based_sorting_robot_arm/install/robotic_arm_description/share/robotic_arm_description/hook/cmake_prefix_path.sh'
[5.579s] Level 1:colcon.colcon_core.environment:checking '/home/newtonjeri/ai_based_sorting_robot_arm/install/robotic_arm_description/bin'
[5.580s] Level 1:colcon.colcon_core.environment:checking '/home/newtonjeri/ai_based_sorting_robot_arm/install/robotic_arm_description/lib/pkgconfig/robotic_arm_description.pc'
[5.580s] Level 1:colcon.colcon_core.environment:checking '/home/newtonjeri/ai_based_sorting_robot_arm/install/robotic_arm_description/lib/python3.10/site-packages'
[5.581s] Level 1:colcon.colcon_core.environment:checking '/home/newtonjeri/ai_based_sorting_robot_arm/install/robotic_arm_description/bin'
[5.635s] INFO:colcon.colcon_core.shell:Creating package script '/home/newtonjeri/ai_based_sorting_robot_arm/install/robotic_arm_description/share/robotic_arm_description/package.ps1'
[5.636s] INFO:colcon.colcon_core.shell:Creating package descriptor '/home/newtonjeri/ai_based_sorting_robot_arm/install/robotic_arm_description/share/robotic_arm_description/package.dsv'
[5.638s] INFO:colcon.colcon_core.shell:Creating package script '/home/newtonjeri/ai_based_sorting_robot_arm/install/robotic_arm_description/share/robotic_arm_description/package.sh'
[5.639s] INFO:colcon.colcon_core.shell:Creating package script '/home/newtonjeri/ai_based_sorting_robot_arm/install/robotic_arm_description/share/robotic_arm_description/package.bash'
[5.640s] INFO:colcon.colcon_core.shell:Creating package script '/home/newtonjeri/ai_based_sorting_robot_arm/install/robotic_arm_description/share/robotic_arm_description/package.zsh'
[5.641s] Level 1:colcon.colcon_core.environment:create_file_with_runtime_dependencies(/home/newtonjeri/ai_based_sorting_robot_arm/install/robotic_arm_description/share/colcon-core/packages/robotic_arm_description)
[5.658s] DEBUG:colcon.colcon_core.event_handler.log_command:Invoking command in '/home/newtonjeri/ai_based_sorting_robot_arm/build/robotic_arm_msgs': CMAKE_PREFIX_PATH=${CMAKE_PREFIX_PATH}:/home/newtonjeri/ai_based_sorting_robot_arm/install/robotic_arm_custom_nodes:/opt/ros/humble /usr/bin/cmake --build /home/newtonjeri/ai_based_sorting_robot_arm/build/robotic_arm_msgs -- -j4 -l4
[5.781s] Level 1:colcon.colcon_core.environment:create_environment_scripts_only(robotic_arm_description)
[5.895s] Level 1:colcon.colcon_core.environment:checking '/home/newtonjeri/ai_based_sorting_robot_arm/install/robotic_arm_description' for CMake module files
[5.897s] Level 1:colcon.colcon_core.environment:checking '/home/newtonjeri/ai_based_sorting_robot_arm/install/robotic_arm_description' for CMake config files
[5.898s] Level 1:colcon.colcon_core.shell:create_environment_hook('robotic_arm_description', 'cmake_prefix_path')
[5.999s] INFO:colcon.colcon_core.shell:Creating environment hook '/home/newtonjeri/ai_based_sorting_robot_arm/install/robotic_arm_description/share/robotic_arm_description/hook/cmake_prefix_path.ps1'
[6.000s] INFO:colcon.colcon_core.shell:Creating environment descriptor '/home/newtonjeri/ai_based_sorting_robot_arm/install/robotic_arm_description/share/robotic_arm_description/hook/cmake_prefix_path.dsv'
[6.001s] INFO:colcon.colcon_core.shell:Creating environment hook '/home/newtonjeri/ai_based_sorting_robot_arm/install/robotic_arm_description/share/robotic_arm_description/hook/cmake_prefix_path.sh'
[6.002s] Level 1:colcon.colcon_core.environment:checking '/home/newtonjeri/ai_based_sorting_robot_arm/install/robotic_arm_description/bin'
[6.002s] Level 1:colcon.colcon_core.environment:checking '/home/newtonjeri/ai_based_sorting_robot_arm/install/robotic_arm_description/lib/pkgconfig/robotic_arm_description.pc'
[6.003s] Level 1:colcon.colcon_core.environment:checking '/home/newtonjeri/ai_based_sorting_robot_arm/install/robotic_arm_description/lib/python3.10/site-packages'
[6.007s] Level 1:colcon.colcon_core.environment:checking '/home/newtonjeri/ai_based_sorting_robot_arm/install/robotic_arm_description/bin'
[6.089s] INFO:colcon.colcon_core.shell:Creating package script '/home/newtonjeri/ai_based_sorting_robot_arm/install/robotic_arm_description/share/robotic_arm_description/package.ps1'
[6.090s] INFO:colcon.colcon_core.shell:Creating package descriptor '/home/newtonjeri/ai_based_sorting_robot_arm/install/robotic_arm_description/share/robotic_arm_description/package.dsv'
[6.092s] INFO:colcon.colcon_core.shell:Creating package script '/home/newtonjeri/ai_based_sorting_robot_arm/install/robotic_arm_description/share/robotic_arm_description/package.sh'
[6.094s] INFO:colcon.colcon_core.shell:Creating package script '/home/newtonjeri/ai_based_sorting_robot_arm/install/robotic_arm_description/share/robotic_arm_description/package.bash'
[6.095s] INFO:colcon.colcon_core.shell:Creating package script '/home/newtonjeri/ai_based_sorting_robot_arm/install/robotic_arm_description/share/robotic_arm_description/package.zsh'
[6.096s] Level 1:colcon.colcon_core.environment:create_file_with_runtime_dependencies(/home/newtonjeri/ai_based_sorting_robot_arm/install/robotic_arm_description/share/colcon-core/packages/robotic_arm_description)
[6.100s] DEBUG:colcon.colcon_core.event_handler.log_command:Invoked command in '/home/newtonjeri/ai_based_sorting_robot_arm/build/robotic_arm_firmware' returned '0': CMAKE_PREFIX_PATH=${CMAKE_PREFIX_PATH}:/home/newtonjeri/ai_based_sorting_robot_arm/install/robotic_arm_custom_nodes:/opt/ros/humble /usr/bin/cmake --build /home/newtonjeri/ai_based_sorting_robot_arm/build/robotic_arm_firmware -- -j4 -l4
[6.176s] DEBUG:colcon.colcon_core.event_handler.log_command:Invoking command in '/home/newtonjeri/ai_based_sorting_robot_arm/build/robotic_arm_firmware': CMAKE_PREFIX_PATH=${CMAKE_PREFIX_PATH}:/home/newtonjeri/ai_based_sorting_robot_arm/install/robotic_arm_custom_nodes:/opt/ros/humble /usr/bin/cmake --install /home/newtonjeri/ai_based_sorting_robot_arm/build/robotic_arm_firmware
[6.408s] Level 1:colcon.colcon_core.environment:create_environment_scripts_only(robotic_arm_firmware)
[6.418s] DEBUG:colcon.colcon_core.event_handler.log_command:Invoked command in '/home/newtonjeri/ai_based_sorting_robot_arm/build/robotic_arm_firmware' returned '0': CMAKE_PREFIX_PATH=${CMAKE_PREFIX_PATH}:/home/newtonjeri/ai_based_sorting_robot_arm/install/robotic_arm_custom_nodes:/opt/ros/humble /usr/bin/cmake --install /home/newtonjeri/ai_based_sorting_robot_arm/build/robotic_arm_firmware
[6.499s] Level 1:colcon.colcon_core.environment:checking '/home/newtonjeri/ai_based_sorting_robot_arm/install/robotic_arm_firmware' for CMake module files
[6.499s] Level 1:colcon.colcon_core.environment:checking '/home/newtonjeri/ai_based_sorting_robot_arm/install/robotic_arm_firmware' for CMake config files
[6.500s] Level 1:colcon.colcon_core.shell:create_environment_hook('robotic_arm_firmware', 'cmake_prefix_path')
[6.546s] INFO:colcon.colcon_core.shell:Creating environment hook '/home/newtonjeri/ai_based_sorting_robot_arm/install/robotic_arm_firmware/share/robotic_arm_firmware/hook/cmake_prefix_path.ps1'
[6.547s] INFO:colcon.colcon_core.shell:Creating environment descriptor '/home/newtonjeri/ai_based_sorting_robot_arm/install/robotic_arm_firmware/share/robotic_arm_firmware/hook/cmake_prefix_path.dsv'
[6.548s] INFO:colcon.colcon_core.shell:Creating environment hook '/home/newtonjeri/ai_based_sorting_robot_arm/install/robotic_arm_firmware/share/robotic_arm_firmware/hook/cmake_prefix_path.sh'
[6.548s] Level 1:colcon.colcon_core.environment:checking '/home/newtonjeri/ai_based_sorting_robot_arm/install/robotic_arm_firmware/lib'
[6.549s] Level 1:colcon.colcon_core.environment:checking '/home/newtonjeri/ai_based_sorting_robot_arm/install/robotic_arm_firmware/bin'
[6.549s] Level 1:colcon.colcon_core.environment:checking '/home/newtonjeri/ai_based_sorting_robot_arm/install/robotic_arm_firmware/lib/pkgconfig/robotic_arm_firmware.pc'
[6.550s] Level 1:colcon.colcon_core.environment:checking '/home/newtonjeri/ai_based_sorting_robot_arm/install/robotic_arm_firmware/lib/python3.10/site-packages'
[6.550s] Level 1:colcon.colcon_core.environment:checking '/home/newtonjeri/ai_based_sorting_robot_arm/install/robotic_arm_firmware/bin'
[6.597s] INFO:colcon.colcon_core.shell:Creating package script '/home/newtonjeri/ai_based_sorting_robot_arm/install/robotic_arm_firmware/share/robotic_arm_firmware/package.ps1'
[6.598s] INFO:colcon.colcon_core.shell:Creating package descriptor '/home/newtonjeri/ai_based_sorting_robot_arm/install/robotic_arm_firmware/share/robotic_arm_firmware/package.dsv'
[6.599s] INFO:colcon.colcon_core.shell:Creating package script '/home/newtonjeri/ai_based_sorting_robot_arm/install/robotic_arm_firmware/share/robotic_arm_firmware/package.sh'
[6.600s] INFO:colcon.colcon_core.shell:Creating package script '/home/newtonjeri/ai_based_sorting_robot_arm/install/robotic_arm_firmware/share/robotic_arm_firmware/package.bash'
[6.601s] INFO:colcon.colcon_core.shell:Creating package script '/home/newtonjeri/ai_based_sorting_robot_arm/install/robotic_arm_firmware/share/robotic_arm_firmware/package.zsh'
[6.602s] Level 1:colcon.colcon_core.environment:create_file_with_runtime_dependencies(/home/newtonjeri/ai_based_sorting_robot_arm/install/robotic_arm_firmware/share/colcon-core/packages/robotic_arm_firmware)
[6.628s] DEBUG:colcon.colcon_core.event_handler.log_command:Invoking command in '/home/newtonjeri/ai_based_sorting_robot_arm/build/robotic_arm_custom_nodes': PYTHONPATH=/home/newtonjeri/ai_based_sorting_robot_arm/build/robotic_arm_custom_nodes/prefix_override:/home/newtonjeri/ai_based_sorting_robot_arm/install/robotic_arm_custom_nodes/lib/python3.10/site-packages:${PYTHONPATH} /usr/bin/python3 setup.py develop --editable --build-directory /home/newtonjeri/ai_based_sorting_robot_arm/build/robotic_arm_custom_nodes/build --no-deps install_data
[6.707s] Level 1:colcon.colcon_core.environment:create_environment_scripts_only(robotic_arm_firmware)
[6.769s] Level 1:colcon.colcon_core.environment:checking '/home/newtonjeri/ai_based_sorting_robot_arm/install/robotic_arm_firmware' for CMake module files
[6.771s] Level 1:colcon.colcon_core.environment:checking '/home/newtonjeri/ai_based_sorting_robot_arm/install/robotic_arm_firmware' for CMake config files
[6.773s] Level 1:colcon.colcon_core.shell:create_environment_hook('robotic_arm_firmware', 'cmake_prefix_path')
[6.826s] INFO:colcon.colcon_core.shell:Creating environment hook '/home/newtonjeri/ai_based_sorting_robot_arm/install/robotic_arm_firmware/share/robotic_arm_firmware/hook/cmake_prefix_path.ps1'
[6.828s] INFO:colcon.colcon_core.shell:Creating environment descriptor '/home/newtonjeri/ai_based_sorting_robot_arm/install/robotic_arm_firmware/share/robotic_arm_firmware/hook/cmake_prefix_path.dsv'
[6.829s] INFO:colcon.colcon_core.shell:Creating environment hook '/home/newtonjeri/ai_based_sorting_robot_arm/install/robotic_arm_firmware/share/robotic_arm_firmware/hook/cmake_prefix_path.sh'
[6.830s] Level 1:colcon.colcon_core.environment:checking '/home/newtonjeri/ai_based_sorting_robot_arm/install/robotic_arm_firmware/lib'
[6.831s] Level 1:colcon.colcon_core.environment:checking '/home/newtonjeri/ai_based_sorting_robot_arm/install/robotic_arm_firmware/bin'
[6.831s] Level 1:colcon.colcon_core.environment:checking '/home/newtonjeri/ai_based_sorting_robot_arm/install/robotic_arm_firmware/lib/pkgconfig/robotic_arm_firmware.pc'
[6.832s] Level 1:colcon.colcon_core.environment:checking '/home/newtonjeri/ai_based_sorting_robot_arm/install/robotic_arm_firmware/lib/python3.10/site-packages'
[6.832s] Level 1:colcon.colcon_core.environment:checking '/home/newtonjeri/ai_based_sorting_robot_arm/install/robotic_arm_firmware/bin'
[6.882s] INFO:colcon.colcon_core.shell:Creating package script '/home/newtonjeri/ai_based_sorting_robot_arm/install/robotic_arm_firmware/share/robotic_arm_firmware/package.ps1'
[6.884s] INFO:colcon.colcon_core.shell:Creating package descriptor '/home/newtonjeri/ai_based_sorting_robot_arm/install/robotic_arm_firmware/share/robotic_arm_firmware/package.dsv'
[6.885s] INFO:colcon.colcon_core.shell:Creating package script '/home/newtonjeri/ai_based_sorting_robot_arm/install/robotic_arm_firmware/share/robotic_arm_firmware/package.sh'
[6.886s] INFO:colcon.colcon_core.shell:Creating package script '/home/newtonjeri/ai_based_sorting_robot_arm/install/robotic_arm_firmware/share/robotic_arm_firmware/package.bash'
[6.888s] INFO:colcon.colcon_core.shell:Creating package script '/home/newtonjeri/ai_based_sorting_robot_arm/install/robotic_arm_firmware/share/robotic_arm_firmware/package.zsh'
[6.890s] Level 1:colcon.colcon_core.environment:create_file_with_runtime_dependencies(/home/newtonjeri/ai_based_sorting_robot_arm/install/robotic_arm_firmware/share/colcon-core/packages/robotic_arm_firmware)
[7.067s] DEBUG:colcon.colcon_core.event_handler.log_command:Invoked command in '/home/newtonjeri/ai_based_sorting_robot_arm/build/robotic_arm_msgs' returned '0': CMAKE_PREFIX_PATH=${CMAKE_PREFIX_PATH}:/home/newtonjeri/ai_based_sorting_robot_arm/install/robotic_arm_custom_nodes:/opt/ros/humble /usr/bin/cmake --build /home/newtonjeri/ai_based_sorting_robot_arm/build/robotic_arm_msgs -- -j4 -l4
[7.204s] DEBUG:colcon.colcon_core.event_handler.log_command:Invoking command in '/home/newtonjeri/ai_based_sorting_robot_arm/build/robotic_arm_msgs': CMAKE_PREFIX_PATH=${CMAKE_PREFIX_PATH}:/home/newtonjeri/ai_based_sorting_robot_arm/install/robotic_arm_custom_nodes:/opt/ros/humble /usr/bin/cmake --install /home/newtonjeri/ai_based_sorting_robot_arm/build/robotic_arm_msgs
[7.416s] Level 1:colcon.colcon_core.environment:create_environment_scripts_only(robotic_arm_msgs)
[7.417s] DEBUG:colcon.colcon_core.event_handler.log_command:Invoked command in '/home/newtonjeri/ai_based_sorting_robot_arm/build/robotic_arm_msgs' returned '0': CMAKE_PREFIX_PATH=${CMAKE_PREFIX_PATH}:/home/newtonjeri/ai_based_sorting_robot_arm/install/robotic_arm_custom_nodes:/opt/ros/humble /usr/bin/cmake --install /home/newtonjeri/ai_based_sorting_robot_arm/build/robotic_arm_msgs
[7.462s] Level 1:colcon.colcon_core.environment:checking '/home/newtonjeri/ai_based_sorting_robot_arm/install/robotic_arm_msgs' for CMake module files
[7.464s] Level 1:colcon.colcon_core.environment:checking '/home/newtonjeri/ai_based_sorting_robot_arm/install/robotic_arm_msgs' for CMake config files
[7.465s] Level 1:colcon.colcon_core.shell:create_environment_hook('robotic_arm_msgs', 'cmake_prefix_path')
[7.500s] INFO:colcon.colcon_core.shell:Creating environment hook '/home/newtonjeri/ai_based_sorting_robot_arm/install/robotic_arm_msgs/share/robotic_arm_msgs/hook/cmake_prefix_path.ps1'
[7.501s] INFO:colcon.colcon_core.shell:Creating environment descriptor '/home/newtonjeri/ai_based_sorting_robot_arm/install/robotic_arm_msgs/share/robotic_arm_msgs/hook/cmake_prefix_path.dsv'
[7.502s] INFO:colcon.colcon_core.shell:Creating environment hook '/home/newtonjeri/ai_based_sorting_robot_arm/install/robotic_arm_msgs/share/robotic_arm_msgs/hook/cmake_prefix_path.sh'
[7.504s] Level 1:colcon.colcon_core.environment:checking '/home/newtonjeri/ai_based_sorting_robot_arm/install/robotic_arm_msgs/lib'
[7.506s] Level 1:colcon.colcon_core.shell:create_environment_hook('robotic_arm_msgs', 'ld_library_path_lib')
[7.546s] INFO:colcon.colcon_core.shell:Creating environment hook '/home/newtonjeri/ai_based_sorting_robot_arm/install/robotic_arm_msgs/share/robotic_arm_msgs/hook/ld_library_path_lib.ps1'
[7.547s] INFO:colcon.colcon_core.shell:Creating environment descriptor '/home/newtonjeri/ai_based_sorting_robot_arm/install/robotic_arm_msgs/share/robotic_arm_msgs/hook/ld_library_path_lib.dsv'
[7.548s] INFO:colcon.colcon_core.shell:Creating environment hook '/home/newtonjeri/ai_based_sorting_robot_arm/install/robotic_arm_msgs/share/robotic_arm_msgs/hook/ld_library_path_lib.sh'
[7.548s] Level 1:colcon.colcon_core.environment:checking '/home/newtonjeri/ai_based_sorting_robot_arm/install/robotic_arm_msgs/bin'
[7.549s] Level 1:colcon.colcon_core.environment:checking '/home/newtonjeri/ai_based_sorting_robot_arm/install/robotic_arm_msgs/lib/pkgconfig/robotic_arm_msgs.pc'
[7.549s] Level 1:colcon.colcon_core.environment:checking '/home/newtonjeri/ai_based_sorting_robot_arm/install/robotic_arm_msgs/lib/python3.10/site-packages'
[7.549s] Level 1:colcon.colcon_core.environment:checking '/home/newtonjeri/ai_based_sorting_robot_arm/install/robotic_arm_msgs/bin'
[7.591s] INFO:colcon.colcon_core.shell:Creating package script '/home/newtonjeri/ai_based_sorting_robot_arm/install/robotic_arm_msgs/share/robotic_arm_msgs/package.ps1'
[7.592s] INFO:colcon.colcon_core.shell:Creating package descriptor '/home/newtonjeri/ai_based_sorting_robot_arm/install/robotic_arm_msgs/share/robotic_arm_msgs/package.dsv'
[7.593s] INFO:colcon.colcon_core.shell:Creating package script '/home/newtonjeri/ai_based_sorting_robot_arm/install/robotic_arm_msgs/share/robotic_arm_msgs/package.sh'
[7.594s] INFO:colcon.colcon_core.shell:Creating package script '/home/newtonjeri/ai_based_sorting_robot_arm/install/robotic_arm_msgs/share/robotic_arm_msgs/package.bash'
[7.594s] INFO:colcon.colcon_core.shell:Creating package script '/home/newtonjeri/ai_based_sorting_robot_arm/install/robotic_arm_msgs/share/robotic_arm_msgs/package.zsh'
[7.595s] Level 1:colcon.colcon_core.environment:create_file_with_runtime_dependencies(/home/newtonjeri/ai_based_sorting_robot_arm/install/robotic_arm_msgs/share/colcon-core/packages/robotic_arm_msgs)
[7.773s] Level 1:colcon.colcon_core.environment:create_environment_scripts_only(robotic_arm_msgs)
[7.812s] Level 1:colcon.colcon_core.environment:checking '/home/newtonjeri/ai_based_sorting_robot_arm/install/robotic_arm_msgs' for CMake module files
[7.813s] Level 1:colcon.colcon_core.environment:checking '/home/newtonjeri/ai_based_sorting_robot_arm/install/robotic_arm_msgs' for CMake config files
[7.814s] Level 1:colcon.colcon_core.shell:create_environment_hook('robotic_arm_msgs', 'cmake_prefix_path')
[7.857s] INFO:colcon.colcon_core.shell:Creating environment hook '/home/newtonjeri/ai_based_sorting_robot_arm/install/robotic_arm_msgs/share/robotic_arm_msgs/hook/cmake_prefix_path.ps1'
[7.858s] INFO:colcon.colcon_core.shell:Creating environment descriptor '/home/newtonjeri/ai_based_sorting_robot_arm/install/robotic_arm_msgs/share/robotic_arm_msgs/hook/cmake_prefix_path.dsv'
[7.859s] INFO:colcon.colcon_core.shell:Creating environment hook '/home/newtonjeri/ai_based_sorting_robot_arm/install/robotic_arm_msgs/share/robotic_arm_msgs/hook/cmake_prefix_path.sh'
[7.860s] Level 1:colcon.colcon_core.environment:checking '/home/newtonjeri/ai_based_sorting_robot_arm/install/robotic_arm_msgs/lib'
[7.860s] Level 1:colcon.colcon_core.shell:create_environment_hook('robotic_arm_msgs', 'ld_library_path_lib')
[7.902s] INFO:colcon.colcon_core.shell:Creating environment hook '/home/newtonjeri/ai_based_sorting_robot_arm/install/robotic_arm_msgs/share/robotic_arm_msgs/hook/ld_library_path_lib.ps1'
[7.903s] INFO:colcon.colcon_core.shell:Creating environment descriptor '/home/newtonjeri/ai_based_sorting_robot_arm/install/robotic_arm_msgs/share/robotic_arm_msgs/hook/ld_library_path_lib.dsv'
[7.906s] INFO:colcon.colcon_core.shell:Creating environment hook '/home/newtonjeri/ai_based_sorting_robot_arm/install/robotic_arm_msgs/share/robotic_arm_msgs/hook/ld_library_path_lib.sh'
[7.908s] Level 1:colcon.colcon_core.environment:checking '/home/newtonjeri/ai_based_sorting_robot_arm/install/robotic_arm_msgs/bin'
[7.909s] Level 1:colcon.colcon_core.environment:checking '/home/newtonjeri/ai_based_sorting_robot_arm/install/robotic_arm_msgs/lib/pkgconfig/robotic_arm_msgs.pc'
[7.909s] Level 1:colcon.colcon_core.environment:checking '/home/newtonjeri/ai_based_sorting_robot_arm/install/robotic_arm_msgs/lib/python3.10/site-packages'
[7.910s] Level 1:colcon.colcon_core.environment:checking '/home/newtonjeri/ai_based_sorting_robot_arm/install/robotic_arm_msgs/bin'
[7.944s] INFO:colcon.colcon_core.shell:Creating package script '/home/newtonjeri/ai_based_sorting_robot_arm/install/robotic_arm_msgs/share/robotic_arm_msgs/package.ps1'
[7.945s] INFO:colcon.colcon_core.shell:Creating package descriptor '/home/newtonjeri/ai_based_sorting_robot_arm/install/robotic_arm_msgs/share/robotic_arm_msgs/package.dsv'
[7.946s] INFO:colcon.colcon_core.shell:Creating package script '/home/newtonjeri/ai_based_sorting_robot_arm/install/robotic_arm_msgs/share/robotic_arm_msgs/package.sh'
[7.948s] INFO:colcon.colcon_core.shell:Creating package script '/home/newtonjeri/ai_based_sorting_robot_arm/install/robotic_arm_msgs/share/robotic_arm_msgs/package.bash'
[7.949s] INFO:colcon.colcon_core.shell:Creating package script '/home/newtonjeri/ai_based_sorting_robot_arm/install/robotic_arm_msgs/share/robotic_arm_msgs/package.zsh'
[7.950s] Level 1:colcon.colcon_core.environment:create_file_with_runtime_dependencies(/home/newtonjeri/ai_based_sorting_robot_arm/install/robotic_arm_msgs/share/colcon-core/packages/robotic_arm_msgs)
[8.046s] Level 1:colcon.colcon_core.shell:create_environment_hook('robotic_arm_custom_nodes', 'pythonpath_develop')
[8.048s] DEBUG:colcon.colcon_core.event_handler.log_command:Invoked command in '/home/newtonjeri/ai_based_sorting_robot_arm/build/robotic_arm_custom_nodes' returned '0': PYTHONPATH=/home/newtonjeri/ai_based_sorting_robot_arm/build/robotic_arm_custom_nodes/prefix_override:/home/newtonjeri/ai_based_sorting_robot_arm/install/robotic_arm_custom_nodes/lib/python3.10/site-packages:${PYTHONPATH} /usr/bin/python3 setup.py develop --editable --build-directory /home/newtonjeri/ai_based_sorting_robot_arm/build/robotic_arm_custom_nodes/build --no-deps install_data
[8.079s] INFO:colcon.colcon_core.shell:Creating environment hook '/home/newtonjeri/ai_based_sorting_robot_arm/build/robotic_arm_custom_nodes/share/robotic_arm_custom_nodes/hook/pythonpath_develop.ps1'
[8.080s] INFO:colcon.colcon_core.shell:Creating environment descriptor '/home/newtonjeri/ai_based_sorting_robot_arm/build/robotic_arm_custom_nodes/share/robotic_arm_custom_nodes/hook/pythonpath_develop.dsv'
[8.081s] INFO:colcon.colcon_core.shell:Creating environment hook '/home/newtonjeri/ai_based_sorting_robot_arm/build/robotic_arm_custom_nodes/share/robotic_arm_custom_nodes/hook/pythonpath_develop.sh'
[8.113s] Level 1:colcon.colcon_core.environment:checking '/home/newtonjeri/ai_based_sorting_robot_arm/install/robotic_arm_custom_nodes' for CMake module files
[8.113s] Level 1:colcon.colcon_core.environment:checking '/home/newtonjeri/ai_based_sorting_robot_arm/install/robotic_arm_custom_nodes' for CMake config files
[8.114s] Level 1:colcon.colcon_core.environment:checking '/home/newtonjeri/ai_based_sorting_robot_arm/install/robotic_arm_custom_nodes/lib'
[8.115s] Level 1:colcon.colcon_core.environment:checking '/home/newtonjeri/ai_based_sorting_robot_arm/install/robotic_arm_custom_nodes/bin'
[8.115s] Level 1:colcon.colcon_core.environment:checking '/home/newtonjeri/ai_based_sorting_robot_arm/install/robotic_arm_custom_nodes/lib/pkgconfig/robotic_arm_custom_nodes.pc'
[8.115s] Level 1:colcon.colcon_core.environment:checking '/home/newtonjeri/ai_based_sorting_robot_arm/install/robotic_arm_custom_nodes/lib/python3.10/site-packages'
[8.115s] Level 1:colcon.colcon_core.shell:create_environment_hook('robotic_arm_custom_nodes', 'pythonpath')
[8.146s] INFO:colcon.colcon_core.shell:Creating environment hook '/home/newtonjeri/ai_based_sorting_robot_arm/install/robotic_arm_custom_nodes/share/robotic_arm_custom_nodes/hook/pythonpath.ps1'
[8.147s] INFO:colcon.colcon_core.shell:Creating environment descriptor '/home/newtonjeri/ai_based_sorting_robot_arm/install/robotic_arm_custom_nodes/share/robotic_arm_custom_nodes/hook/pythonpath.dsv'
[8.148s] INFO:colcon.colcon_core.shell:Creating environment hook '/home/newtonjeri/ai_based_sorting_robot_arm/install/robotic_arm_custom_nodes/share/robotic_arm_custom_nodes/hook/pythonpath.sh'
[8.149s] Level 1:colcon.colcon_core.environment:checking '/home/newtonjeri/ai_based_sorting_robot_arm/install/robotic_arm_custom_nodes/bin'
[8.149s] Level 1:colcon.colcon_core.environment:create_environment_scripts_only(robotic_arm_custom_nodes)
[8.197s] INFO:colcon.colcon_core.shell:Creating package script '/home/newtonjeri/ai_based_sorting_robot_arm/install/robotic_arm_custom_nodes/share/robotic_arm_custom_nodes/package.ps1'
[8.199s] INFO:colcon.colcon_core.shell:Creating package descriptor '/home/newtonjeri/ai_based_sorting_robot_arm/install/robotic_arm_custom_nodes/share/robotic_arm_custom_nodes/package.dsv'
[8.201s] INFO:colcon.colcon_core.shell:Creating package script '/home/newtonjeri/ai_based_sorting_robot_arm/install/robotic_arm_custom_nodes/share/robotic_arm_custom_nodes/package.sh'
[8.202s] INFO:colcon.colcon_core.shell:Creating package script '/home/newtonjeri/ai_based_sorting_robot_arm/install/robotic_arm_custom_nodes/share/robotic_arm_custom_nodes/package.bash'
[8.203s] INFO:colcon.colcon_core.shell:Creating package script '/home/newtonjeri/ai_based_sorting_robot_arm/install/robotic_arm_custom_nodes/share/robotic_arm_custom_nodes/package.zsh'
[8.204s] Level 1:colcon.colcon_core.environment:create_file_with_runtime_dependencies(/home/newtonjeri/ai_based_sorting_robot_arm/install/robotic_arm_custom_nodes/share/colcon-core/packages/robotic_arm_custom_nodes)
[8.205s] DEBUG:colcon.colcon_parallel_executor.executor.parallel:closing loop
[8.206s] DEBUG:colcon.colcon_parallel_executor.executor.parallel:loop closed
[8.207s] DEBUG:colcon.colcon_parallel_executor.executor.parallel:run_until_complete finished with '0'
[8.208s] DEBUG:colcon.colcon_core.event_reactor:joining thread
[8.530s] INFO:colcon.colcon_core.plugin_system:Skipping extension 'colcon_notification.desktop_notification.notify_send': Could not find 'notify-send'
[8.530s] INFO:colcon.colcon_core.plugin_system:Skipping extension 'colcon_notification.desktop_notification.terminal_notifier': Not used on non-Darwin systems
[8.530s] INFO:colcon.colcon_core.plugin_system:Skipping extension 'colcon_notification.desktop_notification.win32': Not used on non-Windows systems
[8.531s] INFO:colcon.colcon_notification.desktop_notification:Sending desktop notification using 'notify2'
[8.545s] DEBUG:colcon.colcon_notification.desktop_notification.notify2:Failed to initialize notify2: org.freedesktop.DBus.Error.ServiceUnknown: The name org.freedesktop.Notifications was not provided by any .service files
[8.546s] DEBUG:colcon.colcon_core.event_reactor:joined thread
[8.616s] INFO:colcon.colcon_core.shell:Creating prefix script '/home/newtonjeri/ai_based_sorting_robot_arm/install/local_setup.ps1'
[8.619s] INFO:colcon.colcon_core.shell:Creating prefix util module '/home/newtonjeri/ai_based_sorting_robot_arm/install/_local_setup_util_ps1.py'
[8.626s] INFO:colcon.colcon_core.shell:Creating prefix chain script '/home/newtonjeri/ai_based_sorting_robot_arm/install/setup.ps1'
[8.668s] INFO:colcon.colcon_core.shell:Creating prefix script '/home/newtonjeri/ai_based_sorting_robot_arm/install/local_setup.sh'
[8.669s] INFO:colcon.colcon_core.shell:Creating prefix util module '/home/newtonjeri/ai_based_sorting_robot_arm/install/_local_setup_util_sh.py'
[8.671s] INFO:colcon.colcon_core.shell:Creating prefix chain script '/home/newtonjeri/ai_based_sorting_robot_arm/install/setup.sh'
[8.709s] INFO:colcon.colcon_core.shell:Creating prefix script '/home/newtonjeri/ai_based_sorting_robot_arm/install/local_setup.bash'
[8.710s] INFO:colcon.colcon_core.shell:Creating prefix chain script '/home/newtonjeri/ai_based_sorting_robot_arm/install/setup.bash'
[8.747s] INFO:colcon.colcon_core.shell:Creating prefix script '/home/newtonjeri/ai_based_sorting_robot_arm/install/local_setup.zsh'
[8.748s] INFO:colcon.colcon_core.shell:Creating prefix chain script '/home/newtonjeri/ai_based_sorting_robot_arm/install/setup.zsh'
