[0.773s] Invoking command in '/home/newtonjeri/ai_based_sorting_robot_arm/build/robotic_arm_description': CMAKE_PREFIX_PATH=${CMAKE_PREFIX_PATH}:/home/newtonjeri/ai_based_sorting_robot_arm/install/robotic_arm_custom_nodes:/opt/ros/humble /usr/bin/cmake /home/newtonjeri/ai_based_sorting_robot_arm/src/robotic_arm_description -DCMAKE_INSTALL_PREFIX=/home/newtonjeri/ai_based_sorting_robot_arm/install/robotic_arm_description
[0.804s] -- Found ament_cmake: 1.3.5 (/opt/ros/humble/share/ament_cmake/cmake)
[1.278s] -- Override CMake install command with custom implementation using symlinks instead of copying resources
[1.303s] -- Found urdf: 2.6.0 (/opt/ros/humble/share/urdf/cmake)
[11.293s] -- Configuring done
[11.303s] -- Generating done
[11.310s] -- Build files have been written to: /home/newtonjeri/ai_based_sorting_robot_arm/build/robotic_arm_description
[11.331s] Invoked command in '/home/newtonjeri/ai_based_sorting_robot_arm/build/robotic_arm_description' returned '0': CMAKE_PREFIX_PATH=${CMAKE_PREFIX_PATH}:/home/newtonjeri/ai_based_sorting_robot_arm/install/robotic_arm_custom_nodes:/opt/ros/humble /usr/bin/cmake /home/newtonjeri/ai_based_sorting_robot_arm/src/robotic_arm_description -DCMAKE_INSTALL_PREFIX=/home/newtonjeri/ai_based_sorting_robot_arm/install/robotic_arm_description
[11.334s] Invoking command in '/home/newtonjeri/ai_based_sorting_robot_arm/build/robotic_arm_description': CMAKE_PREFIX_PATH=${CMAKE_PREFIX_PATH}:/home/newtonjeri/ai_based_sorting_robot_arm/install/robotic_arm_custom_nodes:/opt/ros/humble /usr/bin/cmake --build /home/newtonjeri/ai_based_sorting_robot_arm/build/robotic_arm_description -- -j4 -l4
[11.420s] Invoked command in '/home/newtonjeri/ai_based_sorting_robot_arm/build/robotic_arm_description' returned '0': CMAKE_PREFIX_PATH=${CMAKE_PREFIX_PATH}:/home/newtonjeri/ai_based_sorting_robot_arm/install/robotic_arm_custom_nodes:/opt/ros/humble /usr/bin/cmake --build /home/newtonjeri/ai_based_sorting_robot_arm/build/robotic_arm_description -- -j4 -l4
[11.501s] Invoking command in '/home/newtonjeri/ai_based_sorting_robot_arm/build/robotic_arm_description': CMAKE_PREFIX_PATH=${CMAKE_PREFIX_PATH}:/home/newtonjeri/ai_based_sorting_robot_arm/install/robotic_arm_custom_nodes:/opt/ros/humble /usr/bin/cmake --install /home/newtonjeri/ai_based_sorting_robot_arm/build/robotic_arm_description
[11.518s] -- Install configuration: ""
[11.519s] -- Execute custom install script
[11.521s] -- Up-to-date symlink: /home/newtonjeri/ai_based_sorting_robot_arm/install/robotic_arm_description/share/robotic_arm_description/meshes/base_link.stl
[11.521s] -- Up-to-date symlink: /home/newtonjeri/ai_based_sorting_robot_arm/install/robotic_arm_description/share/robotic_arm_description/meshes/camera_link.stl
[11.522s] -- Up-to-date symlink: /home/newtonjeri/ai_based_sorting_robot_arm/install/robotic_arm_description/share/robotic_arm_description/meshes/gripper_base.stl
[11.522s] -- Up-to-date symlink: /home/newtonjeri/ai_based_sorting_robot_arm/install/robotic_arm_description/share/robotic_arm_description/meshes/link_1.stl
[11.523s] -- Up-to-date symlink: /home/newtonjeri/ai_based_sorting_robot_arm/install/robotic_arm_description/share/robotic_arm_description/meshes/link_2a.stl
[11.523s] -- Up-to-date symlink: /home/newtonjeri/ai_based_sorting_robot_arm/install/robotic_arm_description/share/robotic_arm_description/meshes/link_2b.stl
[11.524s] -- Up-to-date symlink: /home/newtonjeri/ai_based_sorting_robot_arm/install/robotic_arm_description/share/robotic_arm_description/meshes/servomotormg996r_v2_1.stl
[11.528s] -- Up-to-date symlink: /home/newtonjeri/ai_based_sorting_robot_arm/install/robotic_arm_description/share/robotic_arm_description/meshes/servomotormg996r_v2_2.stl
[11.528s] -- Up-to-date symlink: /home/newtonjeri/ai_based_sorting_robot_arm/install/robotic_arm_description/share/robotic_arm_description/meshes/servomotormicro9g_v2_1.stl
[11.528s] -- Up-to-date symlink: /home/newtonjeri/ai_based_sorting_robot_arm/install/robotic_arm_description/share/robotic_arm_description/meshes/servomotormicro9g_v2_2.stl
[11.529s] -- Up-to-date symlink: /home/newtonjeri/ai_based_sorting_robot_arm/install/robotic_arm_description/share/robotic_arm_description/meshes/slidder_gripper_1.stl
[11.530s] -- Up-to-date symlink: /home/newtonjeri/ai_based_sorting_robot_arm/install/robotic_arm_description/share/robotic_arm_description/meshes/slidder_gripper_2.stl
[11.531s] -- Up-to-date symlink: /home/newtonjeri/ai_based_sorting_robot_arm/install/robotic_arm_description/share/robotic_arm_description/meshes/slider_slot.stl
[11.531s] -- Up-to-date symlink: /home/newtonjeri/ai_based_sorting_robot_arm/install/robotic_arm_description/share/robotic_arm_description/meshes/waist.stl
[11.532s] -- Up-to-date symlink: /home/newtonjeri/ai_based_sorting_robot_arm/install/robotic_arm_description/share/robotic_arm_description/urdf/materials.xacro
[11.533s] -- Up-to-date symlink: /home/newtonjeri/ai_based_sorting_robot_arm/install/robotic_arm_description/share/robotic_arm_description/urdf/robotic_arm.gazebo.xml
[11.533s] -- Up-to-date symlink: /home/newtonjeri/ai_based_sorting_robot_arm/install/robotic_arm_description/share/robotic_arm_description/urdf/robotic_arm.trans
[11.534s] -- Up-to-date symlink: /home/newtonjeri/ai_based_sorting_robot_arm/install/robotic_arm_description/share/robotic_arm_description/urdf/robotic_arm.xacro
[11.535s] -- Up-to-date symlink: /home/newtonjeri/ai_based_sorting_robot_arm/install/robotic_arm_description/share/robotic_arm_description/launch/spawn_robot_launch.launch.py
[11.536s] -- Up-to-date symlink: /home/newtonjeri/ai_based_sorting_robot_arm/install/robotic_arm_description/share/robotic_arm_description/launch/spawn_robotic_arm.py
[11.536s] -- Up-to-date symlink: /home/newtonjeri/ai_based_sorting_robot_arm/install/robotic_arm_description/lib/robotic_arm_description/spawn_robotic_arm.py
[11.537s] -- Up-to-date symlink: /home/newtonjeri/ai_based_sorting_robot_arm/install/robotic_arm_description/share/ament_index/resource_index/package_run_dependencies/robotic_arm_description
[11.538s] -- Up-to-date symlink: /home/newtonjeri/ai_based_sorting_robot_arm/install/robotic_arm_description/share/ament_index/resource_index/parent_prefix_path/robotic_arm_description
[11.538s] -- Up-to-date symlink: /home/newtonjeri/ai_based_sorting_robot_arm/install/robotic_arm_description/share/robotic_arm_description/environment/ament_prefix_path.sh
[11.539s] -- Up-to-date symlink: /home/newtonjeri/ai_based_sorting_robot_arm/install/robotic_arm_description/share/robotic_arm_description/environment/ament_prefix_path.dsv
[11.539s] -- Up-to-date symlink: /home/newtonjeri/ai_based_sorting_robot_arm/install/robotic_arm_description/share/robotic_arm_description/environment/path.sh
[11.543s] -- Up-to-date symlink: /home/newtonjeri/ai_based_sorting_robot_arm/install/robotic_arm_description/share/robotic_arm_description/environment/path.dsv
[11.543s] -- Up-to-date symlink: /home/newtonjeri/ai_based_sorting_robot_arm/install/robotic_arm_description/share/robotic_arm_description/local_setup.bash
[11.544s] -- Up-to-date symlink: /home/newtonjeri/ai_based_sorting_robot_arm/install/robotic_arm_description/share/robotic_arm_description/local_setup.sh
[11.544s] -- Up-to-date symlink: /home/newtonjeri/ai_based_sorting_robot_arm/install/robotic_arm_description/share/robotic_arm_description/local_setup.zsh
[11.544s] -- Up-to-date symlink: /home/newtonjeri/ai_based_sorting_robot_arm/install/robotic_arm_description/share/robotic_arm_description/local_setup.dsv
[11.544s] -- Symlinking: /home/newtonjeri/ai_based_sorting_robot_arm/install/robotic_arm_description/share/robotic_arm_description/package.dsv
[11.569s] -- Up-to-date symlink: /home/newtonjeri/ai_based_sorting_robot_arm/install/robotic_arm_description/share/ament_index/resource_index/packages/robotic_arm_description
[11.569s] -- Up-to-date symlink: /home/newtonjeri/ai_based_sorting_robot_arm/install/robotic_arm_description/share/robotic_arm_description/cmake/robotic_arm_descriptionConfig.cmake
[11.569s] -- Up-to-date symlink: /home/newtonjeri/ai_based_sorting_robot_arm/install/robotic_arm_description/share/robotic_arm_description/cmake/robotic_arm_descriptionConfig-version.cmake
[11.570s] -- Up-to-date symlink: /home/newtonjeri/ai_based_sorting_robot_arm/install/robotic_arm_description/share/robotic_arm_description/package.xml
[11.580s] Invoked command in '/home/newtonjeri/ai_based_sorting_robot_arm/build/robotic_arm_description' returned '0': CMAKE_PREFIX_PATH=${CMAKE_PREFIX_PATH}:/home/newtonjeri/ai_based_sorting_robot_arm/install/robotic_arm_custom_nodes:/opt/ros/humble /usr/bin/cmake --install /home/newtonjeri/ai_based_sorting_robot_arm/build/robotic_arm_description
