[5.533s] DEBUG:colcon:Command line arguments: ['/usr/bin/colcon', 'list', '-p', '--base-paths', '/home/newtonjeri/ai_based_sorting_robot_arm']
[5.533s] DEBUG:colcon:Parsed command line arguments: Namespace(log_base=None, log_level=None, verb_name='list', build_base='build', ignore_user_meta=False, metas=['./colcon.meta'], base_paths=['/home/newtonjeri/ai_based_sorting_robot_arm'], packages_ignore=None, packages_ignore_regex=None, paths=None, packages_up_to=None, packages_up_to_regex=None, packages_above=None, packages_above_and_dependencies=None, packages_above_depth=None, packages_select_by_dep=None, packages_skip_by_dep=None, packages_skip_up_to=None, packages_select_build_failed=False, packages_skip_build_finished=False, packages_select_test_failures=False, packages_skip_test_passed=False, packages_select=None, packages_skip=None, packages_select_regex=None, packages_skip_regex=None, packages_start=None, packages_end=None, allow_overriding=[], topological_order=False, names_only=False, paths_only=True, topological_graph=False, topological_graph_dot=False, topological_graph_density=False, topological_graph_legend=False, topological_graph_dot_cluster=False, topological_graph_dot_include_skipped=False, verb_parser=<colcon_defaults.argument_parser.defaults.DefaultArgumentsDecorator object at 0x7fb5b1b696f0>, verb_extension=<colcon_package_information.verb.list.ListVerb object at 0x7fb5b1c7b430>, main=<bound method ListVerb.main of <colcon_package_information.verb.list.ListVerb object at 0x7fb5b1c7b430>>)
[5.889s] Level 1:colcon.colcon_core.package_discovery:discover_packages(colcon_meta) check parameters
[5.889s] Level 1:colcon.colcon_core.package_discovery:discover_packages(recursive) check parameters
[5.890s] Level 1:colcon.colcon_core.package_discovery:discover_packages(ignore) check parameters
[5.890s] Level 1:colcon.colcon_core.package_discovery:discover_packages(path) check parameters
[5.890s] Level 1:colcon.colcon_core.package_discovery:discover_packages(recursive) discover
[5.890s] INFO:colcon.colcon_core.package_discovery:Crawling recursively for packages in '/home/newtonjeri/ai_based_sorting_robot_arm'
[5.891s] Level 1:colcon.colcon_core.package_identification:_identify(/home/newtonjeri/ai_based_sorting_robot_arm) by extensions ['ignore', 'ignore_ament_install']
[5.891s] Level 1:colcon.colcon_core.package_identification:_identify(/home/newtonjeri/ai_based_sorting_robot_arm) by extension 'ignore'
[5.891s] Level 1:colcon.colcon_core.package_identification:_identify(/home/newtonjeri/ai_based_sorting_robot_arm) by extension 'ignore_ament_install'
[5.893s] Level 1:colcon.colcon_core.package_identification:_identify(/home/newtonjeri/ai_based_sorting_robot_arm) by extensions ['colcon_pkg']
[5.893s] Level 1:colcon.colcon_core.package_identification:_identify(/home/newtonjeri/ai_based_sorting_robot_arm) by extension 'colcon_pkg'
[5.893s] Level 1:colcon.colcon_core.package_identification:_identify(/home/newtonjeri/ai_based_sorting_robot_arm) by extensions ['colcon_meta']
[5.894s] Level 1:colcon.colcon_core.package_identification:_identify(/home/newtonjeri/ai_based_sorting_robot_arm) by extension 'colcon_meta'
[5.894s] Level 1:colcon.colcon_core.package_identification:_identify(/home/newtonjeri/ai_based_sorting_robot_arm) by extensions ['ros']
[5.895s] Level 1:colcon.colcon_core.package_identification:_identify(/home/newtonjeri/ai_based_sorting_robot_arm) by extension 'ros'
[6.002s] Level 1:colcon.colcon_core.package_identification:_identify(/home/newtonjeri/ai_based_sorting_robot_arm) by extensions ['cmake', 'python']
[6.003s] Level 1:colcon.colcon_core.package_identification:_identify(/home/newtonjeri/ai_based_sorting_robot_arm) by extension 'cmake'
[6.003s] Level 1:colcon.colcon_core.package_identification:_identify(/home/newtonjeri/ai_based_sorting_robot_arm) by extension 'python'
[6.003s] Level 1:colcon.colcon_core.package_identification:_identify(/home/newtonjeri/ai_based_sorting_robot_arm) by extensions ['python_setup_py']
[6.003s] Level 1:colcon.colcon_core.package_identification:_identify(/home/newtonjeri/ai_based_sorting_robot_arm) by extension 'python_setup_py'
[6.004s] Level 1:colcon.colcon_core.package_identification:_identify(/home/newtonjeri/ai_based_sorting_robot_arm/build) by extensions ['ignore', 'ignore_ament_install']
[6.005s] Level 1:colcon.colcon_core.package_identification:_identify(/home/newtonjeri/ai_based_sorting_robot_arm/build) by extension 'ignore'
[6.005s] Level 1:colcon.colcon_core.package_identification:_identify(/home/newtonjeri/ai_based_sorting_robot_arm/build) ignored
[6.007s] Level 1:colcon.colcon_core.package_identification:_identify(/home/newtonjeri/ai_based_sorting_robot_arm/install) by extensions ['ignore', 'ignore_ament_install']
[6.007s] Level 1:colcon.colcon_core.package_identification:_identify(/home/newtonjeri/ai_based_sorting_robot_arm/install) by extension 'ignore'
[6.028s] Level 1:colcon.colcon_core.package_identification:_identify(/home/newtonjeri/ai_based_sorting_robot_arm/install) ignored
[6.029s] Level 1:colcon.colcon_core.package_identification:_identify(/home/newtonjeri/ai_based_sorting_robot_arm/log) by extensions ['ignore', 'ignore_ament_install']
[6.029s] Level 1:colcon.colcon_core.package_identification:_identify(/home/newtonjeri/ai_based_sorting_robot_arm/log) by extension 'ignore'
[6.030s] Level 1:colcon.colcon_core.package_identification:_identify(/home/newtonjeri/ai_based_sorting_robot_arm/log) ignored
[6.030s] Level 1:colcon.colcon_core.package_identification:_identify(/home/newtonjeri/ai_based_sorting_robot_arm/src) by extensions ['ignore', 'ignore_ament_install']
[6.036s] Level 1:colcon.colcon_core.package_identification:_identify(/home/newtonjeri/ai_based_sorting_robot_arm/src) by extension 'ignore'
[6.036s] Level 1:colcon.colcon_core.package_identification:_identify(/home/newtonjeri/ai_based_sorting_robot_arm/src) by extension 'ignore_ament_install'
[6.037s] Level 1:colcon.colcon_core.package_identification:_identify(/home/newtonjeri/ai_based_sorting_robot_arm/src) by extensions ['colcon_pkg']
[6.037s] Level 1:colcon.colcon_core.package_identification:_identify(/home/newtonjeri/ai_based_sorting_robot_arm/src) by extension 'colcon_pkg'
[6.037s] Level 1:colcon.colcon_core.package_identification:_identify(/home/newtonjeri/ai_based_sorting_robot_arm/src) by extensions ['colcon_meta']
[6.037s] Level 1:colcon.colcon_core.package_identification:_identify(/home/newtonjeri/ai_based_sorting_robot_arm/src) by extension 'colcon_meta'
[6.038s] Level 1:colcon.colcon_core.package_identification:_identify(/home/newtonjeri/ai_based_sorting_robot_arm/src) by extensions ['ros']
[6.038s] Level 1:colcon.colcon_core.package_identification:_identify(/home/newtonjeri/ai_based_sorting_robot_arm/src) by extension 'ros'
[6.038s] Level 1:colcon.colcon_core.package_identification:_identify(/home/newtonjeri/ai_based_sorting_robot_arm/src) by extensions ['cmake', 'python']
[6.038s] Level 1:colcon.colcon_core.package_identification:_identify(/home/newtonjeri/ai_based_sorting_robot_arm/src) by extension 'cmake'
[6.038s] Level 1:colcon.colcon_core.package_identification:_identify(/home/newtonjeri/ai_based_sorting_robot_arm/src) by extension 'python'
[6.040s] Level 1:colcon.colcon_core.package_identification:_identify(/home/newtonjeri/ai_based_sorting_robot_arm/src) by extensions ['python_setup_py']
[6.040s] Level 1:colcon.colcon_core.package_identification:_identify(/home/newtonjeri/ai_based_sorting_robot_arm/src) by extension 'python_setup_py'
[6.060s] Level 1:colcon.colcon_core.package_identification:_identify(/home/newtonjeri/ai_based_sorting_robot_arm/src/robotic_arm_bringup) by extensions ['ignore', 'ignore_ament_install']
[6.061s] Level 1:colcon.colcon_core.package_identification:_identify(/home/newtonjeri/ai_based_sorting_robot_arm/src/robotic_arm_bringup) by extension 'ignore'
[6.061s] Level 1:colcon.colcon_core.package_identification:_identify(/home/newtonjeri/ai_based_sorting_robot_arm/src/robotic_arm_bringup) by extension 'ignore_ament_install'
[6.061s] Level 1:colcon.colcon_core.package_identification:_identify(/home/newtonjeri/ai_based_sorting_robot_arm/src/robotic_arm_bringup) by extensions ['colcon_pkg']
[6.061s] Level 1:colcon.colcon_core.package_identification:_identify(/home/newtonjeri/ai_based_sorting_robot_arm/src/robotic_arm_bringup) by extension 'colcon_pkg'
[6.061s] Level 1:colcon.colcon_core.package_identification:_identify(/home/newtonjeri/ai_based_sorting_robot_arm/src/robotic_arm_bringup) by extensions ['colcon_meta']
[6.062s] Level 1:colcon.colcon_core.package_identification:_identify(/home/newtonjeri/ai_based_sorting_robot_arm/src/robotic_arm_bringup) by extension 'colcon_meta'
[6.062s] Level 1:colcon.colcon_core.package_identification:_identify(/home/newtonjeri/ai_based_sorting_robot_arm/src/robotic_arm_bringup) by extensions ['ros']
[6.062s] Level 1:colcon.colcon_core.package_identification:_identify(/home/newtonjeri/ai_based_sorting_robot_arm/src/robotic_arm_bringup) by extension 'ros'
[6.069s] DEBUG:colcon.colcon_core.package_identification:Package '/home/newtonjeri/ai_based_sorting_robot_arm/src/robotic_arm_bringup' with type 'ros.ament_cmake' and name 'robotic_arm_bringup'
[6.072s] Level 1:colcon.colcon_core.package_identification:_identify(/home/newtonjeri/ai_based_sorting_robot_arm/src/robotic_arm_custom_nodes) by extensions ['ignore', 'ignore_ament_install']
[6.082s] Level 1:colcon.colcon_core.package_identification:_identify(/home/newtonjeri/ai_based_sorting_robot_arm/src/robotic_arm_custom_nodes) by extension 'ignore'
[6.082s] Level 1:colcon.colcon_core.package_identification:_identify(/home/newtonjeri/ai_based_sorting_robot_arm/src/robotic_arm_custom_nodes) by extension 'ignore_ament_install'
[6.084s] Level 1:colcon.colcon_core.package_identification:_identify(/home/newtonjeri/ai_based_sorting_robot_arm/src/robotic_arm_custom_nodes) by extensions ['colcon_pkg']
[6.084s] Level 1:colcon.colcon_core.package_identification:_identify(/home/newtonjeri/ai_based_sorting_robot_arm/src/robotic_arm_custom_nodes) by extension 'colcon_pkg'
[6.086s] Level 1:colcon.colcon_core.package_identification:_identify(/home/newtonjeri/ai_based_sorting_robot_arm/src/robotic_arm_custom_nodes) by extensions ['colcon_meta']
[6.086s] Level 1:colcon.colcon_core.package_identification:_identify(/home/newtonjeri/ai_based_sorting_robot_arm/src/robotic_arm_custom_nodes) by extension 'colcon_meta'
[6.100s] Level 1:colcon.colcon_core.package_identification:_identify(/home/newtonjeri/ai_based_sorting_robot_arm/src/robotic_arm_custom_nodes) by extensions ['ros']
[6.100s] Level 1:colcon.colcon_core.package_identification:_identify(/home/newtonjeri/ai_based_sorting_robot_arm/src/robotic_arm_custom_nodes) by extension 'ros'
[6.103s] DEBUG:colcon.colcon_core.package_identification:Package '/home/newtonjeri/ai_based_sorting_robot_arm/src/robotic_arm_custom_nodes' with type 'ros.ament_python' and name 'robotic_arm_custom_nodes'
[6.103s] Level 1:colcon.colcon_core.package_identification:_identify(/home/newtonjeri/ai_based_sorting_robot_arm/src/robotic_arm_description) by extensions ['ignore', 'ignore_ament_install']
[6.103s] Level 1:colcon.colcon_core.package_identification:_identify(/home/newtonjeri/ai_based_sorting_robot_arm/src/robotic_arm_description) by extension 'ignore'
[6.104s] Level 1:colcon.colcon_core.package_identification:_identify(/home/newtonjeri/ai_based_sorting_robot_arm/src/robotic_arm_description) by extension 'ignore_ament_install'
[6.104s] Level 1:colcon.colcon_core.package_identification:_identify(/home/newtonjeri/ai_based_sorting_robot_arm/src/robotic_arm_description) by extensions ['colcon_pkg']
[6.104s] Level 1:colcon.colcon_core.package_identification:_identify(/home/newtonjeri/ai_based_sorting_robot_arm/src/robotic_arm_description) by extension 'colcon_pkg'
[6.104s] Level 1:colcon.colcon_core.package_identification:_identify(/home/newtonjeri/ai_based_sorting_robot_arm/src/robotic_arm_description) by extensions ['colcon_meta']
[6.104s] Level 1:colcon.colcon_core.package_identification:_identify(/home/newtonjeri/ai_based_sorting_robot_arm/src/robotic_arm_description) by extension 'colcon_meta'
[6.104s] Level 1:colcon.colcon_core.package_identification:_identify(/home/newtonjeri/ai_based_sorting_robot_arm/src/robotic_arm_description) by extensions ['ros']
[6.105s] Level 1:colcon.colcon_core.package_identification:_identify(/home/newtonjeri/ai_based_sorting_robot_arm/src/robotic_arm_description) by extension 'ros'
[6.106s] DEBUG:colcon.colcon_core.package_identification:Package '/home/newtonjeri/ai_based_sorting_robot_arm/src/robotic_arm_description' with type 'ros.ament_cmake' and name 'robotic_arm_description'
[6.107s] Level 1:colcon.colcon_core.package_identification:_identify(/home/newtonjeri/ai_based_sorting_robot_arm/src/robotic_arm_gazebo) by extensions ['ignore', 'ignore_ament_install']
[6.107s] Level 1:colcon.colcon_core.package_identification:_identify(/home/newtonjeri/ai_based_sorting_robot_arm/src/robotic_arm_gazebo) by extension 'ignore'
[6.107s] Level 1:colcon.colcon_core.package_identification:_identify(/home/newtonjeri/ai_based_sorting_robot_arm/src/robotic_arm_gazebo) by extension 'ignore_ament_install'
[6.107s] Level 1:colcon.colcon_core.package_identification:_identify(/home/newtonjeri/ai_based_sorting_robot_arm/src/robotic_arm_gazebo) by extensions ['colcon_pkg']
[6.107s] Level 1:colcon.colcon_core.package_identification:_identify(/home/newtonjeri/ai_based_sorting_robot_arm/src/robotic_arm_gazebo) by extension 'colcon_pkg'
[6.108s] Level 1:colcon.colcon_core.package_identification:_identify(/home/newtonjeri/ai_based_sorting_robot_arm/src/robotic_arm_gazebo) by extensions ['colcon_meta']
[6.108s] Level 1:colcon.colcon_core.package_identification:_identify(/home/newtonjeri/ai_based_sorting_robot_arm/src/robotic_arm_gazebo) by extension 'colcon_meta'
[6.108s] Level 1:colcon.colcon_core.package_identification:_identify(/home/newtonjeri/ai_based_sorting_robot_arm/src/robotic_arm_gazebo) by extensions ['ros']
[6.108s] Level 1:colcon.colcon_core.package_identification:_identify(/home/newtonjeri/ai_based_sorting_robot_arm/src/robotic_arm_gazebo) by extension 'ros'
[6.129s] DEBUG:colcon.colcon_core.package_identification:Package '/home/newtonjeri/ai_based_sorting_robot_arm/src/robotic_arm_gazebo' with type 'ros.ament_cmake' and name 'robotic_arm_gazebo'
[6.137s] Level 1:colcon.colcon_core.package_discovery:discover_packages(recursive) using defaults
