[0.099s] Invoking command in '/home/newtonjeri/ai_based_sorting_robot_arm/build/robotic_arm_bringup': CMAKE_PREFIX_PATH=${CMAKE_PREFIX_PATH}:/home/newtonjeri/ai_based_sorting_robot_arm/install/robotic_arm_custom_nodes:/opt/ros/humble /usr/bin/cmake --build /home/newtonjeri/ai_based_sorting_robot_arm/build/robotic_arm_bringup -- -j4 -l4
[0.599s] Invoked command in '/home/newtonjeri/ai_based_sorting_robot_arm/build/robotic_arm_bringup' returned '0': CMAKE_PREFIX_PATH=${CMAKE_PREFIX_PATH}:/home/newtonjeri/ai_based_sorting_robot_arm/install/robotic_arm_custom_nodes:/opt/ros/humble /usr/bin/cmake --build /home/newtonjeri/ai_based_sorting_robot_arm/build/robotic_arm_bringup -- -j4 -l4
[0.667s] Invoking command in '/home/newtonjeri/ai_based_sorting_robot_arm/build/robotic_arm_bringup': CMAKE_PREFIX_PATH=${CMAKE_PREFIX_PATH}:/home/newtonjeri/ai_based_sorting_robot_arm/install/robotic_arm_custom_nodes:/opt/ros/humble /usr/bin/cmake --install /home/newtonjeri/ai_based_sorting_robot_arm/build/robotic_arm_bringup
[0.683s] -- Install configuration: ""
[0.684s] -- Execute custom install script
[0.685s] -- Up-to-date symlink: /home/newtonjeri/ai_based_sorting_robot_arm/install/robotic_arm_bringup/share/robotic_arm_bringup/launch/controllers.launch.py
[0.686s] -- Up-to-date symlink: /home/newtonjeri/ai_based_sorting_robot_arm/install/robotic_arm_bringup/share/ament_index/resource_index/package_run_dependencies/robotic_arm_bringup
[0.687s] -- Up-to-date symlink: /home/newtonjeri/ai_based_sorting_robot_arm/install/robotic_arm_bringup/share/ament_index/resource_index/parent_prefix_path/robotic_arm_bringup
[0.689s] -- Up-to-date symlink: /home/newtonjeri/ai_based_sorting_robot_arm/install/robotic_arm_bringup/share/robotic_arm_bringup/environment/ament_prefix_path.sh
[0.689s] -- Up-to-date symlink: /home/newtonjeri/ai_based_sorting_robot_arm/install/robotic_arm_bringup/share/robotic_arm_bringup/environment/ament_prefix_path.dsv
[0.689s] -- Up-to-date symlink: /home/newtonjeri/ai_based_sorting_robot_arm/install/robotic_arm_bringup/share/robotic_arm_bringup/environment/path.sh
[0.690s] -- Up-to-date symlink: /home/newtonjeri/ai_based_sorting_robot_arm/install/robotic_arm_bringup/share/robotic_arm_bringup/environment/path.dsv
[0.690s] -- Up-to-date symlink: /home/newtonjeri/ai_based_sorting_robot_arm/install/robotic_arm_bringup/share/robotic_arm_bringup/local_setup.bash
[0.691s] -- Up-to-date symlink: /home/newtonjeri/ai_based_sorting_robot_arm/install/robotic_arm_bringup/share/robotic_arm_bringup/local_setup.sh
[0.691s] -- Up-to-date symlink: /home/newtonjeri/ai_based_sorting_robot_arm/install/robotic_arm_bringup/share/robotic_arm_bringup/local_setup.zsh
[0.692s] -- Up-to-date symlink: /home/newtonjeri/ai_based_sorting_robot_arm/install/robotic_arm_bringup/share/robotic_arm_bringup/local_setup.dsv
[0.697s] -- Symlinking: /home/newtonjeri/ai_based_sorting_robot_arm/install/robotic_arm_bringup/share/robotic_arm_bringup/package.dsv
[0.715s] -- Up-to-date symlink: /home/newtonjeri/ai_based_sorting_robot_arm/install/robotic_arm_bringup/share/ament_index/resource_index/packages/robotic_arm_bringup
[0.715s] -- Up-to-date symlink: /home/newtonjeri/ai_based_sorting_robot_arm/install/robotic_arm_bringup/share/robotic_arm_bringup/cmake/robotic_arm_bringupConfig.cmake
[0.716s] -- Up-to-date symlink: /home/newtonjeri/ai_based_sorting_robot_arm/install/robotic_arm_bringup/share/robotic_arm_bringup/cmake/robotic_arm_bringupConfig-version.cmake
[0.716s] -- Up-to-date symlink: /home/newtonjeri/ai_based_sorting_robot_arm/install/robotic_arm_bringup/share/robotic_arm_bringup/package.xml
[0.720s] Invoked command in '/home/newtonjeri/ai_based_sorting_robot_arm/build/robotic_arm_bringup' returned '0': CMAKE_PREFIX_PATH=${CMAKE_PREFIX_PATH}:/home/newtonjeri/ai_based_sorting_robot_arm/install/robotic_arm_custom_nodes:/opt/ros/humble /usr/bin/cmake --install /home/newtonjeri/ai_based_sorting_robot_arm/build/robotic_arm_bringup
