[6.977s] Invoking command in '/home/newtonjeri/ai_based_sorting_robot_arm/build/robotic_arm_custom_nodes': PYTHONPATH=/home/newtonjeri/ai_based_sorting_robot_arm/build/robotic_arm_custom_nodes/prefix_override:/home/newtonjeri/ai_based_sorting_robot_arm/install/robotic_arm_custom_nodes/lib/python3.10/site-packages:${PYTHONPATH} /usr/bin/python3 setup.py develop --uninstall --editable --build-directory /home/newtonjeri/ai_based_sorting_robot_arm/build/robotic_arm_custom_nodes/build
[8.496s] running develop
[9.547s] Removing /home/newtonjeri/ai_based_sorting_robot_arm/install/robotic_arm_custom_nodes/lib/python3.10/site-packages/robotic-arm-custom-nodes.egg-link (link to .)
[9.669s] Invoked command in '/home/newtonjeri/ai_based_sorting_robot_arm/build/robotic_arm_custom_nodes' returned '0': PYTHONPATH=/home/newtonjeri/ai_based_sorting_robot_arm/build/robotic_arm_custom_nodes/prefix_override:/home/newtonjeri/ai_based_sorting_robot_arm/install/robotic_arm_custom_nodes/lib/python3.10/site-packages:${PYTHONPATH} /usr/bin/python3 setup.py develop --uninstall --editable --build-directory /home/newtonjeri/ai_based_sorting_robot_arm/build/robotic_arm_custom_nodes/build
[9.670s] Invoking command in '/home/newtonjeri/ai_based_sorting_robot_arm/src/robotic_arm_custom_nodes': PYTHONPATH=/home/newtonjeri/ai_based_sorting_robot_arm/build/robotic_arm_custom_nodes/prefix_override:/home/newtonjeri/ai_based_sorting_robot_arm/install/robotic_arm_custom_nodes/lib/python3.10/site-packages:${PYTHONPATH} /usr/bin/python3 setup.py egg_info --egg-base ../../build/robotic_arm_custom_nodes build --build-base /home/newtonjeri/ai_based_sorting_robot_arm/build/robotic_arm_custom_nodes/build install --record /home/newtonjeri/ai_based_sorting_robot_arm/build/robotic_arm_custom_nodes/install.log --single-version-externally-managed
[11.102s] running egg_info
[11.104s] writing ../../build/robotic_arm_custom_nodes/robotic_arm_custom_nodes.egg-info/PKG-INFO
[11.104s] writing dependency_links to ../../build/robotic_arm_custom_nodes/robotic_arm_custom_nodes.egg-info/dependency_links.txt
[11.104s] writing entry points to ../../build/robotic_arm_custom_nodes/robotic_arm_custom_nodes.egg-info/entry_points.txt
[11.105s] writing requirements to ../../build/robotic_arm_custom_nodes/robotic_arm_custom_nodes.egg-info/requires.txt
[11.105s] writing top-level names to ../../build/robotic_arm_custom_nodes/robotic_arm_custom_nodes.egg-info/top_level.txt
[11.112s] reading manifest file '../../build/robotic_arm_custom_nodes/robotic_arm_custom_nodes.egg-info/SOURCES.txt'
[11.118s] writing manifest file '../../build/robotic_arm_custom_nodes/robotic_arm_custom_nodes.egg-info/SOURCES.txt'
[11.118s] running build
[11.119s] running build_py
[11.119s] creating /home/newtonjeri/ai_based_sorting_robot_arm/build/robotic_arm_custom_nodes/build
[11.123s] creating /home/newtonjeri/ai_based_sorting_robot_arm/build/robotic_arm_custom_nodes/build/lib
[11.124s] creating /home/newtonjeri/ai_based_sorting_robot_arm/build/robotic_arm_custom_nodes/build/lib/robotic_arm_custom_nodes
[11.124s] copying robotic_arm_custom_nodes/fk_test_node.py -> /home/newtonjeri/ai_based_sorting_robot_arm/build/robotic_arm_custom_nodes/build/lib/robotic_arm_custom_nodes
[11.125s] copying robotic_arm_custom_nodes/inverse_kinematics_node.py -> /home/newtonjeri/ai_based_sorting_robot_arm/build/robotic_arm_custom_nodes/build/lib/robotic_arm_custom_nodes
[11.125s] copying robotic_arm_custom_nodes/kinematics_solver.py -> /home/newtonjeri/ai_based_sorting_robot_arm/build/robotic_arm_custom_nodes/build/lib/robotic_arm_custom_nodes
[11.125s] copying robotic_arm_custom_nodes/__init__.py -> /home/newtonjeri/ai_based_sorting_robot_arm/build/robotic_arm_custom_nodes/build/lib/robotic_arm_custom_nodes
[11.125s] running install
[11.126s] running install_lib
[11.126s] creating /home/newtonjeri/ai_based_sorting_robot_arm/install/robotic_arm_custom_nodes/lib/python3.10/site-packages/robotic_arm_custom_nodes
[11.126s] copying /home/newtonjeri/ai_based_sorting_robot_arm/build/robotic_arm_custom_nodes/build/lib/robotic_arm_custom_nodes/fk_test_node.py -> /home/newtonjeri/ai_based_sorting_robot_arm/install/robotic_arm_custom_nodes/lib/python3.10/site-packages/robotic_arm_custom_nodes
[11.126s] copying /home/newtonjeri/ai_based_sorting_robot_arm/build/robotic_arm_custom_nodes/build/lib/robotic_arm_custom_nodes/inverse_kinematics_node.py -> /home/newtonjeri/ai_based_sorting_robot_arm/install/robotic_arm_custom_nodes/lib/python3.10/site-packages/robotic_arm_custom_nodes
[11.126s] copying /home/newtonjeri/ai_based_sorting_robot_arm/build/robotic_arm_custom_nodes/build/lib/robotic_arm_custom_nodes/kinematics_solver.py -> /home/newtonjeri/ai_based_sorting_robot_arm/install/robotic_arm_custom_nodes/lib/python3.10/site-packages/robotic_arm_custom_nodes
[11.127s] copying /home/newtonjeri/ai_based_sorting_robot_arm/build/robotic_arm_custom_nodes/build/lib/robotic_arm_custom_nodes/__init__.py -> /home/newtonjeri/ai_based_sorting_robot_arm/install/robotic_arm_custom_nodes/lib/python3.10/site-packages/robotic_arm_custom_nodes
[11.127s] byte-compiling /home/newtonjeri/ai_based_sorting_robot_arm/install/robotic_arm_custom_nodes/lib/python3.10/site-packages/robotic_arm_custom_nodes/fk_test_node.py to fk_test_node.cpython-310.pyc
[11.127s] byte-compiling /home/newtonjeri/ai_based_sorting_robot_arm/install/robotic_arm_custom_nodes/lib/python3.10/site-packages/robotic_arm_custom_nodes/inverse_kinematics_node.py to inverse_kinematics_node.cpython-310.pyc
[11.135s] byte-compiling /home/newtonjeri/ai_based_sorting_robot_arm/install/robotic_arm_custom_nodes/lib/python3.10/site-packages/robotic_arm_custom_nodes/kinematics_solver.py to kinematics_solver.cpython-310.pyc
[11.136s] byte-compiling /home/newtonjeri/ai_based_sorting_robot_arm/install/robotic_arm_custom_nodes/lib/python3.10/site-packages/robotic_arm_custom_nodes/__init__.py to __init__.cpython-310.pyc
[11.137s] running install_data
[11.137s] running install_egg_info
[11.145s] Copying ../../build/robotic_arm_custom_nodes/robotic_arm_custom_nodes.egg-info to /home/newtonjeri/ai_based_sorting_robot_arm/install/robotic_arm_custom_nodes/lib/python3.10/site-packages/robotic_arm_custom_nodes-0.0.0-py3.10.egg-info
[11.145s] running install_scripts
[11.223s] Installing fk_test_node script to /home/newtonjeri/ai_based_sorting_robot_arm/install/robotic_arm_custom_nodes/lib/robotic_arm_custom_nodes
[11.224s] Installing ik_node script to /home/newtonjeri/ai_based_sorting_robot_arm/install/robotic_arm_custom_nodes/lib/robotic_arm_custom_nodes
[11.229s] writing list of installed files to '/home/newtonjeri/ai_based_sorting_robot_arm/build/robotic_arm_custom_nodes/install.log'
[11.331s] Invoked command in '/home/newtonjeri/ai_based_sorting_robot_arm/src/robotic_arm_custom_nodes' returned '0': PYTHONPATH=/home/newtonjeri/ai_based_sorting_robot_arm/build/robotic_arm_custom_nodes/prefix_override:/home/newtonjeri/ai_based_sorting_robot_arm/install/robotic_arm_custom_nodes/lib/python3.10/site-packages:${PYTHONPATH} /usr/bin/python3 setup.py egg_info --egg-base ../../build/robotic_arm_custom_nodes build --build-base /home/newtonjeri/ai_based_sorting_robot_arm/build/robotic_arm_custom_nodes/build install --record /home/newtonjeri/ai_based_sorting_robot_arm/build/robotic_arm_custom_nodes/install.log --single-version-externally-managed
