[0.188s] Invoking command in '/home/newtonjeri/ai_based_sorting_robot_arm/build/robotic_arm_msgs': CMAKE_PREFIX_PATH=/opt/ros/humble /usr/bin/cmake /home/newtonjeri/ai_based_sorting_robot_arm/src/robotic_arm_msgs -DAMENT_CMAKE_SYMLINK_INSTALL=1 -DCMAKE_INSTALL_PREFIX=/home/newtonjeri/ai_based_sorting_robot_arm/install/robotic_arm_msgs
[1.364s] -- The C compiler identification is GNU 11.4.0
[5.473s] -- The CXX compiler identification is GNU 11.4.0
[8.234s] -- Detecting C compiler ABI info
[8.989s] -- Detecting C compiler ABI info - done
[9.005s] -- Check for working C compiler: /usr/bin/cc - skipped
[9.006s] -- Detecting C compile features
[9.007s] -- Detecting C compile features - done
[9.014s] -- Detecting CXX compiler ABI info
[9.767s] -- Detecting CXX compiler ABI info - done
[9.778s] -- Check for working CXX compiler: /usr/bin/c++ - skipped
[9.778s] -- Detecting CXX compile features
[9.779s] -- Detecting CXX compile features - done
[9.784s] -- Found ament_cmake: 1.3.5 (/opt/ros/humble/share/ament_cmake/cmake)
[10.560s] -- Found Python3: /usr/bin/python3.10 (found version "3.10.12") found components: Interpreter 
[10.678s] -- Override CMake install command with custom implementation using symlinks instead of copying resources
[10.721s] -- Found rosidl_default_generators: 1.2.0 (/opt/ros/humble/share/rosidl_default_generators/cmake)
[10.729s] -- Using all available rosidl_typesupport_c: rosidl_typesupport_fastrtps_c;rosidl_typesupport_introspection_c
[10.741s] -- Found rosidl_adapter: 3.1.5 (/opt/ros/humble/share/rosidl_adapter/cmake)
[11.702s] -- Using all available rosidl_typesupport_cpp: rosidl_typesupport_fastrtps_cpp;rosidl_typesupport_introspection_cpp
[12.267s] -- Found ament_cmake_ros: 0.10.0 (/opt/ros/humble/share/ament_cmake_ros/cmake)
[12.680s] -- Using all available rosidl_typesupport_c: rosidl_typesupport_fastrtps_c;rosidl_typesupport_introspection_c
[13.156s] -- Using all available rosidl_typesupport_cpp: rosidl_typesupport_fastrtps_cpp;rosidl_typesupport_introspection_cpp
[14.304s] -- Found PythonInterp: /usr/bin/python3 (found suitable version "3.10.12", minimum required is "3.6") 
[14.310s] -- Found python_cmake_module: 0.10.0 (/opt/ros/humble/share/python_cmake_module/cmake)
[17.553s] -- Found PythonLibs: /usr/lib/x86_64-linux-gnu/libpython3.10.so (found suitable version "3.10.12", minimum required is "3.5") 
[17.553s] -- Using PYTHON_EXECUTABLE: /usr/bin/python3
[17.553s] -- Using PYTHON_INCLUDE_DIRS: /usr/include/python3.10
[17.554s] -- Using PYTHON_LIBRARIES: /usr/lib/x86_64-linux-gnu/libpython3.10.so
[17.600s] -- Found PythonExtra: .so  
[17.991s] -- Found ament_lint_auto: 0.12.8 (/opt/ros/humble/share/ament_lint_auto/cmake)
[27.727s] -- Configuring done
[27.822s] -- Generating done
[27.830s] -- Build files have been written to: /home/newtonjeri/ai_based_sorting_robot_arm/build/robotic_arm_msgs
[27.851s] Invoked command in '/home/newtonjeri/ai_based_sorting_robot_arm/build/robotic_arm_msgs' returned '0': CMAKE_PREFIX_PATH=/opt/ros/humble /usr/bin/cmake /home/newtonjeri/ai_based_sorting_robot_arm/src/robotic_arm_msgs -DAMENT_CMAKE_SYMLINK_INSTALL=1 -DCMAKE_INSTALL_PREFIX=/home/newtonjeri/ai_based_sorting_robot_arm/install/robotic_arm_msgs
[27.856s] Invoking command in '/home/newtonjeri/ai_based_sorting_robot_arm/build/robotic_arm_msgs': CMAKE_PREFIX_PATH=/opt/ros/humble /usr/bin/cmake --build /home/newtonjeri/ai_based_sorting_robot_arm/build/robotic_arm_msgs -- -j4 -l4
[27.927s] [  3%] [34m[1mGenerating C code for ROS interfaces[0m
[27.947s] [  6%] [34m[1mGenerating C++ code for ROS interfaces[0m
[27.970s] [  6%] Built target ament_cmake_python_symlink_robotic_arm_msgs
[28.727s] running egg_info
[28.731s] creating robotic_arm_msgs.egg-info
[28.818s] writing robotic_arm_msgs.egg-info/PKG-INFO
[28.822s] writing dependency_links to robotic_arm_msgs.egg-info/dependency_links.txt
[28.822s] writing top-level names to robotic_arm_msgs.egg-info/top_level.txt
[28.822s] writing manifest file 'robotic_arm_msgs.egg-info/SOURCES.txt'
[28.863s] [  9%] [32mBuilding C object CMakeFiles/robotic_arm_msgs__rosidl_generator_c.dir/rosidl_generator_c/robotic_arm_msgs/msg/detail/joint_angles__functions.c.o[0m
[28.864s] [  9%] Built target robotic_arm_msgs__cpp
[28.892s] [ 12%] [34m[1mGenerating C++ type support for eProsima Fast-RTPS[0m
[28.899s] [ 16%] [34m[1mGenerating C++ introspection for ROS interfaces[0m
[29.131s] reading manifest file 'robotic_arm_msgs.egg-info/SOURCES.txt'
[29.134s] writing manifest file 'robotic_arm_msgs.egg-info/SOURCES.txt'
[29.144s] [ 19%] [32m[1mLinking C shared library librobotic_arm_msgs__rosidl_generator_c.so[0m
[29.238s] [ 19%] Built target ament_cmake_python_build_robotic_arm_msgs_egg
[29.277s] [ 22%] [34m[1mGenerating C++ type support dispatch for ROS interfaces[0m
[30.072s] [ 25%] [32mBuilding CXX object CMakeFiles/robotic_arm_msgs__rosidl_typesupport_introspection_cpp.dir/rosidl_typesupport_introspection_cpp/robotic_arm_msgs/msg/detail/joint_angles__type_support.cpp.o[0m
[30.101s] [ 29%] [32mBuilding CXX object CMakeFiles/robotic_arm_msgs__rosidl_typesupport_fastrtps_cpp.dir/rosidl_typesupport_fastrtps_cpp/robotic_arm_msgs/msg/detail/dds_fastrtps/joint_angles__type_support.cpp.o[0m
[30.138s] [ 29%] Built target robotic_arm_msgs__rosidl_generator_c
[30.165s] [ 32%] [34m[1mGenerating C type support for eProsima Fast-RTPS[0m
[30.393s] [ 35%] [32mBuilding CXX object CMakeFiles/robotic_arm_msgs__rosidl_typesupport_cpp.dir/rosidl_typesupport_cpp/robotic_arm_msgs/msg/joint_angles__type_support.cpp.o[0m
[31.347s] [ 38%] [32mBuilding CXX object CMakeFiles/robotic_arm_msgs__rosidl_typesupport_fastrtps_c.dir/rosidl_typesupport_fastrtps_c/robotic_arm_msgs/msg/detail/joint_angles__type_support_c.cpp.o[0m
[31.535s] [ 41%] [32m[1mLinking CXX shared library librobotic_arm_msgs__rosidl_typesupport_cpp.so[0m
[31.874s] [ 45%] [32m[1mLinking CXX shared library librobotic_arm_msgs__rosidl_typesupport_introspection_cpp.so[0m
[32.011s] [ 48%] [32m[1mLinking CXX shared library librobotic_arm_msgs__rosidl_typesupport_fastrtps_cpp.so[0m
[32.703s] [ 48%] Built target robotic_arm_msgs__rosidl_typesupport_cpp
[32.739s] [ 51%] [34m[1mGenerating C introspection for ROS interfaces[0m
[32.954s] [ 51%] Built target robotic_arm_msgs__rosidl_typesupport_introspection_cpp
[32.981s] [ 54%] [34m[1mGenerating C type support dispatch for ROS interfaces[0m
[33.190s] [ 54%] Built target robotic_arm_msgs__rosidl_typesupport_fastrtps_cpp
[33.269s] [ 58%] [32m[1mLinking CXX shared library librobotic_arm_msgs__rosidl_typesupport_fastrtps_c.so[0m
[33.725s] [ 61%] [32mBuilding C object CMakeFiles/robotic_arm_msgs__rosidl_typesupport_introspection_c.dir/rosidl_typesupport_introspection_c/robotic_arm_msgs/msg/detail/joint_angles__type_support.c.o[0m
[33.829s] [ 64%] [32m[1mLinking C shared library librobotic_arm_msgs__rosidl_typesupport_introspection_c.so[0m
[33.988s] [ 67%] [32mBuilding CXX object CMakeFiles/robotic_arm_msgs__rosidl_typesupport_c.dir/rosidl_typesupport_c/robotic_arm_msgs/msg/joint_angles__type_support.cpp.o[0m
[34.082s] [ 70%] [32m[1mLinking CXX shared library librobotic_arm_msgs__rosidl_typesupport_c.so[0m
[34.330s] [ 70%] Built target robotic_arm_msgs__rosidl_typesupport_fastrtps_c
[34.676s] [ 70%] Built target robotic_arm_msgs__rosidl_typesupport_introspection_c
[34.844s] [ 70%] Built target robotic_arm_msgs__rosidl_typesupport_c
[34.887s] [ 70%] Built target robotic_arm_msgs
[34.925s] [ 74%] [34m[1mGenerating Python code for ROS interfaces[0m
[35.530s] [ 74%] Built target robotic_arm_msgs__py
[35.563s] [ 77%] [32mBuilding C object CMakeFiles/robotic_arm_msgs__rosidl_generator_py.dir/rosidl_generator_py/robotic_arm_msgs/msg/_joint_angles_s.c.o[0m
[35.870s] [ 80%] [32m[1mLinking C shared library rosidl_generator_py/robotic_arm_msgs/librobotic_arm_msgs__rosidl_generator_py.so[0m
[36.626s] [ 80%] Built target robotic_arm_msgs__rosidl_generator_py
[36.670s] [ 83%] [32mBuilding C object CMakeFiles/robotic_arm_msgs__rosidl_typesupport_fastrtps_c__pyext.dir/rosidl_generator_py/robotic_arm_msgs/_robotic_arm_msgs_s.ep.rosidl_typesupport_fastrtps_c.c.o[0m
[36.673s] [ 87%] [32mBuilding C object CMakeFiles/robotic_arm_msgs__rosidl_typesupport_introspection_c__pyext.dir/rosidl_generator_py/robotic_arm_msgs/_robotic_arm_msgs_s.ep.rosidl_typesupport_introspection_c.c.o[0m
[36.675s] [ 90%] [32mBuilding C object CMakeFiles/robotic_arm_msgs__rosidl_typesupport_c__pyext.dir/rosidl_generator_py/robotic_arm_msgs/_robotic_arm_msgs_s.ep.rosidl_typesupport_c.c.o[0m
[36.950s] [ 93%] [32m[1mLinking C shared library rosidl_generator_py/robotic_arm_msgs/robotic_arm_msgs_s__rosidl_typesupport_introspection_c.cpython-310-x86_64-linux-gnu.so[0m
[36.956s] [ 96%] [32m[1mLinking C shared library rosidl_generator_py/robotic_arm_msgs/robotic_arm_msgs_s__rosidl_typesupport_fastrtps_c.cpython-310-x86_64-linux-gnu.so[0m
[36.960s] [100%] [32m[1mLinking C shared library rosidl_generator_py/robotic_arm_msgs/robotic_arm_msgs_s__rosidl_typesupport_c.cpython-310-x86_64-linux-gnu.so[0m
[37.419s] [100%] Built target robotic_arm_msgs__rosidl_typesupport_c__pyext
[37.427s] [100%] Built target robotic_arm_msgs__rosidl_typesupport_fastrtps_c__pyext
[37.429s] [100%] Built target robotic_arm_msgs__rosidl_typesupport_introspection_c__pyext
[37.450s] Invoked command in '/home/newtonjeri/ai_based_sorting_robot_arm/build/robotic_arm_msgs' returned '0': CMAKE_PREFIX_PATH=/opt/ros/humble /usr/bin/cmake --build /home/newtonjeri/ai_based_sorting_robot_arm/build/robotic_arm_msgs -- -j4 -l4
[37.576s] Invoking command in '/home/newtonjeri/ai_based_sorting_robot_arm/build/robotic_arm_msgs': CMAKE_PREFIX_PATH=/opt/ros/humble /usr/bin/cmake --install /home/newtonjeri/ai_based_sorting_robot_arm/build/robotic_arm_msgs
[37.591s] -- Install configuration: ""
[37.593s] -- Execute custom install script
[37.594s] -- Symlinking: /home/newtonjeri/ai_based_sorting_robot_arm/install/robotic_arm_msgs/share/ament_index/resource_index/rosidl_interfaces/robotic_arm_msgs
[37.613s] -- Symlinking: /home/newtonjeri/ai_based_sorting_robot_arm/install/robotic_arm_msgs/include/robotic_arm_msgs/robotic_arm_msgs/msg/detail/joint_angles__functions.h
[37.626s] -- Symlinking: /home/newtonjeri/ai_based_sorting_robot_arm/install/robotic_arm_msgs/include/robotic_arm_msgs/robotic_arm_msgs/msg/detail/joint_angles__struct.h
[37.638s] -- Symlinking: /home/newtonjeri/ai_based_sorting_robot_arm/install/robotic_arm_msgs/include/robotic_arm_msgs/robotic_arm_msgs/msg/detail/joint_angles__type_support.h
[37.654s] -- Symlinking: /home/newtonjeri/ai_based_sorting_robot_arm/install/robotic_arm_msgs/include/robotic_arm_msgs/robotic_arm_msgs/msg/joint_angles.h
[37.671s] -- Symlinking: /home/newtonjeri/ai_based_sorting_robot_arm/install/robotic_arm_msgs/include/robotic_arm_msgs/robotic_arm_msgs/msg/rosidl_generator_c__visibility_control.h
[37.687s] -- Symlinking: /home/newtonjeri/ai_based_sorting_robot_arm/install/robotic_arm_msgs/share/robotic_arm_msgs/environment/library_path.sh
[37.702s] -- Symlinking: /home/newtonjeri/ai_based_sorting_robot_arm/install/robotic_arm_msgs/share/robotic_arm_msgs/environment/library_path.dsv
[37.717s] -- Symlinking: /home/newtonjeri/ai_based_sorting_robot_arm/install/robotic_arm_msgs/include/robotic_arm_msgs/robotic_arm_msgs/msg/detail/joint_angles__rosidl_typesupport_fastrtps_c.h
[37.730s] -- Symlinking: /home/newtonjeri/ai_based_sorting_robot_arm/install/robotic_arm_msgs/include/robotic_arm_msgs/robotic_arm_msgs/msg/rosidl_typesupport_fastrtps_c__visibility_control.h
[37.746s] -- Symlinking: /home/newtonjeri/ai_based_sorting_robot_arm/install/robotic_arm_msgs/include/robotic_arm_msgs/robotic_arm_msgs/msg/detail/joint_angles__rosidl_typesupport_introspection_c.h
[37.762s] -- Symlinking: /home/newtonjeri/ai_based_sorting_robot_arm/install/robotic_arm_msgs/include/robotic_arm_msgs/robotic_arm_msgs/msg/rosidl_typesupport_introspection_c__visibility_control.h
[37.776s] -- Symlinking: /home/newtonjeri/ai_based_sorting_robot_arm/install/robotic_arm_msgs/include/robotic_arm_msgs/robotic_arm_msgs/msg/detail/joint_angles__builder.hpp
[37.790s] -- Symlinking: /home/newtonjeri/ai_based_sorting_robot_arm/install/robotic_arm_msgs/include/robotic_arm_msgs/robotic_arm_msgs/msg/detail/joint_angles__struct.hpp
[37.804s] -- Symlinking: /home/newtonjeri/ai_based_sorting_robot_arm/install/robotic_arm_msgs/include/robotic_arm_msgs/robotic_arm_msgs/msg/detail/joint_angles__traits.hpp
[37.818s] -- Symlinking: /home/newtonjeri/ai_based_sorting_robot_arm/install/robotic_arm_msgs/include/robotic_arm_msgs/robotic_arm_msgs/msg/joint_angles.hpp
[37.835s] -- Symlinking: /home/newtonjeri/ai_based_sorting_robot_arm/install/robotic_arm_msgs/include/robotic_arm_msgs/robotic_arm_msgs/msg/detail/joint_angles__rosidl_typesupport_fastrtps_cpp.hpp
[37.850s] -- Symlinking: /home/newtonjeri/ai_based_sorting_robot_arm/install/robotic_arm_msgs/include/robotic_arm_msgs/robotic_arm_msgs/msg/rosidl_typesupport_fastrtps_cpp__visibility_control.h
[37.864s] -- Symlinking: /home/newtonjeri/ai_based_sorting_robot_arm/install/robotic_arm_msgs/include/robotic_arm_msgs/robotic_arm_msgs/msg/detail/joint_angles__rosidl_typesupport_introspection_cpp.hpp
[37.879s] -- Symlinking: /home/newtonjeri/ai_based_sorting_robot_arm/install/robotic_arm_msgs/share/robotic_arm_msgs/environment/pythonpath.sh
[37.893s] -- Symlinking: /home/newtonjeri/ai_based_sorting_robot_arm/install/robotic_arm_msgs/share/robotic_arm_msgs/environment/pythonpath.dsv
[37.910s] -- Symlinking: /home/newtonjeri/ai_based_sorting_robot_arm/install/robotic_arm_msgs/local/lib/python3.10/dist-packages/robotic_arm_msgs-0.0.0-py3.10.egg-info/PKG-INFO
[37.923s] -- Symlinking: /home/newtonjeri/ai_based_sorting_robot_arm/install/robotic_arm_msgs/local/lib/python3.10/dist-packages/robotic_arm_msgs-0.0.0-py3.10.egg-info/SOURCES.txt
[37.937s] -- Symlinking: /home/newtonjeri/ai_based_sorting_robot_arm/install/robotic_arm_msgs/local/lib/python3.10/dist-packages/robotic_arm_msgs-0.0.0-py3.10.egg-info/dependency_links.txt
[37.949s] -- Symlinking: /home/newtonjeri/ai_based_sorting_robot_arm/install/robotic_arm_msgs/local/lib/python3.10/dist-packages/robotic_arm_msgs-0.0.0-py3.10.egg-info/top_level.txt
[37.967s] -- Symlinking: /home/newtonjeri/ai_based_sorting_robot_arm/install/robotic_arm_msgs/local/lib/python3.10/dist-packages/robotic_arm_msgs/__init__.py
[37.981s] -- Symlinking: /home/newtonjeri/ai_based_sorting_robot_arm/install/robotic_arm_msgs/local/lib/python3.10/dist-packages/robotic_arm_msgs/_robotic_arm_msgs_s.ep.rosidl_typesupport_c.c
[37.995s] -- Symlinking: /home/newtonjeri/ai_based_sorting_robot_arm/install/robotic_arm_msgs/local/lib/python3.10/dist-packages/robotic_arm_msgs/_robotic_arm_msgs_s.ep.rosidl_typesupport_fastrtps_c.c
[38.010s] -- Symlinking: /home/newtonjeri/ai_based_sorting_robot_arm/install/robotic_arm_msgs/local/lib/python3.10/dist-packages/robotic_arm_msgs/_robotic_arm_msgs_s.ep.rosidl_typesupport_introspection_c.c
[38.021s] -- Symlinking: /home/newtonjeri/ai_based_sorting_robot_arm/install/robotic_arm_msgs/local/lib/python3.10/dist-packages/robotic_arm_msgs/librobotic_arm_msgs__rosidl_generator_py.so
[38.035s] -- Symlinking: /home/newtonjeri/ai_based_sorting_robot_arm/install/robotic_arm_msgs/local/lib/python3.10/dist-packages/robotic_arm_msgs/msg/__init__.py
[38.051s] -- Symlinking: /home/newtonjeri/ai_based_sorting_robot_arm/install/robotic_arm_msgs/local/lib/python3.10/dist-packages/robotic_arm_msgs/msg/_joint_angles.py
[38.067s] -- Symlinking: /home/newtonjeri/ai_based_sorting_robot_arm/install/robotic_arm_msgs/local/lib/python3.10/dist-packages/robotic_arm_msgs/msg/_joint_angles_s.c
[38.082s] -- Symlinking: /home/newtonjeri/ai_based_sorting_robot_arm/install/robotic_arm_msgs/local/lib/python3.10/dist-packages/robotic_arm_msgs/robotic_arm_msgs_s__rosidl_typesupport_c.cpython-310-x86_64-linux-gnu.so
[38.094s] -- Symlinking: /home/newtonjeri/ai_based_sorting_robot_arm/install/robotic_arm_msgs/local/lib/python3.10/dist-packages/robotic_arm_msgs/robotic_arm_msgs_s__rosidl_typesupport_fastrtps_c.cpython-310-x86_64-linux-gnu.so
[38.106s] -- Symlinking: /home/newtonjeri/ai_based_sorting_robot_arm/install/robotic_arm_msgs/local/lib/python3.10/dist-packages/robotic_arm_msgs/robotic_arm_msgs_s__rosidl_typesupport_introspection_c.cpython-310-x86_64-linux-gnu.so
[38.119s] -- Up-to-date symlink: /home/newtonjeri/ai_based_sorting_robot_arm/install/robotic_arm_msgs/local/lib/python3.10/dist-packages/robotic_arm_msgs/robotic_arm_msgs_s__rosidl_typesupport_fastrtps_c.cpython-310-x86_64-linux-gnu.so
[38.119s] -- Up-to-date symlink: /home/newtonjeri/ai_based_sorting_robot_arm/install/robotic_arm_msgs/local/lib/python3.10/dist-packages/robotic_arm_msgs/robotic_arm_msgs_s__rosidl_typesupport_introspection_c.cpython-310-x86_64-linux-gnu.so
[38.120s] -- Up-to-date symlink: /home/newtonjeri/ai_based_sorting_robot_arm/install/robotic_arm_msgs/local/lib/python3.10/dist-packages/robotic_arm_msgs/robotic_arm_msgs_s__rosidl_typesupport_c.cpython-310-x86_64-linux-gnu.so
[38.121s] -- Symlinking: /home/newtonjeri/ai_based_sorting_robot_arm/install/robotic_arm_msgs/share/robotic_arm_msgs/msg/JointAngles.idl
[38.135s] -- Symlinking: /home/newtonjeri/ai_based_sorting_robot_arm/install/robotic_arm_msgs/share/robotic_arm_msgs/msg/JointAngles.msg
[38.147s] -- Symlinking: /home/newtonjeri/ai_based_sorting_robot_arm/install/robotic_arm_msgs/share/ament_index/resource_index/package_run_dependencies/robotic_arm_msgs
[38.162s] -- Symlinking: /home/newtonjeri/ai_based_sorting_robot_arm/install/robotic_arm_msgs/share/ament_index/resource_index/parent_prefix_path/robotic_arm_msgs
[38.175s] -- Symlinking: /home/newtonjeri/ai_based_sorting_robot_arm/install/robotic_arm_msgs/share/robotic_arm_msgs/environment/ament_prefix_path.sh
[38.189s] -- Symlinking: /home/newtonjeri/ai_based_sorting_robot_arm/install/robotic_arm_msgs/share/robotic_arm_msgs/environment/ament_prefix_path.dsv
[38.203s] -- Symlinking: /home/newtonjeri/ai_based_sorting_robot_arm/install/robotic_arm_msgs/share/robotic_arm_msgs/environment/path.sh
[38.217s] -- Symlinking: /home/newtonjeri/ai_based_sorting_robot_arm/install/robotic_arm_msgs/share/robotic_arm_msgs/environment/path.dsv
[38.229s] -- Symlinking: /home/newtonjeri/ai_based_sorting_robot_arm/install/robotic_arm_msgs/share/robotic_arm_msgs/local_setup.bash
[38.241s] -- Symlinking: /home/newtonjeri/ai_based_sorting_robot_arm/install/robotic_arm_msgs/share/robotic_arm_msgs/local_setup.sh
[38.256s] -- Symlinking: /home/newtonjeri/ai_based_sorting_robot_arm/install/robotic_arm_msgs/share/robotic_arm_msgs/local_setup.zsh
[38.271s] -- Symlinking: /home/newtonjeri/ai_based_sorting_robot_arm/install/robotic_arm_msgs/share/robotic_arm_msgs/local_setup.dsv
[38.283s] -- Symlinking: /home/newtonjeri/ai_based_sorting_robot_arm/install/robotic_arm_msgs/share/robotic_arm_msgs/package.dsv
[38.296s] -- Symlinking: /home/newtonjeri/ai_based_sorting_robot_arm/install/robotic_arm_msgs/share/ament_index/resource_index/packages/robotic_arm_msgs
[38.308s] -- Symlinking: /home/newtonjeri/ai_based_sorting_robot_arm/install/robotic_arm_msgs/share/robotic_arm_msgs/cmake/rosidl_cmake-extras.cmake
[38.323s] -- Symlinking: /home/newtonjeri/ai_based_sorting_robot_arm/install/robotic_arm_msgs/share/robotic_arm_msgs/cmake/ament_cmake_export_include_directories-extras.cmake
[38.339s] -- Symlinking: /home/newtonjeri/ai_based_sorting_robot_arm/install/robotic_arm_msgs/share/robotic_arm_msgs/cmake/ament_cmake_export_libraries-extras.cmake
[38.352s] -- Symlinking: /home/newtonjeri/ai_based_sorting_robot_arm/install/robotic_arm_msgs/share/robotic_arm_msgs/cmake/ament_cmake_export_targets-extras.cmake
[38.363s] -- Symlinking: /home/newtonjeri/ai_based_sorting_robot_arm/install/robotic_arm_msgs/share/robotic_arm_msgs/cmake/rosidl_cmake_export_typesupport_targets-extras.cmake
[38.376s] -- Symlinking: /home/newtonjeri/ai_based_sorting_robot_arm/install/robotic_arm_msgs/share/robotic_arm_msgs/cmake/ament_cmake_export_dependencies-extras.cmake
[38.391s] -- Symlinking: /home/newtonjeri/ai_based_sorting_robot_arm/install/robotic_arm_msgs/share/robotic_arm_msgs/cmake/rosidl_cmake_export_typesupport_libraries-extras.cmake
[38.406s] -- Symlinking: /home/newtonjeri/ai_based_sorting_robot_arm/install/robotic_arm_msgs/share/robotic_arm_msgs/cmake/robotic_arm_msgsConfig.cmake
[38.418s] -- Symlinking: /home/newtonjeri/ai_based_sorting_robot_arm/install/robotic_arm_msgs/share/robotic_arm_msgs/cmake/robotic_arm_msgsConfig-version.cmake
[38.433s] -- Symlinking: /home/newtonjeri/ai_based_sorting_robot_arm/install/robotic_arm_msgs/share/robotic_arm_msgs/package.xml
[38.448s] -- Installing: /home/newtonjeri/ai_based_sorting_robot_arm/install/robotic_arm_msgs/lib/librobotic_arm_msgs__rosidl_generator_c.so
[38.449s] -- Set runtime path of "/home/newtonjeri/ai_based_sorting_robot_arm/install/robotic_arm_msgs/lib/librobotic_arm_msgs__rosidl_generator_c.so" to ""
[38.449s] -- Installing: /home/newtonjeri/ai_based_sorting_robot_arm/install/robotic_arm_msgs/lib/librobotic_arm_msgs__rosidl_typesupport_fastrtps_c.so
[38.450s] -- Set runtime path of "/home/newtonjeri/ai_based_sorting_robot_arm/install/robotic_arm_msgs/lib/librobotic_arm_msgs__rosidl_typesupport_fastrtps_c.so" to ""
[38.451s] -- Installing: /home/newtonjeri/ai_based_sorting_robot_arm/install/robotic_arm_msgs/lib/librobotic_arm_msgs__rosidl_typesupport_introspection_c.so
[38.452s] -- Set runtime path of "/home/newtonjeri/ai_based_sorting_robot_arm/install/robotic_arm_msgs/lib/librobotic_arm_msgs__rosidl_typesupport_introspection_c.so" to ""
[38.452s] -- Installing: /home/newtonjeri/ai_based_sorting_robot_arm/install/robotic_arm_msgs/lib/librobotic_arm_msgs__rosidl_typesupport_c.so
[38.453s] -- Set runtime path of "/home/newtonjeri/ai_based_sorting_robot_arm/install/robotic_arm_msgs/lib/librobotic_arm_msgs__rosidl_typesupport_c.so" to ""
[38.454s] -- Installing: /home/newtonjeri/ai_based_sorting_robot_arm/install/robotic_arm_msgs/lib/librobotic_arm_msgs__rosidl_typesupport_fastrtps_cpp.so
[38.456s] -- Set runtime path of "/home/newtonjeri/ai_based_sorting_robot_arm/install/robotic_arm_msgs/lib/librobotic_arm_msgs__rosidl_typesupport_fastrtps_cpp.so" to ""
[38.457s] -- Installing: /home/newtonjeri/ai_based_sorting_robot_arm/install/robotic_arm_msgs/lib/librobotic_arm_msgs__rosidl_typesupport_introspection_cpp.so
[38.458s] -- Set runtime path of "/home/newtonjeri/ai_based_sorting_robot_arm/install/robotic_arm_msgs/lib/librobotic_arm_msgs__rosidl_typesupport_introspection_cpp.so" to ""
[38.459s] -- Installing: /home/newtonjeri/ai_based_sorting_robot_arm/install/robotic_arm_msgs/lib/librobotic_arm_msgs__rosidl_typesupport_cpp.so
[38.461s] -- Set runtime path of "/home/newtonjeri/ai_based_sorting_robot_arm/install/robotic_arm_msgs/lib/librobotic_arm_msgs__rosidl_typesupport_cpp.so" to ""
[38.525s] Listing '/home/newtonjeri/ai_based_sorting_robot_arm/install/robotic_arm_msgs/local/lib/python3.10/dist-packages/robotic_arm_msgs'...
[38.525s] Compiling '/home/newtonjeri/ai_based_sorting_robot_arm/install/robotic_arm_msgs/local/lib/python3.10/dist-packages/robotic_arm_msgs/__init__.py'...
[38.526s] Listing '/home/newtonjeri/ai_based_sorting_robot_arm/install/robotic_arm_msgs/local/lib/python3.10/dist-packages/robotic_arm_msgs/msg'...
[38.526s] Compiling '/home/newtonjeri/ai_based_sorting_robot_arm/install/robotic_arm_msgs/local/lib/python3.10/dist-packages/robotic_arm_msgs/msg/__init__.py'...
[38.526s] Compiling '/home/newtonjeri/ai_based_sorting_robot_arm/install/robotic_arm_msgs/local/lib/python3.10/dist-packages/robotic_arm_msgs/msg/_joint_angles.py'...
[38.537s] -- Installing: /home/newtonjeri/ai_based_sorting_robot_arm/install/robotic_arm_msgs/lib/librobotic_arm_msgs__rosidl_generator_py.so
[38.538s] -- Set runtime path of "/home/newtonjeri/ai_based_sorting_robot_arm/install/robotic_arm_msgs/lib/librobotic_arm_msgs__rosidl_generator_py.so" to ""
[38.539s] -- Installing: /home/newtonjeri/ai_based_sorting_robot_arm/install/robotic_arm_msgs/share/robotic_arm_msgs/cmake/export_robotic_arm_msgs__rosidl_generator_cExport.cmake
[38.540s] -- Installing: /home/newtonjeri/ai_based_sorting_robot_arm/install/robotic_arm_msgs/share/robotic_arm_msgs/cmake/export_robotic_arm_msgs__rosidl_generator_cExport-noconfig.cmake
[38.540s] -- Installing: /home/newtonjeri/ai_based_sorting_robot_arm/install/robotic_arm_msgs/share/robotic_arm_msgs/cmake/export_robotic_arm_msgs__rosidl_typesupport_fastrtps_cExport.cmake
[38.541s] -- Installing: /home/newtonjeri/ai_based_sorting_robot_arm/install/robotic_arm_msgs/share/robotic_arm_msgs/cmake/export_robotic_arm_msgs__rosidl_typesupport_fastrtps_cExport-noconfig.cmake
[38.541s] -- Installing: /home/newtonjeri/ai_based_sorting_robot_arm/install/robotic_arm_msgs/share/robotic_arm_msgs/cmake/robotic_arm_msgs__rosidl_typesupport_introspection_cExport.cmake
[38.542s] -- Installing: /home/newtonjeri/ai_based_sorting_robot_arm/install/robotic_arm_msgs/share/robotic_arm_msgs/cmake/robotic_arm_msgs__rosidl_typesupport_introspection_cExport-noconfig.cmake
[38.542s] -- Installing: /home/newtonjeri/ai_based_sorting_robot_arm/install/robotic_arm_msgs/share/robotic_arm_msgs/cmake/robotic_arm_msgs__rosidl_typesupport_cExport.cmake
[38.542s] -- Installing: /home/newtonjeri/ai_based_sorting_robot_arm/install/robotic_arm_msgs/share/robotic_arm_msgs/cmake/robotic_arm_msgs__rosidl_typesupport_cExport-noconfig.cmake
[38.543s] -- Installing: /home/newtonjeri/ai_based_sorting_robot_arm/install/robotic_arm_msgs/share/robotic_arm_msgs/cmake/export_robotic_arm_msgs__rosidl_generator_cppExport.cmake
[38.544s] -- Installing: /home/newtonjeri/ai_based_sorting_robot_arm/install/robotic_arm_msgs/share/robotic_arm_msgs/cmake/export_robotic_arm_msgs__rosidl_typesupport_fastrtps_cppExport.cmake
[38.544s] -- Installing: /home/newtonjeri/ai_based_sorting_robot_arm/install/robotic_arm_msgs/share/robotic_arm_msgs/cmake/export_robotic_arm_msgs__rosidl_typesupport_fastrtps_cppExport-noconfig.cmake
[38.545s] -- Installing: /home/newtonjeri/ai_based_sorting_robot_arm/install/robotic_arm_msgs/share/robotic_arm_msgs/cmake/robotic_arm_msgs__rosidl_typesupport_introspection_cppExport.cmake
[38.546s] -- Installing: /home/newtonjeri/ai_based_sorting_robot_arm/install/robotic_arm_msgs/share/robotic_arm_msgs/cmake/robotic_arm_msgs__rosidl_typesupport_introspection_cppExport-noconfig.cmake
[38.546s] -- Installing: /home/newtonjeri/ai_based_sorting_robot_arm/install/robotic_arm_msgs/share/robotic_arm_msgs/cmake/robotic_arm_msgs__rosidl_typesupport_cppExport.cmake
[38.547s] -- Installing: /home/newtonjeri/ai_based_sorting_robot_arm/install/robotic_arm_msgs/share/robotic_arm_msgs/cmake/robotic_arm_msgs__rosidl_typesupport_cppExport-noconfig.cmake
[38.547s] -- Installing: /home/newtonjeri/ai_based_sorting_robot_arm/install/robotic_arm_msgs/share/robotic_arm_msgs/cmake/export_robotic_arm_msgs__rosidl_generator_pyExport.cmake
[38.548s] -- Installing: /home/newtonjeri/ai_based_sorting_robot_arm/install/robotic_arm_msgs/share/robotic_arm_msgs/cmake/export_robotic_arm_msgs__rosidl_generator_pyExport-noconfig.cmake
[38.554s] Invoked command in '/home/newtonjeri/ai_based_sorting_robot_arm/build/robotic_arm_msgs' returned '0': CMAKE_PREFIX_PATH=/opt/ros/humble /usr/bin/cmake --install /home/newtonjeri/ai_based_sorting_robot_arm/build/robotic_arm_msgs
