[1.115s] Invoking command in '/home/newtonjeri/ai_based_sorting_robot_arm/build/robotic_arm_kinematics': CMAKE_PREFIX_PATH=/opt/ros/humble WSLENV=ELECTRON_RUN_AS_NODE/w:WT_SESSION:WT_PROFILE_ID: /usr/bin/cmake /home/newtonjeri/ai_based_sorting_robot_arm/src/robotic_arm_kinematics -DAMENT_CMAKE_SYMLINK_INSTALL=1 -DCMAKE_INSTALL_PREFIX=/home/newtonjeri/ai_based_sorting_robot_arm/install/robotic_arm_kinematics
[2.069s] -- The C compiler identification is GNU 11.4.0
[6.310s] -- The CXX compiler identification is GNU 11.4.0
[9.697s] -- Detecting C compiler ABI info
[11.096s] -- Detecting C compiler ABI info - done
[11.158s] -- Check for working C compiler: /usr/bin/cc - skipped
[11.158s] -- Detecting C compile features
[11.159s] -- Detecting C compile features - done
[11.181s] -- Detecting CXX compiler ABI info
[12.768s] -- Detecting CXX compiler ABI info - done
[12.819s] -- Check for working CXX compiler: /usr/bin/c++ - skipped
[12.824s] -- Detecting CXX compile features
[12.828s] -- Detecting CXX compile features - done
[12.841s] -- Found ament_cmake: 1.3.5 (/opt/ros/humble/share/ament_cmake/cmake)
[13.907s] -- Found Python3: /usr/bin/python3.10 (found version "3.10.12") found components: Interpreter 
[14.215s] -- Override CMake install command with custom implementation using symlinks instead of copying resources
[14.305s] -- Found ament_lint_auto: 0.12.8 (/opt/ros/humble/share/ament_lint_auto/cmake)
[26.896s] -- Configuring done
[26.905s] -- Generating done
[26.911s] -- Build files have been written to: /home/newtonjeri/ai_based_sorting_robot_arm/build/robotic_arm_kinematics
