Built target ament_cmake_python_symlink_robotic_arm_firmware
running egg_info
writing robotic_arm_firmware.egg-info/PKG-INFO
writing dependency_links to robotic_arm_firmware.egg-info/dependency_links.txt
writing top-level names to robotic_arm_firmware.egg-info/top_level.txt
reading manifest file 'robotic_arm_firmware.egg-info/SOURCES.txt'
writing manifest file 'robotic_arm_firmware.egg-info/SOURCES.txt'
Built target ament_cmake_python_build_robotic_arm_firmware_egg
-- Install configuration: ""
-- Execute custom install script
-- Symlinking: /home/newtonjeri/ai_based_sorting_robot_arm/install/robotic_arm_firmware/share/robotic_arm_firmware/environment/pythonpath.sh
-- Symlinking: /home/newtonjeri/ai_based_sorting_robot_arm/install/robotic_arm_firmware/share/robotic_arm_firmware/environment/pythonpath.dsv
-- Symlinking: /home/newtonjeri/ai_based_sorting_robot_arm/install/robotic_arm_firmware/local/lib/python3.10/dist-packages/robotic_arm_firmware-0.0.0-py3.10.egg-info/PKG-INFO
-- Symlinking: /home/newtonjeri/ai_based_sorting_robot_arm/install/robotic_arm_firmware/local/lib/python3.10/dist-packages/robotic_arm_firmware-0.0.0-py3.10.egg-info/SOURCES.txt
-- Symlinking: /home/newtonjeri/ai_based_sorting_robot_arm/install/robotic_arm_firmware/local/lib/python3.10/dist-packages/robotic_arm_firmware-0.0.0-py3.10.egg-info/dependency_links.txt
-- Symlinking: /home/newtonjeri/ai_based_sorting_robot_arm/install/robotic_arm_firmware/local/lib/python3.10/dist-packages/robotic_arm_firmware-0.0.0-py3.10.egg-info/top_level.txt
-- Symlinking: /home/newtonjeri/ai_based_sorting_robot_arm/install/robotic_arm_firmware/local/lib/python3.10/dist-packages/robotic_arm_firmware/__init__.py
-- Symlinking: /home/newtonjeri/ai_based_sorting_robot_arm/install/robotic_arm_firmware/local/lib/python3.10/dist-packages/robotic_arm_firmware/serial_receiver.py
-- Symlinking: /home/newtonjeri/ai_based_sorting_robot_arm/install/robotic_arm_firmware/local/lib/python3.10/dist-packages/robotic_arm_firmware/serial_transmitter.py
-- Symlinking: /home/newtonjeri/ai_based_sorting_robot_arm/install/robotic_arm_firmware/lib/robotic_arm_firmware/serial_transmitter.py
-- Symlinking: /home/newtonjeri/ai_based_sorting_robot_arm/install/robotic_arm_firmware/lib/robotic_arm_firmware/serial_receiver.py
-- Symlinking: /home/newtonjeri/ai_based_sorting_robot_arm/install/robotic_arm_firmware/share/ament_index/resource_index/package_run_dependencies/robotic_arm_firmware
-- Symlinking: /home/newtonjeri/ai_based_sorting_robot_arm/install/robotic_arm_firmware/share/ament_index/resource_index/parent_prefix_path/robotic_arm_firmware
-- Symlinking: /home/newtonjeri/ai_based_sorting_robot_arm/install/robotic_arm_firmware/share/robotic_arm_firmware/environment/ament_prefix_path.sh
-- Symlinking: /home/newtonjeri/ai_based_sorting_robot_arm/install/robotic_arm_firmware/share/robotic_arm_firmware/environment/ament_prefix_path.dsv
-- Symlinking: /home/newtonjeri/ai_based_sorting_robot_arm/install/robotic_arm_firmware/share/robotic_arm_firmware/environment/path.sh
-- Symlinking: /home/newtonjeri/ai_based_sorting_robot_arm/install/robotic_arm_firmware/share/robotic_arm_firmware/environment/path.dsv
-- Symlinking: /home/newtonjeri/ai_based_sorting_robot_arm/install/robotic_arm_firmware/share/robotic_arm_firmware/local_setup.bash
-- Symlinking: /home/newtonjeri/ai_based_sorting_robot_arm/install/robotic_arm_firmware/share/robotic_arm_firmware/local_setup.sh
-- Symlinking: /home/newtonjeri/ai_based_sorting_robot_arm/install/robotic_arm_firmware/share/robotic_arm_firmware/local_setup.zsh
-- Symlinking: /home/newtonjeri/ai_based_sorting_robot_arm/install/robotic_arm_firmware/share/robotic_arm_firmware/local_setup.dsv
-- Symlinking: /home/newtonjeri/ai_based_sorting_robot_arm/install/robotic_arm_firmware/share/robotic_arm_firmware/package.dsv
-- Symlinking: /home/newtonjeri/ai_based_sorting_robot_arm/install/robotic_arm_firmware/share/ament_index/resource_index/packages/robotic_arm_firmware
-- Symlinking: /home/newtonjeri/ai_based_sorting_robot_arm/install/robotic_arm_firmware/share/robotic_arm_firmware/cmake/robotic_arm_firmwareConfig.cmake
-- Symlinking: /home/newtonjeri/ai_based_sorting_robot_arm/install/robotic_arm_firmware/share/robotic_arm_firmware/cmake/robotic_arm_firmwareConfig-version.cmake
-- Symlinking: /home/newtonjeri/ai_based_sorting_robot_arm/install/robotic_arm_firmware/share/robotic_arm_firmware/package.xml
Listing '/home/newtonjeri/ai_based_sorting_robot_arm/install/robotic_arm_firmware/local/lib/python3.10/dist-packages/robotic_arm_firmware'...
Compiling '/home/newtonjeri/ai_based_sorting_robot_arm/install/robotic_arm_firmware/local/lib/python3.10/dist-packages/robotic_arm_firmware/__init__.py'...
Compiling '/home/newtonjeri/ai_based_sorting_robot_arm/install/robotic_arm_firmware/local/lib/python3.10/dist-packages/robotic_arm_firmware/serial_receiver.py'...
Compiling '/home/newtonjeri/ai_based_sorting_robot_arm/install/robotic_arm_firmware/local/lib/python3.10/dist-packages/robotic_arm_firmware/serial_transmitter.py'...
