[1.397s] Invoking command in '/home/newtonjeri/ai_based_sorting_robot_arm/build/robotic_arm_description': CMAKE_PREFIX_PATH=/opt/ros/humble /usr/bin/cmake /home/newtonjeri/ai_based_sorting_robot_arm/src/robotic_arm_description -DAMENT_CMAKE_SYMLINK_INSTALL=1 -DCMAKE_INSTALL_PREFIX=/home/newtonjeri/ai_based_sorting_robot_arm/install/robotic_arm_description
[2.078s] -- The C compiler identification is GNU 11.4.0
[5.236s] -- The CXX compiler identification is GNU 11.4.0
[8.523s] -- Detecting C compiler ABI info
[9.104s] -- Detecting C compiler ABI info - done
[9.128s] -- Check for working C compiler: /usr/bin/cc - skipped
[9.134s] -- Detecting C compile features
[9.134s] -- Detecting C compile features - done
[9.140s] -- Detecting CXX compiler ABI info
[10.050s] -- Detecting CXX compiler ABI info - done
[10.074s] -- Check for working CXX compiler: /usr/bin/c++ - skipped
[10.074s] -- Detecting CXX compile features
[10.076s] -- Detecting CXX compile features - done
[10.082s] -- Found ament_cmake: 1.3.5 (/opt/ros/humble/share/ament_cmake/cmake)
[10.822s] -- Found Python3: /usr/bin/python3.10 (found version "3.10.12") found components: Interpreter 
[11.070s] -- Override CMake install command with custom implementation using symlinks instead of copying resources
[11.161s] -- Found urdf: 2.6.0 (/opt/ros/humble/share/urdf/cmake)
[23.199s] -- Configuring done
[23.213s] -- Generating done
[23.217s] -- Build files have been written to: /home/newtonjeri/ai_based_sorting_robot_arm/build/robotic_arm_description
