[0.513s] Invoking command in '/home/newtonjeri/ai_based_sorting_robot_arm/build/robotic_arm_msgs': CMAKE_PREFIX_PATH=${CMAKE_PREFIX_PATH}:/home/newtonjeri/ai_based_sorting_robot_arm/install/robotic_arm_custom_nodes:/opt/ros/humble /usr/bin/cmake --build /home/newtonjeri/ai_based_sorting_robot_arm/build/robotic_arm_msgs -- -j4 -l4
[0.632s] [  9%] Built target robotic_arm_msgs__rosidl_generator_c
[0.643s] [ 12%] Built target robotic_arm_msgs__cpp
[0.716s] [ 12%] Built target ament_cmake_python_symlink_robotic_arm_msgs
[0.747s] [ 22%] Built target robotic_arm_msgs__rosidl_typesupport_introspection_c
[0.784s] [ 32%] Built target robotic_arm_msgs__rosidl_typesupport_c
[0.799s] [ 41%] Built target robotic_arm_msgs__rosidl_typesupport_fastrtps_c
[0.846s] [ 51%] Built target robotic_arm_msgs__rosidl_typesupport_fastrtps_cpp
[0.860s] [ 61%] Built target robotic_arm_msgs__rosidl_typesupport_introspection_cpp
[0.889s] [ 70%] Built target robotic_arm_msgs__rosidl_typesupport_cpp
[0.948s] [ 70%] Built target robotic_arm_msgs
[1.003s] [ 74%] Built target robotic_arm_msgs__py
[1.073s] [ 80%] Built target robotic_arm_msgs__rosidl_generator_py
[1.130s] [ 87%] Built target robotic_arm_msgs__rosidl_typesupport_introspection_c__pyext
[1.202s] [ 93%] Built target robotic_arm_msgs__rosidl_typesupport_fastrtps_c__pyext
[1.210s] [100%] Built target robotic_arm_msgs__rosidl_typesupport_c__pyext
[1.768s] running egg_info
[1.769s] writing robotic_arm_msgs.egg-info/PKG-INFO
[1.770s] writing dependency_links to robotic_arm_msgs.egg-info/dependency_links.txt
[1.770s] writing top-level names to robotic_arm_msgs.egg-info/top_level.txt
[1.777s] reading manifest file 'robotic_arm_msgs.egg-info/SOURCES.txt'
[1.778s] writing manifest file 'robotic_arm_msgs.egg-info/SOURCES.txt'
[1.828s] [100%] Built target ament_cmake_python_build_robotic_arm_msgs_egg
[1.851s] Invoked command in '/home/newtonjeri/ai_based_sorting_robot_arm/build/robotic_arm_msgs' returned '0': CMAKE_PREFIX_PATH=${CMAKE_PREFIX_PATH}:/home/newtonjeri/ai_based_sorting_robot_arm/install/robotic_arm_custom_nodes:/opt/ros/humble /usr/bin/cmake --build /home/newtonjeri/ai_based_sorting_robot_arm/build/robotic_arm_msgs -- -j4 -l4
[1.999s] Invoking command in '/home/newtonjeri/ai_based_sorting_robot_arm/build/robotic_arm_msgs': CMAKE_PREFIX_PATH=${CMAKE_PREFIX_PATH}:/home/newtonjeri/ai_based_sorting_robot_arm/install/robotic_arm_custom_nodes:/opt/ros/humble /usr/bin/cmake --install /home/newtonjeri/ai_based_sorting_robot_arm/build/robotic_arm_msgs
[2.011s] -- Install configuration: ""
[2.013s] -- Execute custom install script
[2.015s] -- Up-to-date symlink: /home/newtonjeri/ai_based_sorting_robot_arm/install/robotic_arm_msgs/share/ament_index/resource_index/rosidl_interfaces/robotic_arm_msgs
[2.015s] -- Up-to-date symlink: /home/newtonjeri/ai_based_sorting_robot_arm/install/robotic_arm_msgs/include/robotic_arm_msgs/robotic_arm_msgs/msg/detail/joint_angles__functions.h
[2.016s] -- Up-to-date symlink: /home/newtonjeri/ai_based_sorting_robot_arm/install/robotic_arm_msgs/include/robotic_arm_msgs/robotic_arm_msgs/msg/detail/joint_angles__struct.h
[2.017s] -- Up-to-date symlink: /home/newtonjeri/ai_based_sorting_robot_arm/install/robotic_arm_msgs/include/robotic_arm_msgs/robotic_arm_msgs/msg/detail/joint_angles__type_support.h
[2.017s] -- Up-to-date symlink: /home/newtonjeri/ai_based_sorting_robot_arm/install/robotic_arm_msgs/include/robotic_arm_msgs/robotic_arm_msgs/msg/joint_angles.h
[2.017s] -- Up-to-date symlink: /home/newtonjeri/ai_based_sorting_robot_arm/install/robotic_arm_msgs/include/robotic_arm_msgs/robotic_arm_msgs/msg/rosidl_generator_c__visibility_control.h
[2.017s] -- Up-to-date symlink: /home/newtonjeri/ai_based_sorting_robot_arm/install/robotic_arm_msgs/share/robotic_arm_msgs/environment/library_path.sh
[2.019s] -- Up-to-date symlink: /home/newtonjeri/ai_based_sorting_robot_arm/install/robotic_arm_msgs/share/robotic_arm_msgs/environment/library_path.dsv
[2.019s] -- Up-to-date symlink: /home/newtonjeri/ai_based_sorting_robot_arm/install/robotic_arm_msgs/include/robotic_arm_msgs/robotic_arm_msgs/msg/detail/joint_angles__rosidl_typesupport_fastrtps_c.h
[2.019s] -- Up-to-date symlink: /home/newtonjeri/ai_based_sorting_robot_arm/install/robotic_arm_msgs/include/robotic_arm_msgs/robotic_arm_msgs/msg/rosidl_typesupport_fastrtps_c__visibility_control.h
[2.020s] -- Up-to-date symlink: /home/newtonjeri/ai_based_sorting_robot_arm/install/robotic_arm_msgs/include/robotic_arm_msgs/robotic_arm_msgs/msg/detail/joint_angles__rosidl_typesupport_introspection_c.h
[2.021s] -- Up-to-date symlink: /home/newtonjeri/ai_based_sorting_robot_arm/install/robotic_arm_msgs/include/robotic_arm_msgs/robotic_arm_msgs/msg/rosidl_typesupport_introspection_c__visibility_control.h
[2.022s] -- Up-to-date symlink: /home/newtonjeri/ai_based_sorting_robot_arm/install/robotic_arm_msgs/include/robotic_arm_msgs/robotic_arm_msgs/msg/detail/joint_angles__builder.hpp
[2.022s] -- Up-to-date symlink: /home/newtonjeri/ai_based_sorting_robot_arm/install/robotic_arm_msgs/include/robotic_arm_msgs/robotic_arm_msgs/msg/detail/joint_angles__struct.hpp
[2.022s] -- Up-to-date symlink: /home/newtonjeri/ai_based_sorting_robot_arm/install/robotic_arm_msgs/include/robotic_arm_msgs/robotic_arm_msgs/msg/detail/joint_angles__traits.hpp
[2.023s] -- Up-to-date symlink: /home/newtonjeri/ai_based_sorting_robot_arm/install/robotic_arm_msgs/include/robotic_arm_msgs/robotic_arm_msgs/msg/joint_angles.hpp
[2.023s] -- Up-to-date symlink: /home/newtonjeri/ai_based_sorting_robot_arm/install/robotic_arm_msgs/include/robotic_arm_msgs/robotic_arm_msgs/msg/detail/joint_angles__rosidl_typesupport_fastrtps_cpp.hpp
[2.023s] -- Up-to-date symlink: /home/newtonjeri/ai_based_sorting_robot_arm/install/robotic_arm_msgs/include/robotic_arm_msgs/robotic_arm_msgs/msg/rosidl_typesupport_fastrtps_cpp__visibility_control.h
[2.027s] -- Up-to-date symlink: /home/newtonjeri/ai_based_sorting_robot_arm/install/robotic_arm_msgs/include/robotic_arm_msgs/robotic_arm_msgs/msg/detail/joint_angles__rosidl_typesupport_introspection_cpp.hpp
[2.028s] -- Up-to-date symlink: /home/newtonjeri/ai_based_sorting_robot_arm/install/robotic_arm_msgs/share/robotic_arm_msgs/environment/pythonpath.sh
[2.029s] -- Up-to-date symlink: /home/newtonjeri/ai_based_sorting_robot_arm/install/robotic_arm_msgs/share/robotic_arm_msgs/environment/pythonpath.dsv
[2.030s] -- Up-to-date symlink: /home/newtonjeri/ai_based_sorting_robot_arm/install/robotic_arm_msgs/local/lib/python3.10/dist-packages/robotic_arm_msgs-0.0.0-py3.10.egg-info/PKG-INFO
[2.037s] -- Up-to-date symlink: /home/newtonjeri/ai_based_sorting_robot_arm/install/robotic_arm_msgs/local/lib/python3.10/dist-packages/robotic_arm_msgs-0.0.0-py3.10.egg-info/SOURCES.txt
[2.038s] -- Up-to-date symlink: /home/newtonjeri/ai_based_sorting_robot_arm/install/robotic_arm_msgs/local/lib/python3.10/dist-packages/robotic_arm_msgs-0.0.0-py3.10.egg-info/dependency_links.txt
[2.038s] -- Up-to-date symlink: /home/newtonjeri/ai_based_sorting_robot_arm/install/robotic_arm_msgs/local/lib/python3.10/dist-packages/robotic_arm_msgs-0.0.0-py3.10.egg-info/top_level.txt
[2.038s] -- Up-to-date symlink: /home/newtonjeri/ai_based_sorting_robot_arm/install/robotic_arm_msgs/local/lib/python3.10/dist-packages/robotic_arm_msgs/__init__.py
[2.039s] -- Up-to-date symlink: /home/newtonjeri/ai_based_sorting_robot_arm/install/robotic_arm_msgs/local/lib/python3.10/dist-packages/robotic_arm_msgs/_robotic_arm_msgs_s.ep.rosidl_typesupport_c.c
[2.042s] -- Up-to-date symlink: /home/newtonjeri/ai_based_sorting_robot_arm/install/robotic_arm_msgs/local/lib/python3.10/dist-packages/robotic_arm_msgs/_robotic_arm_msgs_s.ep.rosidl_typesupport_fastrtps_c.c
[2.042s] -- Up-to-date symlink: /home/newtonjeri/ai_based_sorting_robot_arm/install/robotic_arm_msgs/local/lib/python3.10/dist-packages/robotic_arm_msgs/_robotic_arm_msgs_s.ep.rosidl_typesupport_introspection_c.c
[2.043s] -- Up-to-date symlink: /home/newtonjeri/ai_based_sorting_robot_arm/install/robotic_arm_msgs/local/lib/python3.10/dist-packages/robotic_arm_msgs/librobotic_arm_msgs__rosidl_generator_py.so
[2.043s] -- Up-to-date symlink: /home/newtonjeri/ai_based_sorting_robot_arm/install/robotic_arm_msgs/local/lib/python3.10/dist-packages/robotic_arm_msgs/msg/__init__.py
[2.043s] -- Up-to-date symlink: /home/newtonjeri/ai_based_sorting_robot_arm/install/robotic_arm_msgs/local/lib/python3.10/dist-packages/robotic_arm_msgs/msg/_joint_angles.py
[2.044s] -- Up-to-date symlink: /home/newtonjeri/ai_based_sorting_robot_arm/install/robotic_arm_msgs/local/lib/python3.10/dist-packages/robotic_arm_msgs/msg/_joint_angles_s.c
[2.049s] -- Up-to-date symlink: /home/newtonjeri/ai_based_sorting_robot_arm/install/robotic_arm_msgs/local/lib/python3.10/dist-packages/robotic_arm_msgs/robotic_arm_msgs_s__rosidl_typesupport_c.cpython-310-x86_64-linux-gnu.so
[2.049s] -- Up-to-date symlink: /home/newtonjeri/ai_based_sorting_robot_arm/install/robotic_arm_msgs/local/lib/python3.10/dist-packages/robotic_arm_msgs/robotic_arm_msgs_s__rosidl_typesupport_fastrtps_c.cpython-310-x86_64-linux-gnu.so
[2.052s] -- Up-to-date symlink: /home/newtonjeri/ai_based_sorting_robot_arm/install/robotic_arm_msgs/local/lib/python3.10/dist-packages/robotic_arm_msgs/robotic_arm_msgs_s__rosidl_typesupport_introspection_c.cpython-310-x86_64-linux-gnu.so
[2.053s] -- Up-to-date symlink: /home/newtonjeri/ai_based_sorting_robot_arm/install/robotic_arm_msgs/local/lib/python3.10/dist-packages/robotic_arm_msgs/robotic_arm_msgs_s__rosidl_typesupport_fastrtps_c.cpython-310-x86_64-linux-gnu.so
[2.053s] -- Up-to-date symlink: /home/newtonjeri/ai_based_sorting_robot_arm/install/robotic_arm_msgs/local/lib/python3.10/dist-packages/robotic_arm_msgs/robotic_arm_msgs_s__rosidl_typesupport_introspection_c.cpython-310-x86_64-linux-gnu.so
[2.054s] -- Up-to-date symlink: /home/newtonjeri/ai_based_sorting_robot_arm/install/robotic_arm_msgs/local/lib/python3.10/dist-packages/robotic_arm_msgs/robotic_arm_msgs_s__rosidl_typesupport_c.cpython-310-x86_64-linux-gnu.so
[2.054s] -- Up-to-date symlink: /home/newtonjeri/ai_based_sorting_robot_arm/install/robotic_arm_msgs/share/robotic_arm_msgs/msg/JointAngles.idl
[2.054s] -- Up-to-date symlink: /home/newtonjeri/ai_based_sorting_robot_arm/install/robotic_arm_msgs/share/robotic_arm_msgs/msg/JointAngles.msg
[2.055s] -- Up-to-date symlink: /home/newtonjeri/ai_based_sorting_robot_arm/install/robotic_arm_msgs/share/ament_index/resource_index/package_run_dependencies/robotic_arm_msgs
[2.055s] -- Up-to-date symlink: /home/newtonjeri/ai_based_sorting_robot_arm/install/robotic_arm_msgs/share/ament_index/resource_index/parent_prefix_path/robotic_arm_msgs
[2.056s] -- Up-to-date symlink: /home/newtonjeri/ai_based_sorting_robot_arm/install/robotic_arm_msgs/share/robotic_arm_msgs/environment/ament_prefix_path.sh
[2.056s] -- Up-to-date symlink: /home/newtonjeri/ai_based_sorting_robot_arm/install/robotic_arm_msgs/share/robotic_arm_msgs/environment/ament_prefix_path.dsv
[2.057s] -- Up-to-date symlink: /home/newtonjeri/ai_based_sorting_robot_arm/install/robotic_arm_msgs/share/robotic_arm_msgs/environment/path.sh
[2.057s] -- Up-to-date symlink: /home/newtonjeri/ai_based_sorting_robot_arm/install/robotic_arm_msgs/share/robotic_arm_msgs/environment/path.dsv
[2.058s] -- Up-to-date symlink: /home/newtonjeri/ai_based_sorting_robot_arm/install/robotic_arm_msgs/share/robotic_arm_msgs/local_setup.bash
[2.062s] -- Up-to-date symlink: /home/newtonjeri/ai_based_sorting_robot_arm/install/robotic_arm_msgs/share/robotic_arm_msgs/local_setup.sh
[2.062s] -- Up-to-date symlink: /home/newtonjeri/ai_based_sorting_robot_arm/install/robotic_arm_msgs/share/robotic_arm_msgs/local_setup.zsh
[2.062s] -- Up-to-date symlink: /home/newtonjeri/ai_based_sorting_robot_arm/install/robotic_arm_msgs/share/robotic_arm_msgs/local_setup.dsv
[2.062s] -- Symlinking: /home/newtonjeri/ai_based_sorting_robot_arm/install/robotic_arm_msgs/share/robotic_arm_msgs/package.dsv
[2.080s] -- Up-to-date symlink: /home/newtonjeri/ai_based_sorting_robot_arm/install/robotic_arm_msgs/share/ament_index/resource_index/packages/robotic_arm_msgs
[2.080s] -- Up-to-date symlink: /home/newtonjeri/ai_based_sorting_robot_arm/install/robotic_arm_msgs/share/robotic_arm_msgs/cmake/rosidl_cmake-extras.cmake
[2.080s] -- Up-to-date symlink: /home/newtonjeri/ai_based_sorting_robot_arm/install/robotic_arm_msgs/share/robotic_arm_msgs/cmake/ament_cmake_export_include_directories-extras.cmake
[2.081s] -- Up-to-date symlink: /home/newtonjeri/ai_based_sorting_robot_arm/install/robotic_arm_msgs/share/robotic_arm_msgs/cmake/ament_cmake_export_libraries-extras.cmake
[2.084s] -- Up-to-date symlink: /home/newtonjeri/ai_based_sorting_robot_arm/install/robotic_arm_msgs/share/robotic_arm_msgs/cmake/ament_cmake_export_targets-extras.cmake
[2.084s] -- Up-to-date symlink: /home/newtonjeri/ai_based_sorting_robot_arm/install/robotic_arm_msgs/share/robotic_arm_msgs/cmake/rosidl_cmake_export_typesupport_targets-extras.cmake
[2.084s] -- Up-to-date symlink: /home/newtonjeri/ai_based_sorting_robot_arm/install/robotic_arm_msgs/share/robotic_arm_msgs/cmake/ament_cmake_export_dependencies-extras.cmake
[2.085s] -- Up-to-date symlink: /home/newtonjeri/ai_based_sorting_robot_arm/install/robotic_arm_msgs/share/robotic_arm_msgs/cmake/rosidl_cmake_export_typesupport_libraries-extras.cmake
[2.085s] -- Up-to-date symlink: /home/newtonjeri/ai_based_sorting_robot_arm/install/robotic_arm_msgs/share/robotic_arm_msgs/cmake/robotic_arm_msgsConfig.cmake
[2.085s] -- Up-to-date symlink: /home/newtonjeri/ai_based_sorting_robot_arm/install/robotic_arm_msgs/share/robotic_arm_msgs/cmake/robotic_arm_msgsConfig-version.cmake
[2.086s] -- Up-to-date symlink: /home/newtonjeri/ai_based_sorting_robot_arm/install/robotic_arm_msgs/share/robotic_arm_msgs/package.xml
[2.086s] -- Up-to-date: /home/newtonjeri/ai_based_sorting_robot_arm/install/robotic_arm_msgs/lib/librobotic_arm_msgs__rosidl_generator_c.so
[2.086s] -- Up-to-date: /home/newtonjeri/ai_based_sorting_robot_arm/install/robotic_arm_msgs/lib/librobotic_arm_msgs__rosidl_typesupport_fastrtps_c.so
[2.090s] -- Up-to-date: /home/newtonjeri/ai_based_sorting_robot_arm/install/robotic_arm_msgs/lib/librobotic_arm_msgs__rosidl_typesupport_introspection_c.so
[2.095s] -- Up-to-date: /home/newtonjeri/ai_based_sorting_robot_arm/install/robotic_arm_msgs/lib/librobotic_arm_msgs__rosidl_typesupport_c.so
[2.095s] -- Up-to-date: /home/newtonjeri/ai_based_sorting_robot_arm/install/robotic_arm_msgs/lib/librobotic_arm_msgs__rosidl_typesupport_fastrtps_cpp.so
[2.095s] -- Up-to-date: /home/newtonjeri/ai_based_sorting_robot_arm/install/robotic_arm_msgs/lib/librobotic_arm_msgs__rosidl_typesupport_introspection_cpp.so
[2.096s] -- Up-to-date: /home/newtonjeri/ai_based_sorting_robot_arm/install/robotic_arm_msgs/lib/librobotic_arm_msgs__rosidl_typesupport_cpp.so
[2.178s] Listing '/home/newtonjeri/ai_based_sorting_robot_arm/install/robotic_arm_msgs/local/lib/python3.10/dist-packages/robotic_arm_msgs'...
[2.178s] Listing '/home/newtonjeri/ai_based_sorting_robot_arm/install/robotic_arm_msgs/local/lib/python3.10/dist-packages/robotic_arm_msgs/msg'...
[2.186s] -- Up-to-date: /home/newtonjeri/ai_based_sorting_robot_arm/install/robotic_arm_msgs/lib/librobotic_arm_msgs__rosidl_generator_py.so
[2.188s] -- Up-to-date: /home/newtonjeri/ai_based_sorting_robot_arm/install/robotic_arm_msgs/share/robotic_arm_msgs/cmake/export_robotic_arm_msgs__rosidl_generator_cExport.cmake
[2.188s] -- Up-to-date: /home/newtonjeri/ai_based_sorting_robot_arm/install/robotic_arm_msgs/share/robotic_arm_msgs/cmake/export_robotic_arm_msgs__rosidl_generator_cExport-noconfig.cmake
[2.190s] -- Up-to-date: /home/newtonjeri/ai_based_sorting_robot_arm/install/robotic_arm_msgs/share/robotic_arm_msgs/cmake/export_robotic_arm_msgs__rosidl_typesupport_fastrtps_cExport.cmake
[2.191s] -- Up-to-date: /home/newtonjeri/ai_based_sorting_robot_arm/install/robotic_arm_msgs/share/robotic_arm_msgs/cmake/export_robotic_arm_msgs__rosidl_typesupport_fastrtps_cExport-noconfig.cmake
[2.191s] -- Up-to-date: /home/newtonjeri/ai_based_sorting_robot_arm/install/robotic_arm_msgs/share/robotic_arm_msgs/cmake/robotic_arm_msgs__rosidl_typesupport_introspection_cExport.cmake
[2.192s] -- Up-to-date: /home/newtonjeri/ai_based_sorting_robot_arm/install/robotic_arm_msgs/share/robotic_arm_msgs/cmake/robotic_arm_msgs__rosidl_typesupport_introspection_cExport-noconfig.cmake
[2.192s] -- Up-to-date: /home/newtonjeri/ai_based_sorting_robot_arm/install/robotic_arm_msgs/share/robotic_arm_msgs/cmake/robotic_arm_msgs__rosidl_typesupport_cExport.cmake
[2.192s] -- Up-to-date: /home/newtonjeri/ai_based_sorting_robot_arm/install/robotic_arm_msgs/share/robotic_arm_msgs/cmake/robotic_arm_msgs__rosidl_typesupport_cExport-noconfig.cmake
[2.193s] -- Up-to-date: /home/newtonjeri/ai_based_sorting_robot_arm/install/robotic_arm_msgs/share/robotic_arm_msgs/cmake/export_robotic_arm_msgs__rosidl_generator_cppExport.cmake
[2.193s] -- Up-to-date: /home/newtonjeri/ai_based_sorting_robot_arm/install/robotic_arm_msgs/share/robotic_arm_msgs/cmake/export_robotic_arm_msgs__rosidl_typesupport_fastrtps_cppExport.cmake
[2.193s] -- Up-to-date: /home/newtonjeri/ai_based_sorting_robot_arm/install/robotic_arm_msgs/share/robotic_arm_msgs/cmake/export_robotic_arm_msgs__rosidl_typesupport_fastrtps_cppExport-noconfig.cmake
[2.193s] -- Up-to-date: /home/newtonjeri/ai_based_sorting_robot_arm/install/robotic_arm_msgs/share/robotic_arm_msgs/cmake/robotic_arm_msgs__rosidl_typesupport_introspection_cppExport.cmake
[2.194s] -- Up-to-date: /home/newtonjeri/ai_based_sorting_robot_arm/install/robotic_arm_msgs/share/robotic_arm_msgs/cmake/robotic_arm_msgs__rosidl_typesupport_introspection_cppExport-noconfig.cmake
[2.194s] -- Up-to-date: /home/newtonjeri/ai_based_sorting_robot_arm/install/robotic_arm_msgs/share/robotic_arm_msgs/cmake/robotic_arm_msgs__rosidl_typesupport_cppExport.cmake
[2.194s] -- Up-to-date: /home/newtonjeri/ai_based_sorting_robot_arm/install/robotic_arm_msgs/share/robotic_arm_msgs/cmake/robotic_arm_msgs__rosidl_typesupport_cppExport-noconfig.cmake
[2.194s] -- Up-to-date: /home/newtonjeri/ai_based_sorting_robot_arm/install/robotic_arm_msgs/share/robotic_arm_msgs/cmake/export_robotic_arm_msgs__rosidl_generator_pyExport.cmake
[2.194s] -- Up-to-date: /home/newtonjeri/ai_based_sorting_robot_arm/install/robotic_arm_msgs/share/robotic_arm_msgs/cmake/export_robotic_arm_msgs__rosidl_generator_pyExport-noconfig.cmake
[2.198s] Invoked command in '/home/newtonjeri/ai_based_sorting_robot_arm/build/robotic_arm_msgs' returned '0': CMAKE_PREFIX_PATH=${CMAKE_PREFIX_PATH}:/home/newtonjeri/ai_based_sorting_robot_arm/install/robotic_arm_custom_nodes:/opt/ros/humble /usr/bin/cmake --install /home/newtonjeri/ai_based_sorting_robot_arm/build/robotic_arm_msgs
