[0.568s] Invoking command in '/home/newtonjeri/ai_based_sorting_robot_arm/build/robotic_arm_gazebo': CMAKE_PREFIX_PATH=${CMAKE_PREFIX_PATH}:/home/newtonjeri/ai_based_sorting_robot_arm/install/robotic_arm_custom_nodes:/opt/ros/humble /usr/bin/cmake --build /home/newtonjeri/ai_based_sorting_robot_arm/build/robotic_arm_gazebo -- -j4 -l4
[0.687s] Invoked command in '/home/newtonjeri/ai_based_sorting_robot_arm/build/robotic_arm_gazebo' returned '0': CMAKE_PREFIX_PATH=${CMAKE_PREFIX_PATH}:/home/newtonjeri/ai_based_sorting_robot_arm/install/robotic_arm_custom_nodes:/opt/ros/humble /usr/bin/cmake --build /home/newtonjeri/ai_based_sorting_robot_arm/build/robotic_arm_gazebo -- -j4 -l4
[0.857s] Invoking command in '/home/newtonjeri/ai_based_sorting_robot_arm/build/robotic_arm_gazebo': CMAKE_PREFIX_PATH=${CMAKE_PREFIX_PATH}:/home/newtonjeri/ai_based_sorting_robot_arm/install/robotic_arm_custom_nodes:/opt/ros/humble /usr/bin/cmake --install /home/newtonjeri/ai_based_sorting_robot_arm/build/robotic_arm_gazebo
[0.877s] -- Install configuration: ""
[0.877s] -- Execute custom install script
[0.879s] -- Up-to-date symlink: /home/newtonjeri/ai_based_sorting_robot_arm/install/robotic_arm_gazebo/share/robotic_arm_gazebo/launch/display.launch.py
[0.879s] -- Up-to-date symlink: /home/newtonjeri/ai_based_sorting_robot_arm/install/robotic_arm_gazebo/share/robotic_arm_gazebo/launch/robotic_arm_launch.py
[0.879s] -- Up-to-date symlink: /home/newtonjeri/ai_based_sorting_robot_arm/install/robotic_arm_gazebo/share/robotic_arm_gazebo/launch/start_world_launch.py
[0.881s] -- Up-to-date symlink: /home/newtonjeri/ai_based_sorting_robot_arm/install/robotic_arm_gazebo/share/robotic_arm_gazebo/worlds/robotic_arm_empty.world
[0.882s] -- Up-to-date symlink: /home/newtonjeri/ai_based_sorting_robot_arm/install/robotic_arm_gazebo/share/ament_index/resource_index/package_run_dependencies/robotic_arm_gazebo
[0.882s] -- Up-to-date symlink: /home/newtonjeri/ai_based_sorting_robot_arm/install/robotic_arm_gazebo/share/ament_index/resource_index/parent_prefix_path/robotic_arm_gazebo
[0.883s] -- Up-to-date symlink: /home/newtonjeri/ai_based_sorting_robot_arm/install/robotic_arm_gazebo/share/robotic_arm_gazebo/environment/ament_prefix_path.sh
[0.884s] -- Up-to-date symlink: /home/newtonjeri/ai_based_sorting_robot_arm/install/robotic_arm_gazebo/share/robotic_arm_gazebo/environment/ament_prefix_path.dsv
[0.884s] -- Up-to-date symlink: /home/newtonjeri/ai_based_sorting_robot_arm/install/robotic_arm_gazebo/share/robotic_arm_gazebo/environment/path.sh
[0.885s] -- Up-to-date symlink: /home/newtonjeri/ai_based_sorting_robot_arm/install/robotic_arm_gazebo/share/robotic_arm_gazebo/environment/path.dsv
[0.891s] -- Up-to-date symlink: /home/newtonjeri/ai_based_sorting_robot_arm/install/robotic_arm_gazebo/share/robotic_arm_gazebo/local_setup.bash
[0.891s] -- Up-to-date symlink: /home/newtonjeri/ai_based_sorting_robot_arm/install/robotic_arm_gazebo/share/robotic_arm_gazebo/local_setup.sh
[0.891s] -- Up-to-date symlink: /home/newtonjeri/ai_based_sorting_robot_arm/install/robotic_arm_gazebo/share/robotic_arm_gazebo/local_setup.zsh
[0.891s] -- Up-to-date symlink: /home/newtonjeri/ai_based_sorting_robot_arm/install/robotic_arm_gazebo/share/robotic_arm_gazebo/local_setup.dsv
[0.892s] -- Symlinking: /home/newtonjeri/ai_based_sorting_robot_arm/install/robotic_arm_gazebo/share/robotic_arm_gazebo/package.dsv
[0.913s] -- Up-to-date symlink: /home/newtonjeri/ai_based_sorting_robot_arm/install/robotic_arm_gazebo/share/ament_index/resource_index/packages/robotic_arm_gazebo
[0.914s] -- Up-to-date symlink: /home/newtonjeri/ai_based_sorting_robot_arm/install/robotic_arm_gazebo/share/robotic_arm_gazebo/cmake/robotic_arm_gazeboConfig.cmake
[0.914s] -- Up-to-date symlink: /home/newtonjeri/ai_based_sorting_robot_arm/install/robotic_arm_gazebo/share/robotic_arm_gazebo/cmake/robotic_arm_gazeboConfig-version.cmake
[0.914s] -- Up-to-date symlink: /home/newtonjeri/ai_based_sorting_robot_arm/install/robotic_arm_gazebo/share/robotic_arm_gazebo/package.xml
[1.026s] Invoked command in '/home/newtonjeri/ai_based_sorting_robot_arm/build/robotic_arm_gazebo' returned '0': CMAKE_PREFIX_PATH=${CMAKE_PREFIX_PATH}:/home/newtonjeri/ai_based_sorting_robot_arm/install/robotic_arm_custom_nodes:/opt/ros/humble /usr/bin/cmake --install /home/newtonjeri/ai_based_sorting_robot_arm/build/robotic_arm_gazebo
